{"level":"info","message":"HTTP Server เริ่มต้น","port":"5009","timestamp":"2025-06-08 14:09:50","type":"HTTP"}
{"level":"info","message":"HTTPS Server เริ่มต้น","port":5443,"timestamp":"2025-06-08 14:09:50","type":"HTTPS"}
{"component":"test_system","data":{"test":"debug_data"},"level":"debug","message":"System debug message","timestamp":"2025-06-08 15:14:14"}
{"action":"test_info_logging","component":"test_system","level":"info","message":"System info message","timestamp":"2025-06-08 15:14:14"}
{"component":"test_system","level":"warn","message":"System warning message","timestamp":"2025-06-08 15:14:14","warning":"test_warning_condition"}
{"component":"test_system","error":"test_error_condition","level":"error","message":"System error message","timestamp":"2025-06-08 15:14:14"}
{"level":"info","message":"HTTP Server เริ่มต้น","port":"5009","timestamp":"2025-06-08 15:16:55","type":"HTTP"}
{"level":"info","message":"HTTPS Server เริ่มต้น","port":5443,"timestamp":"2025-06-08 15:16:55","type":"HTTPS"}
{"level":"info","message":"HTTP Server เริ่มต้น","port":"5009","timestamp":"2025-06-08 15:18:10","type":"HTTP"}
{"level":"info","message":"HTTPS Server เริ่มต้น","port":5443,"timestamp":"2025-06-08 15:18:10","type":"HTTPS"}
{"level":"info","message":"HTTP Server เริ่มต้น","port":"5009","timestamp":"2025-06-08 15:19:45","type":"HTTP"}
{"level":"info","message":"HTTPS Server เริ่มต้น","port":5443,"timestamp":"2025-06-08 15:19:45","type":"HTTPS"}
{"level":"info","message":"HTTP Server เริ่มต้น","port":"5009","timestamp":"2025-06-08 15:21:53","type":"HTTP"}
{"level":"info","message":"HTTPS Server เริ่มต้น","port":5443,"timestamp":"2025-06-08 15:21:53","type":"HTTPS"}
{"level":"info","message":"HTTP Server เริ่มต้น","port":"5009","timestamp":"2025-06-08 15:22:44","type":"HTTP"}
{"level":"info","message":"HTTP Server เริ่มต้น","port":"5009","timestamp":"2025-06-08 15:22:51","type":"HTTP"}
{"level":"info","message":"HTTPS Server เริ่มต้น","port":5443,"timestamp":"2025-06-08 15:22:51","type":"HTTPS"}
{"level":"info","message":"HTTP Server เริ่มต้น","port":"5009","timestamp":"2025-06-08 15:24:27","type":"HTTP"}
{"level":"info","message":"HTTPS Server เริ่มต้น","port":5443,"timestamp":"2025-06-08 15:24:27","type":"HTTPS"}
{"level":"info","message":"HTTP Server เริ่มต้น","port":"5009","timestamp":"2025-06-08 15:24:52","type":"HTTP"}
{"level":"info","message":"HTTPS Server เริ่มต้น","port":5443,"timestamp":"2025-06-08 15:24:52","type":"HTTPS"}
{"level":"info","message":"HTTP Server เริ่มต้น","port":"5009","timestamp":"2025-06-08 15:26:36","type":"HTTP"}
{"level":"info","message":"HTTPS Server เริ่มต้น","port":5443,"timestamp":"2025-06-08 15:26:36","type":"HTTPS"}
{"level":"info","message":"ทดสอบ timestamp ใหม่","test":"timestamp_format","timestamp":"2025-06-08 15:26:50"}
{"level":"info","message":"HTTP Server เริ่มต้น","port":"5009","timestamp":"2025-06-08 15:27:00","type":"HTTP"}
{"level":"info","message":"HTTPS Server เริ่มต้น","port":5443,"timestamp":"2025-06-08 15:27:00","type":"HTTPS"}
{"level":"info","message":"HTTP Server เริ่มต้น","port":"5009","timestamp":"2025-06-08 15:27:09","type":"HTTP"}
{"level":"info","message":"HTTPS Server เริ่มต้น","port":5443,"timestamp":"2025-06-08 15:27:09","type":"HTTPS"}
{"level":"info","message":"HTTP Server เริ่มต้น","port":"5009","timestamp":"2025-06-08 15:27:38","type":"HTTP"}
{"level":"info","message":"HTTPS Server เริ่มต้น","port":5443,"timestamp":"2025-06-08 15:27:38","type":"HTTPS"}
{"level":"info","message":"HTTP Server เริ่มต้น","port":"5009","timestamp":"2025-06-08 15:29:53","type":"HTTP"}
{"level":"info","message":"HTTPS Server เริ่มต้น","port":5443,"timestamp":"2025-06-08 15:29:53","type":"HTTPS"}
{"level":"info","message":"HTTP Server เริ่มต้น","port":"5009","timestamp":"2025-06-08 17:12:12","type":"HTTP"}
{"level":"info","message":"HTTPS Server เริ่มต้น","port":5443,"timestamp":"2025-06-08 17:12:12","type":"HTTPS"}
{"level":"info","message":"HTTP Server เริ่มต้น","port":"5009","timestamp":"2025-06-08 17:33:13","type":"HTTP"}
{"level":"info","message":"HTTPS Server เริ่มต้น","port":5443,"timestamp":"2025-06-08 17:33:13","type":"HTTPS"}
{"level":"info","message":"HTTP Server เริ่มต้น","port":"5009","timestamp":"2025-06-08 17:33:20","type":"HTTP"}
{"level":"info","message":"HTTPS Server เริ่มต้น","port":5443,"timestamp":"2025-06-08 17:33:20","type":"HTTPS"}
{"level":"info","message":"HTTP Server เริ่มต้น","port":"5009","timestamp":"2025-06-08 17:33:39","type":"HTTP"}
{"level":"info","message":"HTTPS Server เริ่มต้น","port":5443,"timestamp":"2025-06-08 17:33:39","type":"HTTPS"}
{"level":"info","message":"HTTP Server เริ่มต้น","port":"5009","timestamp":"2025-06-08 17:33:52","type":"HTTP"}
{"level":"info","message":"HTTPS Server เริ่มต้น","port":5443,"timestamp":"2025-06-08 17:33:52","type":"HTTPS"}
{"level":"info","message":"HTTP Server เริ่มต้น","port":"5009","timestamp":"2025-06-08 18:38:15","type":"HTTP"}
{"level":"info","message":"HTTPS Server เริ่มต้น","port":5443,"timestamp":"2025-06-08 18:38:15","type":"HTTPS"}
{"level":"info","message":"HTTP Server เริ่มต้น","port":"5009","timestamp":"2025-06-08 18:42:10","type":"HTTP"}
{"level":"info","message":"HTTPS Server เริ่มต้น","port":5443,"timestamp":"2025-06-08 18:42:10","type":"HTTPS"}
{"level":"info","message":"HTTP Server เริ่มต้น","port":"5009","timestamp":"2025-06-08 19:05:53","type":"HTTP"}
{"level":"info","message":"HTTPS Server เริ่มต้น","port":5443,"timestamp":"2025-06-08 19:05:53","type":"HTTPS"}
{"level":"info","message":"HTTP Server เริ่มต้น","port":"5009","timestamp":"2025-06-08 19:14:43","type":"HTTP"}
{"level":"info","message":"HTTPS Server เริ่มต้น","port":5443,"timestamp":"2025-06-08 19:14:43","type":"HTTPS"}
{"level":"info","message":"HTTP Server เริ่มต้น","port":"5009","timestamp":"2025-06-08 19:20:04","type":"HTTP"}
{"level":"info","message":"HTTPS Server เริ่มต้น","port":5443,"timestamp":"2025-06-08 19:20:04","type":"HTTPS"}
{"level":"info","message":"HTTP Server เริ่มต้น","port":"5009","timestamp":"2025-06-08 19:35:17","type":"HTTP"}
{"level":"info","message":"HTTPS Server เริ่มต้น","port":5443,"timestamp":"2025-06-08 19:35:17","type":"HTTPS"}
