{"level":"info","message":"ทดสอบ Safe Logger","test":true,"timestamp":"2025-06-06 17:57:25"}
{"data":"test data","level":"warn","message":"ทดสอบ Warning","timestamp":"2025-06-06 17:57:25"}
{"level":"error","message":"ทดสอบ Error","source":"test","timestamp":"2025-06-06 17:57:25"}
{"level":"info","message":"HTTP Server เริ่มต้น","port":"5009","timestamp":"2025-06-06 18:12:58","type":"HTTP"}
{"level":"info","message":"HTTP Server เริ่มต้น","port":"5009","timestamp":"2025-06-06 18:13:06","type":"HTTP"}
{"level":"info","message":"HTTPS Server เริ่มต้น","port":5443,"timestamp":"2025-06-06 18:13:06","type":"HTTPS"}
{"level":"info","message":"HTTP Server เริ่มต้น","port":"5009","timestamp":"2025-06-06 18:13:49","type":"HTTP"}
{"level":"info","message":"HTTPS Server เริ่มต้น","port":5443,"timestamp":"2025-06-06 18:13:49","type":"HTTPS"}
{"level":"info","message":"HTTP Server เริ่มต้น","port":"5009","timestamp":"2025-06-06 18:15:30","type":"HTTP"}
{"level":"info","message":"HTTPS Server เริ่มต้น","port":5443,"timestamp":"2025-06-06 18:15:30","type":"HTTPS"}
{"level":"info","message":"HTTP Server เริ่มต้น","port":"5009","timestamp":"2025-06-06 18:15:33","type":"HTTP"}
{"level":"info","message":"HTTPS Server เริ่มต้น","port":5443,"timestamp":"2025-06-06 18:15:33","type":"HTTPS"}
{"level":"info","message":"HTTP Server เริ่มต้น","port":"5009","timestamp":"2025-06-06 18:16:00","type":"HTTP"}
{"level":"info","message":"HTTPS Server เริ่มต้น","port":5443,"timestamp":"2025-06-06 18:16:00","type":"HTTPS"}
{"level":"info","message":"HTTP Server เริ่มต้น","port":"5009","timestamp":"2025-06-06 18:18:44","type":"HTTP"}
{"level":"info","message":"HTTPS Server เริ่มต้น","port":5443,"timestamp":"2025-06-06 18:18:44","type":"HTTPS"}
{"level":"info","message":"HTTP Server เริ่มต้น","port":"5009","timestamp":"2025-06-06 18:19:05","type":"HTTP"}
{"level":"info","message":"HTTPS Server เริ่มต้น","port":5443,"timestamp":"2025-06-06 18:19:05","type":"HTTPS"}
{"level":"info","message":"HTTP Server เริ่มต้น","port":"5009","timestamp":"2025-06-06 18:19:13","type":"HTTP"}
{"level":"info","message":"HTTPS Server เริ่มต้น","port":5443,"timestamp":"2025-06-06 18:19:13","type":"HTTPS"}
{"level":"info","message":"HTTP Server เริ่มต้น","port":"5009","timestamp":"2025-06-06 18:22:28","type":"HTTP"}
{"level":"info","message":"HTTPS Server เริ่มต้น","port":5443,"timestamp":"2025-06-06 18:22:28","type":"HTTPS"}
{"level":"info","message":"HTTP Server เริ่มต้น","port":"5009","timestamp":"2025-06-06 18:22:30","type":"HTTP"}
{"level":"info","message":"HTTPS Server เริ่มต้น","port":5443,"timestamp":"2025-06-06 18:22:30","type":"HTTPS"}
{"level":"info","message":"HTTP Server เริ่มต้น","port":"5009","timestamp":"2025-06-06 18:22:34","type":"HTTP"}
{"level":"info","message":"HTTPS Server เริ่มต้น","port":5443,"timestamp":"2025-06-06 18:22:34","type":"HTTPS"}
{"level":"info","message":"HTTP Server เริ่มต้น","port":"5009","timestamp":"2025-06-06 18:22:35","type":"HTTP"}
{"level":"info","message":"HTTPS Server เริ่มต้น","port":5443,"timestamp":"2025-06-06 18:22:35","type":"HTTPS"}
{"level":"info","message":"HTTP Server เริ่มต้น","port":"5009","timestamp":"2025-06-06 18:31:59","type":"HTTP"}
{"level":"info","message":"HTTPS Server เริ่มต้น","port":5443,"timestamp":"2025-06-06 18:31:59","type":"HTTPS"}
{"level":"info","message":"HTTP Server เริ่มต้น","port":"5009","timestamp":"2025-06-06 18:32:52","type":"HTTP"}
{"level":"info","message":"HTTPS Server เริ่มต้น","port":5443,"timestamp":"2025-06-06 18:32:52","type":"HTTPS"}
{"level":"info","message":"HTTP Server เริ่มต้น","port":"5009","timestamp":"2025-06-06 18:33:02","type":"HTTP"}
{"level":"info","message":"HTTPS Server เริ่มต้น","port":5443,"timestamp":"2025-06-06 18:33:02","type":"HTTPS"}
{"level":"info","message":"HTTP Server เริ่มต้น","port":"5009","timestamp":"2025-06-06 18:34:04","type":"HTTP"}
{"level":"info","message":"HTTPS Server เริ่มต้น","port":5443,"timestamp":"2025-06-06 18:34:04","type":"HTTPS"}
{"level":"info","message":"HTTP Server เริ่มต้น","port":"5009","timestamp":"2025-06-06 18:34:06","type":"HTTP"}
{"level":"info","message":"HTTPS Server เริ่มต้น","port":5443,"timestamp":"2025-06-06 18:34:06","type":"HTTPS"}
{"level":"info","message":"HTTP Server เริ่มต้น","port":"5009","timestamp":"2025-06-06 18:34:55","type":"HTTP"}
{"level":"info","message":"HTTPS Server เริ่มต้น","port":5443,"timestamp":"2025-06-06 18:34:55","type":"HTTPS"}
{"level":"info","message":"HTTP Server เริ่มต้น","port":"5009","timestamp":"2025-06-06 18:35:04","type":"HTTP"}
{"level":"info","message":"HTTPS Server เริ่มต้น","port":5443,"timestamp":"2025-06-06 18:35:04","type":"HTTPS"}
{"level":"info","message":"HTTP Server เริ่มต้น","port":"5009","timestamp":"2025-06-06 18:35:24","type":"HTTP"}
{"level":"info","message":"HTTPS Server เริ่มต้น","port":5443,"timestamp":"2025-06-06 18:35:24","type":"HTTPS"}
{"level":"info","message":"HTTP Server เริ่มต้น","port":"5009","timestamp":"2025-06-06 18:35:37","type":"HTTP"}
{"level":"info","message":"HTTPS Server เริ่มต้น","port":5443,"timestamp":"2025-06-06 18:35:38","type":"HTTPS"}
{"level":"info","message":"HTTP Server เริ่มต้น","port":"5009","timestamp":"2025-06-06 18:38:38","type":"HTTP"}
{"level":"info","message":"HTTPS Server เริ่มต้น","port":5443,"timestamp":"2025-06-06 18:38:38","type":"HTTPS"}
{"level":"info","message":"HTTP Server เริ่มต้น","port":"5009","timestamp":"2025-06-06 18:38:45","type":"HTTP"}
{"level":"info","message":"HTTPS Server เริ่มต้น","port":5443,"timestamp":"2025-06-06 18:38:45","type":"HTTPS"}
{"level":"info","message":"HTTP Server เริ่มต้น","port":"5009","timestamp":"2025-06-06 18:38:55","type":"HTTP"}
{"level":"info","message":"HTTPS Server เริ่มต้น","port":5443,"timestamp":"2025-06-06 18:38:55","type":"HTTPS"}
{"level":"info","message":"HTTP Server เริ่มต้น","port":"5009","timestamp":"2025-06-06 18:39:07","type":"HTTP"}
{"level":"info","message":"HTTPS Server เริ่มต้น","port":5443,"timestamp":"2025-06-06 18:39:07","type":"HTTPS"}
{"level":"info","message":"HTTP Server เริ่มต้น","port":"5009","timestamp":"2025-06-06 18:39:15","type":"HTTP"}
{"level":"info","message":"HTTPS Server เริ่มต้น","port":5443,"timestamp":"2025-06-06 18:39:15","type":"HTTPS"}
{"level":"info","message":"HTTP Server เริ่มต้น","port":"5009","timestamp":"2025-06-06 18:39:26","type":"HTTP"}
{"level":"info","message":"HTTPS Server เริ่มต้น","port":5443,"timestamp":"2025-06-06 18:39:26","type":"HTTPS"}
{"level":"info","message":"HTTP Server เริ่มต้น","port":"5009","timestamp":"2025-06-06 18:39:33","type":"HTTP"}
{"level":"info","message":"HTTPS Server เริ่มต้น","port":5443,"timestamp":"2025-06-06 18:39:33","type":"HTTPS"}
{"level":"info","message":"HTTP Server เริ่มต้น","port":"5009","timestamp":"2025-06-06 18:39:41","type":"HTTP"}
{"level":"info","message":"HTTPS Server เริ่มต้น","port":5443,"timestamp":"2025-06-06 18:39:41","type":"HTTPS"}
{"level":"info","message":"HTTP Server เริ่มต้น","port":"5009","timestamp":"2025-06-06 18:39:54","type":"HTTP"}
{"level":"info","message":"HTTPS Server เริ่มต้น","port":5443,"timestamp":"2025-06-06 18:39:54","type":"HTTPS"}
{"level":"info","message":"HTTP Server เริ่มต้น","port":"5009","timestamp":"2025-06-06 18:40:05","type":"HTTP"}
{"level":"info","message":"HTTPS Server เริ่มต้น","port":5443,"timestamp":"2025-06-06 18:40:05","type":"HTTPS"}
{"level":"info","message":"HTTP Server เริ่มต้น","port":"5009","timestamp":"2025-06-06 18:40:28","type":"HTTP"}
{"level":"info","message":"HTTPS Server เริ่มต้น","port":5443,"timestamp":"2025-06-06 18:40:28","type":"HTTPS"}
{"level":"info","message":"HTTP Server เริ่มต้น","port":"5009","timestamp":"2025-06-06 18:40:35","type":"HTTP"}
{"level":"info","message":"HTTPS Server เริ่มต้น","port":5443,"timestamp":"2025-06-06 18:40:35","type":"HTTPS"}
{"level":"info","message":"HTTP Server เริ่มต้น","port":"5009","timestamp":"2025-06-06 18:40:51","type":"HTTP"}
{"level":"info","message":"HTTPS Server เริ่มต้น","port":5443,"timestamp":"2025-06-06 18:40:51","type":"HTTPS"}
{"level":"info","message":"HTTP Server เริ่มต้น","port":"5009","timestamp":"2025-06-06 18:42:57","type":"HTTP"}
{"level":"info","message":"HTTPS Server เริ่มต้น","port":5443,"timestamp":"2025-06-06 18:42:57","type":"HTTPS"}
{"level":"info","message":"HTTP Server เริ่มต้น","port":"5009","timestamp":"2025-06-06 18:42:59","type":"HTTP"}
{"level":"info","message":"HTTPS Server เริ่มต้น","port":5443,"timestamp":"2025-06-06 18:42:59","type":"HTTPS"}
{"level":"info","message":"HTTP Server เริ่มต้น","port":"5009","timestamp":"2025-06-06 18:43:40","type":"HTTP"}
{"level":"info","message":"HTTPS Server เริ่มต้น","port":5443,"timestamp":"2025-06-06 18:43:40","type":"HTTPS"}
{"level":"info","message":"HTTP Server เริ่มต้น","port":"5009","timestamp":"2025-06-06 18:43:42","type":"HTTP"}
{"level":"info","message":"HTTPS Server เริ่มต้น","port":5443,"timestamp":"2025-06-06 18:43:42","type":"HTTPS"}
{"level":"info","message":"HTTP Server เริ่มต้น","port":"5009","timestamp":"2025-06-06 18:43:56","type":"HTTP"}
{"level":"info","message":"HTTPS Server เริ่มต้น","port":5443,"timestamp":"2025-06-06 18:43:56","type":"HTTPS"}
{"level":"info","message":"HTTP Server เริ่มต้น","port":"5009","timestamp":"2025-06-06 18:44:30","type":"HTTP"}
{"level":"info","message":"HTTPS Server เริ่มต้น","port":5443,"timestamp":"2025-06-06 18:44:30","type":"HTTPS"}
{"level":"info","message":"HTTP Server เริ่มต้น","port":"5009","timestamp":"2025-06-06 18:45:05","type":"HTTP"}
{"level":"info","message":"HTTPS Server เริ่มต้น","port":5443,"timestamp":"2025-06-06 18:45:05","type":"HTTPS"}
{"level":"info","message":"HTTP Server เริ่มต้น","port":"5009","timestamp":"2025-06-06 18:46:40","type":"HTTP"}
{"level":"info","message":"HTTPS Server เริ่มต้น","port":5443,"timestamp":"2025-06-06 18:46:40","type":"HTTPS"}
{"level":"info","message":"HTTP Server เริ่มต้น","port":"5009","timestamp":"2025-06-06 18:47:10","type":"HTTP"}
{"level":"info","message":"HTTPS Server เริ่มต้น","port":5443,"timestamp":"2025-06-06 18:47:10","type":"HTTPS"}
{"level":"info","message":"HTTP Server เริ่มต้น","port":"5009","timestamp":"2025-06-06 18:47:58","type":"HTTP"}
{"level":"info","message":"HTTPS Server เริ่มต้น","port":5443,"timestamp":"2025-06-06 18:47:58","type":"HTTPS"}
{"level":"info","message":"HTTP Server เริ่มต้น","port":"5009","timestamp":"2025-06-06 18:48:35","type":"HTTP"}
{"level":"info","message":"HTTPS Server เริ่มต้น","port":5443,"timestamp":"2025-06-06 18:48:35","type":"HTTPS"}
{"level":"info","message":"HTTP Server เริ่มต้น","port":"5009","timestamp":"2025-06-06 18:58:07","type":"HTTP"}
{"level":"info","message":"HTTPS Server เริ่มต้น","port":5443,"timestamp":"2025-06-06 18:58:07","type":"HTTPS"}
{"level":"info","message":"HTTP Server เริ่มต้น","port":"5009","timestamp":"2025-06-06 18:58:22","type":"HTTP"}
{"level":"info","message":"HTTPS Server เริ่มต้น","port":5443,"timestamp":"2025-06-06 18:58:22","type":"HTTPS"}
{"level":"info","message":"HTTP Server เริ่มต้น","port":"5009","timestamp":"2025-06-06 19:00:51","type":"HTTP"}
{"level":"info","message":"HTTPS Server เริ่มต้น","port":5443,"timestamp":"2025-06-06 19:00:51","type":"HTTPS"}
{"level":"info","message":"HTTP Server เริ่มต้น","port":"5009","timestamp":"2025-06-06 19:01:01","type":"HTTP"}
{"level":"info","message":"HTTPS Server เริ่มต้น","port":5443,"timestamp":"2025-06-06 19:01:01","type":"HTTPS"}
{"level":"info","message":"HTTP Server เริ่มต้น","port":"5009","timestamp":"2025-06-06 19:01:11","type":"HTTP"}
{"level":"info","message":"HTTPS Server เริ่มต้น","port":5443,"timestamp":"2025-06-06 19:01:11","type":"HTTPS"}
{"level":"info","message":"HTTP Server เริ่มต้น","port":"5009","timestamp":"2025-06-06 19:01:20","type":"HTTP"}
{"level":"info","message":"HTTPS Server เริ่มต้น","port":5443,"timestamp":"2025-06-06 19:01:20","type":"HTTPS"}
{"level":"info","message":"HTTP Server เริ่มต้น","port":"5009","timestamp":"2025-06-06 19:01:28","type":"HTTP"}
{"level":"info","message":"HTTPS Server เริ่มต้น","port":5443,"timestamp":"2025-06-06 19:01:28","type":"HTTPS"}
{"level":"info","message":"HTTP Server เริ่มต้น","port":"5009","timestamp":"2025-06-06 19:01:38","type":"HTTP"}
{"level":"info","message":"HTTPS Server เริ่มต้น","port":5443,"timestamp":"2025-06-06 19:01:38","type":"HTTPS"}
{"level":"info","message":"HTTP Server เริ่มต้น","port":"5009","timestamp":"2025-06-06 19:01:46","type":"HTTP"}
{"level":"info","message":"HTTPS Server เริ่มต้น","port":5443,"timestamp":"2025-06-06 19:01:46","type":"HTTPS"}
{"level":"info","message":"HTTP Server เริ่มต้น","port":"5009","timestamp":"2025-06-06 19:01:57","type":"HTTP"}
{"level":"info","message":"HTTPS Server เริ่มต้น","port":5443,"timestamp":"2025-06-06 19:01:57","type":"HTTPS"}
{"level":"info","message":"HTTP Server เริ่มต้น","port":"5009","timestamp":"2025-06-06 19:02:24","type":"HTTP"}
{"level":"info","message":"HTTPS Server เริ่มต้น","port":5443,"timestamp":"2025-06-06 19:02:24","type":"HTTPS"}
{"level":"info","message":"HTTP Server เริ่มต้น","port":"5009","timestamp":"2025-06-06 19:02:43","type":"HTTP"}
{"level":"info","message":"HTTPS Server เริ่มต้น","port":5443,"timestamp":"2025-06-06 19:02:43","type":"HTTPS"}
{"level":"info","message":"HTTP Server เริ่มต้น","port":"5009","timestamp":"2025-06-06 19:03:05","type":"HTTP"}
{"level":"info","message":"HTTPS Server เริ่มต้น","port":5443,"timestamp":"2025-06-06 19:03:05","type":"HTTPS"}
{"level":"info","message":"HTTP Server เริ่มต้น","port":"5009","timestamp":"2025-06-06 19:03:18","type":"HTTP"}
{"level":"info","message":"HTTPS Server เริ่มต้น","port":5443,"timestamp":"2025-06-06 19:03:18","type":"HTTPS"}
{"level":"info","message":"HTTP Server เริ่มต้น","port":"5009","timestamp":"2025-06-06 19:06:04","type":"HTTP"}
{"level":"info","message":"HTTPS Server เริ่มต้น","port":5443,"timestamp":"2025-06-06 19:06:04","type":"HTTPS"}
{"level":"info","message":"HTTP Server เริ่มต้น","port":"5009","timestamp":"2025-06-06 19:06:06","type":"HTTP"}
{"level":"info","message":"HTTPS Server เริ่มต้น","port":5443,"timestamp":"2025-06-06 19:06:06","type":"HTTPS"}
{"level":"info","message":"HTTP Server เริ่มต้น","port":"5009","timestamp":"2025-06-06 19:06:14","type":"HTTP"}
{"level":"info","message":"HTTPS Server เริ่มต้น","port":5443,"timestamp":"2025-06-06 19:06:14","type":"HTTPS"}
{"level":"info","message":"HTTP Server เริ่มต้น","port":"5009","timestamp":"2025-06-06 19:06:16","type":"HTTP"}
{"level":"info","message":"HTTPS Server เริ่มต้น","port":5443,"timestamp":"2025-06-06 19:06:16","type":"HTTPS"}
{"level":"info","message":"HTTP Server เริ่มต้น","port":"5009","timestamp":"2025-06-06 19:06:27","type":"HTTP"}
{"level":"info","message":"HTTPS Server เริ่มต้น","port":5443,"timestamp":"2025-06-06 19:06:27","type":"HTTPS"}
{"level":"info","message":"HTTP Server เริ่มต้น","port":"5009","timestamp":"2025-06-06 19:06:31","type":"HTTP"}
{"level":"info","message":"HTTPS Server เริ่มต้น","port":5443,"timestamp":"2025-06-06 19:06:31","type":"HTTPS"}
{"level":"info","message":"HTTP Server เริ่มต้น","port":"5009","timestamp":"2025-06-06 19:08:21","type":"HTTP"}
{"level":"info","message":"HTTPS Server เริ่มต้น","port":5443,"timestamp":"2025-06-06 19:08:21","type":"HTTPS"}
{"level":"info","message":"HTTP Server เริ่มต้น","port":"5009","timestamp":"2025-06-06 19:08:48","type":"HTTP"}
{"level":"info","message":"HTTPS Server เริ่มต้น","port":5443,"timestamp":"2025-06-06 19:08:48","type":"HTTPS"}
{"level":"info","message":"HTTP Server เริ่มต้น","port":"5009","timestamp":"2025-06-06 19:09:00","type":"HTTP"}
{"level":"info","message":"HTTPS Server เริ่มต้น","port":5443,"timestamp":"2025-06-06 19:09:00","type":"HTTPS"}
{"level":"info","message":"HTTP Server เริ่มต้น","port":"5009","timestamp":"2025-06-06 19:09:11","type":"HTTP"}
{"level":"info","message":"HTTPS Server เริ่มต้น","port":5443,"timestamp":"2025-06-06 19:09:11","type":"HTTPS"}
{"level":"info","message":"HTTP Server เริ่มต้น","port":"5009","timestamp":"2025-06-06 19:09:27","type":"HTTP"}
{"level":"info","message":"HTTPS Server เริ่มต้น","port":5443,"timestamp":"2025-06-06 19:09:27","type":"HTTPS"}
{"level":"info","message":"HTTP Server เริ่มต้น","port":"5009","timestamp":"2025-06-06 19:09:52","type":"HTTP"}
{"level":"info","message":"HTTPS Server เริ่มต้น","port":5443,"timestamp":"2025-06-06 19:09:52","type":"HTTPS"}
{"level":"info","message":"HTTP Server เริ่มต้น","port":"5009","timestamp":"2025-06-06 19:09:57","type":"HTTP"}
{"level":"info","message":"HTTPS Server เริ่มต้น","port":5443,"timestamp":"2025-06-06 19:09:57","type":"HTTPS"}
{"level":"info","message":"HTTP Server เริ่มต้น","port":"5009","timestamp":"2025-06-06 19:10:58","type":"HTTP"}
{"level":"info","message":"HTTPS Server เริ่มต้น","port":5443,"timestamp":"2025-06-06 19:10:58","type":"HTTPS"}
{"level":"info","message":"HTTP Server เริ่มต้น","port":"5009","timestamp":"2025-06-06 19:13:10","type":"HTTP"}
{"level":"info","message":"HTTPS Server เริ่มต้น","port":5443,"timestamp":"2025-06-06 19:13:10","type":"HTTPS"}
{"level":"info","message":"HTTP Server เริ่มต้น","port":"5009","timestamp":"2025-06-06 19:13:25","type":"HTTP"}
{"level":"info","message":"HTTPS Server เริ่มต้น","port":5443,"timestamp":"2025-06-06 19:13:25","type":"HTTPS"}
{"level":"info","message":"HTTP Server เริ่มต้น","port":"5009","timestamp":"2025-06-06 19:13:37","type":"HTTP"}
{"level":"info","message":"HTTPS Server เริ่มต้น","port":5443,"timestamp":"2025-06-06 19:13:37","type":"HTTPS"}
{"level":"info","message":"HTTP Server เริ่มต้น","port":"5009","timestamp":"2025-06-06 19:13:49","type":"HTTP"}
{"level":"info","message":"HTTPS Server เริ่มต้น","port":5443,"timestamp":"2025-06-06 19:13:49","type":"HTTPS"}
{"level":"info","message":"HTTP Server เริ่มต้น","port":"5009","timestamp":"2025-06-06 19:15:00","type":"HTTP"}
{"level":"info","message":"HTTPS Server เริ่มต้น","port":5443,"timestamp":"2025-06-06 19:15:00","type":"HTTPS"}
{"level":"info","message":"HTTP Server เริ่มต้น","port":"5009","timestamp":"2025-06-06 19:15:03","type":"HTTP"}
{"level":"info","message":"HTTPS Server เริ่มต้น","port":5443,"timestamp":"2025-06-06 19:15:03","type":"HTTPS"}
{"level":"info","message":"HTTP Server เริ่มต้น","port":"5009","timestamp":"2025-06-06 19:17:27","type":"HTTP"}
{"level":"info","message":"HTTPS Server เริ่มต้น","port":5443,"timestamp":"2025-06-06 19:17:27","type":"HTTPS"}
{"level":"info","message":"HTTP Server เริ่มต้น","port":"5009","timestamp":"2025-06-06 19:17:37","type":"HTTP"}
{"level":"info","message":"HTTPS Server เริ่มต้น","port":5443,"timestamp":"2025-06-06 19:17:37","type":"HTTPS"}
{"level":"info","message":"HTTP Server เริ่มต้น","port":"5009","timestamp":"2025-06-06 19:18:28","type":"HTTP"}
{"level":"info","message":"HTTPS Server เริ่มต้น","port":5443,"timestamp":"2025-06-06 19:18:28","type":"HTTPS"}
{"level":"info","message":"HTTP Server เริ่มต้น","port":"5009","timestamp":"2025-06-06 19:18:52","type":"HTTP"}
{"level":"info","message":"HTTPS Server เริ่มต้น","port":5443,"timestamp":"2025-06-06 19:18:52","type":"HTTPS"}
{"level":"info","message":"HTTP Server เริ่มต้น","port":"5009","timestamp":"2025-06-06 19:21:14","type":"HTTP"}
{"level":"info","message":"HTTPS Server เริ่มต้น","port":5443,"timestamp":"2025-06-06 19:21:14","type":"HTTPS"}
{"level":"info","message":"HTTP Server เริ่มต้น","port":"5009","timestamp":"2025-06-06 19:21:23","type":"HTTP"}
{"level":"info","message":"HTTPS Server เริ่มต้น","port":5443,"timestamp":"2025-06-06 19:21:23","type":"HTTPS"}
{"level":"info","message":"HTTP Server เริ่มต้น","port":"5009","timestamp":"2025-06-06 19:22:25","type":"HTTP"}
{"level":"info","message":"HTTPS Server เริ่มต้น","port":5443,"timestamp":"2025-06-06 19:22:25","type":"HTTPS"}
{"level":"info","message":"HTTP Server เริ่มต้น","port":"5009","timestamp":"2025-06-06 19:24:49","type":"HTTP"}
{"level":"info","message":"HTTPS Server เริ่มต้น","port":5443,"timestamp":"2025-06-06 19:24:49","type":"HTTPS"}
{"level":"info","message":"HTTP Server เริ่มต้น","port":"5009","timestamp":"2025-06-06 19:25:09","type":"HTTP"}
{"level":"info","message":"HTTPS Server เริ่มต้น","port":5443,"timestamp":"2025-06-06 19:25:09","type":"HTTPS"}
{"level":"info","message":"HTTP Server เริ่มต้น","port":"5009","timestamp":"2025-06-06 19:26:01","type":"HTTP"}
{"level":"info","message":"HTTPS Server เริ่มต้น","port":5443,"timestamp":"2025-06-06 19:26:01","type":"HTTPS"}
{"level":"info","message":"HTTP Server เริ่มต้น","port":"5009","timestamp":"2025-06-06 19:26:03","type":"HTTP"}
{"level":"info","message":"HTTPS Server เริ่มต้น","port":5443,"timestamp":"2025-06-06 19:26:03","type":"HTTPS"}
{"level":"info","message":"HTTP Server เริ่มต้น","port":"5009","timestamp":"2025-06-06 19:27:02","type":"HTTP"}
{"level":"info","message":"HTTPS Server เริ่มต้น","port":5443,"timestamp":"2025-06-06 19:27:02","type":"HTTPS"}
{"level":"info","message":"HTTP Server เริ่มต้น","port":"5009","timestamp":"2025-06-06 19:28:43","type":"HTTP"}
{"level":"info","message":"HTTPS Server เริ่มต้น","port":5443,"timestamp":"2025-06-06 19:28:43","type":"HTTPS"}
{"level":"info","message":"HTTP Server เริ่มต้น","port":"5009","timestamp":"2025-06-06 19:28:45","type":"HTTP"}
{"level":"info","message":"HTTPS Server เริ่มต้น","port":5443,"timestamp":"2025-06-06 19:28:45","type":"HTTPS"}
{"level":"info","message":"HTTP Server เริ่มต้น","port":"5009","timestamp":"2025-06-06 19:32:16","type":"HTTP"}
{"level":"info","message":"HTTPS Server เริ่มต้น","port":5443,"timestamp":"2025-06-06 19:32:16","type":"HTTPS"}
{"level":"info","message":"HTTP Server เริ่มต้น","port":"5009","timestamp":"2025-06-06 19:32:29","type":"HTTP"}
{"level":"info","message":"HTTPS Server เริ่มต้น","port":5443,"timestamp":"2025-06-06 19:32:29","type":"HTTPS"}
{"level":"info","message":"HTTP Server เริ่มต้น","port":"5009","timestamp":"2025-06-06 19:32:41","type":"HTTP"}
{"level":"info","message":"HTTPS Server เริ่มต้น","port":5443,"timestamp":"2025-06-06 19:32:41","type":"HTTPS"}
{"level":"info","message":"HTTP Server เริ่มต้น","port":"5009","timestamp":"2025-06-06 19:32:53","type":"HTTP"}
{"level":"info","message":"HTTPS Server เริ่มต้น","port":5443,"timestamp":"2025-06-06 19:32:53","type":"HTTPS"}
{"level":"info","message":"HTTP Server เริ่มต้น","port":"5009","timestamp":"2025-06-06 19:33:05","type":"HTTP"}
{"level":"info","message":"HTTPS Server เริ่มต้น","port":5443,"timestamp":"2025-06-06 19:33:05","type":"HTTPS"}
{"level":"info","message":"HTTP Server เริ่มต้น","port":"5009","timestamp":"2025-06-06 19:33:48","type":"HTTP"}
{"level":"info","message":"HTTPS Server เริ่มต้น","port":5443,"timestamp":"2025-06-06 19:33:48","type":"HTTPS"}
{"level":"info","message":"HTTP Server เริ่มต้น","port":"5009","timestamp":"2025-06-06 19:34:01","type":"HTTP"}
{"level":"info","message":"HTTPS Server เริ่มต้น","port":5443,"timestamp":"2025-06-06 19:34:01","type":"HTTPS"}
{"level":"info","message":"HTTP Server เริ่มต้น","port":"5009","timestamp":"2025-06-06 19:34:14","type":"HTTP"}
{"level":"info","message":"HTTPS Server เริ่มต้น","port":5443,"timestamp":"2025-06-06 19:34:14","type":"HTTPS"}
{"level":"info","message":"HTTP Server เริ่มต้น","port":"5009","timestamp":"2025-06-06 19:34:29","type":"HTTP"}
{"level":"info","message":"HTTPS Server เริ่มต้น","port":5443,"timestamp":"2025-06-06 19:34:29","type":"HTTPS"}
{"level":"info","message":"HTTP Server เริ่มต้น","port":"5009","timestamp":"2025-06-06 19:34:43","type":"HTTP"}
{"level":"info","message":"HTTPS Server เริ่มต้น","port":5443,"timestamp":"2025-06-06 19:34:43","type":"HTTPS"}
{"level":"info","message":"HTTP Server เริ่มต้น","port":"5009","timestamp":"2025-06-06 19:34:58","type":"HTTP"}
{"level":"info","message":"HTTPS Server เริ่มต้น","port":5443,"timestamp":"2025-06-06 19:34:58","type":"HTTPS"}
{"level":"info","message":"HTTP Server เริ่มต้น","port":"5009","timestamp":"2025-06-06 19:35:22","type":"HTTP"}
{"level":"info","message":"HTTPS Server เริ่มต้น","port":5443,"timestamp":"2025-06-06 19:35:22","type":"HTTPS"}
{"level":"info","message":"HTTP Server เริ่มต้น","port":"5009","timestamp":"2025-06-06 19:35:41","type":"HTTP"}
{"level":"info","message":"HTTPS Server เริ่มต้น","port":5443,"timestamp":"2025-06-06 19:35:41","type":"HTTPS"}
{"level":"info","message":"HTTP Server เริ่มต้น","port":"5009","timestamp":"2025-06-06 19:35:55","type":"HTTP"}
{"level":"info","message":"HTTPS Server เริ่มต้น","port":5443,"timestamp":"2025-06-06 19:35:55","type":"HTTPS"}
{"level":"info","message":"HTTP Server เริ่มต้น","port":"5009","timestamp":"2025-06-06 19:36:15","type":"HTTP"}
{"level":"info","message":"HTTPS Server เริ่มต้น","port":5443,"timestamp":"2025-06-06 19:36:15","type":"HTTPS"}
{"level":"info","message":"HTTP Server เริ่มต้น","port":"5009","timestamp":"2025-06-06 19:36:29","type":"HTTP"}
{"level":"info","message":"HTTPS Server เริ่มต้น","port":5443,"timestamp":"2025-06-06 19:36:29","type":"HTTPS"}
{"level":"info","message":"HTTP Server เริ่มต้น","port":"5009","timestamp":"2025-06-06 19:36:45","type":"HTTP"}
{"level":"info","message":"HTTPS Server เริ่มต้น","port":5443,"timestamp":"2025-06-06 19:36:45","type":"HTTPS"}
{"level":"info","message":"HTTP Server เริ่มต้น","port":"5009","timestamp":"2025-06-06 19:36:57","type":"HTTP"}
{"level":"info","message":"HTTPS Server เริ่มต้น","port":5443,"timestamp":"2025-06-06 19:36:57","type":"HTTPS"}
{"level":"info","message":"HTTP Server เริ่มต้น","port":"5009","timestamp":"2025-06-06 19:37:11","type":"HTTP"}
{"level":"info","message":"HTTPS Server เริ่มต้น","port":5443,"timestamp":"2025-06-06 19:37:11","type":"HTTPS"}
{"level":"info","message":"HTTP Server เริ่มต้น","port":"5009","timestamp":"2025-06-06 19:37:27","type":"HTTP"}
{"level":"info","message":"HTTPS Server เริ่มต้น","port":5443,"timestamp":"2025-06-06 19:37:27","type":"HTTPS"}
{"level":"info","message":"HTTP Server เริ่มต้น","port":"5009","timestamp":"2025-06-06 19:37:36","type":"HTTP"}
{"level":"info","message":"HTTPS Server เริ่มต้น","port":5443,"timestamp":"2025-06-06 19:37:36","type":"HTTPS"}
{"level":"info","message":"HTTP Server เริ่มต้น","port":"5009","timestamp":"2025-06-06 19:38:10","type":"HTTP"}
{"level":"info","message":"HTTPS Server เริ่มต้น","port":5443,"timestamp":"2025-06-06 19:38:10","type":"HTTPS"}
{"level":"info","message":"HTTP Server เริ่มต้น","port":"5009","timestamp":"2025-06-06 19:38:11","type":"HTTP"}
{"level":"info","message":"HTTPS Server เริ่มต้น","port":5443,"timestamp":"2025-06-06 19:38:11","type":"HTTPS"}
{"level":"info","message":"HTTP Server เริ่มต้น","port":"5009","timestamp":"2025-06-06 19:38:14","type":"HTTP"}
{"level":"info","message":"HTTPS Server เริ่มต้น","port":5443,"timestamp":"2025-06-06 19:38:14","type":"HTTPS"}
{"level":"info","message":"HTTP Server เริ่มต้น","port":"5009","timestamp":"2025-06-06 19:38:16","type":"HTTP"}
{"level":"info","message":"HTTPS Server เริ่มต้น","port":5443,"timestamp":"2025-06-06 19:38:16","type":"HTTPS"}
{"level":"info","message":"HTTP Server เริ่มต้น","port":"5009","timestamp":"2025-06-06 19:38:27","type":"HTTP"}
{"level":"info","message":"HTTPS Server เริ่มต้น","port":5443,"timestamp":"2025-06-06 19:38:27","type":"HTTPS"}
{"level":"info","message":"HTTP Server เริ่มต้น","port":"5009","timestamp":"2025-06-06 19:42:58","type":"HTTP"}
{"level":"info","message":"HTTPS Server เริ่มต้น","port":5443,"timestamp":"2025-06-06 19:42:58","type":"HTTPS"}
{"level":"info","message":"HTTP Server เริ่มต้น","port":"5009","timestamp":"2025-06-06 19:44:04","type":"HTTP"}
{"level":"info","message":"HTTPS Server เริ่มต้น","port":5443,"timestamp":"2025-06-06 19:44:04","type":"HTTPS"}
{"level":"info","message":"HTTP Server เริ่มต้น","port":"5009","timestamp":"2025-06-06 19:44:49","type":"HTTP"}
{"level":"info","message":"HTTPS Server เริ่มต้น","port":5443,"timestamp":"2025-06-06 19:44:49","type":"HTTPS"}
{"level":"info","message":"HTTP Server เริ่มต้น","port":"5009","timestamp":"2025-06-06 19:45:48","type":"HTTP"}
{"level":"info","message":"HTTPS Server เริ่มต้น","port":5443,"timestamp":"2025-06-06 19:45:48","type":"HTTPS"}
{"level":"info","message":"HTTP Server เริ่มต้น","port":"5009","timestamp":"2025-06-06 19:47:28","type":"HTTP"}
{"level":"info","message":"HTTPS Server เริ่มต้น","port":5443,"timestamp":"2025-06-06 19:47:28","type":"HTTPS"}
{"level":"info","message":"HTTP Server เริ่มต้น","port":"5009","timestamp":"2025-06-06 19:47:59","type":"HTTP"}
{"level":"info","message":"HTTPS Server เริ่มต้น","port":5443,"timestamp":"2025-06-06 19:47:59","type":"HTTPS"}
{"level":"info","message":"HTTP Server เริ่มต้น","port":"5009","timestamp":"2025-06-06 19:48:51","type":"HTTP"}
{"level":"info","message":"HTTPS Server เริ่มต้น","port":5443,"timestamp":"2025-06-06 19:48:51","type":"HTTPS"}
{"level":"info","message":"HTTP Server เริ่มต้น","port":"5009","timestamp":"2025-06-06 19:48:53","type":"HTTP"}
{"level":"info","message":"HTTPS Server เริ่มต้น","port":5443,"timestamp":"2025-06-06 19:48:53","type":"HTTPS"}
{"level":"info","message":"HTTP Server เริ่มต้น","port":"5009","timestamp":"2025-06-06 19:50:54","type":"HTTP"}
{"level":"info","message":"HTTPS Server เริ่มต้น","port":5443,"timestamp":"2025-06-06 19:50:54","type":"HTTPS"}
{"level":"info","message":"HTTP Server เริ่มต้น","port":"5009","timestamp":"2025-06-06 19:50:57","type":"HTTP"}
{"level":"info","message":"HTTPS Server เริ่มต้น","port":5443,"timestamp":"2025-06-06 19:50:57","type":"HTTPS"}
{"level":"info","message":"HTTP Server เริ่มต้น","port":"5009","timestamp":"2025-06-06 19:50:59","type":"HTTP"}
{"level":"info","message":"HTTPS Server เริ่มต้น","port":5443,"timestamp":"2025-06-06 19:50:59","type":"HTTPS"}
{"level":"info","message":"HTTP Server เริ่มต้น","port":"5009","timestamp":"2025-06-06 19:51:02","type":"HTTP"}
{"level":"info","message":"HTTPS Server เริ่มต้น","port":5443,"timestamp":"2025-06-06 19:51:02","type":"HTTPS"}
{"level":"info","message":"HTTP Server เริ่มต้น","port":"5009","timestamp":"2025-06-06 19:51:05","type":"HTTP"}
{"level":"info","message":"HTTPS Server เริ่มต้น","port":5443,"timestamp":"2025-06-06 19:51:05","type":"HTTPS"}
{"level":"info","message":"HTTP Server เริ่มต้น","port":"5009","timestamp":"2025-06-06 19:51:07","type":"HTTP"}
{"level":"info","message":"HTTPS Server เริ่มต้น","port":5443,"timestamp":"2025-06-06 19:51:07","type":"HTTPS"}
{"level":"info","message":"HTTP Server เริ่มต้น","port":"5009","timestamp":"2025-06-06 19:54:26","type":"HTTP"}
{"level":"info","message":"HTTPS Server เริ่มต้น","port":5443,"timestamp":"2025-06-06 19:54:26","type":"HTTPS"}
{"level":"info","message":"HTTP Server เริ่มต้น","port":"5009","timestamp":"2025-06-06 19:54:28","type":"HTTP"}
{"level":"info","message":"HTTPS Server เริ่มต้น","port":5443,"timestamp":"2025-06-06 19:54:28","type":"HTTPS"}
{"level":"info","message":"HTTP Server เริ่มต้น","port":"5009","timestamp":"2025-06-06 19:55:13","type":"HTTP"}
{"level":"info","message":"HTTPS Server เริ่มต้น","port":5443,"timestamp":"2025-06-06 19:55:13","type":"HTTPS"}
{"level":"info","message":"HTTP Server เริ่มต้น","port":"5009","timestamp":"2025-06-06 19:55:14","type":"HTTP"}
{"level":"info","message":"HTTPS Server เริ่มต้น","port":5443,"timestamp":"2025-06-06 19:55:14","type":"HTTPS"}
{"level":"info","message":"HTTP Server เริ่มต้น","port":"5009","timestamp":"2025-06-06 19:56:22","type":"HTTP"}
{"level":"info","message":"HTTPS Server เริ่มต้น","port":5443,"timestamp":"2025-06-06 19:56:22","type":"HTTPS"}
{"level":"info","message":"HTTP Server เริ่มต้น","port":"5009","timestamp":"2025-06-06 19:56:24","type":"HTTP"}
{"level":"info","message":"HTTPS Server เริ่มต้น","port":5443,"timestamp":"2025-06-06 19:56:24","type":"HTTPS"}
{"level":"info","message":"HTTP Server เริ่มต้น","port":"5009","timestamp":"2025-06-06 19:57:30","type":"HTTP"}
{"level":"info","message":"HTTPS Server เริ่มต้น","port":5443,"timestamp":"2025-06-06 19:57:30","type":"HTTPS"}
{"level":"info","message":"HTTP Server เริ่มต้น","port":"5009","timestamp":"2025-06-06 19:57:31","type":"HTTP"}
{"level":"info","message":"HTTPS Server เริ่มต้น","port":5443,"timestamp":"2025-06-06 19:57:31","type":"HTTPS"}
{"level":"info","message":"HTTP Server เริ่มต้น","port":"5009","timestamp":"2025-06-06 19:59:29","type":"HTTP"}
{"level":"info","message":"HTTPS Server เริ่มต้น","port":5443,"timestamp":"2025-06-06 19:59:29","type":"HTTPS"}
{"level":"info","message":"HTTP Server เริ่มต้น","port":"5009","timestamp":"2025-06-06 20:05:05","type":"HTTP"}
{"level":"info","message":"HTTPS Server เริ่มต้น","port":5443,"timestamp":"2025-06-06 20:05:05","type":"HTTPS"}
{"level":"info","message":"HTTP Server เริ่มต้น","port":"5009","timestamp":"2025-06-06 20:05:06","type":"HTTP"}
{"level":"info","message":"HTTPS Server เริ่มต้น","port":5443,"timestamp":"2025-06-06 20:05:06","type":"HTTPS"}
{"level":"info","message":"HTTP Server เริ่มต้น","port":"5009","timestamp":"2025-06-06 20:06:15","type":"HTTP"}
{"level":"info","message":"HTTPS Server เริ่มต้น","port":5443,"timestamp":"2025-06-06 20:06:15","type":"HTTPS"}
{"level":"info","message":"HTTP Server เริ่มต้น","port":"5009","timestamp":"2025-06-06 20:08:19","type":"HTTP"}
{"level":"info","message":"HTTPS Server เริ่มต้น","port":5443,"timestamp":"2025-06-06 20:08:19","type":"HTTPS"}
{"level":"info","message":"HTTP Server เริ่มต้น","port":"5009","timestamp":"2025-06-06 20:10:26","type":"HTTP"}
{"level":"info","message":"HTTPS Server เริ่มต้น","port":5443,"timestamp":"2025-06-06 20:10:26","type":"HTTPS"}
{"level":"info","message":"HTTP Server เริ่มต้น","port":"5009","timestamp":"2025-06-06 20:10:28","type":"HTTP"}
{"level":"info","message":"HTTPS Server เริ่มต้น","port":5443,"timestamp":"2025-06-06 20:10:28","type":"HTTPS"}
{"level":"info","message":"HTTP Server เริ่มต้น","port":"5009","timestamp":"2025-06-06 20:10:52","type":"HTTP"}
{"level":"info","message":"HTTPS Server เริ่มต้น","port":5443,"timestamp":"2025-06-06 20:10:52","type":"HTTPS"}
{"level":"info","message":"HTTP Server เริ่มต้น","port":"5009","timestamp":"2025-06-06 20:11:39","type":"HTTP"}
{"level":"info","message":"HTTPS Server เริ่มต้น","port":5443,"timestamp":"2025-06-06 20:11:39","type":"HTTPS"}
{"level":"info","message":"HTTP Server เริ่มต้น","port":"5009","timestamp":"2025-06-06 20:22:21","type":"HTTP"}
{"level":"info","message":"HTTPS Server เริ่มต้น","port":5443,"timestamp":"2025-06-06 20:22:21","type":"HTTPS"}
{"level":"info","message":"HTTP Server เริ่มต้น","port":"5009","timestamp":"2025-06-06 20:22:23","type":"HTTP"}
{"level":"info","message":"HTTPS Server เริ่มต้น","port":5443,"timestamp":"2025-06-06 20:22:23","type":"HTTPS"}
{"level":"info","message":"HTTP Server เริ่มต้น","port":"5009","timestamp":"2025-06-06 20:23:30","type":"HTTP"}
{"level":"info","message":"HTTPS Server เริ่มต้น","port":5443,"timestamp":"2025-06-06 20:23:30","type":"HTTPS"}
{"level":"info","message":"HTTP Server เริ่มต้น","port":"5009","timestamp":"2025-06-06 20:23:31","type":"HTTP"}
{"level":"info","message":"HTTPS Server เริ่มต้น","port":5443,"timestamp":"2025-06-06 20:23:31","type":"HTTPS"}
{"level":"info","message":"HTTP Server เริ่มต้น","port":"5009","timestamp":"2025-06-06 20:23:35","type":"HTTP"}
{"level":"info","message":"HTTPS Server เริ่มต้น","port":5443,"timestamp":"2025-06-06 20:23:35","type":"HTTPS"}
{"level":"info","message":"HTTP Server เริ่มต้น","port":"5009","timestamp":"2025-06-06 20:23:38","type":"HTTP"}
{"level":"info","message":"HTTPS Server เริ่มต้น","port":5443,"timestamp":"2025-06-06 20:23:38","type":"HTTPS"}
{"level":"info","message":"HTTP Server เริ่มต้น","port":"5009","timestamp":"2025-06-06 20:24:49","type":"HTTP"}
{"level":"info","message":"HTTPS Server เริ่มต้น","port":5443,"timestamp":"2025-06-06 20:24:49","type":"HTTPS"}
{"level":"info","message":"HTTP Server เริ่มต้น","port":"5009","timestamp":"2025-06-06 20:24:50","type":"HTTP"}
{"level":"info","message":"HTTPS Server เริ่มต้น","port":5443,"timestamp":"2025-06-06 20:24:50","type":"HTTPS"}
{"level":"info","message":"HTTP Server เริ่มต้น","port":"5009","timestamp":"2025-06-06 20:28:37","type":"HTTP"}
{"level":"info","message":"HTTPS Server เริ่มต้น","port":5443,"timestamp":"2025-06-06 20:28:37","type":"HTTPS"}
{"level":"info","message":"HTTP Server เริ่มต้น","port":"5009","timestamp":"2025-06-06 20:28:39","type":"HTTP"}
{"level":"info","message":"HTTPS Server เริ่มต้น","port":5443,"timestamp":"2025-06-06 20:28:39","type":"HTTPS"}
{"level":"info","message":"HTTP Server เริ่มต้น","port":"5009","timestamp":"2025-06-06 20:36:37","type":"HTTP"}
{"level":"info","message":"HTTPS Server เริ่มต้น","port":5443,"timestamp":"2025-06-06 20:36:37","type":"HTTPS"}
{"level":"info","message":"HTTP Server เริ่มต้น","port":"5009","timestamp":"2025-06-06 20:36:48","type":"HTTP"}
{"level":"info","message":"HTTPS Server เริ่มต้น","port":5443,"timestamp":"2025-06-06 20:36:48","type":"HTTPS"}
{"level":"info","message":"HTTP Server เริ่มต้น","port":"5009","timestamp":"2025-06-06 20:36:58","type":"HTTP"}
{"level":"info","message":"HTTPS Server เริ่มต้น","port":5443,"timestamp":"2025-06-06 20:36:58","type":"HTTPS"}
{"level":"info","message":"HTTP Server เริ่มต้น","port":"5009","timestamp":"2025-06-06 20:37:23","type":"HTTP"}
{"level":"info","message":"HTTPS Server เริ่มต้น","port":5443,"timestamp":"2025-06-06 20:37:23","type":"HTTPS"}
{"level":"info","message":"HTTP Server เริ่มต้น","port":"5009","timestamp":"2025-06-06 20:37:49","type":"HTTP"}
{"level":"info","message":"HTTPS Server เริ่มต้น","port":5443,"timestamp":"2025-06-06 20:37:49","type":"HTTPS"}
{"level":"info","message":"HTTP Server เริ่มต้น","port":"5009","timestamp":"2025-06-06 20:38:17","type":"HTTP"}
{"level":"info","message":"HTTPS Server เริ่มต้น","port":5443,"timestamp":"2025-06-06 20:38:17","type":"HTTPS"}
{"level":"info","message":"HTTP Server เริ่มต้น","port":"5009","timestamp":"2025-06-06 20:38:28","type":"HTTP"}
{"level":"info","message":"HTTPS Server เริ่มต้น","port":5443,"timestamp":"2025-06-06 20:38:28","type":"HTTPS"}
{"level":"info","message":"HTTP Server เริ่มต้น","port":"5009","timestamp":"2025-06-06 20:41:13","type":"HTTP"}
{"level":"info","message":"HTTPS Server เริ่มต้น","port":5443,"timestamp":"2025-06-06 20:41:13","type":"HTTPS"}
{"level":"info","message":"HTTP Server เริ่มต้น","port":"5009","timestamp":"2025-06-06 20:41:16","type":"HTTP"}
{"level":"info","message":"HTTPS Server เริ่มต้น","port":5443,"timestamp":"2025-06-06 20:41:16","type":"HTTPS"}
{"level":"info","message":"HTTP Server เริ่มต้น","port":"5009","timestamp":"2025-06-06 20:41:24","type":"HTTP"}
{"level":"info","message":"HTTPS Server เริ่มต้น","port":5443,"timestamp":"2025-06-06 20:41:24","type":"HTTPS"}
{"level":"info","message":"HTTP Server เริ่มต้น","port":"5009","timestamp":"2025-06-06 20:41:31","type":"HTTP"}
{"level":"info","message":"HTTPS Server เริ่มต้น","port":5443,"timestamp":"2025-06-06 20:41:31","type":"HTTPS"}
{"level":"info","message":"HTTP Server เริ่มต้น","port":"5009","timestamp":"2025-06-06 20:41:36","type":"HTTP"}
{"level":"info","message":"HTTPS Server เริ่มต้น","port":5443,"timestamp":"2025-06-06 20:41:36","type":"HTTPS"}
{"level":"info","message":"HTTP Server เริ่มต้น","port":"5009","timestamp":"2025-06-06 20:41:41","type":"HTTP"}
{"level":"info","message":"HTTPS Server เริ่มต้น","port":5443,"timestamp":"2025-06-06 20:41:41","type":"HTTPS"}
{"level":"info","message":"HTTP Server เริ่มต้น","port":"5009","timestamp":"2025-06-06 20:41:42","type":"HTTP"}
{"level":"info","message":"HTTPS Server เริ่มต้น","port":5443,"timestamp":"2025-06-06 20:41:42","type":"HTTPS"}
{"level":"info","message":"HTTP Server เริ่มต้น","port":"5009","timestamp":"2025-06-06 20:42:51","type":"HTTP"}
{"level":"info","message":"HTTPS Server เริ่มต้น","port":5443,"timestamp":"2025-06-06 20:42:51","type":"HTTPS"}
{"level":"info","message":"HTTP Server เริ่มต้น","port":"5009","timestamp":"2025-06-06 20:43:00","type":"HTTP"}
{"level":"info","message":"HTTPS Server เริ่มต้น","port":5443,"timestamp":"2025-06-06 20:43:00","type":"HTTPS"}
{"level":"info","message":"HTTP Server เริ่มต้น","port":"5009","timestamp":"2025-06-06 20:43:09","type":"HTTP"}
{"level":"info","message":"HTTPS Server เริ่มต้น","port":5443,"timestamp":"2025-06-06 20:43:09","type":"HTTPS"}
{"level":"info","message":"HTTP Server เริ่มต้น","port":"5009","timestamp":"2025-06-06 20:43:17","type":"HTTP"}
{"level":"info","message":"HTTPS Server เริ่มต้น","port":5443,"timestamp":"2025-06-06 20:43:17","type":"HTTPS"}
{"level":"info","message":"HTTP Server เริ่มต้น","port":"5009","timestamp":"2025-06-06 20:43:24","type":"HTTP"}
{"level":"info","message":"HTTPS Server เริ่มต้น","port":5443,"timestamp":"2025-06-06 20:43:24","type":"HTTPS"}
{"level":"info","message":"HTTP Server เริ่มต้น","port":"5009","timestamp":"2025-06-06 20:43:31","type":"HTTP"}
{"level":"info","message":"HTTPS Server เริ่มต้น","port":5443,"timestamp":"2025-06-06 20:43:31","type":"HTTPS"}
{"level":"info","message":"HTTP Server เริ่มต้น","port":"5009","timestamp":"2025-06-06 20:43:38","type":"HTTP"}
{"level":"info","message":"HTTPS Server เริ่มต้น","port":5443,"timestamp":"2025-06-06 20:43:38","type":"HTTPS"}
{"level":"info","message":"HTTP Server เริ่มต้น","port":"5009","timestamp":"2025-06-06 20:43:44","type":"HTTP"}
{"level":"info","message":"HTTPS Server เริ่มต้น","port":5443,"timestamp":"2025-06-06 20:43:44","type":"HTTPS"}
{"level":"info","message":"HTTP Server เริ่มต้น","port":"5009","timestamp":"2025-06-06 20:43:50","type":"HTTP"}
{"level":"info","message":"HTTPS Server เริ่มต้น","port":5443,"timestamp":"2025-06-06 20:43:50","type":"HTTPS"}
{"level":"info","message":"HTTP Server เริ่มต้น","port":"5009","timestamp":"2025-06-06 20:44:02","type":"HTTP"}
{"level":"info","message":"HTTPS Server เริ่มต้น","port":5443,"timestamp":"2025-06-06 20:44:02","type":"HTTPS"}
{"level":"info","message":"HTTP Server เริ่มต้น","port":"5009","timestamp":"2025-06-06 20:44:10","type":"HTTP"}
{"level":"info","message":"HTTPS Server เริ่มต้น","port":5443,"timestamp":"2025-06-06 20:44:10","type":"HTTPS"}
{"level":"info","message":"HTTP Server เริ่มต้น","port":"5009","timestamp":"2025-06-06 20:44:21","type":"HTTP"}
{"level":"info","message":"HTTPS Server เริ่มต้น","port":5443,"timestamp":"2025-06-06 20:44:21","type":"HTTPS"}
{"level":"info","message":"HTTP Server เริ่มต้น","port":"5009","timestamp":"2025-06-06 20:44:31","type":"HTTP"}
{"level":"info","message":"HTTPS Server เริ่มต้น","port":5443,"timestamp":"2025-06-06 20:44:31","type":"HTTPS"}
{"level":"info","message":"HTTP Server เริ่มต้น","port":"5009","timestamp":"2025-06-06 20:44:39","type":"HTTP"}
{"level":"info","message":"HTTPS Server เริ่มต้น","port":5443,"timestamp":"2025-06-06 20:44:39","type":"HTTPS"}
{"level":"info","message":"HTTP Server เริ่มต้น","port":"5009","timestamp":"2025-06-06 20:44:48","type":"HTTP"}
{"level":"info","message":"HTTPS Server เริ่มต้น","port":5443,"timestamp":"2025-06-06 20:44:48","type":"HTTPS"}
{"level":"info","message":"HTTP Server เริ่มต้น","port":"5009","timestamp":"2025-06-06 20:44:55","type":"HTTP"}
{"level":"info","message":"HTTPS Server เริ่มต้น","port":5443,"timestamp":"2025-06-06 20:44:55","type":"HTTPS"}
{"level":"info","message":"HTTP Server เริ่มต้น","port":"5009","timestamp":"2025-06-06 20:45:03","type":"HTTP"}
{"level":"info","message":"HTTPS Server เริ่มต้น","port":5443,"timestamp":"2025-06-06 20:45:03","type":"HTTPS"}
{"level":"info","message":"HTTP Server เริ่มต้น","port":"5009","timestamp":"2025-06-06 20:45:10","type":"HTTP"}
{"level":"info","message":"HTTPS Server เริ่มต้น","port":5443,"timestamp":"2025-06-06 20:45:10","type":"HTTPS"}
{"level":"info","message":"HTTP Server เริ่มต้น","port":"5009","timestamp":"2025-06-06 20:45:17","type":"HTTP"}
{"level":"info","message":"HTTPS Server เริ่มต้น","port":5443,"timestamp":"2025-06-06 20:45:17","type":"HTTPS"}
{"level":"info","message":"HTTP Server เริ่มต้น","port":"5009","timestamp":"2025-06-06 20:45:24","type":"HTTP"}
{"level":"info","message":"HTTPS Server เริ่มต้น","port":5443,"timestamp":"2025-06-06 20:45:24","type":"HTTPS"}
{"level":"info","message":"HTTP Server เริ่มต้น","port":"5009","timestamp":"2025-06-06 20:45:32","type":"HTTP"}
{"level":"info","message":"HTTPS Server เริ่มต้น","port":5443,"timestamp":"2025-06-06 20:45:32","type":"HTTPS"}
{"level":"info","message":"HTTP Server เริ่มต้น","port":"5009","timestamp":"2025-06-06 20:45:41","type":"HTTP"}
{"level":"info","message":"HTTPS Server เริ่มต้น","port":5443,"timestamp":"2025-06-06 20:45:41","type":"HTTPS"}
{"level":"info","message":"HTTP Server เริ่มต้น","port":"5009","timestamp":"2025-06-06 20:45:50","type":"HTTP"}
{"level":"info","message":"HTTPS Server เริ่มต้น","port":5443,"timestamp":"2025-06-06 20:45:50","type":"HTTPS"}
{"level":"info","message":"HTTP Server เริ่มต้น","port":"5009","timestamp":"2025-06-06 20:46:00","type":"HTTP"}
{"level":"info","message":"HTTPS Server เริ่มต้น","port":5443,"timestamp":"2025-06-06 20:46:00","type":"HTTPS"}
{"level":"info","message":"HTTP Server เริ่มต้น","port":"5009","timestamp":"2025-06-06 20:46:09","type":"HTTP"}
{"level":"info","message":"HTTPS Server เริ่มต้น","port":5443,"timestamp":"2025-06-06 20:46:09","type":"HTTPS"}
{"level":"info","message":"HTTP Server เริ่มต้น","port":"5009","timestamp":"2025-06-06 20:46:17","type":"HTTP"}
{"level":"info","message":"HTTPS Server เริ่มต้น","port":5443,"timestamp":"2025-06-06 20:46:17","type":"HTTPS"}
{"level":"info","message":"HTTP Server เริ่มต้น","port":"5009","timestamp":"2025-06-06 20:46:32","type":"HTTP"}
{"level":"info","message":"HTTPS Server เริ่มต้น","port":5443,"timestamp":"2025-06-06 20:46:32","type":"HTTPS"}
{"level":"info","message":"HTTP Server เริ่มต้น","port":"5009","timestamp":"2025-06-06 20:46:41","type":"HTTP"}
{"level":"info","message":"HTTPS Server เริ่มต้น","port":5443,"timestamp":"2025-06-06 20:46:41","type":"HTTPS"}
{"level":"info","message":"HTTP Server เริ่มต้น","port":"5009","timestamp":"2025-06-06 20:46:49","type":"HTTP"}
{"level":"info","message":"HTTPS Server เริ่มต้น","port":5443,"timestamp":"2025-06-06 20:46:49","type":"HTTPS"}
{"level":"info","message":"HTTP Server เริ่มต้น","port":"5009","timestamp":"2025-06-06 20:46:57","type":"HTTP"}
{"level":"info","message":"HTTPS Server เริ่มต้น","port":5443,"timestamp":"2025-06-06 20:46:57","type":"HTTPS"}
{"level":"info","message":"HTTP Server เริ่มต้น","port":"5009","timestamp":"2025-06-06 20:47:06","type":"HTTP"}
{"level":"info","message":"HTTPS Server เริ่มต้น","port":5443,"timestamp":"2025-06-06 20:47:06","type":"HTTPS"}
{"level":"info","message":"HTTP Server เริ่มต้น","port":"5009","timestamp":"2025-06-06 20:47:13","type":"HTTP"}
{"level":"info","message":"HTTPS Server เริ่มต้น","port":5443,"timestamp":"2025-06-06 20:47:13","type":"HTTPS"}
{"level":"info","message":"HTTP Server เริ่มต้น","port":"5009","timestamp":"2025-06-06 20:47:20","type":"HTTP"}
{"level":"info","message":"HTTPS Server เริ่มต้น","port":5443,"timestamp":"2025-06-06 20:47:20","type":"HTTPS"}
{"level":"info","message":"HTTP Server เริ่มต้น","port":"5009","timestamp":"2025-06-06 20:47:30","type":"HTTP"}
{"level":"info","message":"HTTPS Server เริ่มต้น","port":5443,"timestamp":"2025-06-06 20:47:30","type":"HTTPS"}
{"level":"info","message":"HTTP Server เริ่มต้น","port":"5009","timestamp":"2025-06-06 20:47:39","type":"HTTP"}
{"level":"info","message":"HTTPS Server เริ่มต้น","port":5443,"timestamp":"2025-06-06 20:47:39","type":"HTTPS"}
{"level":"info","message":"HTTP Server เริ่มต้น","port":"5009","timestamp":"2025-06-06 20:47:45","type":"HTTP"}
{"level":"info","message":"HTTPS Server เริ่มต้น","port":5443,"timestamp":"2025-06-06 20:47:45","type":"HTTPS"}
{"level":"info","message":"HTTP Server เริ่มต้น","port":"5009","timestamp":"2025-06-06 20:47:55","type":"HTTP"}
{"level":"info","message":"HTTPS Server เริ่มต้น","port":5443,"timestamp":"2025-06-06 20:47:55","type":"HTTPS"}
{"level":"info","message":"HTTP Server เริ่มต้น","port":"5009","timestamp":"2025-06-06 20:48:03","type":"HTTP"}
{"level":"info","message":"HTTPS Server เริ่มต้น","port":5443,"timestamp":"2025-06-06 20:48:03","type":"HTTPS"}
{"level":"info","message":"HTTP Server เริ่มต้น","port":"5009","timestamp":"2025-06-06 20:48:11","type":"HTTP"}
{"level":"info","message":"HTTPS Server เริ่มต้น","port":5443,"timestamp":"2025-06-06 20:48:11","type":"HTTPS"}
{"level":"info","message":"HTTP Server เริ่มต้น","port":"5009","timestamp":"2025-06-06 20:48:18","type":"HTTP"}
{"level":"info","message":"HTTPS Server เริ่มต้น","port":5443,"timestamp":"2025-06-06 20:48:18","type":"HTTPS"}
{"level":"info","message":"HTTP Server เริ่มต้น","port":"5009","timestamp":"2025-06-06 20:48:26","type":"HTTP"}
{"level":"info","message":"HTTPS Server เริ่มต้น","port":5443,"timestamp":"2025-06-06 20:48:26","type":"HTTPS"}
{"level":"info","message":"HTTP Server เริ่มต้น","port":"5009","timestamp":"2025-06-06 20:48:33","type":"HTTP"}
{"level":"info","message":"HTTPS Server เริ่มต้น","port":5443,"timestamp":"2025-06-06 20:48:33","type":"HTTPS"}
{"level":"info","message":"HTTP Server เริ่มต้น","port":"5009","timestamp":"2025-06-06 20:48:42","type":"HTTP"}
{"level":"info","message":"HTTPS Server เริ่มต้น","port":5443,"timestamp":"2025-06-06 20:48:42","type":"HTTPS"}
{"level":"info","message":"HTTP Server เริ่มต้น","port":"5009","timestamp":"2025-06-06 20:48:48","type":"HTTP"}
{"level":"info","message":"HTTPS Server เริ่มต้น","port":5443,"timestamp":"2025-06-06 20:48:48","type":"HTTPS"}
{"level":"info","message":"HTTP Server เริ่มต้น","port":"5009","timestamp":"2025-06-06 20:48:50","type":"HTTP"}
{"level":"info","message":"HTTPS Server เริ่มต้น","port":5443,"timestamp":"2025-06-06 20:48:50","type":"HTTPS"}
{"level":"info","message":"HTTP Server เริ่มต้น","port":"5009","timestamp":"2025-06-06 20:48:55","type":"HTTP"}
{"level":"info","message":"HTTPS Server เริ่มต้น","port":5443,"timestamp":"2025-06-06 20:48:55","type":"HTTPS"}
{"level":"info","message":"HTTP Server เริ่มต้น","port":"5009","timestamp":"2025-06-06 20:49:02","type":"HTTP"}
{"level":"info","message":"HTTPS Server เริ่มต้น","port":5443,"timestamp":"2025-06-06 20:49:02","type":"HTTPS"}
{"level":"info","message":"HTTP Server เริ่มต้น","port":"5009","timestamp":"2025-06-06 20:49:13","type":"HTTP"}
{"level":"info","message":"HTTPS Server เริ่มต้น","port":5443,"timestamp":"2025-06-06 20:49:13","type":"HTTPS"}
{"level":"info","message":"HTTP Server เริ่มต้น","port":"5009","timestamp":"2025-06-06 20:49:22","type":"HTTP"}
{"level":"info","message":"HTTPS Server เริ่มต้น","port":5443,"timestamp":"2025-06-06 20:49:22","type":"HTTPS"}
{"level":"info","message":"HTTP Server เริ่มต้น","port":"5009","timestamp":"2025-06-06 20:49:30","type":"HTTP"}
{"level":"info","message":"HTTPS Server เริ่มต้น","port":5443,"timestamp":"2025-06-06 20:49:30","type":"HTTPS"}
{"level":"info","message":"HTTP Server เริ่มต้น","port":"5009","timestamp":"2025-06-06 20:49:37","type":"HTTP"}
{"level":"info","message":"HTTPS Server เริ่มต้น","port":5443,"timestamp":"2025-06-06 20:49:37","type":"HTTPS"}
{"level":"info","message":"HTTP Server เริ่มต้น","port":"5009","timestamp":"2025-06-06 20:49:45","type":"HTTP"}
{"level":"info","message":"HTTPS Server เริ่มต้น","port":5443,"timestamp":"2025-06-06 20:49:45","type":"HTTPS"}
{"level":"info","message":"HTTP Server เริ่มต้น","port":"5009","timestamp":"2025-06-06 20:49:54","type":"HTTP"}
{"level":"info","message":"HTTPS Server เริ่มต้น","port":5443,"timestamp":"2025-06-06 20:49:54","type":"HTTPS"}
{"level":"info","message":"HTTP Server เริ่มต้น","port":"5009","timestamp":"2025-06-06 20:50:39","type":"HTTP"}
{"level":"info","message":"HTTPS Server เริ่มต้น","port":5443,"timestamp":"2025-06-06 20:50:39","type":"HTTPS"}
{"level":"info","message":"HTTP Server เริ่มต้น","port":"5009","timestamp":"2025-06-06 20:50:47","type":"HTTP"}
{"level":"info","message":"HTTPS Server เริ่มต้น","port":5443,"timestamp":"2025-06-06 20:50:47","type":"HTTPS"}
{"level":"info","message":"HTTP Server เริ่มต้น","port":"5009","timestamp":"2025-06-06 20:50:55","type":"HTTP"}
{"level":"info","message":"HTTPS Server เริ่มต้น","port":5443,"timestamp":"2025-06-06 20:50:55","type":"HTTPS"}
{"level":"info","message":"HTTP Server เริ่มต้น","port":"5009","timestamp":"2025-06-06 20:51:01","type":"HTTP"}
{"level":"info","message":"HTTPS Server เริ่มต้น","port":5443,"timestamp":"2025-06-06 20:51:01","type":"HTTPS"}
{"level":"info","message":"HTTP Server เริ่มต้น","port":"5009","timestamp":"2025-06-06 20:51:09","type":"HTTP"}
{"level":"info","message":"HTTPS Server เริ่มต้น","port":5443,"timestamp":"2025-06-06 20:51:09","type":"HTTPS"}
{"level":"info","message":"HTTP Server เริ่มต้น","port":"5009","timestamp":"2025-06-06 20:51:17","type":"HTTP"}
{"level":"info","message":"HTTPS Server เริ่มต้น","port":5443,"timestamp":"2025-06-06 20:51:17","type":"HTTPS"}
{"level":"info","message":"HTTP Server เริ่มต้น","port":"5009","timestamp":"2025-06-06 20:51:24","type":"HTTP"}
{"level":"info","message":"HTTPS Server เริ่มต้น","port":5443,"timestamp":"2025-06-06 20:51:24","type":"HTTPS"}
{"level":"info","message":"HTTP Server เริ่มต้น","port":"5009","timestamp":"2025-06-06 20:51:31","type":"HTTP"}
{"level":"info","message":"HTTPS Server เริ่มต้น","port":5443,"timestamp":"2025-06-06 20:51:31","type":"HTTPS"}
{"level":"info","message":"HTTP Server เริ่มต้น","port":"5009","timestamp":"2025-06-06 20:51:37","type":"HTTP"}
{"level":"info","message":"HTTPS Server เริ่มต้น","port":5443,"timestamp":"2025-06-06 20:51:37","type":"HTTPS"}
{"level":"info","message":"HTTP Server เริ่มต้น","port":"5009","timestamp":"2025-06-06 20:51:44","type":"HTTP"}
{"level":"info","message":"HTTPS Server เริ่มต้น","port":5443,"timestamp":"2025-06-06 20:51:44","type":"HTTPS"}
{"level":"info","message":"HTTP Server เริ่มต้น","port":"5009","timestamp":"2025-06-06 20:51:51","type":"HTTP"}
{"level":"info","message":"HTTPS Server เริ่มต้น","port":5443,"timestamp":"2025-06-06 20:51:51","type":"HTTPS"}
{"level":"info","message":"HTTP Server เริ่มต้น","port":"5009","timestamp":"2025-06-06 20:51:59","type":"HTTP"}
{"level":"info","message":"HTTPS Server เริ่มต้น","port":5443,"timestamp":"2025-06-06 20:51:59","type":"HTTPS"}
{"level":"info","message":"HTTP Server เริ่มต้น","port":"5009","timestamp":"2025-06-06 20:52:06","type":"HTTP"}
{"level":"info","message":"HTTPS Server เริ่มต้น","port":5443,"timestamp":"2025-06-06 20:52:06","type":"HTTPS"}
{"level":"info","message":"HTTP Server เริ่มต้น","port":"5009","timestamp":"2025-06-06 20:52:12","type":"HTTP"}
{"level":"info","message":"HTTPS Server เริ่มต้น","port":5443,"timestamp":"2025-06-06 20:52:12","type":"HTTPS"}
{"level":"info","message":"HTTP Server เริ่มต้น","port":"5009","timestamp":"2025-06-06 20:52:18","type":"HTTP"}
{"level":"info","message":"HTTPS Server เริ่มต้น","port":5443,"timestamp":"2025-06-06 20:52:18","type":"HTTPS"}
{"level":"info","message":"HTTP Server เริ่มต้น","port":"5009","timestamp":"2025-06-06 20:52:26","type":"HTTP"}
{"level":"info","message":"HTTPS Server เริ่มต้น","port":5443,"timestamp":"2025-06-06 20:52:26","type":"HTTPS"}
{"level":"info","message":"HTTP Server เริ่มต้น","port":"5009","timestamp":"2025-06-06 20:52:33","type":"HTTP"}
{"level":"info","message":"HTTPS Server เริ่มต้น","port":5443,"timestamp":"2025-06-06 20:52:33","type":"HTTPS"}
{"level":"info","message":"HTTP Server เริ่มต้น","port":"5009","timestamp":"2025-06-06 20:53:06","type":"HTTP"}
{"level":"info","message":"HTTPS Server เริ่มต้น","port":5443,"timestamp":"2025-06-06 20:53:06","type":"HTTPS"}
{"level":"info","message":"HTTP Server เริ่มต้น","port":"5009","timestamp":"2025-06-06 20:54:04","type":"HTTP"}
{"level":"info","message":"HTTPS Server เริ่มต้น","port":5443,"timestamp":"2025-06-06 20:54:04","type":"HTTPS"}
{"level":"info","message":"HTTP Server เริ่มต้น","port":"5009","timestamp":"2025-06-06 20:54:51","type":"HTTP"}
{"level":"info","message":"HTTPS Server เริ่มต้น","port":5443,"timestamp":"2025-06-06 20:54:51","type":"HTTPS"}
{"level":"info","message":"HTTP Server เริ่มต้น","port":"5009","timestamp":"2025-06-06 20:58:19","type":"HTTP"}
{"level":"info","message":"HTTPS Server เริ่มต้น","port":5443,"timestamp":"2025-06-06 20:58:19","type":"HTTPS"}
{"level":"info","message":"HTTP Server เริ่มต้น","port":"5009","timestamp":"2025-06-06 21:08:42","type":"HTTP"}
{"level":"info","message":"HTTPS Server เริ่มต้น","port":5443,"timestamp":"2025-06-06 21:08:42","type":"HTTPS"}
{"level":"info","message":"HTTP Server เริ่มต้น","port":"5009","timestamp":"2025-06-06 21:08:44","type":"HTTP"}
{"level":"info","message":"HTTPS Server เริ่มต้น","port":5443,"timestamp":"2025-06-06 21:08:44","type":"HTTPS"}
{"level":"info","message":"HTTP Server เริ่มต้น","port":"5009","timestamp":"2025-06-06 21:09:27","type":"HTTP"}
{"level":"info","message":"HTTPS Server เริ่มต้น","port":5443,"timestamp":"2025-06-06 21:09:27","type":"HTTPS"}
{"level":"info","message":"HTTP Server เริ่มต้น","port":"5009","timestamp":"2025-06-06 21:09:31","type":"HTTP"}
{"level":"info","message":"HTTPS Server เริ่มต้น","port":5443,"timestamp":"2025-06-06 21:09:31","type":"HTTPS"}
{"level":"info","message":"HTTP Server เริ่มต้น","port":"5009","timestamp":"2025-06-06 21:10:36","type":"HTTP"}
{"level":"info","message":"HTTPS Server เริ่มต้น","port":5443,"timestamp":"2025-06-06 21:10:36","type":"HTTPS"}
{"level":"info","message":"HTTP Server เริ่มต้น","port":"5009","timestamp":"2025-06-06 22:36:46","type":"HTTP"}
{"level":"info","message":"HTTPS Server เริ่มต้น","port":5443,"timestamp":"2025-06-06 22:36:46","type":"HTTPS"}
{"level":"info","message":"HTTP Server เริ่มต้น","port":"5009","timestamp":"2025-06-06 22:37:50","type":"HTTP"}
{"level":"info","message":"HTTPS Server เริ่มต้น","port":5443,"timestamp":"2025-06-06 22:37:50","type":"HTTPS"}
{"level":"info","message":"HTTP Server เริ่มต้น","port":"5009","timestamp":"2025-06-06 22:37:51","type":"HTTP"}
{"level":"info","message":"HTTPS Server เริ่มต้น","port":5443,"timestamp":"2025-06-06 22:37:51","type":"HTTPS"}
{"level":"info","message":"HTTP Server เริ่มต้น","port":"5009","timestamp":"2025-06-06 22:38:02","type":"HTTP"}
{"level":"info","message":"HTTPS Server เริ่มต้น","port":5443,"timestamp":"2025-06-06 22:38:02","type":"HTTPS"}
{"level":"info","message":"HTTP Server เริ่มต้น","port":"5009","timestamp":"2025-06-06 22:39:28","type":"HTTP"}
{"level":"info","message":"HTTPS Server เริ่มต้น","port":5443,"timestamp":"2025-06-06 22:39:28","type":"HTTPS"}
{"level":"info","message":"HTTP Server เริ่มต้น","port":"5009","timestamp":"2025-06-06 22:41:55","type":"HTTP"}
{"level":"info","message":"HTTPS Server เริ่มต้น","port":5443,"timestamp":"2025-06-06 22:41:55","type":"HTTPS"}
{"level":"info","message":"HTTP Server เริ่มต้น","port":"5009","timestamp":"2025-06-06 22:42:13","type":"HTTP"}
{"level":"info","message":"HTTPS Server เริ่มต้น","port":5443,"timestamp":"2025-06-06 22:42:13","type":"HTTPS"}
{"level":"info","message":"HTTP Server เริ่มต้น","port":"5009","timestamp":"2025-06-06 22:43:35","type":"HTTP"}
{"level":"info","message":"HTTPS Server เริ่มต้น","port":5443,"timestamp":"2025-06-06 22:43:35","type":"HTTPS"}
{"level":"info","message":"HTTP Server เริ่มต้น","port":"5009","timestamp":"2025-06-06 22:44:33","type":"HTTP"}
{"level":"info","message":"HTTPS Server เริ่มต้น","port":5443,"timestamp":"2025-06-06 22:44:33","type":"HTTPS"}
{"level":"info","message":"HTTP Server เริ่มต้น","port":"5009","timestamp":"2025-06-06 22:44:39","type":"HTTP"}
{"level":"info","message":"HTTPS Server เริ่มต้น","port":5443,"timestamp":"2025-06-06 22:44:39","type":"HTTPS"}
{"level":"info","message":"HTTP Server เริ่มต้น","port":"5009","timestamp":"2025-06-06 22:44:52","type":"HTTP"}
{"level":"info","message":"HTTPS Server เริ่มต้น","port":5443,"timestamp":"2025-06-06 22:44:52","type":"HTTPS"}
{"level":"info","message":"HTTP Server เริ่มต้น","port":"5009","timestamp":"2025-06-06 22:45:04","type":"HTTP"}
{"level":"info","message":"HTTPS Server เริ่มต้น","port":5443,"timestamp":"2025-06-06 22:45:04","type":"HTTPS"}
{"level":"info","message":"HTTP Server เริ่มต้น","port":"5009","timestamp":"2025-06-06 22:47:59","type":"HTTP"}
{"level":"info","message":"HTTPS Server เริ่มต้น","port":5443,"timestamp":"2025-06-06 22:47:59","type":"HTTPS"}
{"level":"info","message":"HTTP Server เริ่มต้น","port":"5009","timestamp":"2025-06-06 22:48:15","type":"HTTP"}
{"level":"info","message":"HTTPS Server เริ่มต้น","port":5443,"timestamp":"2025-06-06 22:48:15","type":"HTTPS"}
{"level":"info","message":"HTTP Server เริ่มต้น","port":"5009","timestamp":"2025-06-06 22:50:07","type":"HTTP"}
{"level":"info","message":"HTTPS Server เริ่มต้น","port":5443,"timestamp":"2025-06-06 22:50:07","type":"HTTPS"}
{"level":"info","message":"HTTP Server เริ่มต้น","port":"5009","timestamp":"2025-06-06 22:50:29","type":"HTTP"}
{"level":"info","message":"HTTPS Server เริ่มต้น","port":5443,"timestamp":"2025-06-06 22:50:29","type":"HTTPS"}
{"level":"info","message":"HTTP Server เริ่มต้น","port":"5009","timestamp":"2025-06-06 23:02:47","type":"HTTP"}
{"level":"info","message":"HTTPS Server เริ่มต้น","port":5443,"timestamp":"2025-06-06 23:02:47","type":"HTTPS"}
{"level":"info","message":"HTTP Server เริ่มต้น","port":"5009","timestamp":"2025-06-06 23:05:17","type":"HTTP"}
{"level":"info","message":"HTTPS Server เริ่มต้น","port":5443,"timestamp":"2025-06-06 23:05:17","type":"HTTPS"}
{"level":"info","message":"HTTP Server เริ่มต้น","port":"5009","timestamp":"2025-06-06 23:05:33","type":"HTTP"}
{"level":"info","message":"HTTPS Server เริ่มต้น","port":5443,"timestamp":"2025-06-06 23:05:33","type":"HTTPS"}
{"level":"info","message":"HTTP Server เริ่มต้น","port":"5009","timestamp":"2025-06-06 23:05:42","type":"HTTP"}
{"level":"info","message":"HTTPS Server เริ่มต้น","port":5443,"timestamp":"2025-06-06 23:05:42","type":"HTTPS"}
{"level":"info","message":"HTTP Server เริ่มต้น","port":"5009","timestamp":"2025-06-06 23:06:05","type":"HTTP"}
{"level":"info","message":"HTTPS Server เริ่มต้น","port":5443,"timestamp":"2025-06-06 23:06:05","type":"HTTPS"}
{"level":"info","message":"HTTP Server เริ่มต้น","port":"5009","timestamp":"2025-06-06 23:07:05","type":"HTTP"}
{"level":"info","message":"HTTPS Server เริ่มต้น","port":5443,"timestamp":"2025-06-06 23:07:05","type":"HTTPS"}
{"level":"info","message":"HTTP Server เริ่มต้น","port":"5009","timestamp":"2025-06-06 23:08:22","type":"HTTP"}
{"level":"info","message":"HTTPS Server เริ่มต้น","port":5443,"timestamp":"2025-06-06 23:08:22","type":"HTTPS"}
{"level":"info","message":"HTTP Server เริ่มต้น","port":"5009","timestamp":"2025-06-06 23:10:42","type":"HTTP"}
{"level":"info","message":"HTTPS Server เริ่มต้น","port":5443,"timestamp":"2025-06-06 23:10:42","type":"HTTPS"}
{"level":"info","message":"HTTP Server เริ่มต้น","port":"5009","timestamp":"2025-06-06 23:11:32","type":"HTTP"}
{"level":"info","message":"HTTPS Server เริ่มต้น","port":5443,"timestamp":"2025-06-06 23:11:32","type":"HTTPS"}
{"level":"info","message":"HTTP Server เริ่มต้น","port":"5009","timestamp":"2025-06-06 23:12:50","type":"HTTP"}
{"level":"info","message":"HTTPS Server เริ่มต้น","port":5443,"timestamp":"2025-06-06 23:12:50","type":"HTTPS"}
{"level":"info","message":"HTTP Server เริ่มต้น","port":"5009","timestamp":"2025-06-06 23:12:51","type":"HTTP"}
{"level":"info","message":"HTTPS Server เริ่มต้น","port":5443,"timestamp":"2025-06-06 23:12:51","type":"HTTPS"}
{"level":"info","message":"HTTP Server เริ่มต้น","port":"5009","timestamp":"2025-06-06 23:14:19","type":"HTTP"}
{"level":"info","message":"HTTPS Server เริ่มต้น","port":5443,"timestamp":"2025-06-06 23:14:19","type":"HTTPS"}
{"level":"info","message":"HTTP Server เริ่มต้น","port":"5009","timestamp":"2025-06-06 23:15:00","type":"HTTP"}
{"level":"info","message":"HTTPS Server เริ่มต้น","port":5443,"timestamp":"2025-06-06 23:15:00","type":"HTTPS"}
{"level":"info","message":"HTTP Server เริ่มต้น","port":"5009","timestamp":"2025-06-06 23:15:14","type":"HTTP"}
{"level":"info","message":"HTTPS Server เริ่มต้น","port":5443,"timestamp":"2025-06-06 23:15:14","type":"HTTPS"}
{"level":"info","message":"HTTP Server เริ่มต้น","port":"5009","timestamp":"2025-06-06 23:15:37","type":"HTTP"}
{"level":"info","message":"HTTPS Server เริ่มต้น","port":5443,"timestamp":"2025-06-06 23:15:37","type":"HTTPS"}
{"level":"info","message":"HTTP Server เริ่มต้น","port":"5009","timestamp":"2025-06-06 23:16:08","type":"HTTP"}
{"level":"info","message":"HTTPS Server เริ่มต้น","port":5443,"timestamp":"2025-06-06 23:16:08","type":"HTTPS"}
{"level":"info","message":"HTTP Server เริ่มต้น","port":"5009","timestamp":"2025-06-06 23:16:26","type":"HTTP"}
{"level":"info","message":"HTTPS Server เริ่มต้น","port":5443,"timestamp":"2025-06-06 23:16:26","type":"HTTPS"}
{"level":"info","message":"HTTP Server เริ่มต้น","port":"5009","timestamp":"2025-06-06 23:18:58","type":"HTTP"}
{"level":"info","message":"HTTPS Server เริ่มต้น","port":5443,"timestamp":"2025-06-06 23:18:58","type":"HTTPS"}
{"level":"info","message":"HTTP Server เริ่มต้น","port":"5009","timestamp":"2025-06-06 23:25:05","type":"HTTP"}
{"level":"info","message":"HTTPS Server เริ่มต้น","port":5443,"timestamp":"2025-06-06 23:25:05","type":"HTTPS"}
{"level":"info","message":"HTTP Server เริ่มต้น","port":"5009","timestamp":"2025-06-06 23:30:14","type":"HTTP"}
{"level":"info","message":"HTTPS Server เริ่มต้น","port":5443,"timestamp":"2025-06-06 23:30:14","type":"HTTPS"}
{"level":"info","message":"HTTP Server เริ่มต้น","port":"5009","timestamp":"2025-06-06 23:30:19","type":"HTTP"}
{"level":"info","message":"HTTPS Server เริ่มต้น","port":5443,"timestamp":"2025-06-06 23:30:19","type":"HTTPS"}
{"level":"info","message":"HTTP Server เริ่มต้น","port":"5009","timestamp":"2025-06-06 23:31:46","type":"HTTP"}
{"level":"info","message":"HTTPS Server เริ่มต้น","port":5443,"timestamp":"2025-06-06 23:31:46","type":"HTTPS"}
{"level":"info","message":"HTTP Server เริ่มต้น","port":"5009","timestamp":"2025-06-06 23:32:01","type":"HTTP"}
{"level":"info","message":"HTTPS Server เริ่มต้น","port":5443,"timestamp":"2025-06-06 23:32:01","type":"HTTPS"}
{"level":"info","message":"HTTP Server เริ่มต้น","port":"5009","timestamp":"2025-06-06 23:32:46","type":"HTTP"}
{"level":"info","message":"HTTPS Server เริ่มต้น","port":5443,"timestamp":"2025-06-06 23:32:46","type":"HTTPS"}
{"level":"info","message":"HTTP Server เริ่มต้น","port":"5009","timestamp":"2025-06-06 23:33:12","type":"HTTP"}
{"level":"info","message":"HTTPS Server เริ่มต้น","port":5443,"timestamp":"2025-06-06 23:33:12","type":"HTTPS"}
{"level":"info","message":"HTTP Server เริ่มต้น","port":"5009","timestamp":"2025-06-06 23:33:31","type":"HTTP"}
{"level":"info","message":"HTTPS Server เริ่มต้น","port":5443,"timestamp":"2025-06-06 23:33:31","type":"HTTPS"}
{"level":"info","message":"HTTP Server เริ่มต้น","port":"5009","timestamp":"2025-06-06 23:33:36","type":"HTTP"}
{"level":"info","message":"HTTPS Server เริ่มต้น","port":5443,"timestamp":"2025-06-06 23:33:36","type":"HTTPS"}
{"level":"info","message":"HTTP Server เริ่มต้น","port":"5009","timestamp":"2025-06-06 23:34:04","type":"HTTP"}
{"level":"info","message":"HTTPS Server เริ่มต้น","port":5443,"timestamp":"2025-06-06 23:34:04","type":"HTTPS"}
{"level":"info","message":"HTTP Server เริ่มต้น","port":"5009","timestamp":"2025-06-06 23:34:11","type":"HTTP"}
{"level":"info","message":"HTTPS Server เริ่มต้น","port":5443,"timestamp":"2025-06-06 23:34:11","type":"HTTPS"}
{"level":"info","message":"HTTP Server เริ่มต้น","port":"5009","timestamp":"2025-06-06 23:34:24","type":"HTTP"}
{"level":"info","message":"HTTPS Server เริ่มต้น","port":5443,"timestamp":"2025-06-06 23:34:24","type":"HTTPS"}
{"level":"info","message":"HTTP Server เริ่มต้น","port":"5009","timestamp":"2025-06-06 23:35:02","type":"HTTP"}
{"level":"info","message":"HTTPS Server เริ่มต้น","port":5443,"timestamp":"2025-06-06 23:35:02","type":"HTTPS"}
{"level":"info","message":"HTTP Server เริ่มต้น","port":"5009","timestamp":"2025-06-06 23:35:40","type":"HTTP"}
{"level":"info","message":"HTTPS Server เริ่มต้น","port":5443,"timestamp":"2025-06-06 23:35:40","type":"HTTPS"}
{"level":"info","message":"HTTP Server เริ่มต้น","port":"5009","timestamp":"2025-06-06 23:37:02","type":"HTTP"}
{"level":"info","message":"HTTPS Server เริ่มต้น","port":5443,"timestamp":"2025-06-06 23:37:02","type":"HTTPS"}
{"level":"info","message":"HTTP Server เริ่มต้น","port":"5009","timestamp":"2025-06-06 23:40:26","type":"HTTP"}
{"level":"info","message":"HTTPS Server เริ่มต้น","port":5443,"timestamp":"2025-06-06 23:40:26","type":"HTTPS"}
{"level":"info","message":"HTTP Server เริ่มต้น","port":"5009","timestamp":"2025-06-06 23:40:36","type":"HTTP"}
{"level":"info","message":"HTTPS Server เริ่มต้น","port":5443,"timestamp":"2025-06-06 23:40:36","type":"HTTPS"}
{"level":"info","message":"HTTP Server เริ่มต้น","port":"5009","timestamp":"2025-06-06 23:40:46","type":"HTTP"}
{"level":"info","message":"HTTPS Server เริ่มต้น","port":5443,"timestamp":"2025-06-06 23:40:46","type":"HTTPS"}
{"level":"info","message":"HTTP Server เริ่มต้น","port":"5009","timestamp":"2025-06-06 23:40:55","type":"HTTP"}
{"level":"info","message":"HTTPS Server เริ่มต้น","port":5443,"timestamp":"2025-06-06 23:40:55","type":"HTTPS"}
{"level":"info","message":"HTTP Server เริ่มต้น","port":"5009","timestamp":"2025-06-06 23:41:02","type":"HTTP"}
{"level":"info","message":"HTTPS Server เริ่มต้น","port":5443,"timestamp":"2025-06-06 23:41:02","type":"HTTPS"}
{"level":"info","message":"HTTP Server เริ่มต้น","port":"5009","timestamp":"2025-06-06 23:42:38","type":"HTTP"}
{"level":"info","message":"HTTPS Server เริ่มต้น","port":5443,"timestamp":"2025-06-06 23:42:38","type":"HTTPS"}
{"level":"info","message":"HTTP Server เริ่มต้น","port":"5009","timestamp":"2025-06-06 23:42:56","type":"HTTP"}
{"level":"info","message":"HTTPS Server เริ่มต้น","port":5443,"timestamp":"2025-06-06 23:42:56","type":"HTTPS"}
{"level":"info","message":"HTTP Server เริ่มต้น","port":"5009","timestamp":"2025-06-06 23:42:57","type":"HTTP"}
{"level":"info","message":"HTTPS Server เริ่มต้น","port":5443,"timestamp":"2025-06-06 23:42:57","type":"HTTPS"}
{"level":"info","message":"HTTP Server เริ่มต้น","port":"5009","timestamp":"2025-06-06 23:43:07","type":"HTTP"}
{"level":"info","message":"HTTPS Server เริ่มต้น","port":5443,"timestamp":"2025-06-06 23:43:07","type":"HTTPS"}
{"level":"info","message":"HTTP Server เริ่มต้น","port":"5009","timestamp":"2025-06-06 23:43:22","type":"HTTP"}
{"level":"info","message":"HTTPS Server เริ่มต้น","port":5443,"timestamp":"2025-06-06 23:43:22","type":"HTTPS"}
{"level":"info","message":"HTTP Server เริ่มต้น","port":"5009","timestamp":"2025-06-06 23:43:23","type":"HTTP"}
{"level":"info","message":"HTTPS Server เริ่มต้น","port":5443,"timestamp":"2025-06-06 23:43:23","type":"HTTPS"}
{"level":"info","message":"HTTP Server เริ่มต้น","port":"5009","timestamp":"2025-06-06 23:43:31","type":"HTTP"}
{"level":"info","message":"HTTPS Server เริ่มต้น","port":5443,"timestamp":"2025-06-06 23:43:31","type":"HTTPS"}
{"level":"info","message":"HTTP Server เริ่มต้น","port":"5009","timestamp":"2025-06-06 23:45:02","type":"HTTP"}
{"level":"info","message":"HTTPS Server เริ่มต้น","port":5443,"timestamp":"2025-06-06 23:45:02","type":"HTTPS"}
{"level":"info","message":"HTTP Server เริ่มต้น","port":"5009","timestamp":"2025-06-06 23:45:12","type":"HTTP"}
{"level":"info","message":"HTTPS Server เริ่มต้น","port":5443,"timestamp":"2025-06-06 23:45:12","type":"HTTPS"}
{"level":"info","message":"HTTP Server เริ่มต้น","port":"5009","timestamp":"2025-06-06 23:45:21","type":"HTTP"}
{"level":"info","message":"HTTPS Server เริ่มต้น","port":5443,"timestamp":"2025-06-06 23:45:21","type":"HTTPS"}
{"level":"info","message":"HTTP Server เริ่มต้น","port":"5009","timestamp":"2025-06-06 23:46:00","type":"HTTP"}
{"level":"info","message":"HTTPS Server เริ่มต้น","port":5443,"timestamp":"2025-06-06 23:46:00","type":"HTTPS"}
{"level":"info","message":"HTTP Server เริ่มต้น","port":"5009","timestamp":"2025-06-06 23:46:01","type":"HTTP"}
{"level":"info","message":"HTTPS Server เริ่มต้น","port":5443,"timestamp":"2025-06-06 23:46:01","type":"HTTPS"}
{"level":"info","message":"HTTP Server เริ่มต้น","port":"5009","timestamp":"2025-06-06 23:48:43","type":"HTTP"}
{"level":"info","message":"HTTPS Server เริ่มต้น","port":5443,"timestamp":"2025-06-06 23:48:43","type":"HTTPS"}
{"level":"info","message":"HTTP Server เริ่มต้น","port":"5009","timestamp":"2025-06-06 23:50:06","type":"HTTP"}
{"level":"info","message":"HTTPS Server เริ่มต้น","port":5443,"timestamp":"2025-06-06 23:50:06","type":"HTTPS"}
{"level":"info","message":"HTTP Server เริ่มต้น","port":"5009","timestamp":"2025-06-06 23:51:25","type":"HTTP"}
{"level":"info","message":"HTTPS Server เริ่มต้น","port":5443,"timestamp":"2025-06-06 23:51:25","type":"HTTPS"}
{"level":"info","message":"HTTP Server เริ่มต้น","port":"5009","timestamp":"2025-06-06 23:51:39","type":"HTTP"}
{"level":"info","message":"HTTPS Server เริ่มต้น","port":5443,"timestamp":"2025-06-06 23:51:39","type":"HTTPS"}
{"level":"info","message":"HTTP Server เริ่มต้น","port":"5009","timestamp":"2025-06-06 23:51:50","type":"HTTP"}
{"level":"info","message":"HTTPS Server เริ่มต้น","port":5443,"timestamp":"2025-06-06 23:51:50","type":"HTTPS"}
{"level":"info","message":"HTTP Server เริ่มต้น","port":"5009","timestamp":"2025-06-06 23:51:58","type":"HTTP"}
{"level":"info","message":"HTTPS Server เริ่มต้น","port":5443,"timestamp":"2025-06-06 23:51:58","type":"HTTPS"}
{"level":"info","message":"HTTP Server เริ่มต้น","port":"5009","timestamp":"2025-06-06 23:52:29","type":"HTTP"}
{"level":"info","message":"HTTPS Server เริ่มต้น","port":5443,"timestamp":"2025-06-06 23:52:29","type":"HTTPS"}
{"level":"info","message":"HTTP Server เริ่มต้น","port":"5009","timestamp":"2025-06-06 23:53:05","type":"HTTP"}
{"level":"info","message":"HTTPS Server เริ่มต้น","port":5443,"timestamp":"2025-06-06 23:53:05","type":"HTTPS"}
{"level":"info","message":"HTTP Server เริ่มต้น","port":"5009","timestamp":"2025-06-06 23:54:21","type":"HTTP"}
{"level":"info","message":"HTTPS Server เริ่มต้น","port":5443,"timestamp":"2025-06-06 23:54:21","type":"HTTPS"}
{"level":"info","message":"HTTP Server เริ่มต้น","port":"5009","timestamp":"2025-06-06 23:54:30","type":"HTTP"}
{"level":"info","message":"HTTPS Server เริ่มต้น","port":5443,"timestamp":"2025-06-06 23:54:30","type":"HTTPS"}
{"level":"info","message":"HTTP Server เริ่มต้น","port":"5009","timestamp":"2025-06-06 23:54:37","type":"HTTP"}
{"level":"info","message":"HTTPS Server เริ่มต้น","port":5443,"timestamp":"2025-06-06 23:54:37","type":"HTTPS"}
{"level":"info","message":"HTTP Server เริ่มต้น","port":"5009","timestamp":"2025-06-06 23:55:21","type":"HTTP"}
{"level":"info","message":"HTTPS Server เริ่มต้น","port":5443,"timestamp":"2025-06-06 23:55:21","type":"HTTPS"}
{"level":"info","message":"HTTP Server เริ่มต้น","port":"5009","timestamp":"2025-06-06 23:55:39","type":"HTTP"}
{"level":"info","message":"HTTPS Server เริ่มต้น","port":5443,"timestamp":"2025-06-06 23:55:39","type":"HTTPS"}
{"level":"info","message":"HTTP Server เริ่มต้น","port":"5009","timestamp":"2025-06-06 23:55:41","type":"HTTP"}
{"level":"info","message":"HTTPS Server เริ่มต้น","port":5443,"timestamp":"2025-06-06 23:55:41","type":"HTTPS"}
{"level":"info","message":"HTTP Server เริ่มต้น","port":"5009","timestamp":"2025-06-06 23:56:03","type":"HTTP"}
{"level":"info","message":"HTTPS Server เริ่มต้น","port":5443,"timestamp":"2025-06-06 23:56:03","type":"HTTPS"}
{"level":"info","message":"HTTP Server เริ่มต้น","port":"5009","timestamp":"2025-06-06 23:56:30","type":"HTTP"}
{"level":"info","message":"HTTPS Server เริ่มต้น","port":5443,"timestamp":"2025-06-06 23:56:30","type":"HTTPS"}
{"level":"info","message":"HTTP Server เริ่มต้น","port":"5009","timestamp":"2025-06-06 23:57:31","type":"HTTP"}
{"level":"info","message":"HTTPS Server เริ่มต้น","port":5443,"timestamp":"2025-06-06 23:57:31","type":"HTTPS"}
{"level":"info","message":"HTTP Server เริ่มต้น","port":"5009","timestamp":"2025-06-06 23:57:32","type":"HTTP"}
{"level":"info","message":"HTTPS Server เริ่มต้น","port":5443,"timestamp":"2025-06-06 23:57:32","type":"HTTPS"}
{"level":"info","message":"HTTP Server เริ่มต้น","port":"5009","timestamp":"2025-06-06 23:57:41","type":"HTTP"}
{"level":"info","message":"HTTPS Server เริ่มต้น","port":5443,"timestamp":"2025-06-06 23:57:41","type":"HTTPS"}
{"level":"info","message":"HTTP Server เริ่มต้น","port":"5009","timestamp":"2025-06-06 23:58:08","type":"HTTP"}
{"level":"info","message":"HTTPS Server เริ่มต้น","port":5443,"timestamp":"2025-06-06 23:58:08","type":"HTTPS"}
{"level":"info","message":"HTTP Server เริ่มต้น","port":"5009","timestamp":"2025-06-06 23:58:24","type":"HTTP"}
{"level":"info","message":"HTTPS Server เริ่มต้น","port":5443,"timestamp":"2025-06-06 23:58:24","type":"HTTPS"}
{"level":"info","message":"HTTP Server เริ่มต้น","port":"5009","timestamp":"2025-06-06 23:58:56","type":"HTTP"}
{"level":"info","message":"HTTPS Server เริ่มต้น","port":5443,"timestamp":"2025-06-06 23:58:56","type":"HTTPS"}
{"level":"info","message":"HTTP Server เริ่มต้น","port":"5009","timestamp":"2025-06-06 23:59:21","type":"HTTP"}
{"level":"info","message":"HTTPS Server เริ่มต้น","port":5443,"timestamp":"2025-06-06 23:59:21","type":"HTTPS"}
{"level":"info","message":"HTTP Server เริ่มต้น","port":"5009","timestamp":"2025-06-06 23:59:29","type":"HTTP"}
{"level":"info","message":"HTTPS Server เริ่มต้น","port":5443,"timestamp":"2025-06-06 23:59:29","type":"HTTPS"}
{"level":"info","message":"HTTP Server เริ่มต้น","port":"5009","timestamp":"2025-06-06 23:59:47","type":"HTTP"}
{"level":"info","message":"HTTPS Server เริ่มต้น","port":5443,"timestamp":"2025-06-06 23:59:47","type":"HTTPS"}
{"level":"info","message":"HTTP Server เริ่มต้น","port":"5009","timestamp":"2025-06-07 00:00:07","type":"HTTP"}
{"level":"info","message":"HTTPS Server เริ่มต้น","port":5443,"timestamp":"2025-06-07 00:00:07","type":"HTTPS"}
{"level":"info","message":"HTTP Server เริ่มต้น","port":"5009","timestamp":"2025-06-07 00:00:47","type":"HTTP"}
{"level":"info","message":"HTTPS Server เริ่มต้น","port":5443,"timestamp":"2025-06-07 00:00:47","type":"HTTPS"}
{"level":"info","message":"HTTP Server เริ่มต้น","port":"5009","timestamp":"2025-06-07 00:00:52","type":"HTTP"}
{"level":"info","message":"HTTPS Server เริ่มต้น","port":5443,"timestamp":"2025-06-07 00:00:52","type":"HTTPS"}
{"level":"info","message":"HTTP Server เริ่มต้น","port":"5009","timestamp":"2025-06-07 00:01:13","type":"HTTP"}
{"level":"info","message":"HTTPS Server เริ่มต้น","port":5443,"timestamp":"2025-06-07 00:01:13","type":"HTTPS"}
{"level":"info","message":"HTTP Server เริ่มต้น","port":"5009","timestamp":"2025-06-07 00:01:28","type":"HTTP"}
{"level":"info","message":"HTTPS Server เริ่มต้น","port":5443,"timestamp":"2025-06-07 00:01:28","type":"HTTPS"}
{"level":"info","message":"HTTP Server เริ่มต้น","port":"5009","timestamp":"2025-06-07 00:01:40","type":"HTTP"}
{"level":"info","message":"HTTPS Server เริ่มต้น","port":5443,"timestamp":"2025-06-07 00:01:40","type":"HTTPS"}
{"level":"info","message":"HTTP Server เริ่มต้น","port":"5009","timestamp":"2025-06-07 00:01:46","type":"HTTP"}
{"level":"info","message":"HTTPS Server เริ่มต้น","port":5443,"timestamp":"2025-06-07 00:01:46","type":"HTTPS"}
{"level":"info","message":"HTTP Server เริ่มต้น","port":"5009","timestamp":"2025-06-07 00:02:04","type":"HTTP"}
{"level":"info","message":"HTTPS Server เริ่มต้น","port":5443,"timestamp":"2025-06-07 00:02:04","type":"HTTPS"}
{"level":"info","message":"HTTP Server เริ่มต้น","port":"5009","timestamp":"2025-06-07 00:02:19","type":"HTTP"}
{"level":"info","message":"HTTPS Server เริ่มต้น","port":5443,"timestamp":"2025-06-07 00:02:19","type":"HTTPS"}
{"level":"info","message":"HTTP Server เริ่มต้น","port":"5009","timestamp":"2025-06-07 00:02:29","type":"HTTP"}
{"level":"info","message":"HTTPS Server เริ่มต้น","port":5443,"timestamp":"2025-06-07 00:02:29","type":"HTTPS"}
{"level":"info","message":"HTTP Server เริ่มต้น","port":"5009","timestamp":"2025-06-07 00:02:54","type":"HTTP"}
{"level":"info","message":"HTTPS Server เริ่มต้น","port":5443,"timestamp":"2025-06-07 00:02:54","type":"HTTPS"}
{"level":"info","message":"HTTP Server เริ่มต้น","port":"5009","timestamp":"2025-06-07 00:03:23","type":"HTTP"}
{"level":"info","message":"HTTPS Server เริ่มต้น","port":5443,"timestamp":"2025-06-07 00:03:23","type":"HTTPS"}
{"level":"info","message":"HTTP Server เริ่มต้น","port":"5009","timestamp":"2025-06-07 00:03:26","type":"HTTP"}
{"level":"info","message":"HTTPS Server เริ่มต้น","port":5443,"timestamp":"2025-06-07 00:03:26","type":"HTTPS"}
{"level":"info","message":"HTTP Server เริ่มต้น","port":"5009","timestamp":"2025-06-07 00:04:15","type":"HTTP"}
{"level":"info","message":"HTTPS Server เริ่มต้น","port":5443,"timestamp":"2025-06-07 00:04:15","type":"HTTPS"}
{"level":"info","message":"HTTP Server เริ่มต้น","port":"5009","timestamp":"2025-06-07 00:05:14","type":"HTTP"}
{"level":"info","message":"HTTPS Server เริ่มต้น","port":5443,"timestamp":"2025-06-07 00:05:14","type":"HTTPS"}
{"level":"info","message":"HTTP Server เริ่มต้น","port":"5009","timestamp":"2025-06-07 00:05:41","type":"HTTP"}
{"level":"info","message":"HTTPS Server เริ่มต้น","port":5443,"timestamp":"2025-06-07 00:05:41","type":"HTTPS"}
{"level":"info","message":"HTTP Server เริ่มต้น","port":"5009","timestamp":"2025-06-07 00:05:46","type":"HTTP"}
{"level":"info","message":"HTTPS Server เริ่มต้น","port":5443,"timestamp":"2025-06-07 00:05:46","type":"HTTPS"}
{"level":"info","message":"HTTP Server เริ่มต้น","port":"5009","timestamp":"2025-06-07 00:05:54","type":"HTTP"}
{"level":"info","message":"HTTPS Server เริ่มต้น","port":5443,"timestamp":"2025-06-07 00:05:54","type":"HTTPS"}
{"level":"info","message":"HTTP Server เริ่มต้น","port":"5009","timestamp":"2025-06-07 00:06:00","type":"HTTP"}
{"level":"info","message":"HTTPS Server เริ่มต้น","port":5443,"timestamp":"2025-06-07 00:06:00","type":"HTTPS"}
{"level":"info","message":"HTTP Server เริ่มต้น","port":"5009","timestamp":"2025-06-07 00:06:14","type":"HTTP"}
{"level":"info","message":"HTTPS Server เริ่มต้น","port":5443,"timestamp":"2025-06-07 00:06:14","type":"HTTPS"}
{"level":"info","message":"HTTP Server เริ่มต้น","port":"5009","timestamp":"2025-06-07 00:06:40","type":"HTTP"}
{"level":"info","message":"HTTPS Server เริ่มต้น","port":5443,"timestamp":"2025-06-07 00:06:40","type":"HTTPS"}
{"level":"info","message":"HTTP Server เริ่มต้น","port":"5009","timestamp":"2025-06-07 00:08:12","type":"HTTP"}
{"level":"info","message":"HTTPS Server เริ่มต้น","port":5443,"timestamp":"2025-06-07 00:08:12","type":"HTTPS"}
{"level":"info","message":"HTTP Server เริ่มต้น","port":"5009","timestamp":"2025-06-07 00:08:26","type":"HTTP"}
{"level":"info","message":"HTTPS Server เริ่มต้น","port":5443,"timestamp":"2025-06-07 00:08:26","type":"HTTPS"}
{"level":"info","message":"HTTP Server เริ่มต้น","port":"5009","timestamp":"2025-06-07 00:08:36","type":"HTTP"}
{"level":"info","message":"HTTPS Server เริ่มต้น","port":5443,"timestamp":"2025-06-07 00:08:36","type":"HTTPS"}
{"level":"info","message":"HTTP Server เริ่มต้น","port":"5009","timestamp":"2025-06-07 00:08:53","type":"HTTP"}
{"level":"info","message":"HTTPS Server เริ่มต้น","port":5443,"timestamp":"2025-06-07 00:08:53","type":"HTTPS"}
{"level":"info","message":"HTTP Server เริ่มต้น","port":"5009","timestamp":"2025-06-07 00:09:27","type":"HTTP"}
{"level":"info","message":"HTTPS Server เริ่มต้น","port":5443,"timestamp":"2025-06-07 00:09:27","type":"HTTPS"}
{"level":"info","message":"HTTP Server เริ่มต้น","port":"5009","timestamp":"2025-06-07 00:09:59","type":"HTTP"}
{"level":"info","message":"HTTPS Server เริ่มต้น","port":5443,"timestamp":"2025-06-07 00:09:59","type":"HTTPS"}
{"level":"info","message":"HTTP Server เริ่มต้น","port":"5009","timestamp":"2025-06-07 00:10:12","type":"HTTP"}
{"level":"info","message":"HTTPS Server เริ่มต้น","port":5443,"timestamp":"2025-06-07 00:10:12","type":"HTTPS"}
{"level":"info","message":"HTTP Server เริ่มต้น","port":"5009","timestamp":"2025-06-07 00:10:35","type":"HTTP"}
{"level":"info","message":"HTTPS Server เริ่มต้น","port":5443,"timestamp":"2025-06-07 00:10:35","type":"HTTPS"}
{"level":"info","message":"HTTP Server เริ่มต้น","port":"5009","timestamp":"2025-06-07 00:11:03","type":"HTTP"}
{"level":"info","message":"HTTPS Server เริ่มต้น","port":5443,"timestamp":"2025-06-07 00:11:03","type":"HTTPS"}
{"level":"info","message":"HTTP Server เริ่มต้น","port":"5009","timestamp":"2025-06-07 00:11:09","type":"HTTP"}
{"level":"info","message":"HTTPS Server เริ่มต้น","port":5443,"timestamp":"2025-06-07 00:11:09","type":"HTTPS"}
{"level":"info","message":"HTTP Server เริ่มต้น","port":"5009","timestamp":"2025-06-07 00:11:13","type":"HTTP"}
{"level":"info","message":"HTTPS Server เริ่มต้น","port":5443,"timestamp":"2025-06-07 00:11:13","type":"HTTPS"}
{"level":"info","message":"HTTP Server เริ่มต้น","port":"5009","timestamp":"2025-06-07 00:11:25","type":"HTTP"}
{"level":"info","message":"HTTPS Server เริ่มต้น","port":5443,"timestamp":"2025-06-07 00:11:25","type":"HTTPS"}
{"level":"info","message":"HTTP Server เริ่มต้น","port":"5009","timestamp":"2025-06-07 00:11:31","type":"HTTP"}
{"level":"info","message":"HTTPS Server เริ่มต้น","port":5443,"timestamp":"2025-06-07 00:11:31","type":"HTTPS"}
{"level":"info","message":"HTTP Server เริ่มต้น","port":"5009","timestamp":"2025-06-07 00:11:38","type":"HTTP"}
{"level":"info","message":"HTTPS Server เริ่มต้น","port":5443,"timestamp":"2025-06-07 00:11:38","type":"HTTPS"}
{"level":"info","message":"HTTP Server เริ่มต้น","port":"5009","timestamp":"2025-06-07 00:11:50","type":"HTTP"}
{"level":"info","message":"HTTPS Server เริ่มต้น","port":5443,"timestamp":"2025-06-07 00:11:50","type":"HTTPS"}
{"level":"info","message":"HTTP Server เริ่มต้น","port":"5009","timestamp":"2025-06-07 00:12:40","type":"HTTP"}
{"level":"info","message":"HTTPS Server เริ่มต้น","port":5443,"timestamp":"2025-06-07 00:12:40","type":"HTTPS"}
{"level":"info","message":"HTTP Server เริ่มต้น","port":"5009","timestamp":"2025-06-07 00:12:52","type":"HTTP"}
{"level":"info","message":"HTTPS Server เริ่มต้น","port":5443,"timestamp":"2025-06-07 00:12:52","type":"HTTPS"}
{"level":"info","message":"HTTP Server เริ่มต้น","port":"5009","timestamp":"2025-06-07 00:15:52","type":"HTTP"}
{"level":"info","message":"HTTPS Server เริ่มต้น","port":5443,"timestamp":"2025-06-07 00:15:52","type":"HTTPS"}
{"level":"info","message":"HTTP Server เริ่มต้น","port":"5009","timestamp":"2025-06-07 00:19:53","type":"HTTP"}
{"level":"info","message":"HTTPS Server เริ่มต้น","port":5443,"timestamp":"2025-06-07 00:19:53","type":"HTTPS"}
{"level":"info","message":"HTTP Server เริ่มต้น","port":"5009","timestamp":"2025-06-07 00:20:30","type":"HTTP"}
{"level":"info","message":"HTTPS Server เริ่มต้น","port":5443,"timestamp":"2025-06-07 00:20:30","type":"HTTPS"}
{"level":"info","message":"HTTP Server เริ่มต้น","port":"5009","timestamp":"2025-06-07 00:23:15","type":"HTTP"}
{"level":"info","message":"HTTPS Server เริ่มต้น","port":5443,"timestamp":"2025-06-07 00:23:15","type":"HTTPS"}
{"level":"info","message":"HTTP Server เริ่มต้น","port":"5009","timestamp":"2025-06-07 00:23:24","type":"HTTP"}
{"level":"info","message":"HTTPS Server เริ่มต้น","port":5443,"timestamp":"2025-06-07 00:23:24","type":"HTTPS"}
{"level":"info","message":"HTTP Server เริ่มต้น","port":"5009","timestamp":"2025-06-07 00:24:28","type":"HTTP"}
{"level":"info","message":"HTTPS Server เริ่มต้น","port":5443,"timestamp":"2025-06-07 00:24:28","type":"HTTPS"}
{"level":"info","message":"HTTP Server เริ่มต้น","port":"5009","timestamp":"2025-06-07 00:24:46","type":"HTTP"}
{"level":"info","message":"HTTPS Server เริ่มต้น","port":5443,"timestamp":"2025-06-07 00:24:46","type":"HTTPS"}
{"level":"info","message":"HTTP Server เริ่มต้น","port":"5009","timestamp":"2025-06-07 00:25:39","type":"HTTP"}
{"level":"info","message":"HTTPS Server เริ่มต้น","port":5443,"timestamp":"2025-06-07 00:25:39","type":"HTTPS"}
{"level":"info","message":"HTTP Server เริ่มต้น","port":"5009","timestamp":"2025-06-07 00:25:51","type":"HTTP"}
{"level":"info","message":"HTTPS Server เริ่มต้น","port":5443,"timestamp":"2025-06-07 00:25:51","type":"HTTPS"}
{"level":"info","message":"HTTP Server เริ่มต้น","port":"5009","timestamp":"2025-06-07 00:26:32","type":"HTTP"}
{"level":"info","message":"HTTPS Server เริ่มต้น","port":5443,"timestamp":"2025-06-07 00:26:32","type":"HTTPS"}
