[2025-04-07 18:47:39] เริ่มต้น Auto Generate VS Plan จาก Service
[2025-04-07 18:47:39] ผลการทำงาน Auto Generate VS Plan: สำเร็จ
[2025-04-07 18:47:39] เริ่มต้น Auto Generate NC Plan จาก Service
[2025-04-07 18:47:39] ผลการทำงาน Auto Generate NC Plan: สำเร็จ
[2025-04-07 18:47:39] เริ่มต้น Auto Generate Plan ทั้ง VS และ NC จาก Service
[2025-04-07 18:47:39] เริ่มต้น Auto Generate VS Plan จาก Service
[2025-04-07 18:47:39] ผลการทำงาน Auto Generate VS Plan: สำเร็จ
[2025-04-07 18:47:39] เริ่มต้น Auto Generate NC Plan จาก Service
[2025-04-07 18:47:39] ผลการทำงาน Auto Generate NC Plan: สำเร็จ
[2025-04-07 18:47:39] 
      สรุปผลการทำงาน Auto Generate Plan ทั้ง VS และ NC:
      
      VS Plan:
      - จำนวน AN ทั้งหมด: 1
      - จำนวน AN ที่สำเร็จ: 0
      - จำนวน AN ที่ไม่สำเร็จ: 1
      - จำนวนแผน VS ที่สร้าง: 0
      
      NC Plan:
      - จำนวน AN ทั้งหมด: 1
      - จำนวน AN ที่สำเร็จ: 0
      - จำนวน AN ที่ไม่สำเร็จ: 1
      - จำนวนแผน NC ที่สร้าง: 0
    
[2025-04-08 00:00:24] เริ่มต้น Auto Generate VS Plan จาก Service
[2025-04-08 00:00:25] ผลการทำงาน Auto Generate VS Plan: สำเร็จ
[2025-04-08 00:00:25] เริ่มต้น Auto Generate NC Plan จาก Service
[2025-04-08 00:00:25] ผลการทำงาน Auto Generate NC Plan: สำเร็จ
[2025-04-08 00:00:25] เริ่มต้น Auto Generate Plan ทั้ง VS และ NC จาก Service
[2025-04-08 00:00:25] เริ่มต้น Auto Generate VS Plan จาก Service
[2025-04-08 00:00:25] ผลการทำงาน Auto Generate VS Plan: สำเร็จ
[2025-04-08 00:00:25] เริ่มต้น Auto Generate NC Plan จาก Service
[2025-04-08 00:00:25] ผลการทำงาน Auto Generate NC Plan: สำเร็จ
[2025-04-08 00:00:25] 
      สรุปผลการทำงาน Auto Generate Plan ทั้ง VS และ NC:
      
      VS Plan:
      - จำนวน AN ทั้งหมด: 1
      - จำนวน AN ที่สำเร็จ: 0
      - จำนวน AN ที่ไม่สำเร็จ: 1
      - จำนวนแผน VS ที่สร้าง: 0
      
      NC Plan:
      - จำนวน AN ทั้งหมด: 1
      - จำนวน AN ที่สำเร็จ: 0
      - จำนวน AN ที่ไม่สำเร็จ: 1
      - จำนวนแผน NC ที่สร้าง: 0
    
[2025-04-08 00:01:34] เริ่มต้น Auto Generate VS Plan จาก Service
[2025-04-08 00:01:34] ผลการทำงาน Auto Generate VS Plan: สำเร็จ
[2025-04-08 00:01:34] เริ่มต้น Auto Generate NC Plan จาก Service
[2025-04-08 00:01:34] ผลการทำงาน Auto Generate NC Plan: สำเร็จ
[2025-04-08 00:01:34] เริ่มต้น Auto Generate Plan ทั้ง VS และ NC จาก Service
[2025-04-08 00:01:34] เริ่มต้น Auto Generate VS Plan จาก Service
[2025-04-08 00:01:34] ผลการทำงาน Auto Generate VS Plan: สำเร็จ
[2025-04-08 00:01:34] เริ่มต้น Auto Generate NC Plan จาก Service
[2025-04-08 00:01:34] ผลการทำงาน Auto Generate NC Plan: สำเร็จ
[2025-04-08 00:01:34] 
      สรุปผลการทำงาน Auto Generate Plan ทั้ง VS และ NC:
      
      VS Plan:
      - จำนวน AN ทั้งหมด: 1
      - จำนวน AN ที่สำเร็จ: 0
      - จำนวน AN ที่ไม่สำเร็จ: 1
      - จำนวนแผน VS ที่สร้าง: 0
      
      NC Plan:
      - จำนวน AN ทั้งหมด: 1
      - จำนวน AN ที่สำเร็จ: 0
      - จำนวน AN ที่ไม่สำเร็จ: 1
      - จำนวนแผน NC ที่สร้าง: 0
    
[2025-04-08 00:10:45] เริ่มต้น Auto Generate Plan ทั้ง VS และ NC จาก Service
[2025-04-08 00:10:45] เริ่มต้น Auto Generate VS Plan จาก Service
[2025-04-08 00:10:45] ผลการทำงาน Auto Generate VS Plan: สำเร็จ
[2025-04-08 00:10:45] เริ่มต้น Auto Generate NC Plan จาก Service
[2025-04-08 00:10:45] ผลการทำงาน Auto Generate NC Plan: สำเร็จ
[2025-04-08 00:10:45] 
      สรุปผลการทำงาน Auto Generate Plan ทั้ง VS และ NC:
      
      VS Plan:
      - จำนวน AN ทั้งหมด: 1
      - จำนวน AN ที่สำเร็จ: 0
      - จำนวน AN ที่ไม่สำเร็จ: 1
      - จำนวนแผน VS ที่สร้าง: 0
      
      NC Plan:
      - จำนวน AN ทั้งหมด: 1
      - จำนวน AN ที่สำเร็จ: 0
      - จำนวน AN ที่ไม่สำเร็จ: 1
      - จำนวนแผน NC ที่สร้าง: 0
    
[2025-04-08 00:11:57] เริ่มต้น Auto Generate Plan ทั้ง VS และ NC จาก Service
[2025-04-08 00:11:57] เริ่มต้น Auto Generate VS Plan จาก Service
[2025-04-08 00:11:57] ผลการทำงาน Auto Generate VS Plan: สำเร็จ
[2025-04-08 00:11:57] เริ่มต้น Auto Generate NC Plan จาก Service
[2025-04-08 00:11:57] ผลการทำงาน Auto Generate NC Plan: สำเร็จ
[2025-04-08 00:11:57] 
      สรุปผลการทำงาน Auto Generate Plan ทั้ง VS และ NC:
      
      VS Plan:
      - จำนวน AN ทั้งหมด: 1
      - จำนวน AN ที่สำเร็จ: 0
      - จำนวน AN ที่ไม่สำเร็จ: 1
      - จำนวนแผน VS ที่สร้าง: 0
      
      NC Plan:
      - จำนวน AN ทั้งหมด: 1
      - จำนวน AN ที่สำเร็จ: 0
      - จำนวน AN ที่ไม่สำเร็จ: 1
      - จำนวนแผน NC ที่สร้าง: 0
    
[2025-04-08 00:14:16] เริ่มต้น Auto Generate Plan ทั้ง VS และ NC จาก Service
[2025-04-08 00:14:16] เริ่มต้น Auto Generate VS Plan จาก Service
[2025-04-08 00:14:16] ผลการทำงาน Auto Generate VS Plan: สำเร็จ
[2025-04-08 00:14:16] เริ่มต้น Auto Generate NC Plan จาก Service
[2025-04-08 00:14:16] ผลการทำงาน Auto Generate NC Plan: สำเร็จ
[2025-04-08 00:14:16] 
      สรุปผลการทำงาน Auto Generate Plan ทั้ง VS และ NC:
      
      VS Plan:
      - จำนวน AN ทั้งหมด: 1
      - จำนวน AN ที่สำเร็จ: 0
      - จำนวน AN ที่ไม่สำเร็จ: 1
      - จำนวนแผน VS ที่สร้าง: 0
      
      NC Plan:
      - จำนวน AN ทั้งหมด: 1
      - จำนวน AN ที่สำเร็จ: 0
      - จำนวน AN ที่ไม่สำเร็จ: 1
      - จำนวนแผน NC ที่สร้าง: 0
    
[2025-04-08 00:15:26] เริ่มต้น Auto Generate Plan ทั้ง VS และ NC จาก Service
[2025-04-08 00:15:26] เริ่มต้น Auto Generate VS Plan จาก Service
[2025-04-08 00:15:26] ผลการทำงาน Auto Generate VS Plan: สำเร็จ
[2025-04-08 00:15:26] เริ่มต้น Auto Generate NC Plan จาก Service
[2025-04-08 00:15:26] ผลการทำงาน Auto Generate NC Plan: สำเร็จ
[2025-04-08 00:15:26] 
      สรุปผลการทำงาน Auto Generate Plan ทั้ง VS และ NC:
      
      VS Plan:
      - จำนวน AN ทั้งหมด: 1
      - จำนวน AN ที่สำเร็จ: 0
      - จำนวน AN ที่ไม่สำเร็จ: 1
      - จำนวนแผน VS ที่สร้าง: 0
      
      NC Plan:
      - จำนวน AN ทั้งหมด: 1
      - จำนวน AN ที่สำเร็จ: 0
      - จำนวน AN ที่ไม่สำเร็จ: 1
      - จำนวนแผน NC ที่สร้าง: 0
    
[2025-04-08 00:16:41] เริ่มต้น Auto Generate Plan ทั้ง VS และ NC จาก Service
[2025-04-08 00:16:41] เริ่มต้น Auto Generate VS Plan จาก Service
[2025-04-08 00:16:41] ผลการทำงาน Auto Generate VS Plan: สำเร็จ
[2025-04-08 00:16:41] เริ่มต้น Auto Generate NC Plan จาก Service
[2025-04-08 00:16:41] ผลการทำงาน Auto Generate NC Plan: สำเร็จ
[2025-04-08 00:16:41] บันทึกสถิติการทำงานสำเร็จ
[2025-04-08 00:16:41] 
      สรุปผลการทำงาน Auto Generate Plan ทั้ง VS และ NC:
      
      VS Plan:
      - จำนวน AN ทั้งหมด: 1
      - จำนวน AN ที่สำเร็จ: 0
      - จำนวน AN ที่ไม่สำเร็จ: 1
      - จำนวนแผน VS ที่สร้าง: 0
      
      NC Plan:
      - จำนวน AN ทั้งหมด: 1
      - จำนวน AN ที่สำเร็จ: 0
      - จำนวน AN ที่ไม่สำเร็จ: 1
      - จำนวนแผน NC ที่สร้าง: 0
    
[2025-04-08 00:18:03] เริ่มต้น Auto Generate Plan ทั้ง VS และ NC จาก Service
[2025-04-08 00:18:03] เริ่มต้น Auto Generate VS Plan จาก Service
[2025-04-08 00:18:04] ผลการทำงาน Auto Generate VS Plan: สำเร็จ
[2025-04-08 00:18:04] เริ่มต้น Auto Generate NC Plan จาก Service
[2025-04-08 00:18:04] ผลการทำงาน Auto Generate NC Plan: สำเร็จ
[2025-04-08 00:18:04] บันทึกสถิติการทำงานสำเร็จ
[2025-04-08 00:18:04] 
      สรุปผลการทำงาน Auto Generate Plan ทั้ง VS และ NC:
      
      VS Plan:
      - จำนวน AN ทั้งหมด: 1
      - จำนวน AN ที่สำเร็จ: 0
      - จำนวน AN ที่ไม่สำเร็จ: 1
      - จำนวนแผน VS ที่สร้าง: 0
      
      NC Plan:
      - จำนวน AN ทั้งหมด: 1
      - จำนวน AN ที่สำเร็จ: 1
      - จำนวน AN ที่ไม่สำเร็จ: 0
      - จำนวนแผน NC ที่สร้าง: 4
    
[2025-04-08 00:19:20] เริ่มต้น Auto Generate Plan ทั้ง VS และ NC จาก Service
[2025-04-08 00:19:20] เริ่มต้น Auto Generate VS Plan จาก Service
[2025-04-08 00:19:20] ผลการทำงาน Auto Generate VS Plan: สำเร็จ
[2025-04-08 00:19:20] เริ่มต้น Auto Generate NC Plan จาก Service
[2025-04-08 00:19:20] ผลการทำงาน Auto Generate NC Plan: สำเร็จ
[2025-04-08 00:19:20] บันทึกสถิติการทำงานสำเร็จ
[2025-04-08 00:19:20] 
      สรุปผลการทำงาน Auto Generate Plan ทั้ง VS และ NC:
      
      VS Plan:
      - จำนวน AN ทั้งหมด: 1
      - จำนวน AN ที่สำเร็จ: 0
      - จำนวน AN ที่ไม่สำเร็จ: 1
      - จำนวนแผน VS ที่สร้าง: 0
      
      NC Plan:
      - จำนวน AN ทั้งหมด: 1
      - จำนวน AN ที่สำเร็จ: 1
      - จำนวน AN ที่ไม่สำเร็จ: 0
      - จำนวนแผน NC ที่สร้าง: 4
    
[2025-04-08 00:20:07] เริ่มต้น Auto Generate Plan ทั้ง VS และ NC จาก Service
[2025-04-08 00:20:07] เริ่มต้น Auto Generate VS Plan จาก Service
[2025-04-08 00:20:07] ผลการทำงาน Auto Generate VS Plan: สำเร็จ
[2025-04-08 00:20:07] เริ่มต้น Auto Generate NC Plan จาก Service
[2025-04-08 00:20:08] ผลการทำงาน Auto Generate NC Plan: สำเร็จ
[2025-04-08 00:20:08] บันทึกสถิติการทำงานสำเร็จ
[2025-04-08 00:20:08] 
      สรุปผลการทำงาน Auto Generate Plan ทั้ง VS และ NC:
      
      VS Plan:
      - จำนวน AN ทั้งหมด: 1
      - จำนวน AN ที่สำเร็จ: 0
      - จำนวน AN ที่ไม่สำเร็จ: 1
      - จำนวนแผน VS ที่สร้าง: 0
      
      NC Plan:
      - จำนวน AN ทั้งหมด: 1
      - จำนวน AN ที่สำเร็จ: 1
      - จำนวน AN ที่ไม่สำเร็จ: 0
      - จำนวนแผน NC ที่สร้าง: 4
    
[2025-04-08 00:20:57] เริ่มต้น Auto Generate Plan ทั้ง VS และ NC จาก Service
[2025-04-08 00:20:57] เริ่มต้น Auto Generate VS Plan จาก Service
[2025-04-08 00:20:57] ผลการทำงาน Auto Generate VS Plan: สำเร็จ
[2025-04-08 00:20:57] เริ่มต้น Auto Generate NC Plan จาก Service
[2025-04-08 00:20:57] ผลการทำงาน Auto Generate NC Plan: สำเร็จ
[2025-04-08 00:20:57] บันทึกสถิติการทำงานสำเร็จ
[2025-04-08 00:20:57] 
      สรุปผลการทำงาน Auto Generate Plan ทั้ง VS และ NC:
      
      VS Plan:
      - จำนวน AN ทั้งหมด: 1
      - จำนวน AN ที่สำเร็จ: 0
      - จำนวน AN ที่ไม่สำเร็จ: 1
      - จำนวนแผน VS ที่สร้าง: 0
      
      NC Plan:
      - จำนวน AN ทั้งหมด: 1
      - จำนวน AN ที่สำเร็จ: 0
      - จำนวน AN ที่ไม่สำเร็จ: 1
      - จำนวนแผน NC ที่สร้าง: 0
    
[2025-04-08 00:50:31] เริ่มต้น Auto Generate Plan ทั้ง VS และ NC จาก Service
[2025-04-08 00:50:31] เริ่มต้น Auto Generate VS Plan จาก Service
[2025-04-08 00:50:31] ผลการทำงาน Auto Generate VS Plan: ไม่สำเร็จ
[2025-04-08 00:50:31] เริ่มต้น Auto Generate NC Plan จาก Service
[2025-04-08 00:50:31] ผลการทำงาน Auto Generate NC Plan: ไม่สำเร็จ
[2025-04-08 00:50:31] บันทึกสถิติการทำงานสำเร็จ
[2025-04-08 00:50:31] 
      สรุปผลการทำงาน Auto Generate Plan ทั้ง VS และ NC:
      
      VS Plan:
      - จำนวน AN ทั้งหมด: 0
      - จำนวน AN ที่สำเร็จ: 0
      - จำนวน AN ที่ไม่สำเร็จ: 0
      - จำนวนแผน VS ที่สร้าง: 0
      
      NC Plan:
      - จำนวน AN ทั้งหมด: 0
      - จำนวน AN ที่สำเร็จ: 0
      - จำนวน AN ที่ไม่สำเร็จ: 0
      - จำนวนแผน NC ที่สร้าง: 0
    
[2025-04-08 01:26:34] เริ่มต้น Auto Generate Plan ทั้ง VS และ NC จาก Service
[2025-04-08 01:26:34] เริ่มต้น Auto Generate VS Plan จาก Service
[2025-04-08 01:26:34] ผลการทำงาน Auto Generate VS Plan: สำเร็จ
[2025-04-08 01:26:34] เริ่มต้น Auto Generate NC Plan จาก Service
[2025-04-08 01:26:34] ผลการทำงาน Auto Generate NC Plan: สำเร็จ
[2025-04-08 01:26:34] บันทึกสถิติการทำงานสำเร็จ
[2025-04-08 01:26:34] 
      สรุปผลการทำงาน Auto Generate Plan ทั้ง VS และ NC:
      
      VS Plan:
      - จำนวน AN ทั้งหมด: 1
      - จำนวน AN ที่สำเร็จ: 1
      - จำนวน AN ที่ไม่สำเร็จ: 0
      - จำนวนแผน VS ที่สร้าง: 1
      
      NC Plan:
      - จำนวน AN ทั้งหมด: 1
      - จำนวน AN ที่สำเร็จ: 0
      - จำนวน AN ที่ไม่สำเร็จ: 1
      - จำนวนแผน NC ที่สร้าง: 0
    
[2025-04-08 01:27:33] เริ่มต้น Auto Generate Plan ทั้ง VS และ NC จาก Service
[2025-04-08 01:27:33] เริ่มต้น Auto Generate VS Plan จาก Service
[2025-04-08 01:27:34] ผลการทำงาน Auto Generate VS Plan: สำเร็จ
[2025-04-08 01:27:34] เริ่มต้น Auto Generate NC Plan จาก Service
[2025-04-08 01:27:34] ผลการทำงาน Auto Generate NC Plan: สำเร็จ
[2025-04-08 01:27:34] บันทึกสถิติการทำงานสำเร็จ
[2025-04-08 01:27:34] 
      สรุปผลการทำงาน Auto Generate Plan ทั้ง VS และ NC:
      
      VS Plan:
      - จำนวน AN ทั้งหมด: 1
      - จำนวน AN ที่สำเร็จ: 1
      - จำนวน AN ที่ไม่สำเร็จ: 0
      - จำนวนแผน VS ที่สร้าง: 1
      
      NC Plan:
      - จำนวน AN ทั้งหมด: 1
      - จำนวน AN ที่สำเร็จ: 0
      - จำนวน AN ที่ไม่สำเร็จ: 1
      - จำนวนแผน NC ที่สร้าง: 0
    
[2025-05-24 17:59:10] เริ่มต้น Auto Generate Plan ทั้ง VS และ NC จาก Service
[2025-05-24 17:59:10] เริ่มต้น Auto Generate VS Plan จาก Service
[2025-05-24 17:59:11] ผลการทำงาน Auto Generate VS Plan: สำเร็จ
[2025-05-24 17:59:11] เริ่มต้น Auto Generate NC Plan จาก Service
[2025-05-24 17:59:11] ผลการทำงาน Auto Generate NC Plan: สำเร็จ
[2025-05-24 17:59:11] บันทึกสถิติการทำงานสำเร็จ
[2025-05-24 17:59:11] 
      สรุปผลการทำงาน Auto Generate Plan ทั้ง VS และ NC:
      
      VS Plan:
      - สถานะ: สำเร็จ
      - จำนวน AN ทั้งหมด: 10
      - จำนวน AN ที่สำเร็จ: 10
      - จำนวน AN ที่ไม่สำเร็จ: 0
      - จำนวนแผน VS ที่สร้าง: 40
      
      NC Plan:
      - สถานะ: สำเร็จ
      - จำนวน AN ทั้งหมด: 1
      - จำนวน AN ที่สำเร็จ: 0
      - จำนวน AN ที่ไม่สำเร็จ: 1
      - จำนวนแผน NC ที่สร้าง: 0
      
      รวม:
      - จำนวนแผนทั้งหมดที่สร้าง: 40
    
