[2025-04-07 18:47:39] เริ่มต้น Auto Generate NC Plan
[2025-04-07 18:47:39] กำลังประมวลผล AN: 1/68
[2025-04-07 18:47:39] Auto Generate NC Plan เสร็จสิ้น
[2025-04-07 18:47:39] เริ่มต้น Auto Generate NC Plan
[2025-04-07 18:47:39] กำลังประมวลผล AN: 1/68
[2025-04-07 18:47:39] Auto Generate NC Plan เสร็จสิ้น
[2025-04-08 00:00:25] เริ่มต้น Auto Generate NC Plan
[2025-04-08 00:00:25] กำลังประมวลผล AN: 1/68
[2025-04-08 00:00:25] Auto Generate NC Plan เสร็จสิ้น
[2025-04-08 00:00:25] เริ่มต้น Auto Generate NC Plan
[2025-04-08 00:00:25] กำลังประมวลผล AN: 1/68
[2025-04-08 00:00:25] Auto Generate NC Plan เสร็จสิ้น
[2025-04-08 00:01:34] เริ่มต้น Auto Generate NC Plan
[2025-04-08 00:01:34] กำลังประมวลผล AN: 1/68
[2025-04-08 00:01:34] Auto Generate NC Plan เสร็จสิ้น
[2025-04-08 00:01:34] เริ่มต้น Auto Generate NC Plan
[2025-04-08 00:01:34] กำลังประมวลผล AN: 1/68
[2025-04-08 00:01:34] Auto Generate NC Plan เสร็จสิ้น
[2025-04-08 00:10:45] เริ่มต้น Auto Generate NC Plan
[2025-04-08 00:10:45] กำลังประมวลผล AN: 1/68
[2025-04-08 00:10:45] Auto Generate NC Plan เสร็จสิ้น
[2025-04-08 00:11:57] เริ่มต้น Auto Generate NC Plan
[2025-04-08 00:11:57] กำลังประมวลผล AN: 1/68
[2025-04-08 00:11:57] Auto Generate NC Plan เสร็จสิ้น
[2025-04-08 00:14:16] เริ่มต้น Auto Generate NC Plan
[2025-04-08 00:14:16] กำลังประมวลผล AN: 1/68
[2025-04-08 00:14:16] Auto Generate NC Plan เสร็จสิ้น
[2025-04-08 00:15:26] เริ่มต้น Auto Generate NC Plan
[2025-04-08 00:15:26] กำลังประมวลผล AN: 1/68
[2025-04-08 00:15:26] Auto Generate NC Plan เสร็จสิ้น
[2025-04-08 00:16:41] เริ่มต้น Auto Generate NC Plan
[2025-04-08 00:16:41] กำลังประมวลผล AN: 1/68
[2025-04-08 00:16:41] Auto Generate NC Plan เสร็จสิ้น
[2025-04-08 00:18:04] เริ่มต้น Auto Generate NC Plan
[2025-04-08 00:18:04] กำลังประมวลผล AN: 1/68
[2025-04-08 00:18:04] ประมวลผล AN: 1/68 สำเร็จ
[2025-04-08 00:18:04] Auto Generate NC Plan เสร็จสิ้น
[2025-04-08 00:19:20] เริ่มต้น Auto Generate NC Plan
[2025-04-08 00:19:20] กำลังประมวลผล AN: 1/68
[2025-04-08 00:19:20] ประมวลผล AN: 1/68 สำเร็จ
[2025-04-08 00:19:20] Auto Generate NC Plan เสร็จสิ้น
[2025-04-08 00:20:07] เริ่มต้น Auto Generate NC Plan
[2025-04-08 00:20:07] กำลังประมวลผล AN: 1/68
[2025-04-08 00:20:08] ประมวลผล AN: 1/68 สำเร็จ
[2025-04-08 00:20:08] Auto Generate NC Plan เสร็จสิ้น
[2025-04-08 00:20:57] เริ่มต้น Auto Generate NC Plan
[2025-04-08 00:20:57] กำลังประมวลผล AN: 1/68
[2025-04-08 00:20:57] Auto Generate NC Plan เสร็จสิ้น
[2025-04-08 00:50:31] เริ่มต้น Auto Generate NC Plan
[2025-04-08 01:26:34] เริ่มต้น Auto Generate NC Plan
[2025-04-08 01:26:34] กำลังประมวลผล AN: 1/68
[2025-04-08 01:26:34] Auto Generate NC Plan เสร็จสิ้น
[2025-04-08 01:27:34] เริ่มต้น Auto Generate NC Plan
[2025-04-08 01:27:34] กำลังประมวลผล AN: 1/68
[2025-04-08 01:27:34] Auto Generate NC Plan เสร็จสิ้น
[2025-05-24 17:59:11] เริ่มต้น Auto Generate NC Plan
[2025-05-24 17:59:11] กำลังประมวลผล AN: 1/68
[2025-05-24 17:59:11] Auto Generate NC Plan เสร็จสิ้น
[2025-05-24 18:32:40] เริ่มต้น Auto Generate NC Plan - ใช้เงื่อนไขใหม่
[2025-05-24 18:32:40] พบแผน NC ที่ต้อง generate จำนวน 2 แผน
[2025-05-24 18:32:40] กำลังประมวลผล AN: 1/68 (2 แผน)
[2025-05-24 18:32:40]   ประมวลผลแผน: NC0103 (TID) - PRESET
[2025-05-24 18:32:40] Generate PRESET: timeCode=TID (time source: lastScheduledTime)
[2025-05-24 18:32:40]   ประมวลผลแผน: NC0301 (Q1) - INTERVAL
[2025-05-24 18:32:40] Generate INTERVAL: lastScheduledTime=2025-05-24 23:25:00, interval=60 minutes
[2025-05-24 18:32:40] ประมวลผล AN: 1/68 มีข้อผิดพลาดบางส่วน
[2025-05-24 18:32:40] 
Auto Generate NC Plan เสร็จสิ้น:
- จำนวน AN ทั้งหมด: 1
- จำนวน AN ที่สำเร็จ: 0
- จำนวน AN ที่ล้มเหลว: 1
- จำนวนแผน NC ที่สร้าง: 0
    
[2025-05-24 18:33:07] เริ่มต้น Auto Generate NC Plan - ใช้เงื่อนไขใหม่
[2025-05-24 18:33:07] พบแผน NC ที่ต้อง generate จำนวน 2 แผน
[2025-05-24 18:33:07] กำลังประมวลผล AN: 1/68 (2 แผน)
[2025-05-24 18:33:07]   ประมวลผลแผน: NC0103 (TID) - PRESET
[2025-05-24 18:33:07] Generate PRESET: timeCode=TID (time source: lastScheduledTime)
[2025-05-24 18:33:07]   ประมวลผลแผน: NC0301 (Q1) - INTERVAL
[2025-05-24 18:33:07] Generate INTERVAL: lastScheduledTime=2025-05-24 23:25:00, interval=60 minutes
[2025-05-24 18:33:07] ประมวลผล AN: 1/68 มีข้อผิดพลาดบางส่วน
[2025-05-24 18:33:07] 
Auto Generate NC Plan เสร็จสิ้น:
- จำนวน AN ทั้งหมด: 1
- จำนวน AN ที่สำเร็จ: 0
- จำนวน AN ที่ล้มเหลว: 1
- จำนวนแผน NC ที่สร้าง: 0
    
[2025-05-26 09:51:01] เริ่มต้น Auto Generate NC Plan - ใช้เงื่อนไขใหม่
[2025-05-26 09:51:01] พบแผน NC ที่ต้อง generate จำนวน 2 แผน
[2025-05-26 09:51:01] กำลังประมวลผล AN: 1/68 (2 แผน)
[2025-05-26 09:51:01]   ประมวลผลแผน: NC0103 (TID) - PRESET
[2025-05-26 09:51:01] Generate PRESET: timeCode=TID (time source: lastScheduledTime)
[2025-05-26 09:51:01]   ประมวลผลแผน: NC0301 (Q1) - INTERVAL
[2025-05-26 09:51:01] Generate INTERVAL: lastScheduledTime=2025-05-24 23:25:00, interval=60 minutes
[2025-05-26 09:51:01] ประมวลผล AN: 1/68 มีข้อผิดพลาดบางส่วน
[2025-05-26 09:51:01] 
Auto Generate NC Plan เสร็จสิ้น:
- จำนวน AN ทั้งหมด: 1
- จำนวน AN ที่สำเร็จ: 0
- จำนวน AN ที่ล้มเหลว: 1
- จำนวนแผน NC ที่สร้าง: 0
    
[2025-05-26 10:42:23] เริ่มต้น Auto Generate NC Plan - ใช้เงื่อนไขใหม่
[2025-05-26 10:42:23] พบแผน NC ที่ต้อง generate จำนวน 2 แผน
[2025-05-26 10:42:23] กำลังประมวลผล AN: 1/68 (2 แผน)
[2025-05-26 10:42:23]   ประมวลผลแผน: NC0103 (TID) - PRESET
[2025-05-26 10:42:23] Generate PRESET: timeCode=TID (time source: lastScheduledTime)
[2025-05-26 10:42:23]   Generated: 14:00
[2025-05-26 10:42:23]   Generated: 22:00
[2025-05-26 10:42:23] PRESET plan generated: 2 รายการ (based on lastScheduledTime)
[2025-05-26 10:42:23]   สร้างแผนใหม่สำเร็จ: NCP-6800001-20250526104223755-4513
[2025-05-26 10:42:23]   ประมวลผลแผน: NC0301 (Q1) - INTERVAL
[2025-05-26 10:42:23] Generate INTERVAL: lastScheduledTime=2025-05-24 23:25:00, interval=60 minutes
[2025-05-26 10:42:23]   Generated: 23:25
[2025-05-26 10:42:23] INTERVAL plan generated: 1 รายการ, เวลาแรก: 23:25, เวลาสุดท้าย: 23:25 (เริ่มจาก lastScheduledTime)
[2025-05-26 10:42:23]   สร้างแผนใหม่สำเร็จ: NCP-6800001-20250526104223764-4469
[2025-05-26 10:42:23] ประมวลผล AN: 1/68 สำเร็จ
[2025-05-26 10:42:23] 
Auto Generate NC Plan เสร็จสิ้น:
- จำนวน AN ทั้งหมด: 1
- จำนวน AN ที่สำเร็จ: 1
- จำนวน AN ที่ล้มเหลว: 0
- จำนวนแผน NC ที่สร้าง: 2
    
[2025-05-26 10:42:40] เริ่มต้น Auto Generate NC Plan - ใช้เงื่อนไขใหม่
[2025-05-26 10:42:40] พบแผน NC ที่ต้อง generate จำนวน 4 แผน
[2025-05-26 10:42:40] กำลังประมวลผล AN: 1/68 (4 แผน)
[2025-05-26 10:42:40]   AN: 1/68 ถูก generate ไปแล้วในวันนี้ - ข้าม
[2025-05-26 10:42:40] 
Auto Generate NC Plan เสร็จสิ้น:
- จำนวน AN ทั้งหมด: 1
- จำนวน AN ที่สำเร็จ: 1
- จำนวน AN ที่ล้มเหลว: 0
- จำนวนแผน NC ที่สร้าง: 0
    
[2025-05-26 11:12:04] เริ่มต้น Auto Generate NC Plan - ใช้เงื่อนไขใหม่
[2025-05-26 11:12:04] พบแผน NC ที่ต้อง generate จำนวน 2 แผน
[2025-05-26 11:12:04] กำลังประมวลผล AN: 1/68 (2 แผน)
[2025-05-26 11:12:04]   ประมวลผลแผน: NC0103 (TID) - PRESET
[2025-05-26 11:12:04] Generate PRESET: timeCode=TID (time source: lastScheduledTime)
[2025-05-26 11:12:04]   Generated: 14:00
[2025-05-26 11:12:04]   Generated: 22:00
[2025-05-26 11:12:04] PRESET plan generated: 2 รายการ (based on lastScheduledTime)
[2025-05-26 11:12:04]   สร้างแผนใหม่สำเร็จ: NCP-6800001-20250526111204682-1391
[2025-05-26 11:12:04]   ประมวลผลแผน: NC0301 (Q1) - INTERVAL
[2025-05-26 11:12:04] Generate INTERVAL: lastScheduledTime=2025-05-24 23:25:00, interval=60 minutes
[2025-05-26 11:12:04]   เริ่มจากเวลา: 11:25 (นาทีเดียวกันกับ lastScheduledTime)
[2025-05-26 11:12:04]   Generated: 11:25
[2025-05-26 11:12:04]   Generated: 12:25
[2025-05-26 11:12:04]   Generated: 13:25
[2025-05-26 11:12:04]   Generated: 14:25
[2025-05-26 11:12:04]   Generated: 15:25
[2025-05-26 11:12:04]   Generated: 16:25
[2025-05-26 11:12:04]   Generated: 17:25
[2025-05-26 11:12:04]   Generated: 18:25
[2025-05-26 11:12:04]   Generated: 19:25
[2025-05-26 11:12:04]   Generated: 20:25
[2025-05-26 11:12:04]   Generated: 21:25
[2025-05-26 11:12:04]   Generated: 22:25
[2025-05-26 11:12:04]   Generated: 23:25
[2025-05-26 11:12:04] INTERVAL plan generated: 13 รายการ, เวลาแรก: 11:25, เวลาสุดท้าย: 23:25 (เริ่มจากนาทีเดียวกันกับ lastScheduledTime)
[2025-05-26 11:12:04]   สร้างแผนใหม่สำเร็จ: NCP-6800001-20250526111204690-1789
[2025-05-26 11:12:04] ประมวลผล AN: 1/68 สำเร็จ
[2025-05-26 11:12:04] 
Auto Generate NC Plan เสร็จสิ้น:
- จำนวน AN ทั้งหมด: 1
- จำนวน AN ที่สำเร็จ: 1
- จำนวน AN ที่ล้มเหลว: 0
- จำนวนแผน NC ที่สร้าง: 2
    
[2025-05-26 11:24:55] เริ่มต้น Auto Generate NC Plan - ใช้เงื่อนไขใหม่
[2025-05-26 11:24:55] พบแผน NC ที่ต้อง generate จำนวน 3 แผน
[2025-05-26 11:24:55] กำลังประมวลผล AN: 1/68 (3 แผน)
[2025-05-26 11:24:55]   ประมวลผลแผน: NC0702 (Q2) - INTERVAL
[2025-05-26 11:24:55] Generate INTERVAL: lastScheduledTime=2025-05-24 22:25:00, interval=120 minutes
[2025-05-26 11:24:55]   เริ่มจากเวลา: 00:25 (นาทีเดียวกันกับ lastScheduledTime)
[2025-05-26 11:24:55]   Generated: 00:25
[2025-05-26 11:24:55]   Generated: 02:25
[2025-05-26 11:24:55]   Generated: 04:25
[2025-05-26 11:24:55]   Generated: 06:25
[2025-05-26 11:24:55]   Generated: 08:25
[2025-05-26 11:24:55]   Generated: 10:25
[2025-05-26 11:24:55]   Generated: 12:25
[2025-05-26 11:24:55]   Generated: 14:25
[2025-05-26 11:24:55]   Generated: 16:25
[2025-05-26 11:24:55]   Generated: 18:25
[2025-05-26 11:24:55]   Generated: 20:25
[2025-05-26 11:24:55]   Generated: 22:25
[2025-05-26 11:24:55] INTERVAL plan generated: 12 รายการ, เวลาแรก: 00:25, เวลาสุดท้าย: 22:25 (เริ่มจากนาทีเดียวกันกับ lastScheduledTime ตั้งแต่ 00:XX)
[2025-05-26 11:24:55]   สร้างแผนใหม่สำเร็จ: NCP-6800001-20250526112455435-2380
[2025-05-26 11:24:55]   ประมวลผลแผน: NC0103 (TID) - PRESET
[2025-05-26 11:24:55] Generate PRESET: timeCode=TID (time source: lastScheduledTime)
[2025-05-26 11:24:55]   Generated: 06:00
[2025-05-26 11:24:55]   Generated: 14:00
[2025-05-26 11:24:55]   Generated: 22:00
[2025-05-26 11:24:55] PRESET plan generated: 3 รายการ (based on lastScheduledTime) - ทุกเวลาในวัน
[2025-05-26 11:24:55]   สร้างแผนใหม่สำเร็จ: NCP-6800001-20250526112455456-5358
[2025-05-26 11:24:55]   ประมวลผลแผน: NC0301 (Q1) - INTERVAL
[2025-05-26 11:24:55] Generate INTERVAL: lastScheduledTime=2025-05-24 23:25:00, interval=60 minutes
[2025-05-26 11:24:55]   เริ่มจากเวลา: 00:25 (นาทีเดียวกันกับ lastScheduledTime)
[2025-05-26 11:24:55]   Generated: 00:25
[2025-05-26 11:24:55]   Generated: 01:25
[2025-05-26 11:24:55]   Generated: 02:25
[2025-05-26 11:24:55]   Generated: 03:25
[2025-05-26 11:24:55]   Generated: 04:25
[2025-05-26 11:24:55]   Generated: 05:25
[2025-05-26 11:24:55]   Generated: 06:25
[2025-05-26 11:24:55]   Generated: 07:25
[2025-05-26 11:24:55]   Generated: 08:25
[2025-05-26 11:24:55]   Generated: 09:25
[2025-05-26 11:24:55]   Generated: 10:25
[2025-05-26 11:24:55]   Generated: 11:25
[2025-05-26 11:24:55]   Generated: 12:25
[2025-05-26 11:24:55]   Generated: 13:25
[2025-05-26 11:24:55]   Generated: 14:25
[2025-05-26 11:24:55]   Generated: 15:25
[2025-05-26 11:24:55]   Generated: 16:25
[2025-05-26 11:24:55]   Generated: 17:25
[2025-05-26 11:24:55]   Generated: 18:25
[2025-05-26 11:24:55]   Generated: 19:25
[2025-05-26 11:24:55]   Generated: 20:25
[2025-05-26 11:24:55]   Generated: 21:25
[2025-05-26 11:24:55]   Generated: 22:25
[2025-05-26 11:24:55]   Generated: 23:25
[2025-05-26 11:24:55] INTERVAL plan generated: 24 รายการ, เวลาแรก: 00:25, เวลาสุดท้าย: 23:25 (เริ่มจากนาทีเดียวกันกับ lastScheduledTime ตั้งแต่ 00:XX)
[2025-05-26 11:24:55]   สร้างแผนใหม่สำเร็จ: NCP-6800001-20250526112455466-7793
[2025-05-26 11:24:55] ประมวลผล AN: 1/68 สำเร็จ
[2025-05-26 11:24:55] 
Auto Generate NC Plan เสร็จสิ้น:
- จำนวน AN ทั้งหมด: 1
- จำนวน AN ที่สำเร็จ: 1
- จำนวน AN ที่ล้มเหลว: 0
- จำนวนแผน NC ที่สร้าง: 3
    
[2025-05-26 11:25:33] เริ่มต้น Auto Generate NC Plan - ใช้เงื่อนไขใหม่
[2025-05-26 11:25:33] พบแผน NC ที่ต้อง generate จำนวน 3 แผน
[2025-05-26 11:25:33] กำลังประมวลผล AN: 1/68 (3 แผน)
[2025-05-26 11:25:33]   ประมวลผลแผน: NC0702 (Q2) - INTERVAL
[2025-05-26 11:25:33] Generate INTERVAL: lastScheduledTime=2025-05-24 22:58:00, interval=120 minutes
[2025-05-26 11:25:33]   เริ่มจากเวลา: 00:58 (นาทีเดียวกันกับ lastScheduledTime)
[2025-05-26 11:25:33]   Generated: 00:58
[2025-05-26 11:25:33]   Generated: 02:58
[2025-05-26 11:25:33]   Generated: 04:58
[2025-05-26 11:25:33]   Generated: 06:58
[2025-05-26 11:25:33]   Generated: 08:58
[2025-05-26 11:25:33]   Generated: 10:58
[2025-05-26 11:25:33]   Generated: 12:58
[2025-05-26 11:25:33]   Generated: 14:58
[2025-05-26 11:25:33]   Generated: 16:58
[2025-05-26 11:25:33]   Generated: 18:58
[2025-05-26 11:25:33]   Generated: 20:58
[2025-05-26 11:25:33]   Generated: 22:58
[2025-05-26 11:25:33] INTERVAL plan generated: 12 รายการ, เวลาแรก: 00:58, เวลาสุดท้าย: 22:58 (เริ่มจากนาทีเดียวกันกับ lastScheduledTime ตั้งแต่ 00:XX)
[2025-05-26 11:25:33]   สร้างแผนใหม่สำเร็จ: NCP-6800001-20250526112533464-8389
[2025-05-26 11:25:33]   ประมวลผลแผน: NC0103 (TID) - PRESET
[2025-05-26 11:25:33] Generate PRESET: timeCode=TID (time source: lastScheduledTime)
[2025-05-26 11:25:33]   Generated: 06:00
[2025-05-26 11:25:33]   Generated: 14:00
[2025-05-26 11:25:33]   Generated: 22:00
[2025-05-26 11:25:33] PRESET plan generated: 3 รายการ (based on lastScheduledTime) - ทุกเวลาในวัน
[2025-05-26 11:25:33]   สร้างแผนใหม่สำเร็จ: NCP-6800001-20250526112533479-9680
[2025-05-26 11:25:33]   ประมวลผลแผน: NC0301 (Q1) - INTERVAL
[2025-05-26 11:25:33] Generate INTERVAL: lastScheduledTime=2025-05-24 23:25:00, interval=60 minutes
[2025-05-26 11:25:33]   เริ่มจากเวลา: 00:25 (นาทีเดียวกันกับ lastScheduledTime)
[2025-05-26 11:25:33]   Generated: 00:25
[2025-05-26 11:25:33]   Generated: 01:25
[2025-05-26 11:25:33]   Generated: 02:25
[2025-05-26 11:25:33]   Generated: 03:25
[2025-05-26 11:25:33]   Generated: 04:25
[2025-05-26 11:25:33]   Generated: 05:25
[2025-05-26 11:25:33]   Generated: 06:25
[2025-05-26 11:25:33]   Generated: 07:25
[2025-05-26 11:25:33]   Generated: 08:25
[2025-05-26 11:25:33]   Generated: 09:25
[2025-05-26 11:25:33]   Generated: 10:25
[2025-05-26 11:25:33]   Generated: 11:25
[2025-05-26 11:25:33]   Generated: 12:25
[2025-05-26 11:25:33]   Generated: 13:25
[2025-05-26 11:25:33]   Generated: 14:25
[2025-05-26 11:25:33]   Generated: 15:25
[2025-05-26 11:25:33]   Generated: 16:25
[2025-05-26 11:25:33]   Generated: 17:25
[2025-05-26 11:25:33]   Generated: 18:25
[2025-05-26 11:25:33]   Generated: 19:25
[2025-05-26 11:25:33]   Generated: 20:25
[2025-05-26 11:25:33]   Generated: 21:25
[2025-05-26 11:25:33]   Generated: 22:25
[2025-05-26 11:25:33]   Generated: 23:25
[2025-05-26 11:25:33] INTERVAL plan generated: 24 รายการ, เวลาแรก: 00:25, เวลาสุดท้าย: 23:25 (เริ่มจากนาทีเดียวกันกับ lastScheduledTime ตั้งแต่ 00:XX)
[2025-05-26 11:25:33]   สร้างแผนใหม่สำเร็จ: NCP-6800001-20250526112533485-3082
[2025-05-26 11:25:33] ประมวลผล AN: 1/68 สำเร็จ
[2025-05-26 11:25:33] 
Auto Generate NC Plan เสร็จสิ้น:
- จำนวน AN ทั้งหมด: 1
- จำนวน AN ที่สำเร็จ: 1
- จำนวน AN ที่ล้มเหลว: 0
- จำนวนแผน NC ที่สร้าง: 3
    
[2025-05-26 11:26:11] เริ่มต้น Auto Generate NC Plan - ใช้เงื่อนไขใหม่
[2025-05-26 11:26:11] พบแผน NC ที่ต้อง generate จำนวน 6 แผน
[2025-05-26 11:26:11] กำลังประมวลผล AN: 1/68 (6 แผน)
[2025-05-26 11:26:11]   AN: 1/68 ถูก generate ไปแล้วในวันนี้ - ข้าม
[2025-05-26 11:26:11] 
Auto Generate NC Plan เสร็จสิ้น:
- จำนวน AN ทั้งหมด: 1
- จำนวน AN ที่สำเร็จ: 1
- จำนวน AN ที่ล้มเหลว: 0
- จำนวนแผน NC ที่สร้าง: 0
    
[2025-05-26 11:44:33] เริ่มต้น Auto Generate NC Plan - ใช้เงื่อนไขใหม่
[2025-05-26 11:44:34] พบแผน NC ที่ต้อง generate จำนวน 3 แผน
[2025-05-26 11:44:34] กำลังประมวลผล AN: 1/68 (3 แผน)
[2025-05-26 11:44:34]   ประมวลผลแผน: NC0702 (Q2) - INTERVAL
[2025-05-26 11:44:34] Generate INTERVAL: lastScheduledTime=2025-05-24 22:58:00, interval=120 minutes
[2025-05-26 11:44:34]   เริ่มจากเวลา: 00:58 (นาทีเดียวกันกับ lastScheduledTime)
[2025-05-26 11:44:34]   Generated: 00:58
[2025-05-26 11:44:34]   Generated: 02:58
[2025-05-26 11:44:34]   Generated: 04:58
[2025-05-26 11:44:34]   Generated: 06:58
[2025-05-26 11:44:34]   Generated: 08:58
[2025-05-26 11:44:34]   Generated: 10:58
[2025-05-26 11:44:34]   Generated: 12:58
[2025-05-26 11:44:34]   Generated: 14:58
[2025-05-26 11:44:34]   Generated: 16:58
[2025-05-26 11:44:34]   Generated: 18:58
[2025-05-26 11:44:34]   Generated: 20:58
[2025-05-26 11:44:34]   Generated: 22:58
[2025-05-26 11:44:34] INTERVAL plan generated: 12 รายการ, เวลาแรก: 00:58, เวลาสุดท้าย: 22:58 (เริ่มจากนาทีเดียวกันกับ lastScheduledTime ตั้งแต่ 00:XX)
[2025-05-26 11:44:34]   สร้างแผนใหม่สำเร็จ: NCP-6800001-20250526114434014-3205
[2025-05-26 11:44:34]   ประมวลผลแผน: NC0103 (TID) - PRESET
[2025-05-26 11:44:34] Generate PRESET: timeCode=TID (time source: lastScheduledTime)
[2025-05-26 11:44:34]   Generated: 06:00
[2025-05-26 11:44:34]   Generated: 14:00
[2025-05-26 11:44:34]   Generated: 22:00
[2025-05-26 11:44:34] PRESET plan generated: 3 รายการ (based on lastScheduledTime) - ทุกเวลาในวัน
[2025-05-26 11:44:34]   สร้างแผนใหม่สำเร็จ: NCP-6800001-20250526114434033-2647
[2025-05-26 11:44:34]   ประมวลผลแผน: NC0301 (Q1) - INTERVAL
[2025-05-26 11:44:34] Generate INTERVAL: lastScheduledTime=2025-05-24 23:25:00, interval=60 minutes
[2025-05-26 11:44:34]   เริ่มจากเวลา: 00:25 (นาทีเดียวกันกับ lastScheduledTime)
[2025-05-26 11:44:34]   Generated: 00:25
[2025-05-26 11:44:34]   Generated: 01:25
[2025-05-26 11:44:34]   Generated: 02:25
[2025-05-26 11:44:34]   Generated: 03:25
[2025-05-26 11:44:34]   Generated: 04:25
[2025-05-26 11:44:34]   Generated: 05:25
[2025-05-26 11:44:34]   Generated: 06:25
[2025-05-26 11:44:34]   Generated: 07:25
[2025-05-26 11:44:34]   Generated: 08:25
[2025-05-26 11:44:34]   Generated: 09:25
[2025-05-26 11:44:34]   Generated: 10:25
[2025-05-26 11:44:34]   Generated: 11:25
[2025-05-26 11:44:34]   Generated: 12:25
[2025-05-26 11:44:34]   Generated: 13:25
[2025-05-26 11:44:34]   Generated: 14:25
[2025-05-26 11:44:34]   Generated: 15:25
[2025-05-26 11:44:34]   Generated: 16:25
[2025-05-26 11:44:34]   Generated: 17:25
[2025-05-26 11:44:34]   Generated: 18:25
[2025-05-26 11:44:34]   Generated: 19:25
[2025-05-26 11:44:34]   Generated: 20:25
[2025-05-26 11:44:34]   Generated: 21:25
[2025-05-26 11:44:34]   Generated: 22:25
[2025-05-26 11:44:34]   Generated: 23:25
[2025-05-26 11:44:34] INTERVAL plan generated: 24 รายการ, เวลาแรก: 00:25, เวลาสุดท้าย: 23:25 (เริ่มจากนาทีเดียวกันกับ lastScheduledTime ตั้งแต่ 00:XX)
[2025-05-26 11:44:34]   สร้างแผนใหม่สำเร็จ: NCP-6800001-20250526114434041-9433
[2025-05-26 11:44:34] ประมวลผล AN: 1/68 สำเร็จ
[2025-05-26 11:44:34] 
Auto Generate NC Plan เสร็จสิ้น:
- จำนวน AN ทั้งหมด: 1
- จำนวน AN ที่สำเร็จ: 1
- จำนวน AN ที่ล้มเหลว: 0
- จำนวนแผน NC ที่สร้าง: 3
    
[2025-05-26 11:45:08] เริ่มต้น Auto Generate NC Plan - ใช้เงื่อนไขใหม่
[2025-05-26 11:45:08] พบแผน NC ที่ต้อง generate จำนวน 3 แผน
[2025-05-26 11:45:08] กำลังประมวลผล AN: 1/68 (3 แผน)
[2025-05-26 11:45:08]   ประมวลผลแผน: NC0702 (Q2) - INTERVAL
[2025-05-26 11:45:08] Generate INTERVAL: lastScheduledTime=2025-05-24 22:58:00, interval=120 minutes
[2025-05-26 11:45:08]   เริ่มจากเวลา: 00:58 (นาทีเดียวกันกับ lastScheduledTime)
[2025-05-26 11:45:08]   Generated: 00:58
[2025-05-26 11:45:08]   Generated: 02:58
[2025-05-26 11:45:08]   Generated: 04:58
[2025-05-26 11:45:08]   Generated: 06:58
[2025-05-26 11:45:08]   Generated: 08:58
[2025-05-26 11:45:08]   Generated: 10:58
[2025-05-26 11:45:08]   Generated: 12:58
[2025-05-26 11:45:08]   Generated: 14:58
[2025-05-26 11:45:08]   Generated: 16:58
[2025-05-26 11:45:08]   Generated: 18:58
[2025-05-26 11:45:08]   Generated: 20:58
[2025-05-26 11:45:08]   Generated: 22:58
[2025-05-26 11:45:08] INTERVAL plan generated: 12 รายการ, เวลาแรก: 00:58, เวลาสุดท้าย: 22:58 (เริ่มจากนาทีเดียวกันกับ lastScheduledTime ตั้งแต่ 00:XX)
[2025-05-26 11:45:08]   สร้างแผนใหม่สำเร็จ: NCP-6800001-20250526114508569-6798
[2025-05-26 11:45:08]   ประมวลผลแผน: NC0103 (TID) - PRESET
[2025-05-26 11:45:08] Generate PRESET: timeCode=TID (time source: lastScheduledTime)
[2025-05-26 11:45:08]   Generated: 06:00
[2025-05-26 11:45:08]   Generated: 14:00
[2025-05-26 11:45:08]   Generated: 22:00
[2025-05-26 11:45:08] PRESET plan generated: 3 รายการ (based on lastScheduledTime) - ทุกเวลาในวัน
[2025-05-26 11:45:08]   สร้างแผนใหม่สำเร็จ: NCP-6800001-20250526114508583-4764
[2025-05-26 11:45:08]   ประมวลผลแผน: NC0301 (Q1) - INTERVAL
[2025-05-26 11:45:08] Generate INTERVAL: lastScheduledTime=2025-05-24 23:25:00, interval=60 minutes
[2025-05-26 11:45:08]   เริ่มจากเวลา: 00:25 (นาทีเดียวกันกับ lastScheduledTime)
[2025-05-26 11:45:08]   Generated: 00:25
[2025-05-26 11:45:08]   Generated: 01:25
[2025-05-26 11:45:08]   Generated: 02:25
[2025-05-26 11:45:08]   Generated: 03:25
[2025-05-26 11:45:08]   Generated: 04:25
[2025-05-26 11:45:08]   Generated: 05:25
[2025-05-26 11:45:08]   Generated: 06:25
[2025-05-26 11:45:08]   Generated: 07:25
[2025-05-26 11:45:08]   Generated: 08:25
[2025-05-26 11:45:08]   Generated: 09:25
[2025-05-26 11:45:08]   Generated: 10:25
[2025-05-26 11:45:08]   Generated: 11:25
[2025-05-26 11:45:08]   Generated: 12:25
[2025-05-26 11:45:08]   Generated: 13:25
[2025-05-26 11:45:08]   Generated: 14:25
[2025-05-26 11:45:08]   Generated: 15:25
[2025-05-26 11:45:08]   Generated: 16:25
[2025-05-26 11:45:08]   Generated: 17:25
[2025-05-26 11:45:08]   Generated: 18:25
[2025-05-26 11:45:08]   Generated: 19:25
[2025-05-26 11:45:08]   Generated: 20:25
[2025-05-26 11:45:08]   Generated: 21:25
[2025-05-26 11:45:08]   Generated: 22:25
[2025-05-26 11:45:08]   Generated: 23:25
[2025-05-26 11:45:08] INTERVAL plan generated: 24 รายการ, เวลาแรก: 00:25, เวลาสุดท้าย: 23:25 (เริ่มจากนาทีเดียวกันกับ lastScheduledTime ตั้งแต่ 00:XX)
[2025-05-26 11:45:08]   สร้างแผนใหม่สำเร็จ: NCP-6800001-20250526114508589-6541
[2025-05-26 11:45:08] ประมวลผล AN: 1/68 สำเร็จ
[2025-05-26 11:45:08] 
Auto Generate NC Plan เสร็จสิ้น:
- จำนวน AN ทั้งหมด: 1
- จำนวน AN ที่สำเร็จ: 1
- จำนวน AN ที่ล้มเหลว: 0
- จำนวนแผน NC ที่สร้าง: 3
    
[2025-05-26 11:50:58] เริ่มต้น Auto Generate NC Plan - ใช้เงื่อนไขใหม่
[2025-05-26 11:50:58] พบแผน NC ที่ต้อง generate: 7 รายการ
[2025-05-26 11:51:59] เริ่มต้น Auto Generate NC Plan - ใช้เงื่อนไขใหม่
[2025-05-26 11:51:59] พบแผน NC ที่ต้อง generate: 4 รายการ
[2025-05-26 11:51:59]   - NC0702 (Q2): lastScheduledTime = 2025-05-24 22:58:00
[2025-05-26 11:51:59]   - NC0101 (W2): startDatetime = 2025-05-24 20:25:00
[2025-05-26 11:51:59]   - NC0103 (TID): lastScheduledTime = 2025-05-24 22:00:00
[2025-05-26 11:51:59]   - NC0301 (Q1): lastScheduledTime = 2025-05-24 23:25:00
[2025-05-26 11:51:59] พบแผน NC ที่ต้อง generate จำนวน 4 แผน
[2025-05-26 11:51:59] กำลังประมวลผล AN: 1/68 (4 แผน)
[2025-05-26 11:51:59]   ประมวลผลแผน: NC0702 (Q2) - INTERVAL
[2025-05-26 11:51:59] Generate INTERVAL: lastScheduledTime=2025-05-24 22:58:00, interval=120 minutes
[2025-05-26 11:51:59]   เริ่มจากเวลา: 00:58 (นาทีเดียวกันกับ lastScheduledTime)
[2025-05-26 11:51:59]   Generated: 00:58
[2025-05-26 11:51:59]   Generated: 02:58
[2025-05-26 11:51:59]   Generated: 04:58
[2025-05-26 11:51:59]   Generated: 06:58
[2025-05-26 11:51:59]   Generated: 08:58
[2025-05-26 11:51:59]   Generated: 10:58
[2025-05-26 11:51:59]   Generated: 12:58
[2025-05-26 11:51:59]   Generated: 14:58
[2025-05-26 11:51:59]   Generated: 16:58
[2025-05-26 11:51:59]   Generated: 18:58
[2025-05-26 11:51:59]   Generated: 20:58
[2025-05-26 11:51:59]   Generated: 22:58
[2025-05-26 11:51:59] INTERVAL plan generated: 12 รายการ, เวลาแรก: 00:58, เวลาสุดท้าย: 22:58 (เริ่มจากนาทีเดียวกันกับ lastScheduledTime ตั้งแต่ 00:XX)
[2025-05-26 11:51:59]   สร้างแผนใหม่สำเร็จ: NCP-6800001-20250526115159511-3495
[2025-05-26 11:51:59]   ประมวลผลแผน: NC0101 (W2) - WEEKLY
[2025-05-26 11:51:59] Generate WEEKLY: effectiveTime=2025-05-24 20:25:00 (source: startDatetime), days=MON,WED,FRI
[2025-05-26 11:51:59]   ใช้เวลาจาก startDatetime: 20:25
[2025-05-26 11:51:59]   วันนี้: MON, วันที่กำหนด: MON,WED,FRI
[2025-05-26 11:51:59]   จะ generate เวลา: 2025-05-26 20:25:00
[2025-05-26 11:51:59]   Generated: 20:25
[2025-05-26 11:51:59] WEEKLY plan generated: 1 รายการ (based on startDatetime) - ไม่สนใจเวลาปัจจุบัน
[2025-05-26 11:51:59]   สร้างแผนใหม่สำเร็จ: NCP-6800001-20250526115159532-2782
[2025-05-26 11:51:59]   ประมวลผลแผน: NC0103 (TID) - PRESET
[2025-05-26 11:51:59] Generate PRESET: timeCode=TID (time source: lastScheduledTime)
[2025-05-26 11:51:59]   Generated: 06:00
[2025-05-26 11:51:59]   Generated: 14:00
[2025-05-26 11:51:59]   Generated: 22:00
[2025-05-26 11:51:59] PRESET plan generated: 3 รายการ (based on lastScheduledTime) - ทุกเวลาในวัน
[2025-05-26 11:51:59]   สร้างแผนใหม่สำเร็จ: NCP-6800001-20250526115159538-2866
[2025-05-26 11:51:59]   ประมวลผลแผน: NC0301 (Q1) - INTERVAL
[2025-05-26 11:51:59] Generate INTERVAL: lastScheduledTime=2025-05-24 23:25:00, interval=60 minutes
[2025-05-26 11:51:59]   เริ่มจากเวลา: 00:25 (นาทีเดียวกันกับ lastScheduledTime)
[2025-05-26 11:51:59]   Generated: 00:25
[2025-05-26 11:51:59]   Generated: 01:25
[2025-05-26 11:51:59]   Generated: 02:25
[2025-05-26 11:51:59]   Generated: 03:25
[2025-05-26 11:51:59]   Generated: 04:25
[2025-05-26 11:51:59]   Generated: 05:25
[2025-05-26 11:51:59]   Generated: 06:25
[2025-05-26 11:51:59]   Generated: 07:25
[2025-05-26 11:51:59]   Generated: 08:25
[2025-05-26 11:51:59]   Generated: 09:25
[2025-05-26 11:51:59]   Generated: 10:25
[2025-05-26 11:51:59]   Generated: 11:25
[2025-05-26 11:51:59]   Generated: 12:25
[2025-05-26 11:51:59]   Generated: 13:25
[2025-05-26 11:51:59]   Generated: 14:25
[2025-05-26 11:51:59]   Generated: 15:25
[2025-05-26 11:51:59]   Generated: 16:25
[2025-05-26 11:51:59]   Generated: 17:25
[2025-05-26 11:51:59]   Generated: 18:25
[2025-05-26 11:51:59]   Generated: 19:25
[2025-05-26 11:51:59]   Generated: 20:25
[2025-05-26 11:51:59]   Generated: 21:25
[2025-05-26 11:51:59]   Generated: 22:25
[2025-05-26 11:51:59]   Generated: 23:25
[2025-05-26 11:51:59] INTERVAL plan generated: 24 รายการ, เวลาแรก: 00:25, เวลาสุดท้าย: 23:25 (เริ่มจากนาทีเดียวกันกับ lastScheduledTime ตั้งแต่ 00:XX)
[2025-05-26 11:51:59]   สร้างแผนใหม่สำเร็จ: NCP-6800001-20250526115159548-5601
[2025-05-26 11:51:59] ประมวลผล AN: 1/68 สำเร็จ
[2025-05-26 11:51:59] 
Auto Generate NC Plan เสร็จสิ้น:
- จำนวน AN ทั้งหมด: 1
- จำนวน AN ที่สำเร็จ: 1
- จำนวน AN ที่ล้มเหลว: 0
- จำนวนแผน NC ที่สร้าง: 4
    
[2025-05-26 11:59:00] เริ่มต้น Auto Generate NC Plan - ใช้เงื่อนไขใหม่
[2025-05-26 11:59:00] พบแผน NC ที่ต้อง generate (เฉพาะแผนของเมื่อวาน): 0 รายการ
[2025-05-26 11:59:00] ไม่พบแผน NC ที่ต้อง generate (repeatType = continue และมี lastScheduledTime)
[2025-05-26 11:59:20] เริ่มต้น Auto Generate NC Plan - ใช้เงื่อนไขใหม่
[2025-05-26 11:59:20] พบแผน NC ที่ต้อง generate (เฉพาะแผนของเมื่อวาน): 4 รายการ
[2025-05-26 11:59:20]   - NC0702 (Q2): lastScheduledTime = 2025-05-24 22:58:00
[2025-05-26 11:59:20]   - NC0101 (W2): startDatetime = 2025-05-24 20:25:00
[2025-05-26 11:59:20]   - NC0103 (TID): lastScheduledTime = 2025-05-24 22:00:00
[2025-05-26 11:59:20]   - NC0301 (Q1): lastScheduledTime = 2025-05-24 23:25:00
[2025-05-26 11:59:20] พบแผน NC ที่ต้อง generate จำนวน 4 แผน
[2025-05-26 11:59:20] กำลังประมวลผล AN: 1/68 (4 แผน)
[2025-05-26 11:59:20]   ประมวลผลแผน: NC0702 (Q2) - INTERVAL
[2025-05-26 11:59:20] Generate INTERVAL: lastScheduledTime=2025-05-24 22:58:00, interval=120 minutes
[2025-05-26 11:59:20]   เริ่มจากเวลา: 00:58 (นาทีเดียวกันกับ lastScheduledTime)
[2025-05-26 11:59:20]   Generated: 00:58
[2025-05-26 11:59:20]   Generated: 02:58
[2025-05-26 11:59:20]   Generated: 04:58
[2025-05-26 11:59:20]   Generated: 06:58
[2025-05-26 11:59:20]   Generated: 08:58
[2025-05-26 11:59:20]   Generated: 10:58
[2025-05-26 11:59:20]   Generated: 12:58
[2025-05-26 11:59:20]   Generated: 14:58
[2025-05-26 11:59:20]   Generated: 16:58
[2025-05-26 11:59:20]   Generated: 18:58
[2025-05-26 11:59:20]   Generated: 20:58
[2025-05-26 11:59:20]   Generated: 22:58
[2025-05-26 11:59:20] INTERVAL plan generated: 12 รายการ, เวลาแรก: 00:58, เวลาสุดท้าย: 22:58 (เริ่มจากนาทีเดียวกันกับ lastScheduledTime ตั้งแต่ 00:XX)
[2025-05-26 11:59:20]   สร้างแผนใหม่สำเร็จ: NCP-6800001-20250526115920774-9624
[2025-05-26 11:59:20]   ประมวลผลแผน: NC0101 (W2) - WEEKLY
[2025-05-26 11:59:20] Generate WEEKLY: effectiveTime=2025-05-24 20:25:00 (source: startDatetime), days=MON,WED,FRI
[2025-05-26 11:59:20]   ใช้เวลาจาก startDatetime: 20:25
[2025-05-26 11:59:20]   วันนี้: MON, วันที่กำหนด: MON,WED,FRI
[2025-05-26 11:59:20]   จะ generate เวลา: 2025-05-26 20:25:00
[2025-05-26 11:59:20]   Generated: 20:25
[2025-05-26 11:59:20] WEEKLY plan generated: 1 รายการ (based on startDatetime) - ไม่สนใจเวลาปัจจุบัน
[2025-05-26 11:59:20]   สร้างแผนใหม่สำเร็จ: NCP-6800001-20250526115920790-7156
[2025-05-26 11:59:20]   ประมวลผลแผน: NC0103 (TID) - PRESET
[2025-05-26 11:59:20] Generate PRESET: timeCode=TID (time source: lastScheduledTime)
[2025-05-26 11:59:20]   Generated: 06:00
[2025-05-26 11:59:20]   Generated: 14:00
[2025-05-26 11:59:20]   Generated: 22:00
[2025-05-26 11:59:20] PRESET plan generated: 3 รายการ (based on lastScheduledTime) - ทุกเวลาในวัน
[2025-05-26 11:59:20]   สร้างแผนใหม่สำเร็จ: NCP-6800001-20250526115920795-5349
[2025-05-26 11:59:20]   ประมวลผลแผน: NC0301 (Q1) - INTERVAL
[2025-05-26 11:59:20] Generate INTERVAL: lastScheduledTime=2025-05-24 23:25:00, interval=60 minutes
[2025-05-26 11:59:20]   เริ่มจากเวลา: 00:25 (นาทีเดียวกันกับ lastScheduledTime)
[2025-05-26 11:59:20]   Generated: 00:25
[2025-05-26 11:59:20]   Generated: 01:25
[2025-05-26 11:59:20]   Generated: 02:25
[2025-05-26 11:59:20]   Generated: 03:25
[2025-05-26 11:59:20]   Generated: 04:25
[2025-05-26 11:59:20]   Generated: 05:25
[2025-05-26 11:59:20]   Generated: 06:25
[2025-05-26 11:59:20]   Generated: 07:25
[2025-05-26 11:59:20]   Generated: 08:25
[2025-05-26 11:59:20]   Generated: 09:25
[2025-05-26 11:59:20]   Generated: 10:25
[2025-05-26 11:59:20]   Generated: 11:25
[2025-05-26 11:59:20]   Generated: 12:25
[2025-05-26 11:59:20]   Generated: 13:25
[2025-05-26 11:59:20]   Generated: 14:25
[2025-05-26 11:59:20]   Generated: 15:25
[2025-05-26 11:59:20]   Generated: 16:25
[2025-05-26 11:59:20]   Generated: 17:25
[2025-05-26 11:59:20]   Generated: 18:25
[2025-05-26 11:59:20]   Generated: 19:25
[2025-05-26 11:59:20]   Generated: 20:25
[2025-05-26 11:59:20]   Generated: 21:25
[2025-05-26 11:59:20]   Generated: 22:25
[2025-05-26 11:59:20]   Generated: 23:25
[2025-05-26 11:59:20] INTERVAL plan generated: 24 รายการ, เวลาแรก: 00:25, เวลาสุดท้าย: 23:25 (เริ่มจากนาทีเดียวกันกับ lastScheduledTime ตั้งแต่ 00:XX)
[2025-05-26 11:59:20]   สร้างแผนใหม่สำเร็จ: NCP-6800001-20250526115920803-9818
[2025-05-26 11:59:20] ประมวลผล AN: 1/68 สำเร็จ
[2025-05-26 11:59:20] 
Auto Generate NC Plan เสร็จสิ้น:
- จำนวน AN ทั้งหมด: 1
- จำนวน AN ที่สำเร็จ: 1
- จำนวน AN ที่ล้มเหลว: 0
- จำนวนแผน NC ที่สร้าง: 4
    
[2025-05-26 11:59:42] เริ่มต้น Auto Generate NC Plan - ใช้เงื่อนไขใหม่
[2025-05-26 11:59:42] พบแผน NC ที่ต้อง generate (เฉพาะแผนของเมื่อวาน): 4 รายการ
[2025-05-26 11:59:42]   - NC0702 (Q2): lastScheduledTime = 2025-05-24 22:58:00
[2025-05-26 11:59:42]   - NC0101 (W2): startDatetime = 2025-05-24 20:25:00
[2025-05-26 11:59:42]   - NC0103 (TID): lastScheduledTime = 2025-05-24 22:00:00
[2025-05-26 11:59:42]   - NC0301 (Q1): lastScheduledTime = 2025-05-24 23:25:00
[2025-05-26 11:59:42] พบแผน NC ที่ต้อง generate จำนวน 4 แผน
[2025-05-26 11:59:42] กำลังประมวลผล AN: 1/68 (4 แผน)
[2025-05-26 11:59:42]   AN: 1/68 ถูก generate ไปแล้วในวันนี้ - ข้าม
[2025-05-26 11:59:42] 
Auto Generate NC Plan เสร็จสิ้น:
- จำนวน AN ทั้งหมด: 1
- จำนวน AN ที่สำเร็จ: 1
- จำนวน AN ที่ล้มเหลว: 0
- จำนวนแผน NC ที่สร้าง: 0
    
[2025-05-26 11:59:43] เริ่มต้น Auto Generate NC Plan - ใช้เงื่อนไขใหม่
[2025-05-26 11:59:43] พบแผน NC ที่ต้อง generate (เฉพาะแผนของเมื่อวาน): 4 รายการ
[2025-05-26 11:59:43]   - NC0702 (Q2): lastScheduledTime = 2025-05-24 22:58:00
[2025-05-26 11:59:43]   - NC0101 (W2): startDatetime = 2025-05-24 20:25:00
[2025-05-26 11:59:43]   - NC0103 (TID): lastScheduledTime = 2025-05-24 22:00:00
[2025-05-26 11:59:43]   - NC0301 (Q1): lastScheduledTime = 2025-05-24 23:25:00
[2025-05-26 11:59:43] พบแผน NC ที่ต้อง generate จำนวน 4 แผน
[2025-05-26 11:59:43] กำลังประมวลผล AN: 1/68 (4 แผน)
[2025-05-26 11:59:43]   AN: 1/68 ถูก generate ไปแล้วในวันนี้ - ข้าม
[2025-05-26 11:59:43] 
Auto Generate NC Plan เสร็จสิ้น:
- จำนวน AN ทั้งหมด: 1
- จำนวน AN ที่สำเร็จ: 1
- จำนวน AN ที่ล้มเหลว: 0
- จำนวนแผน NC ที่สร้าง: 0
    
[2025-05-26 11:59:45] เริ่มต้น Auto Generate NC Plan - ใช้เงื่อนไขใหม่
[2025-05-26 11:59:45] พบแผน NC ที่ต้อง generate (เฉพาะแผนของเมื่อวาน): 4 รายการ
[2025-05-26 11:59:45]   - NC0702 (Q2): lastScheduledTime = 2025-05-24 22:58:00
[2025-05-26 11:59:45]   - NC0101 (W2): startDatetime = 2025-05-24 20:25:00
[2025-05-26 11:59:45]   - NC0103 (TID): lastScheduledTime = 2025-05-24 22:00:00
[2025-05-26 11:59:45]   - NC0301 (Q1): lastScheduledTime = 2025-05-24 23:25:00
[2025-05-26 11:59:45] พบแผน NC ที่ต้อง generate จำนวน 4 แผน
[2025-05-26 11:59:45] กำลังประมวลผล AN: 1/68 (4 แผน)
[2025-05-26 11:59:45]   AN: 1/68 ถูก generate ไปแล้วในวันนี้ - ข้าม
[2025-05-26 11:59:45] 
Auto Generate NC Plan เสร็จสิ้น:
- จำนวน AN ทั้งหมด: 1
- จำนวน AN ที่สำเร็จ: 1
- จำนวน AN ที่ล้มเหลว: 0
- จำนวนแผน NC ที่สร้าง: 0
    
