[2025-04-07 18:47:39] เริ่มต้น Auto Generate VS Plan
[2025-04-07 18:47:39] กำลังประมวลผล AN: 1/68
[2025-04-07 18:47:39] Auto Generate VS Plan เสร็จสิ้น
[2025-04-07 18:47:39] เริ่มต้น Auto Generate VS Plan
[2025-04-07 18:47:39] กำลังประมวลผล AN: 1/68
[2025-04-07 18:47:39] Auto Generate VS Plan เสร็จสิ้น
[2025-04-08 00:00:24] เริ่มต้น Auto Generate VS Plan
[2025-04-08 00:00:25] กำลังประมวลผล AN: 1/68
[2025-04-08 00:00:25] Auto Generate VS Plan เสร็จสิ้น
[2025-04-08 00:00:25] เริ่มต้น Auto Generate VS Plan
[2025-04-08 00:00:25] กำลังประมวลผล AN: 1/68
[2025-04-08 00:00:25] Auto Generate VS Plan เสร็จสิ้น
[2025-04-08 00:01:34] เริ่มต้น Auto Generate VS Plan
[2025-04-08 00:01:34] กำลังประมวลผล AN: 1/68
[2025-04-08 00:01:34] Auto Generate VS Plan เสร็จสิ้น
[2025-04-08 00:01:34] เริ่มต้น Auto Generate VS Plan
[2025-04-08 00:01:34] กำลังประมวลผล AN: 1/68
[2025-04-08 00:01:34] Auto Generate VS Plan เสร็จสิ้น
[2025-04-08 00:10:45] เริ่มต้น Auto Generate VS Plan
[2025-04-08 00:10:45] กำลังประมวลผล AN: 1/68
[2025-04-08 00:10:45] Auto Generate VS Plan เสร็จสิ้น
[2025-04-08 00:11:57] เริ่มต้น Auto Generate VS Plan
[2025-04-08 00:11:57] กำลังประมวลผล AN: 1/68
[2025-04-08 00:11:57] Auto Generate VS Plan เสร็จสิ้น
[2025-04-08 00:14:16] เริ่มต้น Auto Generate VS Plan
[2025-04-08 00:14:16] กำลังประมวลผล AN: 1/68
[2025-04-08 00:14:16] Auto Generate VS Plan เสร็จสิ้น
[2025-04-08 00:15:26] เริ่มต้น Auto Generate VS Plan
[2025-04-08 00:15:26] กำลังประมวลผล AN: 1/68
[2025-04-08 00:15:26] Auto Generate VS Plan เสร็จสิ้น
[2025-04-08 00:16:41] เริ่มต้น Auto Generate VS Plan
[2025-04-08 00:16:41] กำลังประมวลผล AN: 1/68
[2025-04-08 00:16:41] Auto Generate VS Plan เสร็จสิ้น
[2025-04-08 00:18:03] เริ่มต้น Auto Generate VS Plan
[2025-04-08 00:18:04] กำลังประมวลผล AN: 1/68
[2025-04-08 00:18:04] Auto Generate VS Plan เสร็จสิ้น
[2025-04-08 00:19:20] เริ่มต้น Auto Generate VS Plan
[2025-04-08 00:19:20] กำลังประมวลผล AN: 1/68
[2025-04-08 00:19:20] Auto Generate VS Plan เสร็จสิ้น
[2025-04-08 00:20:07] เริ่มต้น Auto Generate VS Plan
[2025-04-08 00:20:07] กำลังประมวลผล AN: 1/68
[2025-04-08 00:20:07] Auto Generate VS Plan เสร็จสิ้น
[2025-04-08 00:20:57] เริ่มต้น Auto Generate VS Plan
[2025-04-08 00:20:57] กำลังประมวลผล AN: 1/68
[2025-04-08 00:20:57] Auto Generate VS Plan เสร็จสิ้น
[2025-04-08 00:50:31] เริ่มต้น Auto Generate VS Plan
[2025-04-08 01:26:34] เริ่มต้น Auto Generate VS Plan
[2025-04-08 01:26:34] กำลังประมวลผล AN: 1/68
[2025-04-08 01:26:34] ประมวลผล AN: 1/68 สำเร็จ
[2025-04-08 01:26:34] Auto Generate VS Plan เสร็จสิ้น
[2025-04-08 01:27:33] เริ่มต้น Auto Generate VS Plan
[2025-04-08 01:27:34] กำลังประมวลผล AN: 1/68
[2025-04-08 01:27:34] ประมวลผล AN: 1/68 สำเร็จ
[2025-04-08 01:27:34] Auto Generate VS Plan เสร็จสิ้น
[2025-05-24 17:59:10] เริ่มต้น Auto Generate VS Plan
[2025-05-24 17:59:10] กำลังประมวลผล AN: 1/68
[2025-05-24 17:59:10] ประมวลผล AN: 1/68 สำเร็จ
[2025-05-24 17:59:10] กำลังประมวลผล AN: 12/68
[2025-05-24 17:59:10] ประมวลผล AN: 12/68 สำเร็จ
[2025-05-24 17:59:10] กำลังประมวลผล AN: 142/68
[2025-05-24 17:59:10] ประมวลผล AN: 142/68 สำเร็จ
[2025-05-24 17:59:10] กำลังประมวลผล AN: 143/68
[2025-05-24 17:59:10] ประมวลผล AN: 143/68 สำเร็จ
[2025-05-24 17:59:10] กำลังประมวลผล AN: 159/68
[2025-05-24 17:59:10] ประมวลผล AN: 159/68 สำเร็จ
[2025-05-24 17:59:10] กำลังประมวลผล AN: 200/68
[2025-05-24 17:59:10] ประมวลผล AN: 200/68 สำเร็จ
[2025-05-24 17:59:10] กำลังประมวลผล AN: 213/68
[2025-05-24 17:59:10] ประมวลผล AN: 213/68 สำเร็จ
[2025-05-24 17:59:10] กำลังประมวลผล AN: 23/68
[2025-05-24 17:59:10] ประมวลผล AN: 23/68 สำเร็จ
[2025-05-24 17:59:10] กำลังประมวลผล AN: 399/68
[2025-05-24 17:59:11] ประมวลผล AN: 399/68 สำเร็จ
[2025-05-24 17:59:11] กำลังประมวลผล AN: 6172/67
[2025-05-24 17:59:11] ประมวลผล AN: 6172/67 สำเร็จ
[2025-05-24 17:59:11] Auto Generate VS Plan เสร็จสิ้น
[2025-05-26 11:42:19] === เริ่มต้นทดสอบ Auto Generate VS Plan ===
[2025-05-26 11:42:19] === เริ่มต้น Auto Generate VS Plan ===
[2025-05-26 11:42:20] พบแผน VS ที่ต้อง generate: 0 รายการ
[2025-05-26 11:42:20] ไม่พบแผน VS ที่ต้อง generate (ต้องมี lastScheduledTime)
[2025-05-26 11:42:32] === เริ่มต้นทดสอบ Auto Generate VS Plan ===
[2025-05-26 11:42:32] === เริ่มต้น Auto Generate VS Plan ===
[2025-05-26 11:42:32] พบแผน VS ที่ต้อง generate: 0 รายการ
[2025-05-26 11:42:32] ไม่พบแผน VS ที่ต้อง generate (ต้องมี lastScheduledTime)
[2025-05-26 11:42:52] === เริ่มต้นทดสอบ Auto Generate VS Plan ===
[2025-05-26 11:42:52] === เริ่มต้น Auto Generate VS Plan ===
[2025-05-26 11:42:52] พบแผน VS ที่ต้อง generate: 0 รายการ
[2025-05-26 11:42:52] ไม่พบแผน VS ที่ต้อง generate (ต้องมี lastScheduledTime)
[2025-05-26 11:43:02] === เริ่มต้นทดสอบ Auto Generate VS Plan ===
[2025-05-26 11:43:02] === เริ่มต้น Auto Generate VS Plan ===
[2025-05-26 11:43:02] พบแผน VS ที่ต้อง generate: 0 รายการ
[2025-05-26 11:43:02] ไม่พบแผน VS ที่ต้อง generate (ต้องมี lastScheduledTime)
[2025-05-26 11:59:52] === เริ่มต้นทดสอบ Auto Generate VS Plan ===
[2025-05-26 11:59:52] === เริ่มต้น Auto Generate VS Plan ===
[2025-05-26 11:59:52] พบแผน VS ที่ต้อง generate (เฉพาะแผนของเมื่อวาน): 1 รายการ
[2025-05-26 11:59:52] พบ 1 AN ที่ต้อง generate VS plan
[2025-05-26 11:59:52] 
=== ประมวลผล AN: 1/68 (1 แผน) ===
[2025-05-26 11:59:52] Generate INTERVAL VS: lastScheduledTime=2025-05-25 22:25:35, interval=120 minutes
[2025-05-26 11:59:52] INTERVAL VS สร้างสำเร็จ: 12 รายการ, เวลาแรก=00:25, เวลาสุดท้าย=15:25
[2025-05-26 11:59:52] สร้างแผน VS สำเร็จ: Q2 (INTERVAL) - 12 รายการ
[2025-05-26 11:59:52] AN 1/68 ประมวลผลสำเร็จ
[2025-05-26 11:59:52] 
=== สรุปผลการ Auto Generate VS Plan ===
[2025-05-26 11:59:52] แผนทั้งหมด: 1
[2025-05-26 11:59:52] สำเร็จ: 1, ล้มเหลว: 0, ข้าม: 0
[2025-05-26 11:59:52] INTERVAL: 1, FIXED: 0, CYCLETIME: 0
[2025-05-26 11:59:52] AN ทั้งหมด: 1, สำเร็จ: 1, ล้มเหลว: 0
[2025-05-26 12:04:09] === เริ่มต้นทดสอบ Auto Generate VS Plan ===
[2025-05-26 12:04:09] === เริ่มต้น Auto Generate VS Plan ===
[2025-05-26 12:04:09] พบแผน VS ที่ต้อง generate (เฉพาะแผนของเมื่อวาน): 1 รายการ
[2025-05-26 12:04:09] พบ 1 AN ที่ต้อง generate VS plan
[2025-05-26 12:04:09] 
=== ประมวลผล AN: 1/68 (1 แผน) ===
[2025-05-26 12:04:09] AN 1/68 ถูก generate ไปแล้วในวันนี้ - ข้าม
[2025-05-26 12:04:09] 
=== สรุปผลการ Auto Generate VS Plan ===
[2025-05-26 12:04:09] แผนทั้งหมด: 1
[2025-05-26 12:04:09] สำเร็จ: 0, ล้มเหลว: 0, ข้าม: 1
[2025-05-26 12:04:09] INTERVAL: 0, FIXED: 0, CYCLETIME: 0
[2025-05-26 12:04:09] AN ทั้งหมด: 1, สำเร็จ: 0, ล้มเหลว: 0
[2025-05-26 12:04:20] === เริ่มต้นทดสอบ Auto Generate VS Plan ===
[2025-05-26 12:04:20] === เริ่มต้น Auto Generate VS Plan ===
[2025-05-26 12:04:20] พบแผน VS ที่ต้อง generate (เฉพาะแผนของเมื่อวาน): 1 รายการ
[2025-05-26 12:04:20] พบ 1 AN ที่ต้อง generate VS plan
[2025-05-26 12:04:20] 
=== ประมวลผล AN: 1/68 (1 แผน) ===
[2025-05-26 12:04:20] Generate INTERVAL VS: lastScheduledTime=2025-05-25 22:25:35, interval=120 minutes
[2025-05-26 12:04:20] INTERVAL VS สร้างสำเร็จ: 12 รายการ, เวลาแรก=00:25, เวลาสุดท้าย=15:25
[2025-05-26 12:04:20] สร้างแผน VS สำเร็จ: Q2 (INTERVAL) - 12 รายการ
[2025-05-26 12:04:20] AN 1/68 ประมวลผลสำเร็จ
[2025-05-26 12:04:20] 
=== สรุปผลการ Auto Generate VS Plan ===
[2025-05-26 12:04:20] แผนทั้งหมด: 1
[2025-05-26 12:04:20] สำเร็จ: 1, ล้มเหลว: 0, ข้าม: 0
[2025-05-26 12:04:20] INTERVAL: 1, FIXED: 0, CYCLETIME: 0
[2025-05-26 12:04:20] AN ทั้งหมด: 1, สำเร็จ: 1, ล้มเหลว: 0
[2025-05-26 12:05:07] === เริ่มต้นทดสอบ Auto Generate VS Plan ===
[2025-05-26 12:05:07] === เริ่มต้น Auto Generate VS Plan ===
[2025-05-26 12:05:07] พบแผน VS ที่ต้อง generate (เฉพาะแผนของเมื่อวาน): 1 รายการ
[2025-05-26 12:05:07] พบ 1 AN ที่ต้อง generate VS plan
[2025-05-26 12:05:07] 
=== ประมวลผล AN: 1/68 (1 แผน) ===
[2025-05-26 12:05:07] Generate INTERVAL VS: lastScheduledTime=2025-05-25 22:10:35, interval=120 minutes
[2025-05-26 12:05:07] INTERVAL VS สร้างสำเร็จ: 12 รายการ, เวลาแรก=00:10, เวลาสุดท้าย=15:10
[2025-05-26 12:05:07] สร้างแผน VS สำเร็จ: Q2 (INTERVAL) - 12 รายการ
[2025-05-26 12:05:07] AN 1/68 ประมวลผลสำเร็จ
[2025-05-26 12:05:07] 
=== สรุปผลการ Auto Generate VS Plan ===
[2025-05-26 12:05:07] แผนทั้งหมด: 1
[2025-05-26 12:05:07] สำเร็จ: 1, ล้มเหลว: 0, ข้าม: 0
[2025-05-26 12:05:07] INTERVAL: 1, FIXED: 0, CYCLETIME: 0
[2025-05-26 12:05:07] AN ทั้งหมด: 1, สำเร็จ: 1, ล้มเหลว: 0
[2025-05-26 12:05:33] === เริ่มต้นทดสอบ Auto Generate VS Plan ===
[2025-05-26 12:05:33] === เริ่มต้น Auto Generate VS Plan ===
[2025-05-26 12:05:33] พบแผน VS ที่ต้อง generate (เฉพาะแผนของเมื่อวาน): 6 รายการ
[2025-05-26 12:05:33] พบ 1 AN ที่ต้อง generate VS plan
[2025-05-26 12:05:33] 
=== ประมวลผล AN: 1/68 (6 แผน) ===
[2025-05-26 12:05:33] Generate FIXED VS: vsCode=Q4, effectiveTime=2025-05-25 22:10:35
[2025-05-26 12:05:33] FIXED VS สร้างสำเร็จ: 6 รายการ, เวลาแรก=02:00, เวลาสุดท้าย=15:00
[2025-05-26 12:05:33] สร้างแผน VS สำเร็จ: Q4 (FIXED) - 6 รายการ
[2025-05-26 12:05:33] Generate FIXED VS: vsCode=Q4, effectiveTime=2025-05-25 22:10:35
[2025-05-26 12:05:33] FIXED VS สร้างสำเร็จ: 6 รายการ, เวลาแรก=02:00, เวลาสุดท้าย=15:00
[2025-05-26 12:05:33] สร้างแผน VS สำเร็จ: Q4 (FIXED) - 6 รายการ
[2025-05-26 12:05:33] Generate FIXED VS: vsCode=Q4, effectiveTime=2025-05-25 22:10:35
[2025-05-26 12:05:33] FIXED VS สร้างสำเร็จ: 6 รายการ, เวลาแรก=02:00, เวลาสุดท้าย=15:00
[2025-05-26 12:05:33] สร้างแผน VS สำเร็จ: Q4 (FIXED) - 6 รายการ
[2025-05-26 12:05:33] Generate FIXED VS: vsCode=Q4, effectiveTime=2025-05-25 22:10:35
[2025-05-26 12:05:33] FIXED VS สร้างสำเร็จ: 6 รายการ, เวลาแรก=02:00, เวลาสุดท้าย=15:00
[2025-05-26 12:05:33] สร้างแผน VS สำเร็จ: Q4 (FIXED) - 6 รายการ
[2025-05-26 12:05:33] Generate FIXED VS: vsCode=Q4, effectiveTime=2025-05-25 22:10:35
[2025-05-26 12:05:33] FIXED VS สร้างสำเร็จ: 6 รายการ, เวลาแรก=02:00, เวลาสุดท้าย=15:00
[2025-05-26 12:05:33] สร้างแผน VS สำเร็จ: Q4 (FIXED) - 6 รายการ
[2025-05-26 12:05:33] Generate FIXED VS: vsCode=Q4, effectiveTime=2025-05-25 22:10:35
[2025-05-26 12:05:33] FIXED VS สร้างสำเร็จ: 6 รายการ, เวลาแรก=02:00, เวลาสุดท้าย=15:00
[2025-05-26 12:05:33] สร้างแผน VS สำเร็จ: Q4 (FIXED) - 6 รายการ
[2025-05-26 12:05:33] AN 1/68 ประมวลผลสำเร็จ
[2025-05-26 12:05:33] 
=== สรุปผลการ Auto Generate VS Plan ===
[2025-05-26 12:05:33] แผนทั้งหมด: 6
[2025-05-26 12:05:33] สำเร็จ: 6, ล้มเหลว: 0, ข้าม: 0
[2025-05-26 12:05:33] INTERVAL: 0, FIXED: 6, CYCLETIME: 0
[2025-05-26 12:05:33] AN ทั้งหมด: 1, สำเร็จ: 1, ล้มเหลว: 0
[2025-05-26 12:12:02] === เริ่มต้นทดสอบ Auto Generate VS Plan ===
[2025-05-26 12:12:02] === เริ่มต้น Auto Generate VS Plan ===
[2025-05-26 12:12:02] พบแผน VS ที่ต้อง generate (เฉพาะแผนของเมื่อวาน): 6 รายการ
[2025-05-26 12:12:02] พบ 1 AN ที่ต้อง generate VS plan
[2025-05-26 12:12:02] 
=== ประมวลผล AN: 1/68 (6 แผน) ===
[2025-05-26 12:12:02] Generate FIXED VS: vsCode=Q4, effectiveTime=2025-05-25 22:10:35
[2025-05-26 12:12:02] FIXED VS สร้างสำเร็จ: 6 รายการ, เวลาแรก=02:00, เวลาสุดท้าย=15:00
[2025-05-26 12:12:02] สร้างแผน VS สำเร็จ: Q4 (FIXED) - 6 รายการ
[2025-05-26 12:12:02] VS Code Q4 สำหรับ AN 1/68 ถูก generate ไปแล้วในวันนี้ - ข้าม
[2025-05-26 12:12:02] VS Code Q4 สำหรับ AN 1/68 ถูก generate ไปแล้วในวันนี้ - ข้าม
[2025-05-26 12:12:02] VS Code Q4 สำหรับ AN 1/68 ถูก generate ไปแล้วในวันนี้ - ข้าม
[2025-05-26 12:12:02] VS Code Q4 สำหรับ AN 1/68 ถูก generate ไปแล้วในวันนี้ - ข้าม
[2025-05-26 12:12:02] VS Code Q4 สำหรับ AN 1/68 ถูก generate ไปแล้วในวันนี้ - ข้าม
[2025-05-26 12:12:02] AN 1/68 ประมวลผลสำเร็จ
[2025-05-26 12:12:02] 
=== สรุปผลการ Auto Generate VS Plan ===
[2025-05-26 12:12:02] แผนทั้งหมด: 6
[2025-05-26 12:12:02] สำเร็จ: 1, ล้มเหลว: 0, ข้าม: 5
[2025-05-26 12:12:02] INTERVAL: 0, FIXED: 1, CYCLETIME: 0
[2025-05-26 12:12:02] AN ทั้งหมด: 1, สำเร็จ: 1, ล้มเหลว: 0
[2025-05-26 12:12:25] === เริ่มต้นทดสอบ Auto Generate VS Plan ===
[2025-05-26 12:12:25] === เริ่มต้น Auto Generate VS Plan ===
[2025-05-26 12:12:25] พบแผน VS ที่ต้อง generate (เฉพาะแผนของเมื่อวาน): 6 รายการ
[2025-05-26 12:12:25] พบ 1 AN ที่ต้อง generate VS plan
[2025-05-26 12:12:25] 
=== ประมวลผล AN: 1/68 (6 แผน) ===
[2025-05-26 12:12:25] AN 1/68 ถูก generate ไปแล้วในวันนี้ - ข้าม
[2025-05-26 12:12:25] 
=== สรุปผลการ Auto Generate VS Plan ===
[2025-05-26 12:12:25] แผนทั้งหมด: 6
[2025-05-26 12:12:25] สำเร็จ: 0, ล้มเหลว: 0, ข้าม: 6
[2025-05-26 12:12:25] INTERVAL: 0, FIXED: 0, CYCLETIME: 0
[2025-05-26 12:12:25] AN ทั้งหมด: 1, สำเร็จ: 0, ล้มเหลว: 0
[2025-05-26 12:12:37] === เริ่มต้นทดสอบ Auto Generate VS Plan ===
[2025-05-26 12:12:37] === เริ่มต้น Auto Generate VS Plan ===
[2025-05-26 12:12:37] พบแผน VS ที่ต้อง generate (เฉพาะแผนของเมื่อวาน): 1 รายการ
[2025-05-26 12:12:37] พบ 1 AN ที่ต้อง generate VS plan
[2025-05-26 12:12:37] 
=== ประมวลผล AN: 1/68 (1 แผน) ===
[2025-05-26 12:12:37] Generate INTERVAL VS: lastScheduledTime=2025-05-25 22:10:35, interval=60 minutes
[2025-05-26 12:12:37] INTERVAL VS สร้างสำเร็จ: 24 รายการ, เวลาแรก=00:10, เวลาสุดท้าย=16:10
[2025-05-26 12:12:37] สร้างแผน VS สำเร็จ: Q1 (INTERVAL) - 24 รายการ
[2025-05-26 12:12:37] AN 1/68 ประมวลผลสำเร็จ
[2025-05-26 12:12:37] 
=== สรุปผลการ Auto Generate VS Plan ===
[2025-05-26 12:12:37] แผนทั้งหมด: 1
[2025-05-26 12:12:37] สำเร็จ: 1, ล้มเหลว: 0, ข้าม: 0
[2025-05-26 12:12:37] INTERVAL: 1, FIXED: 0, CYCLETIME: 0
[2025-05-26 12:12:37] AN ทั้งหมด: 1, สำเร็จ: 1, ล้มเหลว: 0
[2025-05-26 12:13:04] === เริ่มต้นทดสอบ Auto Generate VS Plan ===
[2025-05-26 12:13:04] === เริ่มต้น Auto Generate VS Plan ===
[2025-05-26 12:13:04] พบแผน VS ที่ต้อง generate (เฉพาะแผนของเมื่อวาน): 3 รายการ
[2025-05-26 12:13:04] พบ 1 AN ที่ต้อง generate VS plan
[2025-05-26 12:13:04] 
=== ประมวลผล AN: 1/68 (3 แผน) ===
[2025-05-26 12:13:04] Generate FIXED VS: vsCode=TID, effectiveTime=2025-05-25 22:10:35
[2025-05-26 12:13:04] FIXED VS สร้างสำเร็จ: 3 รายการ, เวลาแรก=06:00, เวลาสุดท้าย=11:00
[2025-05-26 12:13:04] สร้างแผน VS สำเร็จ: TID (FIXED) - 3 รายการ
[2025-05-26 12:13:04] VS Code TID สำหรับ AN 1/68 ถูก generate ไปแล้วในวันนี้ - ข้าม
[2025-05-26 12:13:04] VS Code TID สำหรับ AN 1/68 ถูก generate ไปแล้วในวันนี้ - ข้าม
[2025-05-26 12:13:04] AN 1/68 ประมวลผลสำเร็จ
[2025-05-26 12:13:04] 
=== สรุปผลการ Auto Generate VS Plan ===
[2025-05-26 12:13:04] แผนทั้งหมด: 3
[2025-05-26 12:13:04] สำเร็จ: 1, ล้มเหลว: 0, ข้าม: 2
[2025-05-26 12:13:04] INTERVAL: 0, FIXED: 1, CYCLETIME: 0
[2025-05-26 12:13:04] AN ทั้งหมด: 1, สำเร็จ: 1, ล้มเหลว: 0
[2025-05-26 12:13:36] === เริ่มต้นทดสอบ Auto Generate VS Plan ===
[2025-05-26 12:13:36] === เริ่มต้น Auto Generate VS Plan ===
[2025-05-26 12:13:36] พบแผน VS ที่ต้อง generate (เฉพาะแผนของเมื่อวาน): 0 รายการ
[2025-05-26 12:13:36] ไม่พบแผน VS ที่ต้อง generate (ต้องมี lastScheduledTime)
[2025-05-26 12:13:58] === เริ่มต้นทดสอบ Auto Generate VS Plan ===
[2025-05-26 12:13:58] === เริ่มต้น Auto Generate VS Plan ===
[2025-05-26 12:13:58] พบแผน VS ที่ต้อง generate (เฉพาะแผนของเมื่อวาน): 1 รายการ
[2025-05-26 12:13:58] พบ 1 AN ที่ต้อง generate VS plan
[2025-05-26 12:13:58] 
=== ประมวลผล AN: 1/68 (1 แผน) ===
[2025-05-26 12:13:58] Generate CYCLETIME VS: vsCode=Q2x4, effectiveTime=2025-05-25 22:10:35, count=4
[2025-05-26 12:13:58] CYCLETIME VS สร้างสำเร็จ: 4 รายการ, เวลาแรก=12:13, เวลาสุดท้าย=11:13
[2025-05-26 12:13:58] สร้างแผน VS สำเร็จ: Q2x4 (CYCLETIME) - 4 รายการ
[2025-05-26 12:13:58] AN 1/68 ประมวลผลสำเร็จ
[2025-05-26 12:13:58] 
=== สรุปผลการ Auto Generate VS Plan ===
[2025-05-26 12:13:58] แผนทั้งหมด: 1
[2025-05-26 12:13:58] สำเร็จ: 1, ล้มเหลว: 0, ข้าม: 0
[2025-05-26 12:13:58] INTERVAL: 0, FIXED: 0, CYCLETIME: 1
[2025-05-26 12:13:58] AN ทั้งหมด: 1, สำเร็จ: 1, ล้มเหลว: 0
[2025-05-26 12:14:42] === เริ่มต้นทดสอบ Auto Generate VS Plan ===
[2025-05-26 12:14:42] === เริ่มต้น Auto Generate VS Plan ===
[2025-05-26 12:14:42] พบแผน VS ที่ต้อง generate (เฉพาะแผนของเมื่อวาน): 1 รายการ
[2025-05-26 12:14:42] พบ 1 AN ที่ต้อง generate VS plan
[2025-05-26 12:14:42] 
=== ประมวลผล AN: 1/68 (1 แผน) ===
[2025-05-26 12:14:42] Generate INTERVAL VS: lastScheduledTime=2025-05-25 22:10:35, interval=null minutes
