[2025-05-25 00:11:15] [INFO] [NC-1748106675329-996]   === เริ่มต้น Auto Generate NC Plan Session ===
[2025-05-25 00:11:15] [INFO] [NC-1748106675329-996]   Session ID: NC-1748106675329-996
[2025-05-25 00:11:15] [INFO] [NC-1748106675329-996]   เวลาเริ่มต้น: 2025-05-25 00:11:15
[2025-05-25 00:11:15] [INFO] [NC-1748106675329-996]   เริ่มต้นระบบ Auto Generate NC Plan
[2025-05-25 00:11:15] [INFO] [NC-1748106675329-996]   พบแผน NC ทั้งหมด: 4 รายการ
[2025-05-25 00:11:15] [INFO] [NC-1748106675329-996]   แผนที่ถูกต้อง: 4 รายการ
[2025-05-25 00:11:15] [INFO] [NC-1748106675329-996]   แผนที่ไม่สมบูรณ์: 0 รายการ
[2025-05-25 00:11:15] [INFO] [NC-1748106675329-996]   จัดกลุ่มได้ 1 AN ที่ต้อง generate NC plan
[2025-05-25 00:11:15] [INFO] [NC-1748106675329-996] [AN:1/68]  เริ่มประมวลผล AN: 1/68 (4 แผน)
[2025-05-25 00:11:15] [INFO] [NC-1748106675329-996] [AN:1/68]  AN 1/68 ถูกข้าม: ถูก generate ไปแล้วในวันนี้
[2025-05-25 00:11:15] [INFO] [NC-1748106675329-996]   Auto Generate NC Plan เสร็จสิ้น - commit transaction สำเร็จ
[2025-05-25 00:11:15] [INFO] [NC-1748106675329-996]   === สิ้นสุด Auto Generate NC Plan Session ===
[2025-05-25 00:11:15] [INFO] [NC-1748106675329-996]   เวลาสิ้นสุด: 2025-05-25 00:11:15
[2025-05-25 00:11:15] [INFO] [NC-1748106675329-996]   ระยะเวลาทั้งหมด: 0 วินาที
[2025-05-25 00:11:15] [INFO] [NC-1748106675329-996]   
=== สรุปผลการ Auto Generate NC Plan ===
[2025-05-25 00:11:15] [INFO] [NC-1748106675329-996]   AN ทั้งหมด: 1
[2025-05-25 00:11:15] [INFO] [NC-1748106675329-996]   AN สำเร็จ: 0
[2025-05-25 00:11:15] [INFO] [NC-1748106675329-996]   AN ล้มเหลว: 0
[2025-05-25 00:11:15] [INFO] [NC-1748106675329-996]   AN ข้าม: 1
[2025-05-25 00:11:15] [INFO] [NC-1748106675329-996]   แผนทั้งหมด: 0
[2025-05-25 00:11:15] [INFO] [NC-1748106675329-996]   แผนสำเร็จ: 0
[2025-05-25 00:11:15] [INFO] [NC-1748106675329-996]   แผนล้มเหลว: 0
[2025-05-25 00:11:15] [INFO] [NC-1748106675329-996]   แผนข้าม: 0
[2025-05-25 00:11:15] [INFO] [NC-1748106675329-996]   
AN ที่ถูกข้าม:
[2025-05-25 00:11:15] [INFO] [NC-1748106675329-996]     - 1/68: ถูก generate ไปแล้วในวันนี้
[2025-05-25 00:11:15] [INFO] [NC-1748106675329-996]   อัตราความสำเร็จ: 0%
[2025-05-25 00:11:15] [INFO] [NC-1748106675329-996]   บันทึกสถิติลงฐานข้อมูลสำเร็จ
[2025-05-25 13:30:37] [INFO] [NC-1748154637790-175]   === เริ่มต้น Auto Generate NC Plan Session ===
[2025-05-25 13:30:37] [INFO] [NC-1748154637790-175]   Session ID: NC-1748154637790-175
[2025-05-25 13:30:37] [INFO] [NC-1748154637790-175]   เวลาเริ่มต้น: 2025-05-25 13:30:37
[2025-05-25 13:30:37] [INFO] [NC-1748154637790-175]   เริ่มต้นระบบ Auto Generate NC Plan
[2025-05-25 13:30:37] [INFO] [NC-1748154637790-175]   พบแผน NC ทั้งหมด: 2 รายการ
[2025-05-25 13:30:37] [INFO] [NC-1748154637790-175]   แผนที่ถูกต้อง: 2 รายการ
[2025-05-25 13:30:37] [INFO] [NC-1748154637790-175]   แผนที่ไม่สมบูรณ์: 0 รายการ
[2025-05-25 13:30:37] [INFO] [NC-1748154637790-175]   จัดกลุ่มได้ 1 AN ที่ต้อง generate NC plan
[2025-05-25 13:30:37] [INFO] [NC-1748154637790-175] [AN:1/68]  เริ่มประมวลผล AN: 1/68 (2 แผน)
[2025-05-25 13:30:37] [INFO] [NC-1748154637790-175] [AN:1/68] [NC:NC0103] ประมวลผลแผน: NC0103 (TID) - PRESET
[2025-05-25 13:30:37] [INFO] [NC-1748154637790-175] [AN:1/68] [NC:NC0103] สร้างแผนสำเร็จ: NC0103 (3 รายการ) ใช้เวลา 11ms
[2025-05-25 13:30:37] [INFO] [NC-1748154637790-175] [AN:1/68] [NC:NC0301] ประมวลผลแผน: NC0301 (Q1) - INTERVAL
[2025-05-25 13:30:37] [INFO] [NC-1748154637790-175] [AN:1/68] [NC:NC0301] แผนถูกข้าม: NC0301 - ไม่มีรายการที่ต้อง generate สำหรับ INTERVAL
[2025-05-25 13:30:37] [INFO] [NC-1748154637790-175] [AN:1/68]  AN 1/68 ประมวลผลสำเร็จ - สำเร็จ: 1, ล้มเหลว: 0
[2025-05-25 13:30:37] [INFO] [NC-1748154637790-175] [AN:1/68]  AN 1/68 ใช้เวลาทั้งหมด: 18ms
[2025-05-25 13:30:37] [INFO] [NC-1748154637790-175]   Auto Generate NC Plan เสร็จสิ้น - commit transaction สำเร็จ
[2025-05-25 13:30:37] [INFO] [NC-1748154637790-175]   === สิ้นสุด Auto Generate NC Plan Session ===
[2025-05-25 13:30:37] [INFO] [NC-1748154637790-175]   เวลาสิ้นสุด: 2025-05-25 13:30:37
[2025-05-25 13:30:37] [INFO] [NC-1748154637790-175]   ระยะเวลาทั้งหมด: 0 วินาที
[2025-05-25 13:30:37] [INFO] [NC-1748154637790-175]   
=== สรุปผลการ Auto Generate NC Plan ===
[2025-05-25 13:30:37] [INFO] [NC-1748154637790-175]   AN ทั้งหมด: 1
[2025-05-25 13:30:37] [INFO] [NC-1748154637790-175]   AN สำเร็จ: 1
[2025-05-25 13:30:37] [INFO] [NC-1748154637790-175]   AN ล้มเหลว: 0
[2025-05-25 13:30:37] [INFO] [NC-1748154637790-175]   AN ข้าม: 0
[2025-05-25 13:30:37] [INFO] [NC-1748154637790-175]   แผนทั้งหมด: 0
[2025-05-25 13:30:37] [INFO] [NC-1748154637790-175]   แผนสำเร็จ: 2
[2025-05-25 13:30:37] [INFO] [NC-1748154637790-175]   แผนล้มเหลว: 0
[2025-05-25 13:30:37] [INFO] [NC-1748154637790-175]   แผนข้าม: 1
[2025-05-25 13:30:37] [INFO] [NC-1748154637790-175]   เวลาเฉลี่ยต่อแผน: 11ms (ต่ำสุด: 11ms, สูงสุด: 11ms)
[2025-05-25 13:30:37] [INFO] [NC-1748154637790-175]   อัตราความสำเร็จ: 100%
[2025-05-25 13:30:37] [ERROR] [NC-1748154637790-175]   เกิดข้อผิดพลาดในการบันทึกลง tbl_ur_generate_daily_log: Data truncated for column 'execution_status' at row 1
[2025-05-25 13:30:37] [INFO] [NC-1748154637790-175]   บันทึกลง tbl_ur_autogeneratestats สำเร็จ
[2025-05-25 13:30:37] [INFO] [NC-1748154637790-175]   บันทึกสถิติลงฐานข้อมูลเสร็จสิ้น
[2025-05-25 15:48:49] [INFO] [NC-1748162929512-931]   === เริ่มต้น Auto Generate NC Plan Session ===
[2025-05-25 15:48:49] [INFO] [NC-1748162929512-931]   Session ID: NC-1748162929512-931
[2025-05-25 15:48:49] [INFO] [NC-1748162929512-931]   เวลาเริ่มต้น: 2025-05-25 15:48:49
[2025-05-25 15:48:49] [INFO] [NC-1748162929512-931]   เริ่มต้นระบบ Auto Generate NC Plan
[2025-05-25 15:48:49] [INFO] [NC-1748162929512-931]   พบแผน NC ทั้งหมด: 2 รายการ
[2025-05-25 15:48:49] [INFO] [NC-1748162929512-931]   แผนที่ถูกต้อง: 2 รายการ
[2025-05-25 15:48:49] [INFO] [NC-1748162929512-931]   แผนที่ไม่สมบูรณ์: 0 รายการ
[2025-05-25 15:48:49] [INFO] [NC-1748162929512-931]   จัดกลุ่มได้ 1 AN ที่ต้อง generate NC plan
[2025-05-25 15:48:49] [INFO] [NC-1748162929512-931] [AN:1/68]  เริ่มประมวลผล AN: 1/68 (2 แผน)
[2025-05-25 15:48:49] [INFO] [NC-1748162929512-931] [AN:1/68] [NC:NC0103] ประมวลผลแผน: NC0103 (TID) - PRESET
[2025-05-25 15:48:49] [INFO] [NC-1748162929512-931] [AN:1/68] [NC:NC0103] Cancel แผนเดิม: NC0103 จำนวน 1 รายการ
[2025-05-25 15:48:49] [ERROR] [NC-1748162929512-931] [AN:1/68] [NC:NC0103] เกิดข้อผิดพลาดในการ cancel แผนเดิม: Unknown column 'remark' in 'field list'
[2025-05-25 15:48:49] [ERROR] [NC-1748162929512-931] [AN:1/68] [NC:NC0103] สร้างแผนล้มเหลว: NC0103 - Unknown column 'remark' in 'field list' ใช้เวลา 10ms
[2025-05-25 15:48:49] [ERROR] [NC-1748162929512-931] [AN:1/68] [NC:NC0103] เกิดข้อผิดพลาดในการ rollback: newPlanId is not defined
[2025-05-25 15:48:49] [INFO] [NC-1748162929512-931] [AN:1/68] [NC:NC0301] ประมวลผลแผน: NC0301 (Q1) - INTERVAL
[2025-05-25 15:48:49] [INFO] [NC-1748162929512-931] [AN:1/68] [NC:NC0301] แผนถูกข้าม: NC0301 - ไม่มีรายการที่ต้อง generate สำหรับ INTERVAL
[2025-05-25 15:48:49] [INFO] [NC-1748162929512-931] [AN:1/68]  AN 1/68 ประมวลผลสำเร็จ - สำเร็จ: 0, ล้มเหลว: 1
[2025-05-25 15:48:49] [INFO] [NC-1748162929512-931] [AN:1/68]  AN 1/68 ใช้เวลาทั้งหมด: 19ms
[2025-05-25 15:48:49] [INFO] [NC-1748162929512-931]   Auto Generate NC Plan เสร็จสิ้น - commit transaction สำเร็จ
[2025-05-25 15:48:49] [INFO] [NC-1748162929512-931]   === สิ้นสุด Auto Generate NC Plan Session ===
[2025-05-25 15:48:49] [INFO] [NC-1748162929512-931]   เวลาสิ้นสุด: 2025-05-25 15:48:49
[2025-05-25 15:48:49] [INFO] [NC-1748162929512-931]   ระยะเวลาทั้งหมด: 0 วินาที
[2025-05-25 15:48:49] [INFO] [NC-1748162929512-931]   
=== สรุปผลการ Auto Generate NC Plan ===
[2025-05-25 15:48:49] [INFO] [NC-1748162929512-931]   AN ทั้งหมด: 1
[2025-05-25 15:48:49] [INFO] [NC-1748162929512-931]   AN สำเร็จ: 1
[2025-05-25 15:48:49] [INFO] [NC-1748162929512-931]   AN ล้มเหลว: 0
[2025-05-25 15:48:49] [INFO] [NC-1748162929512-931]   AN ข้าม: 0
[2025-05-25 15:48:49] [INFO] [NC-1748162929512-931]   แผนทั้งหมด: 0
[2025-05-25 15:48:49] [INFO] [NC-1748162929512-931]   แผนสำเร็จ: 0
[2025-05-25 15:48:49] [INFO] [NC-1748162929512-931]   แผนล้มเหลว: 2
[2025-05-25 15:48:49] [INFO] [NC-1748162929512-931]   แผนข้าม: 1
[2025-05-25 15:48:49] [INFO] [NC-1748162929512-931]   เวลาเฉลี่ยต่อแผน: 10ms (ต่ำสุด: 10ms, สูงสุด: 10ms)
[2025-05-25 15:48:49] [INFO] [NC-1748162929512-931]   อัตราความสำเร็จ: 100%
[2025-05-25 15:48:49] [INFO] [NC-1748162929512-931]   บันทึกลง tbl_ur_generate_daily_log สำเร็จ
[2025-05-25 15:48:49] [INFO] [NC-1748162929512-931]   บันทึกลง tbl_ur_autogeneratestats สำเร็จ
[2025-05-25 15:48:49] [INFO] [NC-1748162929512-931]   บันทึกสถิติลงฐานข้อมูลเสร็จสิ้น
[2025-05-25 17:15:15] [INFO] [NC-1748168115691-223]   === เริ่มต้น Auto Generate NC Plan Session ===
[2025-05-25 17:15:15] [INFO] [NC-1748168115691-223]   Session ID: NC-1748168115691-223
[2025-05-25 17:15:15] [INFO] [NC-1748168115691-223]   เวลาเริ่มต้น: 2025-05-25 17:15:15
[2025-05-25 17:15:15] [INFO] [NC-1748168115691-223]   เริ่มต้นระบบ Auto Generate NC Plan
[2025-05-25 17:15:15] [INFO] [NC-1748168115691-223]   พบแผน NC ทั้งหมด: 2 รายการ
[2025-05-25 17:15:15] [INFO] [NC-1748168115691-223]   แผนที่ถูกต้อง: 2 รายการ
[2025-05-25 17:15:15] [INFO] [NC-1748168115691-223]   แผนที่ไม่สมบูรณ์: 0 รายการ
[2025-05-25 17:15:15] [INFO] [NC-1748168115691-223]   จัดกลุ่มได้ 1 AN ที่ต้อง generate NC plan
[2025-05-25 17:15:15] [INFO] [NC-1748168115691-223] [AN:1/68]  เริ่มประมวลผล AN: 1/68 (2 แผน)
[2025-05-25 17:15:15] [INFO] [NC-1748168115691-223] [AN:1/68] [NC:NC0103] ประมวลผลแผน: NC0103 (TID) - PRESET
[2025-05-25 17:15:15] [INFO] [NC-1748168115691-223] [AN:1/68] [NC:NC0103] สร้างแผนสำเร็จ: NC0103 (3 รายการ) ใช้เวลา 8ms
[2025-05-25 17:15:15] [INFO] [NC-1748168115691-223] [AN:1/68] [NC:NC0301] ประมวลผลแผน: NC0301 (Q1) - INTERVAL
[2025-05-25 17:15:15] [INFO] [NC-1748168115691-223] [AN:1/68] [NC:NC0301] แผนถูกข้าม: NC0301 - ไม่มีรายการที่ต้อง generate สำหรับ INTERVAL
[2025-05-25 17:15:15] [INFO] [NC-1748168115691-223] [AN:1/68]  AN 1/68 ประมวลผลสำเร็จ - สำเร็จ: 1, ล้มเหลว: 0
[2025-05-25 17:15:15] [INFO] [NC-1748168115691-223] [AN:1/68]  AN 1/68 ใช้เวลาทั้งหมด: 17ms
[2025-05-25 17:15:15] [INFO] [NC-1748168115691-223]   Auto Generate NC Plan เสร็จสิ้น - commit transaction สำเร็จ
[2025-05-25 17:15:15] [INFO] [NC-1748168115691-223]   === สิ้นสุด Auto Generate NC Plan Session ===
[2025-05-25 17:15:15] [INFO] [NC-1748168115691-223]   เวลาสิ้นสุด: 2025-05-25 17:15:15
[2025-05-25 17:15:15] [INFO] [NC-1748168115691-223]   ระยะเวลาทั้งหมด: 0 วินาที
[2025-05-25 17:15:15] [INFO] [NC-1748168115691-223]   
=== สรุปผลการ Auto Generate NC Plan ===
[2025-05-25 17:15:15] [INFO] [NC-1748168115691-223]   AN ทั้งหมด: 1
[2025-05-25 17:15:15] [INFO] [NC-1748168115691-223]   AN สำเร็จ: 1
[2025-05-25 17:15:15] [INFO] [NC-1748168115691-223]   AN ล้มเหลว: 0
[2025-05-25 17:15:15] [INFO] [NC-1748168115691-223]   AN ข้าม: 0
[2025-05-25 17:15:15] [INFO] [NC-1748168115691-223]   แผนทั้งหมด: 0
[2025-05-25 17:15:15] [INFO] [NC-1748168115691-223]   แผนสำเร็จ: 2
[2025-05-25 17:15:15] [INFO] [NC-1748168115691-223]   แผนล้มเหลว: 0
[2025-05-25 17:15:15] [INFO] [NC-1748168115691-223]   แผนข้าม: 1
[2025-05-25 17:15:15] [INFO] [NC-1748168115691-223]   เวลาเฉลี่ยต่อแผน: 8ms (ต่ำสุด: 8ms, สูงสุด: 8ms)
[2025-05-25 17:15:15] [INFO] [NC-1748168115691-223]   อัตราความสำเร็จ: 100%
[2025-05-25 17:15:15] [INFO] [NC-1748168115691-223]   บันทึกลง tbl_ur_generate_daily_log สำเร็จ
[2025-05-25 17:15:15] [INFO] [NC-1748168115691-223]   บันทึกลง tbl_ur_autogeneratestats สำเร็จ
[2025-05-25 17:15:15] [INFO] [NC-1748168115691-223]   บันทึกสถิติลงฐานข้อมูลเสร็จสิ้น
