[2025-06-20 13:54:36] [INFO] [NC-1750402476931-688]   === เริ่มต้น Auto Generate NC Plan Session ===
[2025-06-20 13:54:36] [INFO] [NC-1750402476931-688]   Session ID: NC-1750402476931-688
[2025-06-20 13:54:36] [INFO] [NC-1750402476931-688]   เวลาเริ่มต้น: 2025-06-20 13:54:36
[2025-06-20 13:54:37] [INFO] [NC-1750402476931-688]   เริ่มต้น Auto Generate NC Plan
[2025-06-20 13:54:37] [INFO] [NC-1750402477192-654]   === เริ่มต้น Auto Generate NC Plan Session ===
[2025-06-20 13:54:37] [INFO] [NC-1750402477192-654]   Session ID: NC-1750402477192-654
[2025-06-20 13:54:37] [INFO] [NC-1750402477192-654]   เวลาเริ่มต้น: 2025-06-20 13:54:37
[2025-06-20 13:54:37] [INFO] [NC-1750402477192-654]   เริ่มต้นระบบ Auto Generate NC Plan
[2025-06-20 13:54:37] [INFO] [NC-1750402477192-654]   พบแผน NC ทั้งหมด: 3 รายการ
[2025-06-20 13:54:37] [INFO] [NC-1750402477192-654]   แผนที่ถูกต้อง: 3 รายการ
[2025-06-20 13:54:37] [INFO] [NC-1750402477192-654]   แผนที่ไม่สมบูรณ์: 0 รายการ
[2025-06-20 13:54:37] [INFO] [NC-1750402477192-654]   จัดกลุ่มได้ 1 AN ที่ต้อง generate NC plan
[2025-06-20 13:54:37] [INFO] [NC-1750402477192-654] [AN:2907/68]  เริ่มประมวลผล AN: 2907/68 (3 แผน)
[2025-06-20 13:54:37] [INFO] [NC-1750402477192-654] [AN:2907/68] [NC:N0605] ประมวลผลแผน: N0605 (Q1) - INTERVAL
[2025-06-20 13:54:37] [INFO] [NC-1750402477192-654] [AN:2907/68] [NC:N0605] Cancel แผนเดิม: N0605 จำนวน 1 รายการ (header เท่านั้น)
[2025-06-20 13:54:37] [INFO] [NC-1750402477192-654] [AN:2907/68] [NC:N0605] Cancel แผนเดิม: N0605 จำนวน 1 รายการ
[2025-06-20 13:54:37] [INFO] [NC-1750402477192-654] [AN:2907/68] [NC:N0605] สร้างแผนสำเร็จ: N0605 (24 รายการ) ใช้เวลา 40ms
[2025-06-20 13:54:37] [INFO] [NC-1750402477192-654] [AN:2907/68] [NC:N1104] ประมวลผลแผน: N1104 (TID) - PRESET
[2025-06-20 13:54:37] [INFO] [NC-1750402477192-654] [AN:2907/68] [NC:N1104] สร้างแผนสำเร็จ: N1104 (3 รายการ) ใช้เวลา 19ms
[2025-06-20 13:54:37] [INFO] [NC-1750402477192-654] [AN:2907/68] [NC:N1105] ประมวลผลแผน: N1105 (TID) - PRESET
[2025-06-20 13:54:37] [INFO] [NC-1750402477192-654] [AN:2907/68] [NC:N1105] Cancel แผนเดิม: N1105 จำนวน 1 รายการ (header เท่านั้น)
[2025-06-20 13:54:37] [INFO] [NC-1750402477192-654] [AN:2907/68] [NC:N1105] Cancel แผนเดิม: N1105 จำนวน 1 รายการ
[2025-06-20 13:54:37] [INFO] [NC-1750402477192-654] [AN:2907/68] [NC:N1105] สร้างแผนสำเร็จ: N1105 (3 รายการ) ใช้เวลา 17ms
[2025-06-20 13:54:37] [INFO] [NC-1750402477192-654] [AN:2907/68]  AN 2907/68 ประมวลผลสำเร็จ - สำเร็จ: 3, ล้มเหลว: 0
[2025-06-20 13:54:37] [INFO] [NC-1750402477192-654] [AN:2907/68]  AN 2907/68 ใช้เวลาทั้งหมด: 102ms
[2025-06-20 13:54:37] [INFO] [NC-1750402477192-654]   Auto Generate NC Plan เสร็จสิ้น - commit transaction สำเร็จ
[2025-06-20 13:54:37] [INFO] [NC-1750402477192-654]   === สิ้นสุด Auto Generate NC Plan Session ===
[2025-06-20 13:54:37] [INFO] [NC-1750402477192-654]   เวลาสิ้นสุด: 2025-06-20 13:54:37
[2025-06-20 13:54:37] [INFO] [NC-1750402477192-654]   ระยะเวลาทั้งหมด: 0 วินาที
[2025-06-20 13:54:37] [INFO] [NC-1750402477192-654]   
=== สรุปผลการ Auto Generate NC Plan ===
[2025-06-20 13:54:37] [INFO] [NC-1750402477192-654]   AN ทั้งหมด: 1
[2025-06-20 13:54:37] [INFO] [NC-1750402477192-654]   AN สำเร็จ: 1
[2025-06-20 13:54:37] [INFO] [NC-1750402477192-654]   AN ล้มเหลว: 0
[2025-06-20 13:54:37] [INFO] [NC-1750402477192-654]   AN ข้าม: 0
[2025-06-20 13:54:37] [INFO] [NC-1750402477192-654]   แผนทั้งหมด: 0
[2025-06-20 13:54:37] [INFO] [NC-1750402477192-654]   แผนสำเร็จ: 6
[2025-06-20 13:54:37] [INFO] [NC-1750402477192-654]   แผนล้มเหลว: 0
[2025-06-20 13:54:37] [INFO] [NC-1750402477192-654]   แผนข้าม: 0
[2025-06-20 13:54:37] [INFO] [NC-1750402477192-654]   เวลาเฉลี่ยต่อแผน: 25ms (ต่ำสุด: 17ms, สูงสุด: 40ms)
[2025-06-20 13:54:37] [INFO] [NC-1750402477192-654]   อัตราความสำเร็จ: 100%
[2025-06-20 13:54:37] [INFO] [NC-1750402477192-654]   บันทึกลง tbl_ur_generate_daily_log สำเร็จ
[2025-06-20 13:54:37] [INFO] [NC-1750402477192-654]   บันทึกลง tbl_ur_autogeneratestats สำเร็จ
[2025-06-20 13:54:37] [INFO] [NC-1750402477192-654]   บันทึกสถิติลงฐานข้อมูลเสร็จสิ้น
[2025-06-20 13:54:37] [INFO] [NC-1750402476931-688]   Auto Generate NC Plan เสร็จสิ้น: สำเร็จ
[2025-06-20 13:54:37] [INFO] [NC-1750402476931-688]   === สิ้นสุด Auto Generate NC Plan Session ===
[2025-06-20 13:54:37] [INFO] [NC-1750402476931-688]   เวลาสิ้นสุด: 2025-06-20 13:54:37
[2025-06-20 13:54:37] [INFO] [NC-1750402476931-688]   ระยะเวลาทั้งหมด: 0 วินาที
[2025-06-20 13:54:37] [INFO] [NC-1750402476931-688]   
=== สรุปผลการ Auto Generate NC Plan ===
[2025-06-20 13:54:37] [INFO] [NC-1750402476931-688]   AN ทั้งหมด: 0
[2025-06-20 13:54:37] [INFO] [NC-1750402476931-688]   AN สำเร็จ: 0
[2025-06-20 13:54:37] [INFO] [NC-1750402476931-688]   AN ล้มเหลว: 0
[2025-06-20 13:54:37] [INFO] [NC-1750402476931-688]   AN ข้าม: 0
[2025-06-20 13:54:37] [INFO] [NC-1750402476931-688]   แผนทั้งหมด: 0
[2025-06-20 13:54:37] [INFO] [NC-1750402476931-688]   แผนสำเร็จ: 0
[2025-06-20 13:54:37] [INFO] [NC-1750402476931-688]   แผนล้มเหลว: 0
[2025-06-20 13:54:37] [INFO] [NC-1750402476931-688]   แผนข้าม: 0
[2025-06-20 13:54:37] [INFO] [NC-1750402476931-688]   อัตราความสำเร็จ: 0%
[2025-06-20 13:54:37] [INFO] [NC-1750402476931-688]   บันทึกลง tbl_ur_generate_daily_log สำเร็จ
[2025-06-20 13:54:37] [INFO] [NC-1750402476931-688]   บันทึกลง tbl_ur_autogeneratestats สำเร็จ
[2025-06-20 13:54:37] [INFO] [NC-1750402476931-688]   บันทึกสถิติลงฐานข้อมูลเสร็จสิ้น
[2025-06-20 13:58:16] [INFO] [NC-1750402696181-733]   === เริ่มต้น Auto Generate NC Plan Session ===
[2025-06-20 13:58:16] [INFO] [NC-1750402696181-733]   Session ID: NC-1750402696181-733
[2025-06-20 13:58:16] [INFO] [NC-1750402696181-733]   เวลาเริ่มต้น: 2025-06-20 13:58:16
[2025-06-20 13:58:16] [INFO] [NC-1750402696181-733]   เริ่มต้น Auto Generate NC Plan
[2025-06-20 13:58:16] [INFO] [NC-1750402696270-828]   === เริ่มต้น Auto Generate NC Plan Session ===
[2025-06-20 13:58:16] [INFO] [NC-1750402696270-828]   Session ID: NC-1750402696270-828
[2025-06-20 13:58:16] [INFO] [NC-1750402696270-828]   เวลาเริ่มต้น: 2025-06-20 13:58:16
[2025-06-20 13:58:16] [INFO] [NC-1750402696270-828]   เริ่มต้นระบบ Auto Generate NC Plan
[2025-06-20 13:58:16] [INFO] [NC-1750402696270-828]   พบแผน NC ทั้งหมด: 4 รายการ
[2025-06-20 13:58:16] [INFO] [NC-1750402696270-828]   แผนที่ถูกต้อง: 4 รายการ
[2025-06-20 13:58:16] [INFO] [NC-1750402696270-828]   แผนที่ไม่สมบูรณ์: 0 รายการ
[2025-06-20 13:58:16] [INFO] [NC-1750402696270-828]   จัดกลุ่มได้ 1 AN ที่ต้อง generate NC plan
[2025-06-20 13:58:16] [INFO] [NC-1750402696270-828] [AN:2907/68]  เริ่มประมวลผล AN: 2907/68 (4 แผน)
[2025-06-20 13:58:16] [INFO] [NC-1750402696270-828] [AN:2907/68] [NC:N0204] ประมวลผลแผน: N0204 (W2) - WEEKLY
[2025-06-20 13:58:16] [INFO] [NC-1750402696270-828] [AN:2907/68] [NC:N0204] Cancel แผนเดิม: N0204 จำนวน 1 รายการ (header เท่านั้น)
[2025-06-20 13:58:16] [INFO] [NC-1750402696270-828] [AN:2907/68] [NC:N0204] Cancel แผนเดิม: N0204 จำนวน 1 รายการ
[2025-06-20 13:58:16] [INFO] [NC-1750402696270-828] [AN:2907/68] [NC:N0204] สร้างแผนสำเร็จ: N0204 (1 รายการ) ใช้เวลา 14ms
[2025-06-20 13:58:16] [INFO] [NC-1750402696270-828] [AN:2907/68] [NC:N0605] ประมวลผลแผน: N0605 (Q1) - INTERVAL
[2025-06-20 13:58:16] [INFO] [NC-1750402696270-828] [AN:2907/68] [NC:N0605] Cancel แผนเดิม: N0605 จำนวน 1 รายการ (header เท่านั้น)
[2025-06-20 13:58:16] [INFO] [NC-1750402696270-828] [AN:2907/68] [NC:N0605] Cancel แผนเดิม: N0605 จำนวน 1 รายการ
[2025-06-20 13:58:16] [INFO] [NC-1750402696270-828] [AN:2907/68] [NC:N0605] สร้างแผนสำเร็จ: N0605 (24 รายการ) ใช้เวลา 29ms
[2025-06-20 13:58:16] [INFO] [NC-1750402696270-828] [AN:2907/68] [NC:N1104] ประมวลผลแผน: N1104 (TID) - PRESET
[2025-06-20 13:58:16] [INFO] [NC-1750402696270-828] [AN:2907/68] [NC:N1104] สร้างแผนสำเร็จ: N1104 (3 รายการ) ใช้เวลา 14ms
[2025-06-20 13:58:16] [INFO] [NC-1750402696270-828] [AN:2907/68] [NC:N1105] ประมวลผลแผน: N1105 (TID) - PRESET
[2025-06-20 13:58:16] [INFO] [NC-1750402696270-828] [AN:2907/68] [NC:N1105] Cancel แผนเดิม: N1105 จำนวน 1 รายการ (header เท่านั้น)
[2025-06-20 13:58:16] [INFO] [NC-1750402696270-828] [AN:2907/68] [NC:N1105] Cancel แผนเดิม: N1105 จำนวน 1 รายการ
[2025-06-20 13:58:16] [INFO] [NC-1750402696270-828] [AN:2907/68] [NC:N1105] สร้างแผนสำเร็จ: N1105 (3 รายการ) ใช้เวลา 14ms
[2025-06-20 13:58:16] [INFO] [NC-1750402696270-828] [AN:2907/68]  AN 2907/68 ประมวลผลสำเร็จ - สำเร็จ: 4, ล้มเหลว: 0
[2025-06-20 13:58:16] [INFO] [NC-1750402696270-828] [AN:2907/68]  AN 2907/68 ใช้เวลาทั้งหมด: 95ms
[2025-06-20 13:58:16] [INFO] [NC-1750402696270-828]   Auto Generate NC Plan เสร็จสิ้น - commit transaction สำเร็จ
[2025-06-20 13:58:16] [INFO] [NC-1750402696270-828]   === สิ้นสุด Auto Generate NC Plan Session ===
[2025-06-20 13:58:16] [INFO] [NC-1750402696270-828]   เวลาสิ้นสุด: 2025-06-20 13:58:16
[2025-06-20 13:58:16] [INFO] [NC-1750402696270-828]   ระยะเวลาทั้งหมด: 0 วินาที
[2025-06-20 13:58:16] [INFO] [NC-1750402696270-828]   
=== สรุปผลการ Auto Generate NC Plan ===
[2025-06-20 13:58:16] [INFO] [NC-1750402696270-828]   AN ทั้งหมด: 1
[2025-06-20 13:58:16] [INFO] [NC-1750402696270-828]   AN สำเร็จ: 1
[2025-06-20 13:58:16] [INFO] [NC-1750402696270-828]   AN ล้มเหลว: 0
[2025-06-20 13:58:16] [INFO] [NC-1750402696270-828]   AN ข้าม: 0
[2025-06-20 13:58:16] [INFO] [NC-1750402696270-828]   แผนทั้งหมด: 0
[2025-06-20 13:58:16] [INFO] [NC-1750402696270-828]   แผนสำเร็จ: 8
[2025-06-20 13:58:16] [INFO] [NC-1750402696270-828]   แผนล้มเหลว: 0
[2025-06-20 13:58:16] [INFO] [NC-1750402696270-828]   แผนข้าม: 0
[2025-06-20 13:58:16] [INFO] [NC-1750402696270-828]   เวลาเฉลี่ยต่อแผน: 18ms (ต่ำสุด: 14ms, สูงสุด: 29ms)
[2025-06-20 13:58:16] [INFO] [NC-1750402696270-828]   อัตราความสำเร็จ: 100%
[2025-06-20 13:58:16] [INFO] [NC-1750402696270-828]   บันทึกลง tbl_ur_generate_daily_log สำเร็จ
[2025-06-20 13:58:16] [INFO] [NC-1750402696270-828]   บันทึกลง tbl_ur_autogeneratestats สำเร็จ
[2025-06-20 13:58:16] [INFO] [NC-1750402696270-828]   บันทึกสถิติลงฐานข้อมูลเสร็จสิ้น
[2025-06-20 13:58:16] [INFO] [NC-1750402696181-733]   Auto Generate NC Plan เสร็จสิ้น: สำเร็จ
[2025-06-20 13:58:16] [INFO] [NC-1750402696181-733]   === สิ้นสุด Auto Generate NC Plan Session ===
[2025-06-20 13:58:16] [INFO] [NC-1750402696181-733]   เวลาสิ้นสุด: 2025-06-20 13:58:16
[2025-06-20 13:58:16] [INFO] [NC-1750402696181-733]   ระยะเวลาทั้งหมด: 0 วินาที
[2025-06-20 13:58:16] [INFO] [NC-1750402696181-733]   
=== สรุปผลการ Auto Generate NC Plan ===
[2025-06-20 13:58:16] [INFO] [NC-1750402696181-733]   AN ทั้งหมด: 0
[2025-06-20 13:58:16] [INFO] [NC-1750402696181-733]   AN สำเร็จ: 0
[2025-06-20 13:58:16] [INFO] [NC-1750402696181-733]   AN ล้มเหลว: 0
[2025-06-20 13:58:16] [INFO] [NC-1750402696181-733]   AN ข้าม: 0
[2025-06-20 13:58:16] [INFO] [NC-1750402696181-733]   แผนทั้งหมด: 0
[2025-06-20 13:58:16] [INFO] [NC-1750402696181-733]   แผนสำเร็จ: 0
[2025-06-20 13:58:16] [INFO] [NC-1750402696181-733]   แผนล้มเหลว: 0
[2025-06-20 13:58:16] [INFO] [NC-1750402696181-733]   แผนข้าม: 0
[2025-06-20 13:58:16] [INFO] [NC-1750402696181-733]   อัตราความสำเร็จ: 0%
[2025-06-20 13:58:16] [INFO] [NC-1750402696181-733]   บันทึกลง tbl_ur_generate_daily_log สำเร็จ
[2025-06-20 13:58:16] [INFO] [NC-1750402696181-733]   บันทึกลง tbl_ur_autogeneratestats สำเร็จ
[2025-06-20 13:58:16] [INFO] [NC-1750402696181-733]   บันทึกสถิติลงฐานข้อมูลเสร็จสิ้น
[2025-06-20 14:21:23] [INFO] [NC-1750404083753-938]   === เริ่มต้น Auto Generate NC Plan Session ===
[2025-06-20 14:21:23] [INFO] [NC-1750404083753-938]   Session ID: NC-1750404083753-938
[2025-06-20 14:21:23] [INFO] [NC-1750404083753-938]   เวลาเริ่มต้น: 2025-06-20 14:21:23
[2025-06-20 14:21:23] [INFO] [NC-1750404083753-938]   เริ่มต้น Auto Generate NC Plan
[2025-06-20 14:21:23] [INFO] [NC-1750404083843-819]   === เริ่มต้น Auto Generate NC Plan Session ===
[2025-06-20 14:21:23] [INFO] [NC-1750404083843-819]   Session ID: NC-1750404083843-819
[2025-06-20 14:21:23] [INFO] [NC-1750404083843-819]   เวลาเริ่มต้น: 2025-06-20 14:21:23
[2025-06-20 14:21:23] [INFO] [NC-1750404083843-819]   เริ่มต้นระบบ Auto Generate NC Plan
[2025-06-20 14:21:23] [INFO] [NC-1750404083843-819]   พบแผน NC ทั้งหมด: 5 รายการ
[2025-06-20 14:21:23] [INFO] [NC-1750404083843-819]   แผนที่ถูกต้อง: 5 รายการ
[2025-06-20 14:21:23] [INFO] [NC-1750404083843-819]   แผนที่ไม่สมบูรณ์: 0 รายการ
[2025-06-20 14:21:23] [INFO] [NC-1750404083843-819]   จัดกลุ่มได้ 1 AN ที่ต้อง generate NC plan
[2025-06-20 14:21:23] [INFO] [NC-1750404083843-819] [AN:2907/68]  เริ่มประมวลผล AN: 2907/68 (5 แผน)
[2025-06-20 14:21:23] [INFO] [NC-1750404083843-819] [AN:2907/68] [NC:N0204] ประมวลผลแผน: N0204 (W2) - WEEKLY
[2025-06-20 14:21:23] [INFO] [NC-1750404083843-819] [AN:2907/68] [NC:N0204] Cancel แผนเดิม: N0204 จำนวน 1 รายการ (header เท่านั้น)
[2025-06-20 14:21:23] [INFO] [NC-1750404083843-819] [AN:2907/68] [NC:N0204] Cancel แผนเดิม: N0204 จำนวน 1 รายการ
[2025-06-20 14:21:23] [INFO] [NC-1750404083843-819] [AN:2907/68] [NC:N0204] สร้างแผนสำเร็จ: N0204 (1 รายการ) ใช้เวลา 16ms
[2025-06-20 14:21:23] [INFO] [NC-1750404083843-819] [AN:2907/68] [NC:N0503] ประมวลผลแผน: N0503 (TID) - PRESET
[2025-06-20 14:21:23] [INFO] [NC-1750404083843-819] [AN:2907/68] [NC:N0503] Cancel แผนเดิม: N0503 จำนวน 1 รายการ (header เท่านั้น)
[2025-06-20 14:21:23] [INFO] [NC-1750404083843-819] [AN:2907/68] [NC:N0503] Cancel แผนเดิม: N0503 จำนวน 1 รายการ
[2025-06-20 14:21:23] [INFO] [NC-1750404083843-819] [AN:2907/68] [NC:N0503] สร้างแผนสำเร็จ: N0503 (3 รายการ) ใช้เวลา 17ms
[2025-06-20 14:21:23] [INFO] [NC-1750404083843-819] [AN:2907/68] [NC:N0605] ประมวลผลแผน: N0605 (Q1) - INTERVAL
[2025-06-20 14:21:23] [INFO] [NC-1750404083843-819] [AN:2907/68] [NC:N0605] Cancel แผนเดิม: N0605 จำนวน 1 รายการ (header เท่านั้น)
[2025-06-20 14:21:23] [INFO] [NC-1750404083843-819] [AN:2907/68] [NC:N0605] Cancel แผนเดิม: N0605 จำนวน 1 รายการ
[2025-06-20 14:21:23] [INFO] [NC-1750404083843-819] [AN:2907/68] [NC:N0605] สร้างแผนสำเร็จ: N0605 (24 รายการ) ใช้เวลา 29ms
[2025-06-20 14:21:23] [INFO] [NC-1750404083843-819] [AN:2907/68] [NC:N1104] ประมวลผลแผน: N1104 (TID) - PRESET
[2025-06-20 14:21:23] [INFO] [NC-1750404083843-819] [AN:2907/68] [NC:N1104] สร้างแผนสำเร็จ: N1104 (3 รายการ) ใช้เวลา 9ms
[2025-06-20 14:21:23] [INFO] [NC-1750404083843-819] [AN:2907/68] [NC:N1105] ประมวลผลแผน: N1105 (TID) - PRESET
[2025-06-20 14:21:23] [INFO] [NC-1750404083843-819] [AN:2907/68] [NC:N1105] Cancel แผนเดิม: N1105 จำนวน 1 รายการ (header เท่านั้น)
[2025-06-20 14:21:23] [INFO] [NC-1750404083843-819] [AN:2907/68] [NC:N1105] Cancel แผนเดิม: N1105 จำนวน 1 รายการ
[2025-06-20 14:21:23] [INFO] [NC-1750404083843-819] [AN:2907/68] [NC:N1105] สร้างแผนสำเร็จ: N1105 (3 รายการ) ใช้เวลา 13ms
[2025-06-20 14:21:23] [INFO] [NC-1750404083843-819] [AN:2907/68]  AN 2907/68 ประมวลผลสำเร็จ - สำเร็จ: 5, ล้มเหลว: 0
[2025-06-20 14:21:23] [INFO] [NC-1750404083843-819] [AN:2907/68]  AN 2907/68 ใช้เวลาทั้งหมด: 112ms
[2025-06-20 14:21:23] [INFO] [NC-1750404083843-819]   Auto Generate NC Plan เสร็จสิ้น - commit transaction สำเร็จ
[2025-06-20 14:21:23] [INFO] [NC-1750404083843-819]   === สิ้นสุด Auto Generate NC Plan Session ===
[2025-06-20 14:21:23] [INFO] [NC-1750404083843-819]   เวลาสิ้นสุด: 2025-06-20 14:21:23
[2025-06-20 14:21:23] [INFO] [NC-1750404083843-819]   ระยะเวลาทั้งหมด: 0 วินาที
[2025-06-20 14:21:23] [INFO] [NC-1750404083843-819]   
=== สรุปผลการ Auto Generate NC Plan ===
[2025-06-20 14:21:23] [INFO] [NC-1750404083843-819]   AN ทั้งหมด: 1
[2025-06-20 14:21:23] [INFO] [NC-1750404083843-819]   AN สำเร็จ: 1
[2025-06-20 14:21:23] [INFO] [NC-1750404083843-819]   AN ล้มเหลว: 0
[2025-06-20 14:21:23] [INFO] [NC-1750404083843-819]   AN ข้าม: 0
[2025-06-20 14:21:23] [INFO] [NC-1750404083843-819]   แผนทั้งหมด: 0
[2025-06-20 14:21:23] [INFO] [NC-1750404083843-819]   แผนสำเร็จ: 10
[2025-06-20 14:21:23] [INFO] [NC-1750404083843-819]   แผนล้มเหลว: 0
[2025-06-20 14:21:23] [INFO] [NC-1750404083843-819]   แผนข้าม: 0
[2025-06-20 14:21:23] [INFO] [NC-1750404083843-819]   เวลาเฉลี่ยต่อแผน: 17ms (ต่ำสุด: 9ms, สูงสุด: 29ms)
[2025-06-20 14:21:23] [INFO] [NC-1750404083843-819]   อัตราความสำเร็จ: 100%
[2025-06-20 14:21:23] [INFO] [NC-1750404083843-819]   บันทึกลง tbl_ur_generate_daily_log สำเร็จ
[2025-06-20 14:21:23] [INFO] [NC-1750404083843-819]   บันทึกลง tbl_ur_autogeneratestats สำเร็จ
[2025-06-20 14:21:23] [INFO] [NC-1750404083843-819]   บันทึกสถิติลงฐานข้อมูลเสร็จสิ้น
[2025-06-20 14:21:23] [INFO] [NC-1750404083753-938]   Auto Generate NC Plan เสร็จสิ้น: สำเร็จ
[2025-06-20 14:21:24] [INFO] [NC-1750404083753-938]   === สิ้นสุด Auto Generate NC Plan Session ===
[2025-06-20 14:21:24] [INFO] [NC-1750404083753-938]   เวลาสิ้นสุด: 2025-06-20 14:21:24
[2025-06-20 14:21:24] [INFO] [NC-1750404083753-938]   ระยะเวลาทั้งหมด: 0 วินาที
[2025-06-20 14:21:24] [INFO] [NC-1750404083753-938]   
=== สรุปผลการ Auto Generate NC Plan ===
[2025-06-20 14:21:24] [INFO] [NC-1750404083753-938]   AN ทั้งหมด: 0
[2025-06-20 14:21:24] [INFO] [NC-1750404083753-938]   AN สำเร็จ: 0
[2025-06-20 14:21:24] [INFO] [NC-1750404083753-938]   AN ล้มเหลว: 0
[2025-06-20 14:21:24] [INFO] [NC-1750404083753-938]   AN ข้าม: 0
[2025-06-20 14:21:24] [INFO] [NC-1750404083753-938]   แผนทั้งหมด: 0
[2025-06-20 14:21:24] [INFO] [NC-1750404083753-938]   แผนสำเร็จ: 0
[2025-06-20 14:21:24] [INFO] [NC-1750404083753-938]   แผนล้มเหลว: 0
[2025-06-20 14:21:24] [INFO] [NC-1750404083753-938]   แผนข้าม: 0
[2025-06-20 14:21:24] [INFO] [NC-1750404083753-938]   อัตราความสำเร็จ: 0%
[2025-06-20 14:21:24] [INFO] [NC-1750404083753-938]   บันทึกลง tbl_ur_generate_daily_log สำเร็จ
[2025-06-20 14:21:24] [INFO] [NC-1750404083753-938]   บันทึกลง tbl_ur_autogeneratestats สำเร็จ
[2025-06-20 14:21:24] [INFO] [NC-1750404083753-938]   บันทึกสถิติลงฐานข้อมูลเสร็จสิ้น
[2025-06-20 14:40:41] [INFO] [NC-1750405241897-605]   === เริ่มต้น Auto Generate NC Plan Session ===
[2025-06-20 14:40:41] [INFO] [NC-1750405241897-605]   Session ID: NC-1750405241897-605
[2025-06-20 14:40:41] [INFO] [NC-1750405241897-605]   เวลาเริ่มต้น: 2025-06-20 14:40:41
[2025-06-20 14:40:42] [INFO] [NC-1750405241897-605]   เริ่มต้น Auto Generate NC Plan
[2025-06-20 14:40:42] [INFO] [NC-1750405242001-990]   === เริ่มต้น Auto Generate NC Plan Session ===
[2025-06-20 14:40:42] [INFO] [NC-1750405242001-990]   Session ID: NC-1750405242001-990
[2025-06-20 14:40:42] [INFO] [NC-1750405242001-990]   เวลาเริ่มต้น: 2025-06-20 14:40:42
[2025-06-20 14:40:42] [INFO] [NC-1750405242001-990]   เริ่มต้นระบบ Auto Generate NC Plan
[2025-06-20 14:40:42] [INFO] [NC-1750405242001-990]   พบแผน NC ทั้งหมด: 5 รายการ
[2025-06-20 14:40:42] [INFO] [NC-1750405242001-990]   แผนที่ถูกต้อง: 5 รายการ
[2025-06-20 14:40:42] [INFO] [NC-1750405242001-990]   แผนที่ไม่สมบูรณ์: 0 รายการ
[2025-06-20 14:40:42] [INFO] [NC-1750405242001-990]   จัดกลุ่มได้ 1 AN ที่ต้อง generate NC plan
[2025-06-20 14:40:42] [INFO] [NC-1750405242001-990] [AN:2907/68]  เริ่มประมวลผล AN: 2907/68 (5 แผน)
[2025-06-20 14:40:42] [INFO] [NC-1750405242001-990] [AN:2907/68] [NC:N0204] ประมวลผลแผน: N0204 (W2) - WEEKLY
[2025-06-20 14:40:42] [INFO] [NC-1750405242001-990] [AN:2907/68] [NC:N0204] Cancel แผนเดิม: N0204 จำนวน 1 รายการ (header เท่านั้น)
[2025-06-20 14:40:42] [INFO] [NC-1750405242001-990] [AN:2907/68] [NC:N0204] Cancel แผนเดิม: N0204 จำนวน 1 รายการ
[2025-06-20 14:40:42] [INFO] [NC-1750405242001-990] [AN:2907/68] [NC:N0204] สร้างแผนสำเร็จ: N0204 (1 รายการ) ใช้เวลา 13ms
[2025-06-20 14:40:42] [INFO] [NC-1750405242001-990] [AN:2907/68] [NC:N0503] ประมวลผลแผน: N0503 (TID) - PRESET
[2025-06-20 14:40:42] [INFO] [NC-1750405242001-990] [AN:2907/68] [NC:N0503] Cancel แผนเดิม: N0503 จำนวน 1 รายการ (header เท่านั้น)
[2025-06-20 14:40:42] [INFO] [NC-1750405242001-990] [AN:2907/68] [NC:N0503] Cancel แผนเดิม: N0503 จำนวน 1 รายการ
[2025-06-20 14:40:42] [INFO] [NC-1750405242001-990] [AN:2907/68] [NC:N0503] สร้างแผนสำเร็จ: N0503 (3 รายการ) ใช้เวลา 16ms
[2025-06-20 14:40:42] [INFO] [NC-1750405242001-990] [AN:2907/68] [NC:N0605] ประมวลผลแผน: N0605 (Q1) - INTERVAL
[2025-06-20 14:40:42] [INFO] [NC-1750405242001-990] [AN:2907/68] [NC:N0605] Cancel แผนเดิม: N0605 จำนวน 1 รายการ (header เท่านั้น)
[2025-06-20 14:40:42] [INFO] [NC-1750405242001-990] [AN:2907/68] [NC:N0605] Cancel แผนเดิม: N0605 จำนวน 1 รายการ
[2025-06-20 14:40:42] [INFO] [NC-1750405242001-990] [AN:2907/68] [NC:N0605] สร้างแผนสำเร็จ: N0605 (24 รายการ) ใช้เวลา 21ms
[2025-06-20 14:40:42] [INFO] [NC-1750405242001-990] [AN:2907/68] [NC:N1104] ประมวลผลแผน: N1104 (TID) - PRESET
[2025-06-20 14:40:42] [INFO] [NC-1750405242001-990] [AN:2907/68] [NC:N1104] Cancel แผนเดิม: N1104 จำนวน 1 รายการ (header เท่านั้น)
[2025-06-20 14:40:42] [INFO] [NC-1750405242001-990] [AN:2907/68] [NC:N1104] Cancel แผนเดิม: N1104 จำนวน 1 รายการ
[2025-06-20 14:40:42] [INFO] [NC-1750405242001-990] [AN:2907/68] [NC:N1104] สร้างแผนสำเร็จ: N1104 (3 รายการ) ใช้เวลา 10ms
[2025-06-20 14:40:42] [INFO] [NC-1750405242001-990] [AN:2907/68] [NC:N1105] ประมวลผลแผน: N1105 (TID) - PRESET
[2025-06-20 14:40:42] [INFO] [NC-1750405242001-990] [AN:2907/68] [NC:N1105] Cancel แผนเดิม: N1105 จำนวน 1 รายการ (header เท่านั้น)
[2025-06-20 14:40:42] [INFO] [NC-1750405242001-990] [AN:2907/68] [NC:N1105] Cancel แผนเดิม: N1105 จำนวน 1 รายการ
[2025-06-20 14:40:42] [INFO] [NC-1750405242001-990] [AN:2907/68] [NC:N1105] สร้างแผนสำเร็จ: N1105 (3 รายการ) ใช้เวลา 10ms
[2025-06-20 14:40:42] [INFO] [NC-1750405242001-990] [AN:2907/68]  AN 2907/68 ประมวลผลสำเร็จ - สำเร็จ: 5, ล้มเหลว: 0
[2025-06-20 14:40:42] [INFO] [NC-1750405242001-990] [AN:2907/68]  AN 2907/68 ใช้เวลาทั้งหมด: 93ms
[2025-06-20 14:40:42] [INFO] [NC-1750405242001-990]   Auto Generate NC Plan เสร็จสิ้น - commit transaction สำเร็จ
[2025-06-20 14:40:42] [INFO] [NC-1750405242001-990]   === สิ้นสุด Auto Generate NC Plan Session ===
[2025-06-20 14:40:42] [INFO] [NC-1750405242001-990]   เวลาสิ้นสุด: 2025-06-20 14:40:42
[2025-06-20 14:40:42] [INFO] [NC-1750405242001-990]   ระยะเวลาทั้งหมด: 0 วินาที
[2025-06-20 14:40:42] [INFO] [NC-1750405242001-990]   
=== สรุปผลการ Auto Generate NC Plan ===
[2025-06-20 14:40:42] [INFO] [NC-1750405242001-990]   AN ทั้งหมด: 1
[2025-06-20 14:40:42] [INFO] [NC-1750405242001-990]   AN สำเร็จ: 1
[2025-06-20 14:40:42] [INFO] [NC-1750405242001-990]   AN ล้มเหลว: 0
[2025-06-20 14:40:42] [INFO] [NC-1750405242001-990]   AN ข้าม: 0
[2025-06-20 14:40:42] [INFO] [NC-1750405242001-990]   แผนทั้งหมด: 0
[2025-06-20 14:40:42] [INFO] [NC-1750405242001-990]   แผนสำเร็จ: 10
[2025-06-20 14:40:42] [INFO] [NC-1750405242001-990]   แผนล้มเหลว: 0
[2025-06-20 14:40:42] [INFO] [NC-1750405242001-990]   แผนข้าม: 0
[2025-06-20 14:40:42] [INFO] [NC-1750405242001-990]   เวลาเฉลี่ยต่อแผน: 14ms (ต่ำสุด: 10ms, สูงสุด: 21ms)
[2025-06-20 14:40:42] [INFO] [NC-1750405242001-990]   อัตราความสำเร็จ: 100%
[2025-06-20 14:40:42] [INFO] [NC-1750405242001-990]   บันทึกลง tbl_ur_generate_daily_log สำเร็จ
[2025-06-20 14:40:42] [INFO] [NC-1750405242001-990]   บันทึกลง tbl_ur_autogeneratestats สำเร็จ
[2025-06-20 14:40:42] [INFO] [NC-1750405242001-990]   บันทึกสถิติลงฐานข้อมูลเสร็จสิ้น
[2025-06-20 14:40:42] [INFO] [NC-1750405241897-605]   Auto Generate NC Plan เสร็จสิ้น: สำเร็จ
[2025-06-20 14:40:42] [INFO] [NC-1750405241897-605]   === สิ้นสุด Auto Generate NC Plan Session ===
[2025-06-20 14:40:42] [INFO] [NC-1750405241897-605]   เวลาสิ้นสุด: 2025-06-20 14:40:42
[2025-06-20 14:40:42] [INFO] [NC-1750405241897-605]   ระยะเวลาทั้งหมด: 0 วินาที
[2025-06-20 14:40:42] [INFO] [NC-1750405241897-605]   
=== สรุปผลการ Auto Generate NC Plan ===
[2025-06-20 14:40:42] [INFO] [NC-1750405241897-605]   AN ทั้งหมด: 0
[2025-06-20 14:40:42] [INFO] [NC-1750405241897-605]   AN สำเร็จ: 0
[2025-06-20 14:40:42] [INFO] [NC-1750405241897-605]   AN ล้มเหลว: 0
[2025-06-20 14:40:42] [INFO] [NC-1750405241897-605]   AN ข้าม: 0
[2025-06-20 14:40:42] [INFO] [NC-1750405241897-605]   แผนทั้งหมด: 0
[2025-06-20 14:40:42] [INFO] [NC-1750405241897-605]   แผนสำเร็จ: 0
[2025-06-20 14:40:42] [INFO] [NC-1750405241897-605]   แผนล้มเหลว: 0
[2025-06-20 14:40:42] [INFO] [NC-1750405241897-605]   แผนข้าม: 0
[2025-06-20 14:40:42] [INFO] [NC-1750405241897-605]   อัตราความสำเร็จ: 0%
[2025-06-20 14:40:42] [INFO] [NC-1750405241897-605]   บันทึกลง tbl_ur_generate_daily_log สำเร็จ
[2025-06-20 14:40:42] [INFO] [NC-1750405241897-605]   บันทึกลง tbl_ur_autogeneratestats สำเร็จ
[2025-06-20 14:40:42] [INFO] [NC-1750405241897-605]   บันทึกสถิติลงฐานข้อมูลเสร็จสิ้น
[2025-06-20 15:09:20] [INFO] [NC-1750406960596-550]   === เริ่มต้น Auto Generate NC Plan Session ===
[2025-06-20 15:09:20] [INFO] [NC-1750406960596-550]   Session ID: NC-1750406960596-550
[2025-06-20 15:09:20] [INFO] [NC-1750406960596-550]   เวลาเริ่มต้น: 2025-06-20 15:09:20
[2025-06-20 15:09:20] [INFO] [NC-1750406960596-550]   เริ่มต้น Auto Generate NC Plan
[2025-06-20 15:09:20] [INFO] [NC-1750406960707-917]   === เริ่มต้น Auto Generate NC Plan Session ===
[2025-06-20 15:09:20] [INFO] [NC-1750406960707-917]   Session ID: NC-1750406960707-917
[2025-06-20 15:09:20] [INFO] [NC-1750406960707-917]   เวลาเริ่มต้น: 2025-06-20 15:09:20
[2025-06-20 15:09:20] [INFO] [NC-1750406960707-917]   เริ่มต้นระบบ Auto Generate NC Plan
[2025-06-20 15:09:20] [INFO] [NC-1750406960707-917]   พบแผน NC ทั้งหมด: 5 รายการ
[2025-06-20 15:09:20] [INFO] [NC-1750406960707-917]   แผนที่ถูกต้อง: 5 รายการ
[2025-06-20 15:09:20] [INFO] [NC-1750406960707-917]   แผนที่ไม่สมบูรณ์: 0 รายการ
[2025-06-20 15:09:20] [INFO] [NC-1750406960707-917]   จัดกลุ่มได้ 1 AN ที่ต้อง generate NC plan
[2025-06-20 15:09:20] [INFO] [NC-1750406960707-917] [AN:2907/68]  เริ่มประมวลผล AN: 2907/68 (5 แผน)
[2025-06-20 15:09:20] [INFO] [NC-1750406960707-917] [AN:2907/68] [NC:N0204] ประมวลผลแผน: N0204 (W2) - WEEKLY
[2025-06-20 15:09:20] [INFO] [NC-1750406960707-917] [AN:2907/68] [NC:N0204] Cancel แผนเดิม: N0204 จำนวน 1 รายการ (header เท่านั้น)
[2025-06-20 15:09:20] [INFO] [NC-1750406960707-917] [AN:2907/68] [NC:N0204] Cancel แผนเดิม: N0204 จำนวน 1 รายการ
[2025-06-20 15:09:20] [INFO] [NC-1750406960707-917] [AN:2907/68] [NC:N0204] สร้างแผนสำเร็จ: N0204 (1 รายการ) ใช้เวลา 19ms
[2025-06-20 15:09:20] [INFO] [NC-1750406960707-917] [AN:2907/68] [NC:N0503] ประมวลผลแผน: N0503 (TID) - PRESET
[2025-06-20 15:09:20] [INFO] [NC-1750406960707-917] [AN:2907/68] [NC:N0503] Cancel แผนเดิม: N0503 จำนวน 1 รายการ (header เท่านั้น)
[2025-06-20 15:09:20] [INFO] [NC-1750406960707-917] [AN:2907/68] [NC:N0503] Cancel แผนเดิม: N0503 จำนวน 1 รายการ
[2025-06-20 15:09:20] [INFO] [NC-1750406960707-917] [AN:2907/68] [NC:N0503] สร้างแผนสำเร็จ: N0503 (3 รายการ) ใช้เวลา 14ms
[2025-06-20 15:09:20] [INFO] [NC-1750406960707-917] [AN:2907/68] [NC:N0605] ประมวลผลแผน: N0605 (Q1) - INTERVAL
[2025-06-20 15:09:20] [INFO] [NC-1750406960707-917] [AN:2907/68] [NC:N0605] Cancel แผนเดิม: N0605 จำนวน 1 รายการ (header เท่านั้น)
[2025-06-20 15:09:20] [INFO] [NC-1750406960707-917] [AN:2907/68] [NC:N0605] Cancel แผนเดิม: N0605 จำนวน 1 รายการ
[2025-06-20 15:09:20] [INFO] [NC-1750406960707-917] [AN:2907/68] [NC:N0605] สร้างแผนสำเร็จ: N0605 (24 รายการ) ใช้เวลา 26ms
[2025-06-20 15:09:20] [INFO] [NC-1750406960707-917] [AN:2907/68] [NC:N1104] ประมวลผลแผน: N1104 (TID) - PRESET
[2025-06-20 15:09:20] [INFO] [NC-1750406960707-917] [AN:2907/68] [NC:N1104] Cancel แผนเดิม: N1104 จำนวน 1 รายการ (header เท่านั้น)
[2025-06-20 15:09:20] [INFO] [NC-1750406960707-917] [AN:2907/68] [NC:N1104] Cancel แผนเดิม: N1104 จำนวน 1 รายการ
[2025-06-20 15:09:20] [INFO] [NC-1750406960707-917] [AN:2907/68] [NC:N1104] สร้างแผนสำเร็จ: N1104 (3 รายการ) ใช้เวลา 11ms
[2025-06-20 15:09:20] [INFO] [NC-1750406960707-917] [AN:2907/68] [NC:N1105] ประมวลผลแผน: N1105 (TID) - PRESET
[2025-06-20 15:09:20] [INFO] [NC-1750406960707-917] [AN:2907/68] [NC:N1105] Cancel แผนเดิม: N1105 จำนวน 1 รายการ (header เท่านั้น)
[2025-06-20 15:09:20] [INFO] [NC-1750406960707-917] [AN:2907/68] [NC:N1105] Cancel แผนเดิม: N1105 จำนวน 1 รายการ
[2025-06-20 15:09:20] [INFO] [NC-1750406960707-917] [AN:2907/68] [NC:N1105] สร้างแผนสำเร็จ: N1105 (3 รายการ) ใช้เวลา 13ms
[2025-06-20 15:09:20] [INFO] [NC-1750406960707-917] [AN:2907/68]  AN 2907/68 ประมวลผลสำเร็จ - สำเร็จ: 5, ล้มเหลว: 0
[2025-06-20 15:09:20] [INFO] [NC-1750406960707-917] [AN:2907/68]  AN 2907/68 ใช้เวลาทั้งหมด: 115ms
[2025-06-20 15:09:20] [INFO] [NC-1750406960707-917]   Auto Generate NC Plan เสร็จสิ้น - commit transaction สำเร็จ
[2025-06-20 15:09:20] [INFO] [NC-1750406960707-917]   === สิ้นสุด Auto Generate NC Plan Session ===
[2025-06-20 15:09:20] [INFO] [NC-1750406960707-917]   เวลาสิ้นสุด: 2025-06-20 15:09:20
[2025-06-20 15:09:20] [INFO] [NC-1750406960707-917]   ระยะเวลาทั้งหมด: 0 วินาที
[2025-06-20 15:09:20] [INFO] [NC-1750406960707-917]   
=== สรุปผลการ Auto Generate NC Plan ===
[2025-06-20 15:09:20] [INFO] [NC-1750406960707-917]   AN ทั้งหมด: 1
[2025-06-20 15:09:20] [INFO] [NC-1750406960707-917]   AN สำเร็จ: 1
[2025-06-20 15:09:20] [INFO] [NC-1750406960707-917]   AN ล้มเหลว: 0
[2025-06-20 15:09:20] [INFO] [NC-1750406960707-917]   AN ข้าม: 0
[2025-06-20 15:09:20] [INFO] [NC-1750406960707-917]   แผนทั้งหมด: 0
[2025-06-20 15:09:20] [INFO] [NC-1750406960707-917]   แผนสำเร็จ: 10
[2025-06-20 15:09:20] [INFO] [NC-1750406960707-917]   แผนล้มเหลว: 0
[2025-06-20 15:09:20] [INFO] [NC-1750406960707-917]   แผนข้าม: 0
[2025-06-20 15:09:20] [INFO] [NC-1750406960707-917]   เวลาเฉลี่ยต่อแผน: 17ms (ต่ำสุด: 11ms, สูงสุด: 26ms)
[2025-06-20 15:09:20] [INFO] [NC-1750406960707-917]   อัตราความสำเร็จ: 100%
[2025-06-20 15:09:20] [INFO] [NC-1750406960707-917]   บันทึกลง tbl_ur_generate_daily_log สำเร็จ
[2025-06-20 15:09:20] [INFO] [NC-1750406960707-917]   บันทึกลง tbl_ur_autogeneratestats สำเร็จ
[2025-06-20 15:09:20] [INFO] [NC-1750406960707-917]   บันทึกสถิติลงฐานข้อมูลเสร็จสิ้น
[2025-06-20 15:09:20] [INFO] [NC-1750406960596-550]   Auto Generate NC Plan เสร็จสิ้น: สำเร็จ
[2025-06-20 15:09:20] [INFO] [NC-1750406960596-550]   === สิ้นสุด Auto Generate NC Plan Session ===
[2025-06-20 15:09:20] [INFO] [NC-1750406960596-550]   เวลาสิ้นสุด: 2025-06-20 15:09:20
[2025-06-20 15:09:20] [INFO] [NC-1750406960596-550]   ระยะเวลาทั้งหมด: 0 วินาที
[2025-06-20 15:09:20] [INFO] [NC-1750406960596-550]   
=== สรุปผลการ Auto Generate NC Plan ===
[2025-06-20 15:09:20] [INFO] [NC-1750406960596-550]   AN ทั้งหมด: 0
[2025-06-20 15:09:20] [INFO] [NC-1750406960596-550]   AN สำเร็จ: 0
[2025-06-20 15:09:20] [INFO] [NC-1750406960596-550]   AN ล้มเหลว: 0
[2025-06-20 15:09:20] [INFO] [NC-1750406960596-550]   AN ข้าม: 0
[2025-06-20 15:09:20] [INFO] [NC-1750406960596-550]   แผนทั้งหมด: 0
[2025-06-20 15:09:20] [INFO] [NC-1750406960596-550]   แผนสำเร็จ: 0
[2025-06-20 15:09:20] [INFO] [NC-1750406960596-550]   แผนล้มเหลว: 0
[2025-06-20 15:09:20] [INFO] [NC-1750406960596-550]   แผนข้าม: 0
[2025-06-20 15:09:20] [INFO] [NC-1750406960596-550]   อัตราความสำเร็จ: 0%
[2025-06-20 15:09:20] [INFO] [NC-1750406960596-550]   บันทึกลง tbl_ur_generate_daily_log สำเร็จ
[2025-06-20 15:09:20] [INFO] [NC-1750406960596-550]   บันทึกลง tbl_ur_autogeneratestats สำเร็จ
[2025-06-20 15:09:20] [INFO] [NC-1750406960596-550]   บันทึกสถิติลงฐานข้อมูลเสร็จสิ้น
