[2025-05-30 14:50:50] [INFO] [NC-1748591450723-082]   === เริ่มต้น Auto Generate NC Plan Session ===
[2025-05-30 14:50:50] [INFO] [NC-1748591450723-082]   Session ID: NC-1748591450723-082
[2025-05-30 14:50:50] [INFO] [NC-1748591450723-082]   เวลาเริ่มต้น: 2025-05-30 14:50:50
[2025-05-30 14:50:50] [INFO] [NC-1748591450723-082]   เริ่มต้นระบบ Auto Generate NC Plan
[2025-05-30 14:50:50] [INFO] [NC-1748591450723-082]   พบแผน NC ทั้งหมด: 4 รายการ
[2025-05-30 14:50:50] [INFO] [NC-1748591450723-082]   แผนที่ถูกต้อง: 4 รายการ
[2025-05-30 14:50:50] [INFO] [NC-1748591450723-082]   แผนที่ไม่สมบูรณ์: 0 รายการ
[2025-05-30 14:50:50] [INFO] [NC-1748591450723-082]   จัดกลุ่มได้ 1 AN ที่ต้อง generate NC plan
[2025-05-30 14:50:50] [INFO] [NC-1748591450723-082] [AN:1/68]  เริ่มประมวลผล AN: 1/68 (4 แผน)
[2025-05-30 14:50:50] [INFO] [NC-1748591450723-082] [AN:1/68] [NC:NC0101] ประมวลผลแผน: NC0101 (W2) - WEEKLY
[2025-05-30 14:50:50] [INFO] [NC-1748591450723-082] [AN:1/68] [NC:NC0101] สร้างแผนสำเร็จ: NC0101 (1 รายการ) ใช้เวลา 4ms
[2025-05-30 14:50:50] [INFO] [NC-1748591450723-082] [AN:1/68] [NC:NC0103] ประมวลผลแผน: NC0103 (TID) - PRESET
[2025-05-30 14:50:50] [INFO] [NC-1748591450723-082] [AN:1/68] [NC:NC0103] สร้างแผนสำเร็จ: NC0103 (3 รายการ) ใช้เวลา 8ms
[2025-05-30 14:50:50] [INFO] [NC-1748591450723-082] [AN:1/68] [NC:NC0301] ประมวลผลแผน: NC0301 (Q1) - INTERVAL
[2025-05-30 14:50:50] [INFO] [NC-1748591450723-082] [AN:1/68] [NC:NC0301] สร้างแผนสำเร็จ: NC0301 (24 รายการ) ใช้เวลา 13ms
[2025-05-30 14:50:50] [INFO] [NC-1748591450723-082] [AN:1/68] [NC:NC0702] ประมวลผลแผน: NC0702 (Q2) - INTERVAL
[2025-05-30 14:50:50] [INFO] [NC-1748591450723-082] [AN:1/68] [NC:NC0702] สร้างแผนสำเร็จ: NC0702 (12 รายการ) ใช้เวลา 7ms
[2025-05-30 14:50:50] [INFO] [NC-1748591450723-082] [AN:1/68]  AN 1/68 ประมวลผลสำเร็จ - สำเร็จ: 4, ล้มเหลว: 0
[2025-05-30 14:50:50] [INFO] [NC-1748591450723-082] [AN:1/68]  AN 1/68 ใช้เวลาทั้งหมด: 46ms
[2025-05-30 14:50:50] [INFO] [NC-1748591450723-082]   Auto Generate NC Plan เสร็จสิ้น - commit transaction สำเร็จ
[2025-05-30 14:50:50] [INFO] [NC-1748591450723-082]   === สิ้นสุด Auto Generate NC Plan Session ===
[2025-05-30 14:50:50] [INFO] [NC-1748591450723-082]   เวลาสิ้นสุด: 2025-05-30 14:50:50
[2025-05-30 14:50:50] [INFO] [NC-1748591450723-082]   ระยะเวลาทั้งหมด: 0 วินาที
[2025-05-30 14:50:50] [INFO] [NC-1748591450723-082]   
=== สรุปผลการ Auto Generate NC Plan ===
[2025-05-30 14:50:50] [INFO] [NC-1748591450723-082]   AN ทั้งหมด: 1
[2025-05-30 14:50:50] [INFO] [NC-1748591450723-082]   AN สำเร็จ: 1
[2025-05-30 14:50:50] [INFO] [NC-1748591450723-082]   AN ล้มเหลว: 0
[2025-05-30 14:50:50] [INFO] [NC-1748591450723-082]   AN ข้าม: 0
[2025-05-30 14:50:50] [INFO] [NC-1748591450723-082]   แผนทั้งหมด: 0
[2025-05-30 14:50:50] [INFO] [NC-1748591450723-082]   แผนสำเร็จ: 8
[2025-05-30 14:50:50] [INFO] [NC-1748591450723-082]   แผนล้มเหลว: 0
[2025-05-30 14:50:50] [INFO] [NC-1748591450723-082]   แผนข้าม: 0
[2025-05-30 14:50:50] [INFO] [NC-1748591450723-082]   เวลาเฉลี่ยต่อแผน: 8ms (ต่ำสุด: 4ms, สูงสุด: 13ms)
[2025-05-30 14:50:50] [INFO] [NC-1748591450723-082]   อัตราความสำเร็จ: 100%
[2025-05-30 14:50:50] [INFO] [NC-1748591450723-082]   บันทึกลง tbl_ur_generate_daily_log สำเร็จ
[2025-05-30 14:50:50] [INFO] [NC-1748591450723-082]   บันทึกลง tbl_ur_autogeneratestats สำเร็จ
[2025-05-30 14:50:50] [INFO] [NC-1748591450723-082]   บันทึกสถิติลงฐานข้อมูลเสร็จสิ้น
