[2025-06-21 15:11:28] [INFO] [NC-1750493488872-881]   === เริ่มต้น Auto Generate NC Plan Session ===
[2025-06-21 15:11:28] [INFO] [NC-1750493488872-881]   Session ID: NC-1750493488872-881
[2025-06-21 15:11:28] [INFO] [NC-1750493488872-881]   เวลาเริ่มต้น: 2025-06-21 15:11:28
[2025-06-21 15:11:29] [INFO] [NC-1750493488872-881]   เริ่มต้น Auto Generate NC Plan
[2025-06-21 15:11:29] [INFO] [NC-1750493489086-814]   === เริ่มต้น Auto Generate NC Plan Session ===
[2025-06-21 15:11:29] [INFO] [NC-1750493489086-814]   Session ID: NC-1750493489086-814
[2025-06-21 15:11:29] [INFO] [NC-1750493489086-814]   เวลาเริ่มต้น: 2025-06-21 15:11:29
[2025-06-21 15:11:29] [INFO] [NC-1750493489086-814]   เริ่มต้นระบบ Auto Generate NC Plan
[2025-06-21 15:11:29] [INFO] [NC-1750493489086-814]   พบแผน NC ทั้งหมด: 5 รายการ
[2025-06-21 15:11:29] [INFO] [NC-1750493489086-814]   แผนที่ถูกต้อง: 5 รายการ
[2025-06-21 15:11:29] [INFO] [NC-1750493489086-814]   แผนที่ไม่สมบูรณ์: 0 รายการ
[2025-06-21 15:11:29] [INFO] [NC-1750493489086-814]   จัดกลุ่มได้ 1 AN ที่ต้อง generate NC plan
[2025-06-21 15:11:29] [INFO] [NC-1750493489086-814] [AN:2907/68]  เริ่มประมวลผล AN: 2907/68 (5 แผน)
[2025-06-21 15:11:29] [INFO] [NC-1750493489086-814] [AN:2907/68] [NC:N0204] ประมวลผลแผน: N0204 (W2) - WEEKLY
[2025-06-21 15:11:29] [INFO] [NC-1750493489086-814] [AN:2907/68] [NC:N0204] Cancel แผนเดิม: N0204 จำนวน 1 รายการ (header เท่านั้น)
[2025-06-21 15:11:29] [INFO] [NC-1750493489086-814] [AN:2907/68] [NC:N0204] Cancel แผนเดิม: N0204 จำนวน 1 รายการ
[2025-06-21 15:11:29] [INFO] [NC-1750493489086-814] [AN:2907/68] [NC:N0204] สร้างแผนสำเร็จ: N0204 (0 รายการ) ใช้เวลา 17ms
[2025-06-21 15:11:29] [INFO] [NC-1750493489086-814] [AN:2907/68] [NC:N0503] ประมวลผลแผน: N0503 (TID) - PRESET
[2025-06-21 15:11:29] [INFO] [NC-1750493489086-814] [AN:2907/68] [NC:N0503] Cancel แผนเดิม: N0503 จำนวน 1 รายการ (header เท่านั้น)
[2025-06-21 15:11:29] [INFO] [NC-1750493489086-814] [AN:2907/68] [NC:N0503] Cancel แผนเดิม: N0503 จำนวน 1 รายการ
[2025-06-21 15:11:29] [INFO] [NC-1750493489086-814] [AN:2907/68] [NC:N0503] สร้างแผนสำเร็จ: N0503 (3 รายการ) ใช้เวลา 16ms
[2025-06-21 15:11:29] [INFO] [NC-1750493489086-814] [AN:2907/68] [NC:N0605] ประมวลผลแผน: N0605 (Q1) - INTERVAL
[2025-06-21 15:11:29] [INFO] [NC-1750493489086-814] [AN:2907/68] [NC:N0605] Cancel แผนเดิม: N0605 จำนวน 1 รายการ (header เท่านั้น)
[2025-06-21 15:11:29] [INFO] [NC-1750493489086-814] [AN:2907/68] [NC:N0605] Cancel แผนเดิม: N0605 จำนวน 1 รายการ
[2025-06-21 15:11:29] [INFO] [NC-1750493489086-814] [AN:2907/68] [NC:N0605] สร้างแผนสำเร็จ: N0605 (24 รายการ) ใช้เวลา 36ms
[2025-06-21 15:11:29] [INFO] [NC-1750493489086-814] [AN:2907/68] [NC:N1104] ประมวลผลแผน: N1104 (TID) - PRESET
[2025-06-21 15:11:29] [INFO] [NC-1750493489086-814] [AN:2907/68] [NC:N1104] Cancel แผนเดิม: N1104 จำนวน 1 รายการ (header เท่านั้น)
[2025-06-21 15:11:29] [INFO] [NC-1750493489086-814] [AN:2907/68] [NC:N1104] Cancel แผนเดิม: N1104 จำนวน 1 รายการ
[2025-06-21 15:11:29] [INFO] [NC-1750493489086-814] [AN:2907/68] [NC:N1104] สร้างแผนสำเร็จ: N1104 (3 รายการ) ใช้เวลา 16ms
[2025-06-21 15:11:29] [INFO] [NC-1750493489086-814] [AN:2907/68] [NC:N1105] ประมวลผลแผน: N1105 (TID) - PRESET
[2025-06-21 15:11:29] [INFO] [NC-1750493489086-814] [AN:2907/68] [NC:N1105] Cancel แผนเดิม: N1105 จำนวน 1 รายการ (header เท่านั้น)
[2025-06-21 15:11:29] [INFO] [NC-1750493489086-814] [AN:2907/68] [NC:N1105] Cancel แผนเดิม: N1105 จำนวน 1 รายการ
[2025-06-21 15:11:29] [INFO] [NC-1750493489086-814] [AN:2907/68] [NC:N1105] สร้างแผนสำเร็จ: N1105 (3 รายการ) ใช้เวลา 14ms
[2025-06-21 15:11:29] [INFO] [NC-1750493489086-814] [AN:2907/68]  AN 2907/68 ประมวลผลสำเร็จ - สำเร็จ: 5, ล้มเหลว: 0
[2025-06-21 15:11:29] [INFO] [NC-1750493489086-814] [AN:2907/68]  AN 2907/68 ใช้เวลาทั้งหมด: 126ms
[2025-06-21 15:11:29] [INFO] [NC-1750493489086-814]   Auto Generate NC Plan เสร็จสิ้น - commit transaction สำเร็จ
[2025-06-21 15:11:29] [INFO] [NC-1750493489086-814]   === สิ้นสุด Auto Generate NC Plan Session ===
[2025-06-21 15:11:29] [INFO] [NC-1750493489086-814]   เวลาสิ้นสุด: 2025-06-21 15:11:29
[2025-06-21 15:11:29] [INFO] [NC-1750493489086-814]   ระยะเวลาทั้งหมด: 0 วินาที
[2025-06-21 15:11:29] [INFO] [NC-1750493489086-814]   
=== สรุปผลการ Auto Generate NC Plan ===
[2025-06-21 15:11:29] [INFO] [NC-1750493489086-814]   AN ทั้งหมด: 1
[2025-06-21 15:11:29] [INFO] [NC-1750493489086-814]   AN สำเร็จ: 1
[2025-06-21 15:11:29] [INFO] [NC-1750493489086-814]   AN ล้มเหลว: 0
[2025-06-21 15:11:29] [INFO] [NC-1750493489086-814]   AN ข้าม: 0
[2025-06-21 15:11:29] [INFO] [NC-1750493489086-814]   แผนทั้งหมด: 0
[2025-06-21 15:11:29] [INFO] [NC-1750493489086-814]   แผนสำเร็จ: 10
[2025-06-21 15:11:29] [INFO] [NC-1750493489086-814]   แผนล้มเหลว: 0
[2025-06-21 15:11:29] [INFO] [NC-1750493489086-814]   แผนข้าม: 0
[2025-06-21 15:11:29] [INFO] [NC-1750493489086-814]   เวลาเฉลี่ยต่อแผน: 20ms (ต่ำสุด: 14ms, สูงสุด: 36ms)
[2025-06-21 15:11:29] [INFO] [NC-1750493489086-814]   อัตราความสำเร็จ: 100%
[2025-06-21 15:11:29] [INFO] [NC-1750493489086-814]   บันทึกลง tbl_ur_generate_daily_log สำเร็จ
[2025-06-21 15:11:29] [INFO] [NC-1750493489086-814]   บันทึกลง tbl_ur_autogeneratestats สำเร็จ
[2025-06-21 15:11:29] [INFO] [NC-1750493489086-814]   บันทึกสถิติลงฐานข้อมูลเสร็จสิ้น
[2025-06-21 15:11:29] [INFO] [NC-1750493488872-881]   Auto Generate NC Plan เสร็จสิ้น: สำเร็จ
[2025-06-21 15:11:29] [INFO] [NC-1750493488872-881]   === สิ้นสุด Auto Generate NC Plan Session ===
[2025-06-21 15:11:29] [INFO] [NC-1750493488872-881]   เวลาสิ้นสุด: 2025-06-21 15:11:29
[2025-06-21 15:11:29] [INFO] [NC-1750493488872-881]   ระยะเวลาทั้งหมด: 0 วินาที
[2025-06-21 15:11:29] [INFO] [NC-1750493488872-881]   
=== สรุปผลการ Auto Generate NC Plan ===
[2025-06-21 15:11:29] [INFO] [NC-1750493488872-881]   AN ทั้งหมด: 0
[2025-06-21 15:11:29] [INFO] [NC-1750493488872-881]   AN สำเร็จ: 0
[2025-06-21 15:11:29] [INFO] [NC-1750493488872-881]   AN ล้มเหลว: 0
[2025-06-21 15:11:29] [INFO] [NC-1750493488872-881]   AN ข้าม: 0
[2025-06-21 15:11:29] [INFO] [NC-1750493488872-881]   แผนทั้งหมด: 0
[2025-06-21 15:11:29] [INFO] [NC-1750493488872-881]   แผนสำเร็จ: 0
[2025-06-21 15:11:29] [INFO] [NC-1750493488872-881]   แผนล้มเหลว: 0
[2025-06-21 15:11:29] [INFO] [NC-1750493488872-881]   แผนข้าม: 0
[2025-06-21 15:11:29] [INFO] [NC-1750493488872-881]   อัตราความสำเร็จ: 0%
[2025-06-21 15:11:29] [INFO] [NC-1750493488872-881]   บันทึกลง tbl_ur_generate_daily_log สำเร็จ
[2025-06-21 15:11:29] [INFO] [NC-1750493488872-881]   บันทึกลง tbl_ur_autogeneratestats สำเร็จ
[2025-06-21 15:11:29] [INFO] [NC-1750493488872-881]   บันทึกสถิติลงฐานข้อมูลเสร็จสิ้น
