[2025-06-20 13:54:36] [INFO] [VS-1750402476929-488]   === เริ่มต้น Auto Generate VS Plan Session ===
[2025-06-20 13:54:36] [INFO] [VS-1750402476929-488]   Session ID: VS-1750402476929-488
[2025-06-20 13:54:36] [INFO] [VS-1750402476929-488]   เวลาเริ่มต้น: 2025-06-20 13:54:36
[2025-06-20 13:54:36] [INFO] [VS-1750402476929-488]   เริ่มต้นระบบ Auto Generate ทั้ง VS และ NC Plan
[2025-06-20 13:54:36] [INFO] [VS-1750402476929-488]   เริ่มต้น Auto Generate VS Plan
[2025-06-20 13:54:36] [INFO] [VS-1750402476936-662]   === เริ่มต้น Auto Generate VS Plan Session ===
[2025-06-20 13:54:36] [INFO] [VS-1750402476936-662]   Session ID: VS-1750402476936-662
[2025-06-20 13:54:36] [INFO] [VS-1750402476936-662]   เวลาเริ่มต้น: 2025-06-20 13:54:36
[2025-06-20 13:54:36] [INFO] [VS-1750402476936-662]   เริ่มต้นระบบ Auto Generate VS Plan
[2025-06-20 13:54:37] [INFO] [VS-1750402476936-662]   พบแผน VS ทั้งหมด: 6 รายการ
[2025-06-20 13:54:37] [INFO] [VS-1750402476936-662]   แผนที่ถูกต้อง: 6 รายการ
[2025-06-20 13:54:37] [INFO] [VS-1750402476936-662]   แผนที่ไม่สมบูรณ์: 0 รายการ
[2025-06-20 13:54:37] [INFO] [VS-1750402476936-662]   จัดกลุ่มได้ 1 AN ที่ต้อง generate VS plan
[2025-06-20 13:54:37] [INFO] [VS-1750402476936-662] [AN:2907/68]  เริ่มประมวลผล AN: 2907/68 (6 แผน)
[2025-06-20 13:54:37] [INFO] [VS-1750402476936-662] [AN:2907/68] [VS:Q4] Cancel แผนเดิม: Q4 จำนวน 1 รายการ (header เท่านั้น)
[2025-06-20 13:54:37] [INFO] [VS-1750402476936-662] [AN:2907/68] [VS:Q4] Cancel แผนเดิม: Q4 จำนวน 1 รายการ
[2025-06-20 13:54:37] [INFO] [VS-1750402476936-662] [AN:2907/68] [VS:Q4] สร้างแผนสำเร็จ: Q4 (6 รายการ) ใช้เวลา 44ms
[2025-06-20 13:54:37] [INFO] [VS-1750402476936-662] [AN:2907/68] [VS:Q4] แผนถูกข้าม: Q4 - VS Code นี้ถูก generate ไปแล้วในวันนี้
[2025-06-20 13:54:37] [INFO] [VS-1750402476936-662] [AN:2907/68] [VS:Q4] แผนถูกข้าม: Q4 - VS Code นี้ถูก generate ไปแล้วในวันนี้
[2025-06-20 13:54:37] [INFO] [VS-1750402476936-662] [AN:2907/68] [VS:Q4] แผนถูกข้าม: Q4 - VS Code นี้ถูก generate ไปแล้วในวันนี้
[2025-06-20 13:54:37] [INFO] [VS-1750402476936-662] [AN:2907/68] [VS:Q4] แผนถูกข้าม: Q4 - VS Code นี้ถูก generate ไปแล้วในวันนี้
[2025-06-20 13:54:37] [INFO] [VS-1750402476936-662] [AN:2907/68] [VS:Q4] แผนถูกข้าม: Q4 - VS Code นี้ถูก generate ไปแล้วในวันนี้
[2025-06-20 13:54:37] [INFO] [VS-1750402476936-662] [AN:2907/68]  AN 2907/68 ประมวลผลสำเร็จ - สำเร็จ: 1, ล้มเหลว: 0
[2025-06-20 13:54:37] [INFO] [VS-1750402476936-662] [AN:2907/68]  AN 2907/68 ใช้เวลาทั้งหมด: 102ms
[2025-06-20 13:54:37] [INFO] [VS-1750402476936-662]   Auto Generate VS Plan เสร็จสิ้น - commit transaction สำเร็จ
[2025-06-20 13:54:37] [INFO] [VS-1750402476936-662]   === สิ้นสุด Auto Generate VS Plan Session ===
[2025-06-20 13:54:37] [INFO] [VS-1750402476936-662]   เวลาสิ้นสุด: 2025-06-20 13:54:37
[2025-06-20 13:54:37] [INFO] [VS-1750402476936-662]   ระยะเวลาทั้งหมด: 0 วินาที
[2025-06-20 13:54:37] [INFO] [VS-1750402476936-662]   
=== สรุปผลการ Auto Generate VS Plan ===
[2025-06-20 13:54:37] [INFO] [VS-1750402476936-662]   AN ทั้งหมด: 1
[2025-06-20 13:54:37] [INFO] [VS-1750402476936-662]   AN สำเร็จ: 1
[2025-06-20 13:54:37] [INFO] [VS-1750402476936-662]   AN ล้มเหลว: 0
[2025-06-20 13:54:37] [INFO] [VS-1750402476936-662]   AN ข้าม: 0
[2025-06-20 13:54:37] [INFO] [VS-1750402476936-662]   แผนทั้งหมด: 0
[2025-06-20 13:54:37] [INFO] [VS-1750402476936-662]   แผนสำเร็จ: 2
[2025-06-20 13:54:37] [INFO] [VS-1750402476936-662]   แผนล้มเหลว: 0
[2025-06-20 13:54:37] [INFO] [VS-1750402476936-662]   แผนข้าม: 5
[2025-06-20 13:54:37] [INFO] [VS-1750402476936-662]   เวลาเฉลี่ยต่อแผน: 44ms (ต่ำสุด: 44ms, สูงสุด: 44ms)
[2025-06-20 13:54:37] [INFO] [VS-1750402476936-662]   อัตราความสำเร็จ: 100%
[2025-06-20 13:54:37] [INFO] [VS-1750402476936-662]   บันทึกลง tbl_ur_generate_daily_log สำเร็จ
[2025-06-20 13:54:37] [INFO] [VS-1750402476936-662]   บันทึกลง tbl_ur_autogeneratestats สำเร็จ
[2025-06-20 13:54:37] [INFO] [VS-1750402476936-662]   บันทึกสถิติลงฐานข้อมูลเสร็จสิ้น
[2025-06-20 13:54:37] [INFO] [VS-1750402476929-488]   Auto Generate VS Plan เสร็จสิ้น: สำเร็จ
[2025-06-20 13:54:37] [INFO] [VS-1750402476929-488]   === สิ้นสุด Auto Generate VS Plan Session ===
[2025-06-20 13:54:37] [INFO] [VS-1750402476929-488]   เวลาสิ้นสุด: 2025-06-20 13:54:37
[2025-06-20 13:54:37] [INFO] [VS-1750402476929-488]   ระยะเวลาทั้งหมด: 0 วินาที
[2025-06-20 13:54:37] [INFO] [VS-1750402476929-488]   
=== สรุปผลการ Auto Generate VS Plan ===
[2025-06-20 13:54:37] [INFO] [VS-1750402476929-488]   AN ทั้งหมด: 0
[2025-06-20 13:54:37] [INFO] [VS-1750402476929-488]   AN สำเร็จ: 0
[2025-06-20 13:54:37] [INFO] [VS-1750402476929-488]   AN ล้มเหลว: 0
[2025-06-20 13:54:37] [INFO] [VS-1750402476929-488]   AN ข้าม: 0
[2025-06-20 13:54:37] [INFO] [VS-1750402476929-488]   แผนทั้งหมด: 0
[2025-06-20 13:54:37] [INFO] [VS-1750402476929-488]   แผนสำเร็จ: 0
[2025-06-20 13:54:37] [INFO] [VS-1750402476929-488]   แผนล้มเหลว: 0
[2025-06-20 13:54:37] [INFO] [VS-1750402476929-488]   แผนข้าม: 0
[2025-06-20 13:54:37] [INFO] [VS-1750402476929-488]   อัตราความสำเร็จ: 0%
[2025-06-20 13:54:37] [INFO] [VS-1750402476929-488]   บันทึกลง tbl_ur_generate_daily_log สำเร็จ
[2025-06-20 13:54:37] [INFO] [VS-1750402476929-488]   บันทึกลง tbl_ur_autogeneratestats สำเร็จ
[2025-06-20 13:54:37] [INFO] [VS-1750402476929-488]   บันทึกสถิติลงฐานข้อมูลเสร็จสิ้น
[2025-06-20 13:58:16] [INFO] [VS-1750402696178-083]   === เริ่มต้น Auto Generate VS Plan Session ===
[2025-06-20 13:58:16] [INFO] [VS-1750402696178-083]   Session ID: VS-1750402696178-083
[2025-06-20 13:58:16] [INFO] [VS-1750402696178-083]   เวลาเริ่มต้น: 2025-06-20 13:58:16
[2025-06-20 13:58:16] [INFO] [VS-1750402696178-083]   เริ่มต้นระบบ Auto Generate ทั้ง VS และ NC Plan
[2025-06-20 13:58:16] [INFO] [VS-1750402696178-083]   เริ่มต้น Auto Generate VS Plan
[2025-06-20 13:58:16] [INFO] [VS-1750402696185-477]   === เริ่มต้น Auto Generate VS Plan Session ===
[2025-06-20 13:58:16] [INFO] [VS-1750402696185-477]   Session ID: VS-1750402696185-477
[2025-06-20 13:58:16] [INFO] [VS-1750402696185-477]   เวลาเริ่มต้น: 2025-06-20 13:58:16
[2025-06-20 13:58:16] [INFO] [VS-1750402696185-477]   เริ่มต้นระบบ Auto Generate VS Plan
[2025-06-20 13:58:16] [INFO] [VS-1750402696185-477]   พบแผน VS ทั้งหมด: 6 รายการ
[2025-06-20 13:58:16] [INFO] [VS-1750402696185-477]   แผนที่ถูกต้อง: 6 รายการ
[2025-06-20 13:58:16] [INFO] [VS-1750402696185-477]   แผนที่ไม่สมบูรณ์: 0 รายการ
[2025-06-20 13:58:16] [INFO] [VS-1750402696185-477]   จัดกลุ่มได้ 1 AN ที่ต้อง generate VS plan
[2025-06-20 13:58:16] [INFO] [VS-1750402696185-477] [AN:2907/68]  เริ่มประมวลผล AN: 2907/68 (6 แผน)
[2025-06-20 13:58:16] [INFO] [VS-1750402696185-477] [AN:2907/68]  AN 2907/68 ถูกข้าม: ถูก generate ไปแล้วในวันนี้
[2025-06-20 13:58:16] [INFO] [VS-1750402696185-477]   Auto Generate VS Plan เสร็จสิ้น - commit transaction สำเร็จ
[2025-06-20 13:58:16] [INFO] [VS-1750402696185-477]   === สิ้นสุด Auto Generate VS Plan Session ===
[2025-06-20 13:58:16] [INFO] [VS-1750402696185-477]   เวลาสิ้นสุด: 2025-06-20 13:58:16
[2025-06-20 13:58:16] [INFO] [VS-1750402696185-477]   ระยะเวลาทั้งหมด: 0 วินาที
[2025-06-20 13:58:16] [INFO] [VS-1750402696185-477]   
=== สรุปผลการ Auto Generate VS Plan ===
[2025-06-20 13:58:16] [INFO] [VS-1750402696185-477]   AN ทั้งหมด: 1
[2025-06-20 13:58:16] [INFO] [VS-1750402696185-477]   AN สำเร็จ: 0
[2025-06-20 13:58:16] [INFO] [VS-1750402696185-477]   AN ล้มเหลว: 0
[2025-06-20 13:58:16] [INFO] [VS-1750402696185-477]   AN ข้าม: 1
[2025-06-20 13:58:16] [INFO] [VS-1750402696185-477]   แผนทั้งหมด: 0
[2025-06-20 13:58:16] [INFO] [VS-1750402696185-477]   แผนสำเร็จ: 0
[2025-06-20 13:58:16] [INFO] [VS-1750402696185-477]   แผนล้มเหลว: 0
[2025-06-20 13:58:16] [INFO] [VS-1750402696185-477]   แผนข้าม: 0
[2025-06-20 13:58:16] [INFO] [VS-1750402696185-477]   
AN ที่ถูกข้าม:
[2025-06-20 13:58:16] [INFO] [VS-1750402696185-477]     - 2907/68: ถูก generate ไปแล้วในวันนี้
[2025-06-20 13:58:16] [INFO] [VS-1750402696185-477]   อัตราความสำเร็จ: 0%
[2025-06-20 13:58:16] [INFO] [VS-1750402696185-477]   บันทึกลง tbl_ur_generate_daily_log สำเร็จ
[2025-06-20 13:58:16] [INFO] [VS-1750402696185-477]   บันทึกลง tbl_ur_autogeneratestats สำเร็จ
[2025-06-20 13:58:16] [INFO] [VS-1750402696185-477]   บันทึกสถิติลงฐานข้อมูลเสร็จสิ้น
[2025-06-20 13:58:16] [INFO] [VS-1750402696178-083]   Auto Generate VS Plan เสร็จสิ้น: ล้มเหลว
[2025-06-20 13:58:16] [INFO] [VS-1750402696178-083]   === สิ้นสุด Auto Generate VS Plan Session ===
[2025-06-20 13:58:16] [INFO] [VS-1750402696178-083]   เวลาสิ้นสุด: 2025-06-20 13:58:16
[2025-06-20 13:58:16] [INFO] [VS-1750402696178-083]   ระยะเวลาทั้งหมด: 0 วินาที
[2025-06-20 13:58:16] [INFO] [VS-1750402696178-083]   
=== สรุปผลการ Auto Generate VS Plan ===
[2025-06-20 13:58:16] [INFO] [VS-1750402696178-083]   AN ทั้งหมด: 0
[2025-06-20 13:58:16] [INFO] [VS-1750402696178-083]   AN สำเร็จ: 0
[2025-06-20 13:58:16] [INFO] [VS-1750402696178-083]   AN ล้มเหลว: 0
[2025-06-20 13:58:16] [INFO] [VS-1750402696178-083]   AN ข้าม: 0
[2025-06-20 13:58:16] [INFO] [VS-1750402696178-083]   แผนทั้งหมด: 0
[2025-06-20 13:58:16] [INFO] [VS-1750402696178-083]   แผนสำเร็จ: 0
[2025-06-20 13:58:16] [INFO] [VS-1750402696178-083]   แผนล้มเหลว: 0
[2025-06-20 13:58:16] [INFO] [VS-1750402696178-083]   แผนข้าม: 0
[2025-06-20 13:58:16] [INFO] [VS-1750402696178-083]   อัตราความสำเร็จ: 0%
[2025-06-20 13:58:16] [INFO] [VS-1750402696178-083]   บันทึกลง tbl_ur_generate_daily_log สำเร็จ
[2025-06-20 13:58:16] [INFO] [VS-1750402696178-083]   บันทึกลง tbl_ur_autogeneratestats สำเร็จ
[2025-06-20 13:58:16] [INFO] [VS-1750402696178-083]   บันทึกสถิติลงฐานข้อมูลเสร็จสิ้น
[2025-06-20 14:21:23] [INFO] [VS-1750404083750-528]   === เริ่มต้น Auto Generate VS Plan Session ===
[2025-06-20 14:21:23] [INFO] [VS-1750404083750-528]   Session ID: VS-1750404083750-528
[2025-06-20 14:21:23] [INFO] [VS-1750404083750-528]   เวลาเริ่มต้น: 2025-06-20 14:21:23
[2025-06-20 14:21:23] [INFO] [VS-1750404083750-528]   เริ่มต้นระบบ Auto Generate ทั้ง VS และ NC Plan
[2025-06-20 14:21:23] [INFO] [VS-1750404083750-528]   เริ่มต้น Auto Generate VS Plan
[2025-06-20 14:21:23] [INFO] [VS-1750404083756-653]   === เริ่มต้น Auto Generate VS Plan Session ===
[2025-06-20 14:21:23] [INFO] [VS-1750404083756-653]   Session ID: VS-1750404083756-653
[2025-06-20 14:21:23] [INFO] [VS-1750404083756-653]   เวลาเริ่มต้น: 2025-06-20 14:21:23
[2025-06-20 14:21:23] [INFO] [VS-1750404083756-653]   เริ่มต้นระบบ Auto Generate VS Plan
[2025-06-20 14:21:23] [INFO] [VS-1750404083756-653]   พบแผน VS ทั้งหมด: 6 รายการ
[2025-06-20 14:21:23] [INFO] [VS-1750404083756-653]   แผนที่ถูกต้อง: 6 รายการ
[2025-06-20 14:21:23] [INFO] [VS-1750404083756-653]   แผนที่ไม่สมบูรณ์: 0 รายการ
[2025-06-20 14:21:23] [INFO] [VS-1750404083756-653]   จัดกลุ่มได้ 1 AN ที่ต้อง generate VS plan
[2025-06-20 14:21:23] [INFO] [VS-1750404083756-653] [AN:2907/68]  เริ่มประมวลผล AN: 2907/68 (6 แผน)
[2025-06-20 14:21:23] [INFO] [VS-1750404083756-653] [AN:2907/68]  AN 2907/68 ถูกข้าม: ถูก generate ไปแล้วในวันนี้
[2025-06-20 14:21:23] [INFO] [VS-1750404083756-653]   Auto Generate VS Plan เสร็จสิ้น - commit transaction สำเร็จ
[2025-06-20 14:21:23] [INFO] [VS-1750404083756-653]   === สิ้นสุด Auto Generate VS Plan Session ===
[2025-06-20 14:21:23] [INFO] [VS-1750404083756-653]   เวลาสิ้นสุด: 2025-06-20 14:21:23
[2025-06-20 14:21:23] [INFO] [VS-1750404083756-653]   ระยะเวลาทั้งหมด: 0 วินาที
[2025-06-20 14:21:23] [INFO] [VS-1750404083756-653]   
=== สรุปผลการ Auto Generate VS Plan ===
[2025-06-20 14:21:23] [INFO] [VS-1750404083756-653]   AN ทั้งหมด: 1
[2025-06-20 14:21:23] [INFO] [VS-1750404083756-653]   AN สำเร็จ: 0
[2025-06-20 14:21:23] [INFO] [VS-1750404083756-653]   AN ล้มเหลว: 0
[2025-06-20 14:21:23] [INFO] [VS-1750404083756-653]   AN ข้าม: 1
[2025-06-20 14:21:23] [INFO] [VS-1750404083756-653]   แผนทั้งหมด: 0
[2025-06-20 14:21:23] [INFO] [VS-1750404083756-653]   แผนสำเร็จ: 0
[2025-06-20 14:21:23] [INFO] [VS-1750404083756-653]   แผนล้มเหลว: 0
[2025-06-20 14:21:23] [INFO] [VS-1750404083756-653]   แผนข้าม: 0
[2025-06-20 14:21:23] [INFO] [VS-1750404083756-653]   
AN ที่ถูกข้าม:
[2025-06-20 14:21:23] [INFO] [VS-1750404083756-653]     - 2907/68: ถูก generate ไปแล้วในวันนี้
[2025-06-20 14:21:23] [INFO] [VS-1750404083756-653]   อัตราความสำเร็จ: 0%
[2025-06-20 14:21:23] [INFO] [VS-1750404083756-653]   บันทึกลง tbl_ur_generate_daily_log สำเร็จ
[2025-06-20 14:21:23] [INFO] [VS-1750404083756-653]   บันทึกลง tbl_ur_autogeneratestats สำเร็จ
[2025-06-20 14:21:23] [INFO] [VS-1750404083756-653]   บันทึกสถิติลงฐานข้อมูลเสร็จสิ้น
[2025-06-20 14:21:23] [INFO] [VS-1750404083750-528]   Auto Generate VS Plan เสร็จสิ้น: ล้มเหลว
[2025-06-20 14:21:23] [INFO] [VS-1750404083750-528]   === สิ้นสุด Auto Generate VS Plan Session ===
[2025-06-20 14:21:23] [INFO] [VS-1750404083750-528]   เวลาสิ้นสุด: 2025-06-20 14:21:23
[2025-06-20 14:21:23] [INFO] [VS-1750404083750-528]   ระยะเวลาทั้งหมด: 0 วินาที
[2025-06-20 14:21:23] [INFO] [VS-1750404083750-528]   
=== สรุปผลการ Auto Generate VS Plan ===
[2025-06-20 14:21:23] [INFO] [VS-1750404083750-528]   AN ทั้งหมด: 0
[2025-06-20 14:21:23] [INFO] [VS-1750404083750-528]   AN สำเร็จ: 0
[2025-06-20 14:21:23] [INFO] [VS-1750404083750-528]   AN ล้มเหลว: 0
[2025-06-20 14:21:23] [INFO] [VS-1750404083750-528]   AN ข้าม: 0
[2025-06-20 14:21:23] [INFO] [VS-1750404083750-528]   แผนทั้งหมด: 0
[2025-06-20 14:21:23] [INFO] [VS-1750404083750-528]   แผนสำเร็จ: 0
[2025-06-20 14:21:23] [INFO] [VS-1750404083750-528]   แผนล้มเหลว: 0
[2025-06-20 14:21:23] [INFO] [VS-1750404083750-528]   แผนข้าม: 0
[2025-06-20 14:21:23] [INFO] [VS-1750404083750-528]   อัตราความสำเร็จ: 0%
[2025-06-20 14:21:23] [INFO] [VS-1750404083750-528]   บันทึกลง tbl_ur_generate_daily_log สำเร็จ
[2025-06-20 14:21:23] [INFO] [VS-1750404083750-528]   บันทึกลง tbl_ur_autogeneratestats สำเร็จ
[2025-06-20 14:21:24] [INFO] [VS-1750404083750-528]   บันทึกสถิติลงฐานข้อมูลเสร็จสิ้น
[2025-06-20 14:40:41] [INFO] [VS-1750405241894-018]   === เริ่มต้น Auto Generate VS Plan Session ===
[2025-06-20 14:40:41] [INFO] [VS-1750405241894-018]   Session ID: VS-1750405241894-018
[2025-06-20 14:40:41] [INFO] [VS-1750405241894-018]   เวลาเริ่มต้น: 2025-06-20 14:40:41
[2025-06-20 14:40:41] [INFO] [VS-1750405241894-018]   เริ่มต้นระบบ Auto Generate ทั้ง VS และ NC Plan
[2025-06-20 14:40:41] [INFO] [VS-1750405241894-018]   เริ่มต้น Auto Generate VS Plan
[2025-06-20 14:40:41] [INFO] [VS-1750405241900-337]   === เริ่มต้น Auto Generate VS Plan Session ===
[2025-06-20 14:40:41] [INFO] [VS-1750405241900-337]   Session ID: VS-1750405241900-337
[2025-06-20 14:40:41] [INFO] [VS-1750405241900-337]   เวลาเริ่มต้น: 2025-06-20 14:40:41
[2025-06-20 14:40:41] [INFO] [VS-1750405241900-337]   เริ่มต้นระบบ Auto Generate VS Plan
[2025-06-20 14:40:41] [INFO] [VS-1750405241900-337]   พบแผน VS ทั้งหมด: 6 รายการ
[2025-06-20 14:40:41] [INFO] [VS-1750405241900-337]   แผนที่ถูกต้อง: 6 รายการ
[2025-06-20 14:40:41] [INFO] [VS-1750405241900-337]   แผนที่ไม่สมบูรณ์: 0 รายการ
[2025-06-20 14:40:41] [INFO] [VS-1750405241900-337]   จัดกลุ่มได้ 1 AN ที่ต้อง generate VS plan
[2025-06-20 14:40:41] [INFO] [VS-1750405241900-337] [AN:2907/68]  เริ่มประมวลผล AN: 2907/68 (6 แผน)
[2025-06-20 14:40:41] [INFO] [VS-1750405241900-337] [AN:2907/68]  AN 2907/68 ถูกข้าม: ถูก generate ไปแล้วในวันนี้
[2025-06-20 14:40:41] [INFO] [VS-1750405241900-337]   Auto Generate VS Plan เสร็จสิ้น - commit transaction สำเร็จ
[2025-06-20 14:40:41] [INFO] [VS-1750405241900-337]   === สิ้นสุด Auto Generate VS Plan Session ===
[2025-06-20 14:40:41] [INFO] [VS-1750405241900-337]   เวลาสิ้นสุด: 2025-06-20 14:40:41
[2025-06-20 14:40:41] [INFO] [VS-1750405241900-337]   ระยะเวลาทั้งหมด: 0 วินาที
[2025-06-20 14:40:41] [INFO] [VS-1750405241900-337]   
=== สรุปผลการ Auto Generate VS Plan ===
[2025-06-20 14:40:41] [INFO] [VS-1750405241900-337]   AN ทั้งหมด: 1
[2025-06-20 14:40:41] [INFO] [VS-1750405241900-337]   AN สำเร็จ: 0
[2025-06-20 14:40:41] [INFO] [VS-1750405241900-337]   AN ล้มเหลว: 0
[2025-06-20 14:40:41] [INFO] [VS-1750405241900-337]   AN ข้าม: 1
[2025-06-20 14:40:41] [INFO] [VS-1750405241900-337]   แผนทั้งหมด: 0
[2025-06-20 14:40:41] [INFO] [VS-1750405241900-337]   แผนสำเร็จ: 0
[2025-06-20 14:40:41] [INFO] [VS-1750405241900-337]   แผนล้มเหลว: 0
[2025-06-20 14:40:41] [INFO] [VS-1750405241900-337]   แผนข้าม: 0
[2025-06-20 14:40:41] [INFO] [VS-1750405241900-337]   
AN ที่ถูกข้าม:
[2025-06-20 14:40:41] [INFO] [VS-1750405241900-337]     - 2907/68: ถูก generate ไปแล้วในวันนี้
[2025-06-20 14:40:41] [INFO] [VS-1750405241900-337]   อัตราความสำเร็จ: 0%
[2025-06-20 14:40:41] [INFO] [VS-1750405241900-337]   บันทึกลง tbl_ur_generate_daily_log สำเร็จ
[2025-06-20 14:40:41] [INFO] [VS-1750405241900-337]   บันทึกลง tbl_ur_autogeneratestats สำเร็จ
[2025-06-20 14:40:41] [INFO] [VS-1750405241900-337]   บันทึกสถิติลงฐานข้อมูลเสร็จสิ้น
[2025-06-20 14:40:41] [INFO] [VS-1750405241894-018]   Auto Generate VS Plan เสร็จสิ้น: ล้มเหลว
[2025-06-20 14:40:42] [INFO] [VS-1750405241894-018]   === สิ้นสุด Auto Generate VS Plan Session ===
[2025-06-20 14:40:42] [INFO] [VS-1750405241894-018]   เวลาสิ้นสุด: 2025-06-20 14:40:42
[2025-06-20 14:40:42] [INFO] [VS-1750405241894-018]   ระยะเวลาทั้งหมด: 0 วินาที
[2025-06-20 14:40:42] [INFO] [VS-1750405241894-018]   
=== สรุปผลการ Auto Generate VS Plan ===
[2025-06-20 14:40:42] [INFO] [VS-1750405241894-018]   AN ทั้งหมด: 0
[2025-06-20 14:40:42] [INFO] [VS-1750405241894-018]   AN สำเร็จ: 0
[2025-06-20 14:40:42] [INFO] [VS-1750405241894-018]   AN ล้มเหลว: 0
[2025-06-20 14:40:42] [INFO] [VS-1750405241894-018]   AN ข้าม: 0
[2025-06-20 14:40:42] [INFO] [VS-1750405241894-018]   แผนทั้งหมด: 0
[2025-06-20 14:40:42] [INFO] [VS-1750405241894-018]   แผนสำเร็จ: 0
[2025-06-20 14:40:42] [INFO] [VS-1750405241894-018]   แผนล้มเหลว: 0
[2025-06-20 14:40:42] [INFO] [VS-1750405241894-018]   แผนข้าม: 0
[2025-06-20 14:40:42] [INFO] [VS-1750405241894-018]   อัตราความสำเร็จ: 0%
[2025-06-20 14:40:42] [INFO] [VS-1750405241894-018]   บันทึกลง tbl_ur_generate_daily_log สำเร็จ
[2025-06-20 14:40:42] [INFO] [VS-1750405241894-018]   บันทึกลง tbl_ur_autogeneratestats สำเร็จ
[2025-06-20 14:40:42] [INFO] [VS-1750405241894-018]   บันทึกสถิติลงฐานข้อมูลเสร็จสิ้น
[2025-06-20 15:09:20] [INFO] [VS-1750406960593-217]   === เริ่มต้น Auto Generate VS Plan Session ===
[2025-06-20 15:09:20] [INFO] [VS-1750406960593-217]   Session ID: VS-1750406960593-217
[2025-06-20 15:09:20] [INFO] [VS-1750406960593-217]   เวลาเริ่มต้น: 2025-06-20 15:09:20
[2025-06-20 15:09:20] [INFO] [VS-1750406960593-217]   เริ่มต้นระบบ Auto Generate ทั้ง VS และ NC Plan
[2025-06-20 15:09:20] [INFO] [VS-1750406960593-217]   เริ่มต้น Auto Generate VS Plan
[2025-06-20 15:09:20] [INFO] [VS-1750406960599-408]   === เริ่มต้น Auto Generate VS Plan Session ===
[2025-06-20 15:09:20] [INFO] [VS-1750406960599-408]   Session ID: VS-1750406960599-408
[2025-06-20 15:09:20] [INFO] [VS-1750406960599-408]   เวลาเริ่มต้น: 2025-06-20 15:09:20
[2025-06-20 15:09:20] [INFO] [VS-1750406960599-408]   เริ่มต้นระบบ Auto Generate VS Plan
[2025-06-20 15:09:20] [INFO] [VS-1750406960599-408]   พบแผน VS ทั้งหมด: 6 รายการ
[2025-06-20 15:09:20] [INFO] [VS-1750406960599-408]   แผนที่ถูกต้อง: 6 รายการ
[2025-06-20 15:09:20] [INFO] [VS-1750406960599-408]   แผนที่ไม่สมบูรณ์: 0 รายการ
[2025-06-20 15:09:20] [INFO] [VS-1750406960599-408]   จัดกลุ่มได้ 1 AN ที่ต้อง generate VS plan
[2025-06-20 15:09:20] [INFO] [VS-1750406960599-408] [AN:2907/68]  เริ่มประมวลผล AN: 2907/68 (6 แผน)
[2025-06-20 15:09:20] [INFO] [VS-1750406960599-408] [AN:2907/68]  AN 2907/68 ถูกข้าม: ถูก generate ไปแล้วในวันนี้
[2025-06-20 15:09:20] [INFO] [VS-1750406960599-408]   Auto Generate VS Plan เสร็จสิ้น - commit transaction สำเร็จ
[2025-06-20 15:09:20] [INFO] [VS-1750406960599-408]   === สิ้นสุด Auto Generate VS Plan Session ===
[2025-06-20 15:09:20] [INFO] [VS-1750406960599-408]   เวลาสิ้นสุด: 2025-06-20 15:09:20
[2025-06-20 15:09:20] [INFO] [VS-1750406960599-408]   ระยะเวลาทั้งหมด: 0 วินาที
[2025-06-20 15:09:20] [INFO] [VS-1750406960599-408]   
=== สรุปผลการ Auto Generate VS Plan ===
[2025-06-20 15:09:20] [INFO] [VS-1750406960599-408]   AN ทั้งหมด: 1
[2025-06-20 15:09:20] [INFO] [VS-1750406960599-408]   AN สำเร็จ: 0
[2025-06-20 15:09:20] [INFO] [VS-1750406960599-408]   AN ล้มเหลว: 0
[2025-06-20 15:09:20] [INFO] [VS-1750406960599-408]   AN ข้าม: 1
[2025-06-20 15:09:20] [INFO] [VS-1750406960599-408]   แผนทั้งหมด: 0
[2025-06-20 15:09:20] [INFO] [VS-1750406960599-408]   แผนสำเร็จ: 0
[2025-06-20 15:09:20] [INFO] [VS-1750406960599-408]   แผนล้มเหลว: 0
[2025-06-20 15:09:20] [INFO] [VS-1750406960599-408]   แผนข้าม: 0
[2025-06-20 15:09:20] [INFO] [VS-1750406960599-408]   
AN ที่ถูกข้าม:
[2025-06-20 15:09:20] [INFO] [VS-1750406960599-408]     - 2907/68: ถูก generate ไปแล้วในวันนี้
[2025-06-20 15:09:20] [INFO] [VS-1750406960599-408]   อัตราความสำเร็จ: 0%
[2025-06-20 15:09:20] [INFO] [VS-1750406960599-408]   บันทึกลง tbl_ur_generate_daily_log สำเร็จ
[2025-06-20 15:09:20] [INFO] [VS-1750406960599-408]   บันทึกลง tbl_ur_autogeneratestats สำเร็จ
[2025-06-20 15:09:20] [INFO] [VS-1750406960599-408]   บันทึกสถิติลงฐานข้อมูลเสร็จสิ้น
[2025-06-20 15:09:20] [INFO] [VS-1750406960593-217]   Auto Generate VS Plan เสร็จสิ้น: ล้มเหลว
[2025-06-20 15:09:20] [INFO] [VS-1750406960593-217]   === สิ้นสุด Auto Generate VS Plan Session ===
[2025-06-20 15:09:20] [INFO] [VS-1750406960593-217]   เวลาสิ้นสุด: 2025-06-20 15:09:20
[2025-06-20 15:09:20] [INFO] [VS-1750406960593-217]   ระยะเวลาทั้งหมด: 0 วินาที
[2025-06-20 15:09:20] [INFO] [VS-1750406960593-217]   
=== สรุปผลการ Auto Generate VS Plan ===
[2025-06-20 15:09:20] [INFO] [VS-1750406960593-217]   AN ทั้งหมด: 0
[2025-06-20 15:09:20] [INFO] [VS-1750406960593-217]   AN สำเร็จ: 0
[2025-06-20 15:09:20] [INFO] [VS-1750406960593-217]   AN ล้มเหลว: 0
[2025-06-20 15:09:20] [INFO] [VS-1750406960593-217]   AN ข้าม: 0
[2025-06-20 15:09:20] [INFO] [VS-1750406960593-217]   แผนทั้งหมด: 0
[2025-06-20 15:09:20] [INFO] [VS-1750406960593-217]   แผนสำเร็จ: 0
[2025-06-20 15:09:20] [INFO] [VS-1750406960593-217]   แผนล้มเหลว: 0
[2025-06-20 15:09:20] [INFO] [VS-1750406960593-217]   แผนข้าม: 0
[2025-06-20 15:09:20] [INFO] [VS-1750406960593-217]   อัตราความสำเร็จ: 0%
[2025-06-20 15:09:20] [INFO] [VS-1750406960593-217]   บันทึกลง tbl_ur_generate_daily_log สำเร็จ
[2025-06-20 15:09:20] [INFO] [VS-1750406960593-217]   บันทึกลง tbl_ur_autogeneratestats สำเร็จ
[2025-06-20 15:09:20] [INFO] [VS-1750406960593-217]   บันทึกสถิติลงฐานข้อมูลเสร็จสิ้น
