[2025-05-28 14:47:47] [INFO] [NC-1748418467090-133]   === เริ่มต้น Auto Generate NC Plan Session ===
[2025-05-28 14:47:47] [INFO] [NC-1748418467090-133]   Session ID: NC-1748418467090-133
[2025-05-28 14:47:47] [INFO] [NC-1748418467090-133]   เวลาเริ่มต้น: 2025-05-28 14:47:47
[2025-05-28 14:47:47] [INFO] [NC-1748418467090-133]   เริ่มต้นระบบ Auto Generate NC Plan
[2025-05-28 14:47:47] [INFO] [NC-1748418467090-133]   พบแผน NC ทั้งหมด: 6 รายการ
[2025-05-28 14:47:47] [INFO] [NC-1748418467090-133]   แผนที่ถูกต้อง: 6 รายการ
[2025-05-28 14:47:47] [INFO] [NC-1748418467090-133]   แผนที่ไม่สมบูรณ์: 0 รายการ
[2025-05-28 14:47:47] [INFO] [NC-1748418467090-133]   จัดกลุ่มได้ 1 AN ที่ต้อง generate NC plan
[2025-05-28 14:47:47] [INFO] [NC-1748418467090-133] [AN:1/68]  เริ่มประมวลผล AN: 1/68 (6 แผน)
[2025-05-28 14:47:47] [INFO] [NC-1748418467090-133] [AN:1/68] [NC:NC0101] ประมวลผลแผน: NC0101 (W2) - WEEKLY
[2025-05-28 14:47:47] [INFO] [NC-1748418467090-133] [AN:1/68] [NC:NC0101] สร้างแผนสำเร็จ: NC0101 (1 รายการ) ใช้เวลา 4ms
[2025-05-28 14:47:47] [INFO] [NC-1748418467090-133] [AN:1/68] [NC:NC0101] แผนถูกข้าม: NC0101 - ถูก generate ไปแล้วในวันนี้
[2025-05-28 14:47:47] [INFO] [NC-1748418467090-133] [AN:1/68] [NC:NC0103] ประมวลผลแผน: NC0103 (TID) - PRESET
[2025-05-28 14:47:47] [INFO] [NC-1748418467090-133] [AN:1/68] [NC:NC0103] สร้างแผนสำเร็จ: NC0103 (3 รายการ) ใช้เวลา 7ms
[2025-05-28 14:47:47] [INFO] [NC-1748418467090-133] [AN:1/68] [NC:NC0103] แผนถูกข้าม: NC0103 - ถูก generate ไปแล้วในวันนี้
[2025-05-28 14:47:47] [INFO] [NC-1748418467090-133] [AN:1/68] [NC:NC0301] ประมวลผลแผน: NC0301 (Q1) - INTERVAL
[2025-05-28 14:47:47] [INFO] [NC-1748418467090-133] [AN:1/68] [NC:NC0301] สร้างแผนสำเร็จ: NC0301 (24 รายการ) ใช้เวลา 12ms
[2025-05-28 14:47:47] [INFO] [NC-1748418467090-133] [AN:1/68] [NC:NC0702] ประมวลผลแผน: NC0702 (Q2) - INTERVAL
[2025-05-28 14:47:47] [INFO] [NC-1748418467090-133] [AN:1/68] [NC:NC0702] สร้างแผนสำเร็จ: NC0702 (12 รายการ) ใช้เวลา 9ms
[2025-05-28 14:47:47] [INFO] [NC-1748418467090-133] [AN:1/68]  AN 1/68 ประมวลผลสำเร็จ - สำเร็จ: 4, ล้มเหลว: 0
[2025-05-28 14:47:47] [INFO] [NC-1748418467090-133] [AN:1/68]  AN 1/68 ใช้เวลาทั้งหมด: 49ms
[2025-05-28 14:47:47] [INFO] [NC-1748418467090-133]   Auto Generate NC Plan เสร็จสิ้น - commit transaction สำเร็จ
[2025-05-28 14:47:47] [INFO] [NC-1748418467090-133]   === สิ้นสุด Auto Generate NC Plan Session ===
[2025-05-28 14:47:47] [INFO] [NC-1748418467090-133]   เวลาสิ้นสุด: 2025-05-28 14:47:47
[2025-05-28 14:47:47] [INFO] [NC-1748418467090-133]   ระยะเวลาทั้งหมด: 0 วินาที
[2025-05-28 14:47:47] [INFO] [NC-1748418467090-133]   
=== สรุปผลการ Auto Generate NC Plan ===
[2025-05-28 14:47:47] [INFO] [NC-1748418467090-133]   AN ทั้งหมด: 1
[2025-05-28 14:47:47] [INFO] [NC-1748418467090-133]   AN สำเร็จ: 1
[2025-05-28 14:47:47] [INFO] [NC-1748418467090-133]   AN ล้มเหลว: 0
[2025-05-28 14:47:47] [INFO] [NC-1748418467090-133]   AN ข้าม: 0
[2025-05-28 14:47:47] [INFO] [NC-1748418467090-133]   แผนทั้งหมด: 0
[2025-05-28 14:47:47] [INFO] [NC-1748418467090-133]   แผนสำเร็จ: 8
[2025-05-28 14:47:47] [INFO] [NC-1748418467090-133]   แผนล้มเหลว: 0
[2025-05-28 14:47:47] [INFO] [NC-1748418467090-133]   แผนข้าม: 2
[2025-05-28 14:47:47] [INFO] [NC-1748418467090-133]   เวลาเฉลี่ยต่อแผน: 8ms (ต่ำสุด: 4ms, สูงสุด: 12ms)
[2025-05-28 14:47:47] [INFO] [NC-1748418467090-133]   อัตราความสำเร็จ: 100%
[2025-05-28 14:47:47] [INFO] [NC-1748418467090-133]   บันทึกลง tbl_ur_generate_daily_log สำเร็จ
[2025-05-28 14:47:47] [INFO] [NC-1748418467090-133]   บันทึกลง tbl_ur_autogeneratestats สำเร็จ
[2025-05-28 14:47:47] [INFO] [NC-1748418467090-133]   บันทึกสถิติลงฐานข้อมูลเสร็จสิ้น
[2025-05-28 14:48:13] [INFO] [NC-1748418493837-517]   === เริ่มต้น Auto Generate NC Plan Session ===
[2025-05-28 14:48:13] [INFO] [NC-1748418493837-517]   Session ID: NC-1748418493837-517
[2025-05-28 14:48:13] [INFO] [NC-1748418493837-517]   เวลาเริ่มต้น: 2025-05-28 14:48:13
[2025-05-28 14:48:13] [INFO] [NC-1748418493837-517]   เริ่มต้นระบบ Auto Generate NC Plan
[2025-05-28 14:48:13] [INFO] [NC-1748418493837-517]   พบแผน NC ทั้งหมด: 4 รายการ
[2025-05-28 14:48:13] [INFO] [NC-1748418493837-517]   แผนที่ถูกต้อง: 4 รายการ
[2025-05-28 14:48:13] [INFO] [NC-1748418493837-517]   แผนที่ไม่สมบูรณ์: 0 รายการ
[2025-05-28 14:48:13] [INFO] [NC-1748418493837-517]   จัดกลุ่มได้ 1 AN ที่ต้อง generate NC plan
[2025-05-28 14:48:13] [INFO] [NC-1748418493837-517] [AN:1/68]  เริ่มประมวลผล AN: 1/68 (4 แผน)
[2025-05-28 14:48:13] [INFO] [NC-1748418493837-517] [AN:1/68] [NC:NC0101] ประมวลผลแผน: NC0101 (W2) - WEEKLY
[2025-05-28 14:48:13] [INFO] [NC-1748418493837-517] [AN:1/68] [NC:NC0101] สร้างแผนสำเร็จ: NC0101 (1 รายการ) ใช้เวลา 4ms
[2025-05-28 14:48:13] [INFO] [NC-1748418493837-517] [AN:1/68] [NC:NC0103] ประมวลผลแผน: NC0103 (TID) - PRESET
[2025-05-28 14:48:13] [INFO] [NC-1748418493837-517] [AN:1/68] [NC:NC0103] สร้างแผนสำเร็จ: NC0103 (3 รายการ) ใช้เวลา 6ms
[2025-05-28 14:48:13] [INFO] [NC-1748418493837-517] [AN:1/68] [NC:NC0301] ประมวลผลแผน: NC0301 (Q1) - INTERVAL
[2025-05-28 14:48:13] [INFO] [NC-1748418493837-517] [AN:1/68] [NC:NC0301] สร้างแผนสำเร็จ: NC0301 (24 รายการ) ใช้เวลา 14ms
[2025-05-28 14:48:13] [INFO] [NC-1748418493837-517] [AN:1/68] [NC:NC0702] ประมวลผลแผน: NC0702 (Q2) - INTERVAL
[2025-05-28 14:48:13] [INFO] [NC-1748418493837-517] [AN:1/68] [NC:NC0702] สร้างแผนสำเร็จ: NC0702 (12 รายการ) ใช้เวลา 9ms
[2025-05-28 14:48:13] [INFO] [NC-1748418493837-517] [AN:1/68]  AN 1/68 ประมวลผลสำเร็จ - สำเร็จ: 4, ล้มเหลว: 0
[2025-05-28 14:48:13] [INFO] [NC-1748418493837-517] [AN:1/68]  AN 1/68 ใช้เวลาทั้งหมด: 46ms
[2025-05-28 14:48:13] [INFO] [NC-1748418493837-517]   Auto Generate NC Plan เสร็จสิ้น - commit transaction สำเร็จ
[2025-05-28 14:48:13] [INFO] [NC-1748418493837-517]   === สิ้นสุด Auto Generate NC Plan Session ===
[2025-05-28 14:48:13] [INFO] [NC-1748418493837-517]   เวลาสิ้นสุด: 2025-05-28 14:48:13
[2025-05-28 14:48:13] [INFO] [NC-1748418493837-517]   ระยะเวลาทั้งหมด: 0 วินาที
[2025-05-28 14:48:13] [INFO] [NC-1748418493837-517]   
=== สรุปผลการ Auto Generate NC Plan ===
[2025-05-28 14:48:13] [INFO] [NC-1748418493837-517]   AN ทั้งหมด: 1
[2025-05-28 14:48:13] [INFO] [NC-1748418493837-517]   AN สำเร็จ: 1
[2025-05-28 14:48:13] [INFO] [NC-1748418493837-517]   AN ล้มเหลว: 0
[2025-05-28 14:48:13] [INFO] [NC-1748418493837-517]   AN ข้าม: 0
[2025-05-28 14:48:13] [INFO] [NC-1748418493837-517]   แผนทั้งหมด: 0
[2025-05-28 14:48:13] [INFO] [NC-1748418493837-517]   แผนสำเร็จ: 8
[2025-05-28 14:48:13] [INFO] [NC-1748418493837-517]   แผนล้มเหลว: 0
[2025-05-28 14:48:13] [INFO] [NC-1748418493837-517]   แผนข้าม: 0
[2025-05-28 14:48:13] [INFO] [NC-1748418493837-517]   เวลาเฉลี่ยต่อแผน: 8ms (ต่ำสุด: 4ms, สูงสุด: 14ms)
[2025-05-28 14:48:13] [INFO] [NC-1748418493837-517]   อัตราความสำเร็จ: 100%
[2025-05-28 14:48:13] [INFO] [NC-1748418493837-517]   บันทึกลง tbl_ur_generate_daily_log สำเร็จ
[2025-05-28 14:48:13] [INFO] [NC-1748418493837-517]   บันทึกลง tbl_ur_autogeneratestats สำเร็จ
[2025-05-28 14:48:13] [INFO] [NC-1748418493837-517]   บันทึกสถิติลงฐานข้อมูลเสร็จสิ้น
[2025-05-28 17:03:28] [INFO] [NC-1748426608781-865]   === เริ่มต้น Auto Generate NC Plan Session ===
[2025-05-28 17:03:28] [INFO] [NC-1748426608781-865]   Session ID: NC-1748426608781-865
[2025-05-28 17:03:28] [INFO] [NC-1748426608781-865]   เวลาเริ่มต้น: 2025-05-28 17:03:28
[2025-05-28 17:03:28] [INFO] [NC-1748426608781-865]   เริ่มต้นระบบ Auto Generate NC Plan
[2025-05-28 17:03:28] [INFO] [NC-1748426608781-865]   พบแผน NC ทั้งหมด: 4 รายการ
[2025-05-28 17:03:28] [INFO] [NC-1748426608781-865]   แผนที่ถูกต้อง: 4 รายการ
[2025-05-28 17:03:28] [INFO] [NC-1748426608781-865]   แผนที่ไม่สมบูรณ์: 0 รายการ
[2025-05-28 17:03:28] [INFO] [NC-1748426608781-865]   จัดกลุ่มได้ 1 AN ที่ต้อง generate NC plan
[2025-05-28 17:03:28] [INFO] [NC-1748426608781-865] [AN:1/68]  เริ่มประมวลผล AN: 1/68 (4 แผน)
[2025-05-28 17:03:28] [INFO] [NC-1748426608781-865] [AN:1/68] [NC:NC0101] ประมวลผลแผน: NC0101 (W2) - WEEKLY
[2025-05-28 17:03:28] [INFO] [NC-1748426608781-865] [AN:1/68] [NC:NC0101] Cancel แผนเดิม: NC0101 จำนวน 1 รายการ
[2025-05-28 17:03:28] [INFO] [NC-1748426608781-865] [AN:1/68] [NC:NC0101] Cancel แผนเดิม: NC0101 จำนวน 1 รายการ
[2025-05-28 17:03:28] [INFO] [NC-1748426608781-865] [AN:1/68] [NC:NC0101] สร้างแผนสำเร็จ: NC0101 (1 รายการ) ใช้เวลา 15ms
[2025-05-28 17:03:28] [INFO] [NC-1748426608781-865] [AN:1/68] [NC:NC0103] ประมวลผลแผน: NC0103 (TID) - PRESET
[2025-05-28 17:03:28] [INFO] [NC-1748426608781-865] [AN:1/68] [NC:NC0103] Cancel แผนเดิม: NC0103 จำนวน 1 รายการ
[2025-05-28 17:03:28] [INFO] [NC-1748426608781-865] [AN:1/68] [NC:NC0103] Cancel แผนเดิม: NC0103 จำนวน 1 รายการ
[2025-05-28 17:03:28] [INFO] [NC-1748426608781-865] [AN:1/68] [NC:NC0103] สร้างแผนสำเร็จ: NC0103 (3 รายการ) ใช้เวลา 11ms
[2025-05-28 17:03:28] [INFO] [NC-1748426608781-865] [AN:1/68] [NC:NC0301] ประมวลผลแผน: NC0301 (Q1) - INTERVAL
[2025-05-28 17:03:28] [INFO] [NC-1748426608781-865] [AN:1/68] [NC:NC0301] Cancel แผนเดิม: NC0301 จำนวน 1 รายการ
[2025-05-28 17:03:28] [INFO] [NC-1748426608781-865] [AN:1/68] [NC:NC0301] Cancel แผนเดิม: NC0301 จำนวน 1 รายการ
[2025-05-28 17:03:28] [INFO] [NC-1748426608781-865] [AN:1/68] [NC:NC0301] สร้างแผนสำเร็จ: NC0301 (24 รายการ) ใช้เวลา 25ms
[2025-05-28 17:03:28] [INFO] [NC-1748426608781-865] [AN:1/68] [NC:NC0702] ประมวลผลแผน: NC0702 (Q2) - INTERVAL
[2025-05-28 17:03:28] [INFO] [NC-1748426608781-865] [AN:1/68] [NC:NC0702] Cancel แผนเดิม: NC0702 จำนวน 1 รายการ
[2025-05-28 17:03:28] [INFO] [NC-1748426608781-865] [AN:1/68] [NC:NC0702] Cancel แผนเดิม: NC0702 จำนวน 1 รายการ
[2025-05-28 17:03:28] [INFO] [NC-1748426608781-865] [AN:1/68] [NC:NC0702] สร้างแผนสำเร็จ: NC0702 (12 รายการ) ใช้เวลา 17ms
[2025-05-28 17:03:28] [INFO] [NC-1748426608781-865] [AN:1/68]  AN 1/68 ประมวลผลสำเร็จ - สำเร็จ: 4, ล้มเหลว: 0
[2025-05-28 17:03:28] [INFO] [NC-1748426608781-865] [AN:1/68]  AN 1/68 ใช้เวลาทั้งหมด: 90ms
[2025-05-28 17:03:28] [INFO] [NC-1748426608781-865]   Auto Generate NC Plan เสร็จสิ้น - commit transaction สำเร็จ
[2025-05-28 17:03:28] [INFO] [NC-1748426608781-865]   === สิ้นสุด Auto Generate NC Plan Session ===
[2025-05-28 17:03:28] [INFO] [NC-1748426608781-865]   เวลาสิ้นสุด: 2025-05-28 17:03:28
[2025-05-28 17:03:28] [INFO] [NC-1748426608781-865]   ระยะเวลาทั้งหมด: 0 วินาที
[2025-05-28 17:03:28] [INFO] [NC-1748426608781-865]   
=== สรุปผลการ Auto Generate NC Plan ===
[2025-05-28 17:03:28] [INFO] [NC-1748426608781-865]   AN ทั้งหมด: 1
[2025-05-28 17:03:28] [INFO] [NC-1748426608781-865]   AN สำเร็จ: 1
[2025-05-28 17:03:28] [INFO] [NC-1748426608781-865]   AN ล้มเหลว: 0
[2025-05-28 17:03:28] [INFO] [NC-1748426608781-865]   AN ข้าม: 0
[2025-05-28 17:03:28] [INFO] [NC-1748426608781-865]   แผนทั้งหมด: 0
[2025-05-28 17:03:28] [INFO] [NC-1748426608781-865]   แผนสำเร็จ: 8
[2025-05-28 17:03:28] [INFO] [NC-1748426608781-865]   แผนล้มเหลว: 0
[2025-05-28 17:03:28] [INFO] [NC-1748426608781-865]   แผนข้าม: 0
[2025-05-28 17:03:28] [INFO] [NC-1748426608781-865]   เวลาเฉลี่ยต่อแผน: 17ms (ต่ำสุด: 11ms, สูงสุด: 25ms)
[2025-05-28 17:03:28] [INFO] [NC-1748426608781-865]   อัตราความสำเร็จ: 100%
[2025-05-28 17:03:28] [INFO] [NC-1748426608781-865]   บันทึกลง tbl_ur_generate_daily_log สำเร็จ
[2025-05-28 17:03:28] [INFO] [NC-1748426608781-865]   บันทึกลง tbl_ur_autogeneratestats สำเร็จ
[2025-05-28 17:03:28] [INFO] [NC-1748426608781-865]   บันทึกสถิติลงฐานข้อมูลเสร็จสิ้น
