[2025-05-29 14:48:41] [INFO] [NC-1748504921698-358]   === เริ่มต้น Auto Generate NC Plan Session ===
[2025-05-29 14:48:41] [INFO] [NC-1748504921698-358]   Session ID: NC-1748504921698-358
[2025-05-29 14:48:41] [INFO] [NC-1748504921698-358]   เวลาเริ่มต้น: 2025-05-29 14:48:41
[2025-05-29 14:48:41] [INFO] [NC-1748504921698-358]   เริ่มต้นระบบ Auto Generate NC Plan
[2025-05-29 14:48:41] [INFO] [NC-1748504921698-358]   พบแผน NC ทั้งหมด: 4 รายการ
[2025-05-29 14:48:41] [INFO] [NC-1748504921698-358]   แผนที่ถูกต้อง: 4 รายการ
[2025-05-29 14:48:41] [INFO] [NC-1748504921698-358]   แผนที่ไม่สมบูรณ์: 0 รายการ
[2025-05-29 14:48:41] [INFO] [NC-1748504921698-358]   จัดกลุ่มได้ 1 AN ที่ต้อง generate NC plan
[2025-05-29 14:48:41] [INFO] [NC-1748504921698-358] [AN:1/68]  เริ่มประมวลผล AN: 1/68 (4 แผน)
[2025-05-29 14:48:41] [INFO] [NC-1748504921698-358] [AN:1/68] [NC:NC0101] ประมวลผลแผน: NC0101 (W2) - WEEKLY
[2025-05-29 14:48:41] [INFO] [NC-1748504921698-358] [AN:1/68] [NC:NC0101] สร้างแผนสำเร็จ: NC0101 (0 รายการ) ใช้เวลา 5ms
[2025-05-29 14:48:41] [INFO] [NC-1748504921698-358] [AN:1/68] [NC:NC0103] ประมวลผลแผน: NC0103 (TID) - PRESET
[2025-05-29 14:48:41] [INFO] [NC-1748504921698-358] [AN:1/68] [NC:NC0103] สร้างแผนสำเร็จ: NC0103 (3 รายการ) ใช้เวลา 8ms
[2025-05-29 14:48:41] [INFO] [NC-1748504921698-358] [AN:1/68] [NC:NC0301] ประมวลผลแผน: NC0301 (Q1) - INTERVAL
[2025-05-29 14:48:41] [INFO] [NC-1748504921698-358] [AN:1/68] [NC:NC0301] สร้างแผนสำเร็จ: NC0301 (24 รายการ) ใช้เวลา 13ms
[2025-05-29 14:48:41] [INFO] [NC-1748504921698-358] [AN:1/68] [NC:NC0702] ประมวลผลแผน: NC0702 (Q2) - INTERVAL
[2025-05-29 14:48:41] [INFO] [NC-1748504921698-358] [AN:1/68] [NC:NC0702] สร้างแผนสำเร็จ: NC0702 (12 รายการ) ใช้เวลา 7ms
[2025-05-29 14:48:41] [INFO] [NC-1748504921698-358] [AN:1/68]  AN 1/68 ประมวลผลสำเร็จ - สำเร็จ: 4, ล้มเหลว: 0
[2025-05-29 14:48:41] [INFO] [NC-1748504921698-358] [AN:1/68]  AN 1/68 ใช้เวลาทั้งหมด: 53ms
[2025-05-29 14:48:41] [INFO] [NC-1748504921698-358]   Auto Generate NC Plan เสร็จสิ้น - commit transaction สำเร็จ
[2025-05-29 14:48:41] [INFO] [NC-1748504921698-358]   === สิ้นสุด Auto Generate NC Plan Session ===
[2025-05-29 14:48:41] [INFO] [NC-1748504921698-358]   เวลาสิ้นสุด: 2025-05-29 14:48:41
[2025-05-29 14:48:41] [INFO] [NC-1748504921698-358]   ระยะเวลาทั้งหมด: 0 วินาที
[2025-05-29 14:48:41] [INFO] [NC-1748504921698-358]   
=== สรุปผลการ Auto Generate NC Plan ===
[2025-05-29 14:48:41] [INFO] [NC-1748504921698-358]   AN ทั้งหมด: 1
[2025-05-29 14:48:41] [INFO] [NC-1748504921698-358]   AN สำเร็จ: 1
[2025-05-29 14:48:41] [INFO] [NC-1748504921698-358]   AN ล้มเหลว: 0
[2025-05-29 14:48:41] [INFO] [NC-1748504921698-358]   AN ข้าม: 0
[2025-05-29 14:48:41] [INFO] [NC-1748504921698-358]   แผนทั้งหมด: 0
[2025-05-29 14:48:41] [INFO] [NC-1748504921698-358]   แผนสำเร็จ: 8
[2025-05-29 14:48:41] [INFO] [NC-1748504921698-358]   แผนล้มเหลว: 0
[2025-05-29 14:48:41] [INFO] [NC-1748504921698-358]   แผนข้าม: 0
[2025-05-29 14:48:41] [INFO] [NC-1748504921698-358]   เวลาเฉลี่ยต่อแผน: 8ms (ต่ำสุด: 5ms, สูงสุด: 13ms)
[2025-05-29 14:48:41] [INFO] [NC-1748504921698-358]   อัตราความสำเร็จ: 100%
[2025-05-29 14:48:41] [INFO] [NC-1748504921698-358]   บันทึกลง tbl_ur_generate_daily_log สำเร็จ
[2025-05-29 14:48:41] [INFO] [NC-1748504921698-358]   บันทึกลง tbl_ur_autogeneratestats สำเร็จ
[2025-05-29 14:48:41] [INFO] [NC-1748504921698-358]   บันทึกสถิติลงฐานข้อมูลเสร็จสิ้น
[2025-05-29 14:50:31] [INFO] [NC-1748505031358-109]   === เริ่มต้น Auto Generate NC Plan Session ===
[2025-05-29 14:50:31] [INFO] [NC-1748505031358-109]   Session ID: NC-1748505031358-109
[2025-05-29 14:50:31] [INFO] [NC-1748505031358-109]   เวลาเริ่มต้น: 2025-05-29 14:50:31
[2025-05-29 14:50:31] [INFO] [NC-1748505031358-109]   เริ่มต้นระบบ Auto Generate NC Plan
[2025-05-29 14:50:31] [INFO] [NC-1748505031358-109]   พบแผน NC ทั้งหมด: 4 รายการ
[2025-05-29 14:50:31] [INFO] [NC-1748505031358-109]   แผนที่ถูกต้อง: 4 รายการ
[2025-05-29 14:50:31] [INFO] [NC-1748505031358-109]   แผนที่ไม่สมบูรณ์: 0 รายการ
[2025-05-29 14:50:31] [INFO] [NC-1748505031358-109]   จัดกลุ่มได้ 1 AN ที่ต้อง generate NC plan
[2025-05-29 14:50:31] [INFO] [NC-1748505031358-109] [AN:1/68]  เริ่มประมวลผล AN: 1/68 (4 แผน)
[2025-05-29 14:50:31] [INFO] [NC-1748505031358-109] [AN:1/68] [NC:NC0101] ประมวลผลแผน: NC0101 (W2) - WEEKLY
[2025-05-29 14:50:31] [INFO] [NC-1748505031358-109] [AN:1/68] [NC:NC0101] สร้างแผนสำเร็จ: NC0101 (0 รายการ) ใช้เวลา 2ms
[2025-05-29 14:50:31] [INFO] [NC-1748505031358-109] [AN:1/68] [NC:NC0103] ประมวลผลแผน: NC0103 (TID) - PRESET
[2025-05-29 14:50:31] [INFO] [NC-1748505031358-109] [AN:1/68] [NC:NC0103] สร้างแผนสำเร็จ: NC0103 (3 รายการ) ใช้เวลา 8ms
[2025-05-29 14:50:31] [INFO] [NC-1748505031358-109] [AN:1/68] [NC:NC0301] ประมวลผลแผน: NC0301 (Q1) - INTERVAL
[2025-05-29 14:50:31] [INFO] [NC-1748505031358-109] [AN:1/68] [NC:NC0301] แผนถูกข้าม: NC0301 - ไม่มีรายการที่ต้อง generate สำหรับ INTERVAL
[2025-05-29 14:50:31] [INFO] [NC-1748505031358-109] [AN:1/68] [NC:NC0702] ประมวลผลแผน: NC0702 (Q2) - INTERVAL
[2025-05-29 14:50:31] [INFO] [NC-1748505031358-109] [AN:1/68] [NC:NC0702] แผนถูกข้าม: NC0702 - ไม่มีรายการที่ต้อง generate สำหรับ INTERVAL
[2025-05-29 14:50:31] [INFO] [NC-1748505031358-109] [AN:1/68]  AN 1/68 ประมวลผลสำเร็จ - สำเร็จ: 2, ล้มเหลว: 0
[2025-05-29 14:50:31] [INFO] [NC-1748505031358-109] [AN:1/68]  AN 1/68 ใช้เวลาทั้งหมด: 26ms
[2025-05-29 14:50:31] [INFO] [NC-1748505031358-109]   Auto Generate NC Plan เสร็จสิ้น - commit transaction สำเร็จ
[2025-05-29 14:50:31] [INFO] [NC-1748505031358-109]   === สิ้นสุด Auto Generate NC Plan Session ===
[2025-05-29 14:50:31] [INFO] [NC-1748505031358-109]   เวลาสิ้นสุด: 2025-05-29 14:50:31
[2025-05-29 14:50:31] [INFO] [NC-1748505031358-109]   ระยะเวลาทั้งหมด: 0 วินาที
[2025-05-29 14:50:31] [INFO] [NC-1748505031358-109]   
=== สรุปผลการ Auto Generate NC Plan ===
[2025-05-29 14:50:31] [INFO] [NC-1748505031358-109]   AN ทั้งหมด: 1
[2025-05-29 14:50:31] [INFO] [NC-1748505031358-109]   AN สำเร็จ: 1
[2025-05-29 14:50:31] [INFO] [NC-1748505031358-109]   AN ล้มเหลว: 0
[2025-05-29 14:50:31] [INFO] [NC-1748505031358-109]   AN ข้าม: 0
[2025-05-29 14:50:31] [INFO] [NC-1748505031358-109]   แผนทั้งหมด: 0
[2025-05-29 14:50:31] [INFO] [NC-1748505031358-109]   แผนสำเร็จ: 4
[2025-05-29 14:50:31] [INFO] [NC-1748505031358-109]   แผนล้มเหลว: 0
[2025-05-29 14:50:31] [INFO] [NC-1748505031358-109]   แผนข้าม: 2
[2025-05-29 14:50:31] [INFO] [NC-1748505031358-109]   เวลาเฉลี่ยต่อแผน: 5ms (ต่ำสุด: 2ms, สูงสุด: 8ms)
[2025-05-29 14:50:31] [INFO] [NC-1748505031358-109]   อัตราความสำเร็จ: 100%
[2025-05-29 14:50:31] [INFO] [NC-1748505031358-109]   บันทึกลง tbl_ur_generate_daily_log สำเร็จ
[2025-05-29 14:50:31] [INFO] [NC-1748505031358-109]   บันทึกลง tbl_ur_autogeneratestats สำเร็จ
[2025-05-29 14:50:31] [INFO] [NC-1748505031358-109]   บันทึกสถิติลงฐานข้อมูลเสร็จสิ้น
