[2025-05-31 14:54:58] [INFO] [NC-1748678098638-133]   === เริ่มต้น Auto Generate NC Plan Session ===
[2025-05-31 14:54:58] [INFO] [NC-1748678098638-133]   Session ID: NC-1748678098638-133
[2025-05-31 14:54:58] [INFO] [NC-1748678098638-133]   เวลาเริ่มต้น: 2025-05-31 14:54:58
[2025-05-31 14:54:58] [INFO] [NC-1748678098638-133]   เริ่มต้นระบบ Auto Generate NC Plan
[2025-05-31 14:54:58] [INFO] [NC-1748678098638-133]   พบแผน NC ทั้งหมด: 4 รายการ
[2025-05-31 14:54:58] [INFO] [NC-1748678098638-133]   แผนที่ถูกต้อง: 4 รายการ
[2025-05-31 14:54:58] [INFO] [NC-1748678098638-133]   แผนที่ไม่สมบูรณ์: 0 รายการ
[2025-05-31 14:54:58] [INFO] [NC-1748678098638-133]   จัดกลุ่มได้ 1 AN ที่ต้อง generate NC plan
[2025-05-31 14:54:58] [INFO] [NC-1748678098638-133] [AN:1/68]  เริ่มประมวลผล AN: 1/68 (4 แผน)
[2025-05-31 14:54:58] [INFO] [NC-1748678098638-133] [AN:1/68] [NC:NC0101] ประมวลผลแผน: NC0101 (W2) - WEEKLY
[2025-05-31 14:54:58] [INFO] [NC-1748678098638-133] [AN:1/68] [NC:NC0101] สร้างแผนสำเร็จ: NC0101 (0 รายการ) ใช้เวลา 5ms
[2025-05-31 14:54:58] [INFO] [NC-1748678098638-133] [AN:1/68] [NC:NC0103] ประมวลผลแผน: NC0103 (TID) - PRESET
[2025-05-31 14:54:58] [INFO] [NC-1748678098638-133] [AN:1/68] [NC:NC0103] สร้างแผนสำเร็จ: NC0103 (3 รายการ) ใช้เวลา 8ms
[2025-05-31 14:54:58] [INFO] [NC-1748678098638-133] [AN:1/68] [NC:NC0301] ประมวลผลแผน: NC0301 (Q1) - INTERVAL
[2025-05-31 14:54:58] [INFO] [NC-1748678098638-133] [AN:1/68] [NC:NC0301] สร้างแผนสำเร็จ: NC0301 (24 รายการ) ใช้เวลา 19ms
[2025-05-31 14:54:58] [INFO] [NC-1748678098638-133] [AN:1/68] [NC:NC0702] ประมวลผลแผน: NC0702 (Q2) - INTERVAL
[2025-05-31 14:54:58] [INFO] [NC-1748678098638-133] [AN:1/68] [NC:NC0702] สร้างแผนสำเร็จ: NC0702 (12 รายการ) ใช้เวลา 8ms
[2025-05-31 14:54:58] [INFO] [NC-1748678098638-133] [AN:1/68]  AN 1/68 ประมวลผลสำเร็จ - สำเร็จ: 4, ล้มเหลว: 0
[2025-05-31 14:54:58] [INFO] [NC-1748678098638-133] [AN:1/68]  AN 1/68 ใช้เวลาทั้งหมด: 62ms
[2025-05-31 14:54:58] [INFO] [NC-1748678098638-133]   Auto Generate NC Plan เสร็จสิ้น - commit transaction สำเร็จ
[2025-05-31 14:54:58] [INFO] [NC-1748678098638-133]   === สิ้นสุด Auto Generate NC Plan Session ===
[2025-05-31 14:54:58] [INFO] [NC-1748678098638-133]   เวลาสิ้นสุด: 2025-05-31 14:54:58
[2025-05-31 14:54:58] [INFO] [NC-1748678098638-133]   ระยะเวลาทั้งหมด: 0 วินาที
[2025-05-31 14:54:58] [INFO] [NC-1748678098638-133]   
=== สรุปผลการ Auto Generate NC Plan ===
[2025-05-31 14:54:58] [INFO] [NC-1748678098638-133]   AN ทั้งหมด: 1
[2025-05-31 14:54:58] [INFO] [NC-1748678098638-133]   AN สำเร็จ: 1
[2025-05-31 14:54:58] [INFO] [NC-1748678098638-133]   AN ล้มเหลว: 0
[2025-05-31 14:54:58] [INFO] [NC-1748678098638-133]   AN ข้าม: 0
[2025-05-31 14:54:58] [INFO] [NC-1748678098638-133]   แผนทั้งหมด: 0
[2025-05-31 14:54:58] [INFO] [NC-1748678098638-133]   แผนสำเร็จ: 8
[2025-05-31 14:54:58] [INFO] [NC-1748678098638-133]   แผนล้มเหลว: 0
[2025-05-31 14:54:58] [INFO] [NC-1748678098638-133]   แผนข้าม: 0
[2025-05-31 14:54:58] [INFO] [NC-1748678098638-133]   เวลาเฉลี่ยต่อแผน: 10ms (ต่ำสุด: 5ms, สูงสุด: 19ms)
[2025-05-31 14:54:58] [INFO] [NC-1748678098638-133]   อัตราความสำเร็จ: 100%
[2025-05-31 14:54:58] [INFO] [NC-1748678098638-133]   บันทึกลง tbl_ur_generate_daily_log สำเร็จ
[2025-05-31 14:54:58] [INFO] [NC-1748678098638-133]   บันทึกลง tbl_ur_autogeneratestats สำเร็จ
[2025-05-31 14:54:58] [INFO] [NC-1748678098638-133]   บันทึกสถิติลงฐานข้อมูลเสร็จสิ้น
[2025-05-31 15:06:32] [INFO] [NC-1748678792454-095]   === เริ่มต้น Auto Generate NC Plan Session ===
[2025-05-31 15:06:32] [INFO] [NC-1748678792454-095]   Session ID: NC-1748678792454-095
[2025-05-31 15:06:32] [INFO] [NC-1748678792454-095]   เวลาเริ่มต้น: 2025-05-31 15:06:32
[2025-05-31 15:06:32] [INFO] [NC-1748678792454-095]   เริ่มต้นระบบ Auto Generate NC Plan
[2025-05-31 15:06:32] [INFO] [NC-1748678792454-095]   พบแผน NC ทั้งหมด: 4 รายการ
[2025-05-31 15:06:32] [INFO] [NC-1748678792454-095]   แผนที่ถูกต้อง: 4 รายการ
[2025-05-31 15:06:32] [INFO] [NC-1748678792454-095]   แผนที่ไม่สมบูรณ์: 0 รายการ
[2025-05-31 15:06:32] [INFO] [NC-1748678792454-095]   จัดกลุ่มได้ 1 AN ที่ต้อง generate NC plan
[2025-05-31 15:06:32] [INFO] [NC-1748678792454-095] [AN:1/68]  เริ่มประมวลผล AN: 1/68 (4 แผน)
[2025-05-31 15:06:32] [INFO] [NC-1748678792454-095] [AN:1/68] [NC:NC0101] ประมวลผลแผน: NC0101 (W2) - WEEKLY
[2025-05-31 15:06:32] [INFO] [NC-1748678792454-095] [AN:1/68] [NC:NC0101] สร้างแผนสำเร็จ: NC0101 (0 รายการ) ใช้เวลา 5ms
[2025-05-31 15:06:32] [INFO] [NC-1748678792454-095] [AN:1/68] [NC:NC0103] ประมวลผลแผน: NC0103 (TID) - PRESET
[2025-05-31 15:06:32] [INFO] [NC-1748678792454-095] [AN:1/68] [NC:NC0103] สร้างแผนสำเร็จ: NC0103 (3 รายการ) ใช้เวลา 10ms
[2025-05-31 15:06:32] [INFO] [NC-1748678792454-095] [AN:1/68] [NC:NC0301] ประมวลผลแผน: NC0301 (Q1) - INTERVAL
[2025-05-31 15:06:32] [INFO] [NC-1748678792454-095] [AN:1/68] [NC:NC0301] สร้างแผนสำเร็จ: NC0301 (24 รายการ) ใช้เวลา 16ms
[2025-05-31 15:06:32] [INFO] [NC-1748678792454-095] [AN:1/68] [NC:NC0702] ประมวลผลแผน: NC0702 (Q2) - INTERVAL
[2025-05-31 15:06:32] [INFO] [NC-1748678792454-095] [AN:1/68] [NC:NC0702] สร้างแผนสำเร็จ: NC0702 (12 รายการ) ใช้เวลา 10ms
[2025-05-31 15:06:32] [INFO] [NC-1748678792454-095] [AN:1/68]  AN 1/68 ประมวลผลสำเร็จ - สำเร็จ: 4, ล้มเหลว: 0
[2025-05-31 15:06:32] [INFO] [NC-1748678792454-095] [AN:1/68]  AN 1/68 ใช้เวลาทั้งหมด: 58ms
[2025-05-31 15:06:32] [INFO] [NC-1748678792454-095]   Auto Generate NC Plan เสร็จสิ้น - commit transaction สำเร็จ
[2025-05-31 15:06:32] [INFO] [NC-1748678792454-095]   === สิ้นสุด Auto Generate NC Plan Session ===
[2025-05-31 15:06:32] [INFO] [NC-1748678792454-095]   เวลาสิ้นสุด: 2025-05-31 15:06:32
[2025-05-31 15:06:32] [INFO] [NC-1748678792454-095]   ระยะเวลาทั้งหมด: 0 วินาที
[2025-05-31 15:06:32] [INFO] [NC-1748678792454-095]   
=== สรุปผลการ Auto Generate NC Plan ===
[2025-05-31 15:06:32] [INFO] [NC-1748678792454-095]   AN ทั้งหมด: 1
[2025-05-31 15:06:32] [INFO] [NC-1748678792454-095]   AN สำเร็จ: 1
[2025-05-31 15:06:32] [INFO] [NC-1748678792454-095]   AN ล้มเหลว: 0
[2025-05-31 15:06:32] [INFO] [NC-1748678792454-095]   AN ข้าม: 0
[2025-05-31 15:06:32] [INFO] [NC-1748678792454-095]   แผนทั้งหมด: 0
[2025-05-31 15:06:32] [INFO] [NC-1748678792454-095]   แผนสำเร็จ: 8
[2025-05-31 15:06:32] [INFO] [NC-1748678792454-095]   แผนล้มเหลว: 0
[2025-05-31 15:06:32] [INFO] [NC-1748678792454-095]   แผนข้าม: 0
[2025-05-31 15:06:32] [INFO] [NC-1748678792454-095]   เวลาเฉลี่ยต่อแผน: 10ms (ต่ำสุด: 5ms, สูงสุด: 16ms)
[2025-05-31 15:06:32] [INFO] [NC-1748678792454-095]   อัตราความสำเร็จ: 100%
[2025-05-31 15:06:32] [INFO] [NC-1748678792454-095]   บันทึกลง tbl_ur_generate_daily_log สำเร็จ
[2025-05-31 15:06:32] [INFO] [NC-1748678792454-095]   บันทึกลง tbl_ur_autogeneratestats สำเร็จ
[2025-05-31 15:06:32] [INFO] [NC-1748678792454-095]   บันทึกสถิติลงฐานข้อมูลเสร็จสิ้น
[2025-05-31 15:07:10] [INFO] [NC-1748678830320-276]   === เริ่มต้น Auto Generate NC Plan Session ===
[2025-05-31 15:07:10] [INFO] [NC-1748678830320-276]   Session ID: NC-1748678830320-276
[2025-05-31 15:07:10] [INFO] [NC-1748678830320-276]   เวลาเริ่มต้น: 2025-05-31 15:07:10
[2025-05-31 15:07:10] [INFO] [NC-1748678830320-276]   เริ่มต้นระบบ Auto Generate NC Plan
[2025-05-31 15:07:10] [INFO] [NC-1748678830320-276]   พบแผน NC ทั้งหมด: 4 รายการ
[2025-05-31 15:07:10] [INFO] [NC-1748678830320-276]   แผนที่ถูกต้อง: 4 รายการ
[2025-05-31 15:07:10] [INFO] [NC-1748678830320-276]   แผนที่ไม่สมบูรณ์: 0 รายการ
[2025-05-31 15:07:10] [INFO] [NC-1748678830320-276]   จัดกลุ่มได้ 1 AN ที่ต้อง generate NC plan
[2025-05-31 15:07:10] [INFO] [NC-1748678830320-276] [AN:1/68]  เริ่มประมวลผล AN: 1/68 (4 แผน)
[2025-05-31 15:07:10] [INFO] [NC-1748678830320-276] [AN:1/68] [NC:NC0101] ประมวลผลแผน: NC0101 (W2) - WEEKLY
[2025-05-31 15:07:10] [INFO] [NC-1748678830320-276] [AN:1/68] [NC:NC0101] สร้างแผนสำเร็จ: NC0101 (0 รายการ) ใช้เวลา 4ms
[2025-05-31 15:07:10] [INFO] [NC-1748678830320-276] [AN:1/68] [NC:NC0103] ประมวลผลแผน: NC0103 (TID) - PRESET
[2025-05-31 15:07:10] [INFO] [NC-1748678830320-276] [AN:1/68] [NC:NC0103] สร้างแผนสำเร็จ: NC0103 (3 รายการ) ใช้เวลา 7ms
[2025-05-31 15:07:10] [INFO] [NC-1748678830320-276] [AN:1/68] [NC:NC0301] ประมวลผลแผน: NC0301 (Q1) - INTERVAL
[2025-05-31 15:07:10] [INFO] [NC-1748678830320-276] [AN:1/68] [NC:NC0301] แผนถูกข้าม: NC0301 - ไม่มีรายการที่ต้อง generate สำหรับ INTERVAL
[2025-05-31 15:07:10] [INFO] [NC-1748678830320-276] [AN:1/68] [NC:NC0702] ประมวลผลแผน: NC0702 (Q2) - INTERVAL
[2025-05-31 15:07:10] [INFO] [NC-1748678830320-276] [AN:1/68] [NC:NC0702] แผนถูกข้าม: NC0702 - ไม่มีรายการที่ต้อง generate สำหรับ INTERVAL
[2025-05-31 15:07:10] [INFO] [NC-1748678830320-276] [AN:1/68]  AN 1/68 ประมวลผลสำเร็จ - สำเร็จ: 2, ล้มเหลว: 0
[2025-05-31 15:07:10] [INFO] [NC-1748678830320-276] [AN:1/68]  AN 1/68 ใช้เวลาทั้งหมด: 37ms
[2025-05-31 15:07:10] [INFO] [NC-1748678830320-276]   Auto Generate NC Plan เสร็จสิ้น - commit transaction สำเร็จ
[2025-05-31 15:07:10] [INFO] [NC-1748678830320-276]   === สิ้นสุด Auto Generate NC Plan Session ===
[2025-05-31 15:07:10] [INFO] [NC-1748678830320-276]   เวลาสิ้นสุด: 2025-05-31 15:07:10
[2025-05-31 15:07:10] [INFO] [NC-1748678830320-276]   ระยะเวลาทั้งหมด: 0 วินาที
[2025-05-31 15:07:10] [INFO] [NC-1748678830320-276]   
=== สรุปผลการ Auto Generate NC Plan ===
[2025-05-31 15:07:10] [INFO] [NC-1748678830320-276]   AN ทั้งหมด: 1
[2025-05-31 15:07:10] [INFO] [NC-1748678830320-276]   AN สำเร็จ: 1
[2025-05-31 15:07:10] [INFO] [NC-1748678830320-276]   AN ล้มเหลว: 0
[2025-05-31 15:07:10] [INFO] [NC-1748678830320-276]   AN ข้าม: 0
[2025-05-31 15:07:10] [INFO] [NC-1748678830320-276]   แผนทั้งหมด: 0
[2025-05-31 15:07:10] [INFO] [NC-1748678830320-276]   แผนสำเร็จ: 4
[2025-05-31 15:07:10] [INFO] [NC-1748678830320-276]   แผนล้มเหลว: 0
[2025-05-31 15:07:10] [INFO] [NC-1748678830320-276]   แผนข้าม: 2
[2025-05-31 15:07:10] [INFO] [NC-1748678830320-276]   เวลาเฉลี่ยต่อแผน: 6ms (ต่ำสุด: 4ms, สูงสุด: 7ms)
[2025-05-31 15:07:10] [INFO] [NC-1748678830320-276]   อัตราความสำเร็จ: 100%
[2025-05-31 15:07:10] [INFO] [NC-1748678830320-276]   บันทึกลง tbl_ur_generate_daily_log สำเร็จ
[2025-05-31 15:07:10] [INFO] [NC-1748678830320-276]   บันทึกลง tbl_ur_autogeneratestats สำเร็จ
[2025-05-31 15:07:10] [INFO] [NC-1748678830320-276]   บันทึกสถิติลงฐานข้อมูลเสร็จสิ้น
