[2025-06-21 15:11:28] [INFO] [VS-1750493488868-837]   === เริ่มต้น Auto Generate VS Plan Session ===
[2025-06-21 15:11:28] [INFO] [VS-1750493488868-837]   Session ID: VS-1750493488868-837
[2025-06-21 15:11:28] [INFO] [VS-1750493488868-837]   เวลาเริ่มต้น: 2025-06-21 15:11:28
[2025-06-21 15:11:28] [INFO] [VS-1750493488868-837]   เริ่มต้นระบบ Auto Generate ทั้ง VS และ NC Plan
[2025-06-21 15:11:28] [INFO] [VS-1750493488868-837]   เริ่มต้น Auto Generate VS Plan
[2025-06-21 15:11:28] [INFO] [VS-1750493488875-903]   === เริ่มต้น Auto Generate VS Plan Session ===
[2025-06-21 15:11:28] [INFO] [VS-1750493488875-903]   Session ID: VS-1750493488875-903
[2025-06-21 15:11:28] [INFO] [VS-1750493488875-903]   เวลาเริ่มต้น: 2025-06-21 15:11:28
[2025-06-21 15:11:28] [INFO] [VS-1750493488875-903]   เริ่มต้นระบบ Auto Generate VS Plan
[2025-06-21 15:11:28] [INFO] [VS-1750493488875-903]   พบแผน VS ทั้งหมด: 6 รายการ
[2025-06-21 15:11:28] [INFO] [VS-1750493488875-903]   แผนที่ถูกต้อง: 6 รายการ
[2025-06-21 15:11:28] [INFO] [VS-1750493488875-903]   แผนที่ไม่สมบูรณ์: 0 รายการ
[2025-06-21 15:11:28] [INFO] [VS-1750493488875-903]   จัดกลุ่มได้ 1 AN ที่ต้อง generate VS plan
[2025-06-21 15:11:28] [INFO] [VS-1750493488875-903] [AN:2907/68]  เริ่มประมวลผล AN: 2907/68 (6 แผน)
[2025-06-21 15:11:29] [INFO] [VS-1750493488875-903] [AN:2907/68] [VS:Q4] Cancel แผนเดิม: Q4 จำนวน 1 รายการ (header เท่านั้น)
[2025-06-21 15:11:29] [INFO] [VS-1750493488875-903] [AN:2907/68] [VS:Q4] Cancel แผนเดิม: Q4 จำนวน 1 รายการ
[2025-06-21 15:11:29] [INFO] [VS-1750493488875-903] [AN:2907/68] [VS:Q4] สร้างแผนสำเร็จ: Q4 (6 รายการ) ใช้เวลา 35ms
[2025-06-21 15:11:29] [INFO] [VS-1750493488875-903] [AN:2907/68] [VS:Q4] แผนถูกข้าม: Q4 - VS Code นี้ถูก generate ไปแล้วในวันนี้
[2025-06-21 15:11:29] [INFO] [VS-1750493488875-903] [AN:2907/68] [VS:Q4] แผนถูกข้าม: Q4 - VS Code นี้ถูก generate ไปแล้วในวันนี้
[2025-06-21 15:11:29] [INFO] [VS-1750493488875-903] [AN:2907/68] [VS:Q4] แผนถูกข้าม: Q4 - VS Code นี้ถูก generate ไปแล้วในวันนี้
[2025-06-21 15:11:29] [INFO] [VS-1750493488875-903] [AN:2907/68] [VS:Q4] แผนถูกข้าม: Q4 - VS Code นี้ถูก generate ไปแล้วในวันนี้
[2025-06-21 15:11:29] [INFO] [VS-1750493488875-903] [AN:2907/68] [VS:Q4] แผนถูกข้าม: Q4 - VS Code นี้ถูก generate ไปแล้วในวันนี้
[2025-06-21 15:11:29] [INFO] [VS-1750493488875-903] [AN:2907/68]  AN 2907/68 ประมวลผลสำเร็จ - สำเร็จ: 1, ล้มเหลว: 0
[2025-06-21 15:11:29] [INFO] [VS-1750493488875-903] [AN:2907/68]  AN 2907/68 ใช้เวลาทั้งหมด: 68ms
[2025-06-21 15:11:29] [INFO] [VS-1750493488875-903]   Auto Generate VS Plan เสร็จสิ้น - commit transaction สำเร็จ
[2025-06-21 15:11:29] [INFO] [VS-1750493488875-903]   === สิ้นสุด Auto Generate VS Plan Session ===
[2025-06-21 15:11:29] [INFO] [VS-1750493488875-903]   เวลาสิ้นสุด: 2025-06-21 15:11:29
[2025-06-21 15:11:29] [INFO] [VS-1750493488875-903]   ระยะเวลาทั้งหมด: 0 วินาที
[2025-06-21 15:11:29] [INFO] [VS-1750493488875-903]   
=== สรุปผลการ Auto Generate VS Plan ===
[2025-06-21 15:11:29] [INFO] [VS-1750493488875-903]   AN ทั้งหมด: 1
[2025-06-21 15:11:29] [INFO] [VS-1750493488875-903]   AN สำเร็จ: 1
[2025-06-21 15:11:29] [INFO] [VS-1750493488875-903]   AN ล้มเหลว: 0
[2025-06-21 15:11:29] [INFO] [VS-1750493488875-903]   AN ข้าม: 0
[2025-06-21 15:11:29] [INFO] [VS-1750493488875-903]   แผนทั้งหมด: 0
[2025-06-21 15:11:29] [INFO] [VS-1750493488875-903]   แผนสำเร็จ: 2
[2025-06-21 15:11:29] [INFO] [VS-1750493488875-903]   แผนล้มเหลว: 0
[2025-06-21 15:11:29] [INFO] [VS-1750493488875-903]   แผนข้าม: 5
[2025-06-21 15:11:29] [INFO] [VS-1750493488875-903]   เวลาเฉลี่ยต่อแผน: 35ms (ต่ำสุด: 35ms, สูงสุด: 35ms)
[2025-06-21 15:11:29] [INFO] [VS-1750493488875-903]   อัตราความสำเร็จ: 100%
[2025-06-21 15:11:29] [INFO] [VS-1750493488875-903]   บันทึกลง tbl_ur_generate_daily_log สำเร็จ
[2025-06-21 15:11:29] [INFO] [VS-1750493488875-903]   บันทึกลง tbl_ur_autogeneratestats สำเร็จ
[2025-06-21 15:11:29] [INFO] [VS-1750493488875-903]   บันทึกสถิติลงฐานข้อมูลเสร็จสิ้น
[2025-06-21 15:11:29] [INFO] [VS-1750493488868-837]   Auto Generate VS Plan เสร็จสิ้น: สำเร็จ
[2025-06-21 15:11:29] [INFO] [VS-1750493488868-837]   === สิ้นสุด Auto Generate VS Plan Session ===
[2025-06-21 15:11:29] [INFO] [VS-1750493488868-837]   เวลาสิ้นสุด: 2025-06-21 15:11:29
[2025-06-21 15:11:29] [INFO] [VS-1750493488868-837]   ระยะเวลาทั้งหมด: 0 วินาที
[2025-06-21 15:11:29] [INFO] [VS-1750493488868-837]   
=== สรุปผลการ Auto Generate VS Plan ===
[2025-06-21 15:11:29] [INFO] [VS-1750493488868-837]   AN ทั้งหมด: 0
[2025-06-21 15:11:29] [INFO] [VS-1750493488868-837]   AN สำเร็จ: 0
[2025-06-21 15:11:29] [INFO] [VS-1750493488868-837]   AN ล้มเหลว: 0
[2025-06-21 15:11:29] [INFO] [VS-1750493488868-837]   AN ข้าม: 0
[2025-06-21 15:11:29] [INFO] [VS-1750493488868-837]   แผนทั้งหมด: 0
[2025-06-21 15:11:29] [INFO] [VS-1750493488868-837]   แผนสำเร็จ: 0
[2025-06-21 15:11:29] [INFO] [VS-1750493488868-837]   แผนล้มเหลว: 0
[2025-06-21 15:11:29] [INFO] [VS-1750493488868-837]   แผนข้าม: 0
[2025-06-21 15:11:29] [INFO] [VS-1750493488868-837]   อัตราความสำเร็จ: 0%
[2025-06-21 15:11:29] [INFO] [VS-1750493488868-837]   บันทึกลง tbl_ur_generate_daily_log สำเร็จ
[2025-06-21 15:11:29] [INFO] [VS-1750493488868-837]   บันทึกลง tbl_ur_autogeneratestats สำเร็จ
[2025-06-21 15:11:29] [INFO] [VS-1750493488868-837]   บันทึกสถิติลงฐานข้อมูลเสร็จสิ้น
