[2025-05-27 13:57:56] [INFO] [NC-1748329076521-586]   === เริ่มต้น Auto Generate NC Plan Session ===
[2025-05-27 13:57:56] [INFO] [NC-1748329076521-586]   Session ID: NC-1748329076521-586
[2025-05-27 13:57:56] [INFO] [NC-1748329076521-586]   เวลาเริ่มต้น: 2025-05-27 13:57:56
[2025-05-27 13:57:56] [INFO] [NC-1748329076521-586]   เริ่มต้นระบบ Auto Generate NC Plan
[2025-05-27 13:57:56] [INFO] [NC-1748329076521-586]   พบแผน NC ทั้งหมด: 4 รายการ
[2025-05-27 13:57:56] [INFO] [NC-1748329076521-586]   แผนที่ถูกต้อง: 4 รายการ
[2025-05-27 13:57:56] [INFO] [NC-1748329076521-586]   แผนที่ไม่สมบูรณ์: 0 รายการ
[2025-05-27 13:57:56] [INFO] [NC-1748329076521-586]   จัดกลุ่มได้ 1 AN ที่ต้อง generate NC plan
[2025-05-27 13:57:56] [INFO] [NC-1748329076521-586] [AN:1/68]  เริ่มประมวลผล AN: 1/68 (4 แผน)
[2025-05-27 13:57:56] [INFO] [NC-1748329076521-586] [AN:1/68] [NC:NC0101] ประมวลผลแผน: NC0101 (W2) - WEEKLY
[2025-05-27 13:57:56] [INFO] [NC-1748329076521-586] [AN:1/68] [NC:NC0101] แผนถูกข้าม: NC0101 - ไม่มีรายการที่ต้อง generate สำหรับ WEEKLY
[2025-05-27 13:57:56] [INFO] [NC-1748329076521-586] [AN:1/68] [NC:NC0103] ประมวลผลแผน: NC0103 (TID) - PRESET
[2025-05-27 13:57:56] [INFO] [NC-1748329076521-586] [AN:1/68] [NC:NC0103] สร้างแผนสำเร็จ: NC0103 (3 รายการ) ใช้เวลา 8ms
[2025-05-27 13:57:56] [INFO] [NC-1748329076521-586] [AN:1/68] [NC:NC0301] ประมวลผลแผน: NC0301 (Q1) - INTERVAL
[2025-05-27 13:57:56] [INFO] [NC-1748329076521-586] [AN:1/68] [NC:NC0301] สร้างแผนสำเร็จ: NC0301 (10 รายการ) ใช้เวลา 7ms
[2025-05-27 13:57:56] [INFO] [NC-1748329076521-586] [AN:1/68] [NC:NC0702] ประมวลผลแผน: NC0702 (Q2) - INTERVAL
[2025-05-27 13:57:56] [INFO] [NC-1748329076521-586] [AN:1/68] [NC:NC0702] สร้างแผนสำเร็จ: NC0702 (5 รายการ) ใช้เวลา 7ms
[2025-05-27 13:57:56] [INFO] [NC-1748329076521-586] [AN:1/68]  AN 1/68 ประมวลผลสำเร็จ - สำเร็จ: 3, ล้มเหลว: 0
[2025-05-27 13:57:56] [INFO] [NC-1748329076521-586] [AN:1/68]  AN 1/68 ใช้เวลาทั้งหมด: 44ms
[2025-05-27 13:57:56] [INFO] [NC-1748329076521-586]   Auto Generate NC Plan เสร็จสิ้น - commit transaction สำเร็จ
[2025-05-27 13:57:56] [INFO] [NC-1748329076521-586]   === สิ้นสุด Auto Generate NC Plan Session ===
[2025-05-27 13:57:56] [INFO] [NC-1748329076521-586]   เวลาสิ้นสุด: 2025-05-27 13:57:56
[2025-05-27 13:57:56] [INFO] [NC-1748329076521-586]   ระยะเวลาทั้งหมด: 0 วินาที
[2025-05-27 13:57:56] [INFO] [NC-1748329076521-586]   
=== สรุปผลการ Auto Generate NC Plan ===
[2025-05-27 13:57:56] [INFO] [NC-1748329076521-586]   AN ทั้งหมด: 1
[2025-05-27 13:57:56] [INFO] [NC-1748329076521-586]   AN สำเร็จ: 1
[2025-05-27 13:57:56] [INFO] [NC-1748329076521-586]   AN ล้มเหลว: 0
[2025-05-27 13:57:56] [INFO] [NC-1748329076521-586]   AN ข้าม: 0
[2025-05-27 13:57:56] [INFO] [NC-1748329076521-586]   แผนทั้งหมด: 0
[2025-05-27 13:57:56] [INFO] [NC-1748329076521-586]   แผนสำเร็จ: 6
[2025-05-27 13:57:56] [INFO] [NC-1748329076521-586]   แผนล้มเหลว: 0
[2025-05-27 13:57:56] [INFO] [NC-1748329076521-586]   แผนข้าม: 1
[2025-05-27 13:57:56] [INFO] [NC-1748329076521-586]   เวลาเฉลี่ยต่อแผน: 7ms (ต่ำสุด: 7ms, สูงสุด: 8ms)
[2025-05-27 13:57:56] [INFO] [NC-1748329076521-586]   อัตราความสำเร็จ: 100%
[2025-05-27 13:57:56] [INFO] [NC-1748329076521-586]   บันทึกลง tbl_ur_generate_daily_log สำเร็จ
[2025-05-27 13:57:56] [INFO] [NC-1748329076521-586]   บันทึกลง tbl_ur_autogeneratestats สำเร็จ
[2025-05-27 13:57:56] [INFO] [NC-1748329076521-586]   บันทึกสถิติลงฐานข้อมูลเสร็จสิ้น
[2025-05-27 14:02:49] [INFO] [NC-1748329369657-685]   === เริ่มต้น Auto Generate NC Plan Session ===
[2025-05-27 14:02:49] [INFO] [NC-1748329369657-685]   Session ID: NC-1748329369657-685
[2025-05-27 14:02:49] [INFO] [NC-1748329369657-685]   เวลาเริ่มต้น: 2025-05-27 14:02:49
[2025-05-27 14:02:49] [INFO] [NC-1748329369657-685]   เริ่มต้นระบบ Auto Generate NC Plan
[2025-05-27 14:02:49] [INFO] [NC-1748329369657-685]   พบแผน NC ทั้งหมด: 6 รายการ
[2025-05-27 14:02:49] [INFO] [NC-1748329369657-685]   แผนที่ถูกต้อง: 6 รายการ
[2025-05-27 14:02:49] [INFO] [NC-1748329369657-685]   แผนที่ไม่สมบูรณ์: 0 รายการ
[2025-05-27 14:02:49] [INFO] [NC-1748329369657-685]   จัดกลุ่มได้ 1 AN ที่ต้อง generate NC plan
[2025-05-27 14:02:49] [INFO] [NC-1748329369657-685] [AN:1/68]  เริ่มประมวลผล AN: 1/68 (6 แผน)
[2025-05-27 14:02:49] [INFO] [NC-1748329369657-685] [AN:1/68] [NC:NC0101] ประมวลผลแผน: NC0101 (W2) - WEEKLY
[2025-05-27 14:02:49] [INFO] [NC-1748329369657-685] [AN:1/68] [NC:NC0101] แผนถูกข้าม: NC0101 - ไม่มีรายการที่ต้อง generate สำหรับ WEEKLY
[2025-05-27 14:02:49] [INFO] [NC-1748329369657-685] [AN:1/68] [NC:NC0101] แผนถูกข้าม: NC0101 - ถูก generate ไปแล้วในวันนี้
[2025-05-27 14:02:49] [INFO] [NC-1748329369657-685] [AN:1/68] [NC:NC0103] ประมวลผลแผน: NC0103 (TID) - PRESET
[2025-05-27 14:02:49] [INFO] [NC-1748329369657-685] [AN:1/68] [NC:NC0103] สร้างแผนสำเร็จ: NC0103 (3 รายการ) ใช้เวลา 9ms
[2025-05-27 14:02:49] [INFO] [NC-1748329369657-685] [AN:1/68] [NC:NC0103] แผนถูกข้าม: NC0103 - ถูก generate ไปแล้วในวันนี้
[2025-05-27 14:02:49] [INFO] [NC-1748329369657-685] [AN:1/68] [NC:NC0301] ประมวลผลแผน: NC0301 (Q1) - INTERVAL
[2025-05-27 14:02:49] [INFO] [NC-1748329369657-685] [AN:1/68] [NC:NC0301] สร้างแผนสำเร็จ: NC0301 (9 รายการ) ใช้เวลา 8ms
[2025-05-27 14:02:49] [INFO] [NC-1748329369657-685] [AN:1/68] [NC:NC0702] ประมวลผลแผน: NC0702 (Q2) - INTERVAL
[2025-05-27 14:02:49] [INFO] [NC-1748329369657-685] [AN:1/68] [NC:NC0702] สร้างแผนสำเร็จ: NC0702 (4 รายการ) ใช้เวลา 5ms
[2025-05-27 14:02:49] [INFO] [NC-1748329369657-685] [AN:1/68]  AN 1/68 ประมวลผลสำเร็จ - สำเร็จ: 3, ล้มเหลว: 0
[2025-05-27 14:02:49] [INFO] [NC-1748329369657-685] [AN:1/68]  AN 1/68 ใช้เวลาทั้งหมด: 38ms
[2025-05-27 14:02:49] [INFO] [NC-1748329369657-685]   Auto Generate NC Plan เสร็จสิ้น - commit transaction สำเร็จ
[2025-05-27 14:02:49] [INFO] [NC-1748329369657-685]   === สิ้นสุด Auto Generate NC Plan Session ===
[2025-05-27 14:02:49] [INFO] [NC-1748329369657-685]   เวลาสิ้นสุด: 2025-05-27 14:02:49
[2025-05-27 14:02:49] [INFO] [NC-1748329369657-685]   ระยะเวลาทั้งหมด: 0 วินาที
[2025-05-27 14:02:49] [INFO] [NC-1748329369657-685]   
=== สรุปผลการ Auto Generate NC Plan ===
[2025-05-27 14:02:49] [INFO] [NC-1748329369657-685]   AN ทั้งหมด: 1
[2025-05-27 14:02:49] [INFO] [NC-1748329369657-685]   AN สำเร็จ: 1
[2025-05-27 14:02:49] [INFO] [NC-1748329369657-685]   AN ล้มเหลว: 0
[2025-05-27 14:02:49] [INFO] [NC-1748329369657-685]   AN ข้าม: 0
[2025-05-27 14:02:49] [INFO] [NC-1748329369657-685]   แผนทั้งหมด: 0
[2025-05-27 14:02:49] [INFO] [NC-1748329369657-685]   แผนสำเร็จ: 6
[2025-05-27 14:02:49] [INFO] [NC-1748329369657-685]   แผนล้มเหลว: 0
[2025-05-27 14:02:49] [INFO] [NC-1748329369657-685]   แผนข้าม: 3
[2025-05-27 14:02:49] [INFO] [NC-1748329369657-685]   เวลาเฉลี่ยต่อแผน: 7ms (ต่ำสุด: 5ms, สูงสุด: 9ms)
[2025-05-27 14:02:49] [INFO] [NC-1748329369657-685]   อัตราความสำเร็จ: 100%
[2025-05-27 14:02:49] [INFO] [NC-1748329369657-685]   บันทึกลง tbl_ur_generate_daily_log สำเร็จ
[2025-05-27 14:02:49] [INFO] [NC-1748329369657-685]   บันทึกลง tbl_ur_autogeneratestats สำเร็จ
[2025-05-27 14:02:49] [INFO] [NC-1748329369657-685]   บันทึกสถิติลงฐานข้อมูลเสร็จสิ้น
[2025-05-27 14:06:04] [INFO] [NC-1748329564011-006]   === เริ่มต้น Auto Generate NC Plan Session ===
[2025-05-27 14:06:04] [INFO] [NC-1748329564011-006]   Session ID: NC-1748329564011-006
[2025-05-27 14:06:04] [INFO] [NC-1748329564011-006]   เวลาเริ่มต้น: 2025-05-27 14:06:04
[2025-05-27 14:06:04] [INFO] [NC-1748329564011-006]   เริ่มต้นระบบ Auto Generate NC Plan
[2025-05-27 14:06:04] [INFO] [NC-1748329564011-006]   พบแผน NC ทั้งหมด: 10 รายการ
[2025-05-27 14:06:04] [INFO] [NC-1748329564011-006]   แผนที่ถูกต้อง: 10 รายการ
[2025-05-27 14:06:04] [INFO] [NC-1748329564011-006]   แผนที่ไม่สมบูรณ์: 0 รายการ
[2025-05-27 14:06:04] [INFO] [NC-1748329564011-006]   จัดกลุ่มได้ 1 AN ที่ต้อง generate NC plan
[2025-05-27 14:06:04] [INFO] [NC-1748329564011-006] [AN:1/68]  เริ่มประมวลผล AN: 1/68 (10 แผน)
[2025-05-27 14:06:04] [INFO] [NC-1748329564011-006] [AN:1/68]  AN 1/68 ถูกข้าม: ถูก generate ไปแล้วในวันนี้
[2025-05-27 14:06:04] [INFO] [NC-1748329564011-006]   Auto Generate NC Plan เสร็จสิ้น - commit transaction สำเร็จ
[2025-05-27 14:06:04] [INFO] [NC-1748329564011-006]   === สิ้นสุด Auto Generate NC Plan Session ===
[2025-05-27 14:06:04] [INFO] [NC-1748329564011-006]   เวลาสิ้นสุด: 2025-05-27 14:06:04
[2025-05-27 14:06:04] [INFO] [NC-1748329564011-006]   ระยะเวลาทั้งหมด: 0 วินาที
[2025-05-27 14:06:04] [INFO] [NC-1748329564011-006]   
=== สรุปผลการ Auto Generate NC Plan ===
[2025-05-27 14:06:04] [INFO] [NC-1748329564011-006]   AN ทั้งหมด: 1
[2025-05-27 14:06:04] [INFO] [NC-1748329564011-006]   AN สำเร็จ: 0
[2025-05-27 14:06:04] [INFO] [NC-1748329564011-006]   AN ล้มเหลว: 0
[2025-05-27 14:06:04] [INFO] [NC-1748329564011-006]   AN ข้าม: 1
[2025-05-27 14:06:04] [INFO] [NC-1748329564011-006]   แผนทั้งหมด: 0
[2025-05-27 14:06:04] [INFO] [NC-1748329564011-006]   แผนสำเร็จ: 0
[2025-05-27 14:06:04] [INFO] [NC-1748329564011-006]   แผนล้มเหลว: 0
[2025-05-27 14:06:04] [INFO] [NC-1748329564011-006]   แผนข้าม: 0
[2025-05-27 14:06:04] [INFO] [NC-1748329564011-006]   
AN ที่ถูกข้าม:
[2025-05-27 14:06:04] [INFO] [NC-1748329564011-006]     - 1/68: ถูก generate ไปแล้วในวันนี้
[2025-05-27 14:06:04] [INFO] [NC-1748329564011-006]   อัตราความสำเร็จ: 0%
[2025-05-27 14:06:04] [INFO] [NC-1748329564011-006]   บันทึกลง tbl_ur_generate_daily_log สำเร็จ
[2025-05-27 14:06:04] [INFO] [NC-1748329564011-006]   บันทึกลง tbl_ur_autogeneratestats สำเร็จ
[2025-05-27 14:06:04] [INFO] [NC-1748329564011-006]   บันทึกสถิติลงฐานข้อมูลเสร็จสิ้น
[2025-05-27 14:45:52] [INFO] [NC-1748331952157-229]   === เริ่มต้น Auto Generate NC Plan Session ===
[2025-05-27 14:45:52] [INFO] [NC-1748331952157-229]   Session ID: NC-1748331952157-229
[2025-05-27 14:45:52] [INFO] [NC-1748331952157-229]   เวลาเริ่มต้น: 2025-05-27 14:45:52
[2025-05-27 14:45:52] [INFO] [NC-1748331952157-229]   เริ่มต้นระบบ Auto Generate NC Plan
[2025-05-27 14:45:52] [INFO] [NC-1748331952157-229]   พบแผน NC ทั้งหมด: 4 รายการ
[2025-05-27 14:45:52] [INFO] [NC-1748331952157-229]   แผนที่ถูกต้อง: 4 รายการ
[2025-05-27 14:45:52] [INFO] [NC-1748331952157-229]   แผนที่ไม่สมบูรณ์: 0 รายการ
[2025-05-27 14:45:52] [INFO] [NC-1748331952157-229]   จัดกลุ่มได้ 1 AN ที่ต้อง generate NC plan
[2025-05-27 14:45:52] [INFO] [NC-1748331952157-229] [AN:1/68]  เริ่มประมวลผล AN: 1/68 (4 แผน)
[2025-05-27 14:45:52] [INFO] [NC-1748331952157-229] [AN:1/68] [NC:NC0101] ประมวลผลแผน: NC0101 (W2) - WEEKLY
[2025-05-27 14:45:52] [INFO] [NC-1748331952157-229] [AN:1/68] [NC:NC0101] สร้างแผนสำเร็จ: NC0101 (0 รายการ) ใช้เวลา 3ms
[2025-05-27 14:45:52] [INFO] [NC-1748331952157-229] [AN:1/68] [NC:NC0103] ประมวลผลแผน: NC0103 (TID) - PRESET
[2025-05-27 14:45:52] [INFO] [NC-1748331952157-229] [AN:1/68] [NC:NC0103] สร้างแผนสำเร็จ: NC0103 (3 รายการ) ใช้เวลา 7ms
[2025-05-27 14:45:52] [INFO] [NC-1748331952157-229] [AN:1/68] [NC:NC0301] ประมวลผลแผน: NC0301 (Q1) - INTERVAL
[2025-05-27 14:45:52] [INFO] [NC-1748331952157-229] [AN:1/68] [NC:NC0301] สร้างแผนสำเร็จ: NC0301 (24 รายการ) ใช้เวลา 12ms
[2025-05-27 14:45:52] [INFO] [NC-1748331952157-229] [AN:1/68] [NC:NC0702] ประมวลผลแผน: NC0702 (Q2) - INTERVAL
[2025-05-27 14:45:52] [INFO] [NC-1748331952157-229] [AN:1/68] [NC:NC0702] สร้างแผนสำเร็จ: NC0702 (12 รายการ) ใช้เวลา 7ms
[2025-05-27 14:45:52] [INFO] [NC-1748331952157-229] [AN:1/68]  AN 1/68 ประมวลผลสำเร็จ - สำเร็จ: 4, ล้มเหลว: 0
[2025-05-27 14:45:52] [INFO] [NC-1748331952157-229] [AN:1/68]  AN 1/68 ใช้เวลาทั้งหมด: 44ms
[2025-05-27 14:45:52] [INFO] [NC-1748331952157-229]   Auto Generate NC Plan เสร็จสิ้น - commit transaction สำเร็จ
[2025-05-27 14:45:52] [INFO] [NC-1748331952157-229]   === สิ้นสุด Auto Generate NC Plan Session ===
[2025-05-27 14:45:52] [INFO] [NC-1748331952157-229]   เวลาสิ้นสุด: 2025-05-27 14:45:52
[2025-05-27 14:45:52] [INFO] [NC-1748331952157-229]   ระยะเวลาทั้งหมด: 0 วินาที
[2025-05-27 14:45:52] [INFO] [NC-1748331952157-229]   
=== สรุปผลการ Auto Generate NC Plan ===
[2025-05-27 14:45:52] [INFO] [NC-1748331952157-229]   AN ทั้งหมด: 1
[2025-05-27 14:45:52] [INFO] [NC-1748331952157-229]   AN สำเร็จ: 1
[2025-05-27 14:45:52] [INFO] [NC-1748331952157-229]   AN ล้มเหลว: 0
[2025-05-27 14:45:52] [INFO] [NC-1748331952157-229]   AN ข้าม: 0
[2025-05-27 14:45:52] [INFO] [NC-1748331952157-229]   แผนทั้งหมด: 0
[2025-05-27 14:45:52] [INFO] [NC-1748331952157-229]   แผนสำเร็จ: 8
[2025-05-27 14:45:52] [INFO] [NC-1748331952157-229]   แผนล้มเหลว: 0
[2025-05-27 14:45:52] [INFO] [NC-1748331952157-229]   แผนข้าม: 0
[2025-05-27 14:45:52] [INFO] [NC-1748331952157-229]   เวลาเฉลี่ยต่อแผน: 7ms (ต่ำสุด: 3ms, สูงสุด: 12ms)
[2025-05-27 14:45:52] [INFO] [NC-1748331952157-229]   อัตราความสำเร็จ: 100%
[2025-05-27 14:45:52] [INFO] [NC-1748331952157-229]   บันทึกลง tbl_ur_generate_daily_log สำเร็จ
[2025-05-27 14:45:52] [INFO] [NC-1748331952157-229]   บันทึกลง tbl_ur_autogeneratestats สำเร็จ
[2025-05-27 14:45:52] [INFO] [NC-1748331952157-229]   บันทึกสถิติลงฐานข้อมูลเสร็จสิ้น
[2025-05-27 14:46:52] [INFO] [NC-1748332012769-908]   === เริ่มต้น Auto Generate NC Plan Session ===
[2025-05-27 14:46:52] [INFO] [NC-1748332012769-908]   Session ID: NC-1748332012769-908
[2025-05-27 14:46:52] [INFO] [NC-1748332012769-908]   เวลาเริ่มต้น: 2025-05-27 14:46:52
[2025-05-27 14:46:52] [INFO] [NC-1748332012769-908]   เริ่มต้นระบบ Auto Generate NC Plan
[2025-05-27 14:46:52] [INFO] [NC-1748332012769-908]   พบแผน NC ทั้งหมด: 4 รายการ
[2025-05-27 14:46:52] [INFO] [NC-1748332012769-908]   แผนที่ถูกต้อง: 4 รายการ
[2025-05-27 14:46:52] [INFO] [NC-1748332012769-908]   แผนที่ไม่สมบูรณ์: 0 รายการ
[2025-05-27 14:46:52] [INFO] [NC-1748332012769-908]   จัดกลุ่มได้ 1 AN ที่ต้อง generate NC plan
[2025-05-27 14:46:52] [INFO] [NC-1748332012769-908] [AN:1/68]  เริ่มประมวลผล AN: 1/68 (4 แผน)
[2025-05-27 14:46:52] [INFO] [NC-1748332012769-908] [AN:1/68] [NC:NC0101] ประมวลผลแผน: NC0101 (W2) - WEEKLY
[2025-05-27 14:46:52] [INFO] [NC-1748332012769-908] [AN:1/68] [NC:NC0101] สร้างแผนสำเร็จ: NC0101 (0 รายการ) ใช้เวลา 4ms
[2025-05-27 14:46:52] [INFO] [NC-1748332012769-908] [AN:1/68] [NC:NC0103] ประมวลผลแผน: NC0103 (TID) - PRESET
[2025-05-27 14:46:52] [INFO] [NC-1748332012769-908] [AN:1/68] [NC:NC0103] สร้างแผนสำเร็จ: NC0103 (3 รายการ) ใช้เวลา 10ms
[2025-05-27 14:46:52] [INFO] [NC-1748332012769-908] [AN:1/68] [NC:NC0301] ประมวลผลแผน: NC0301 (Q1) - INTERVAL
[2025-05-27 14:46:52] [INFO] [NC-1748332012769-908] [AN:1/68] [NC:NC0301] แผนถูกข้าม: NC0301 - ไม่มีรายการที่ต้อง generate สำหรับ INTERVAL
[2025-05-27 14:46:52] [INFO] [NC-1748332012769-908] [AN:1/68] [NC:NC0702] ประมวลผลแผน: NC0702 (Q2) - INTERVAL
[2025-05-27 14:46:52] [INFO] [NC-1748332012769-908] [AN:1/68] [NC:NC0702] แผนถูกข้าม: NC0702 - ไม่มีรายการที่ต้อง generate สำหรับ INTERVAL
[2025-05-27 14:46:52] [INFO] [NC-1748332012769-908] [AN:1/68]  AN 1/68 ประมวลผลสำเร็จ - สำเร็จ: 2, ล้มเหลว: 0
[2025-05-27 14:46:52] [INFO] [NC-1748332012769-908] [AN:1/68]  AN 1/68 ใช้เวลาทั้งหมด: 30ms
[2025-05-27 14:46:52] [INFO] [NC-1748332012769-908]   Auto Generate NC Plan เสร็จสิ้น - commit transaction สำเร็จ
[2025-05-27 14:46:52] [INFO] [NC-1748332012769-908]   === สิ้นสุด Auto Generate NC Plan Session ===
[2025-05-27 14:46:52] [INFO] [NC-1748332012769-908]   เวลาสิ้นสุด: 2025-05-27 14:46:52
[2025-05-27 14:46:52] [INFO] [NC-1748332012769-908]   ระยะเวลาทั้งหมด: 0 วินาที
[2025-05-27 14:46:52] [INFO] [NC-1748332012769-908]   
=== สรุปผลการ Auto Generate NC Plan ===
[2025-05-27 14:46:52] [INFO] [NC-1748332012769-908]   AN ทั้งหมด: 1
[2025-05-27 14:46:52] [INFO] [NC-1748332012769-908]   AN สำเร็จ: 1
[2025-05-27 14:46:52] [INFO] [NC-1748332012769-908]   AN ล้มเหลว: 0
[2025-05-27 14:46:52] [INFO] [NC-1748332012769-908]   AN ข้าม: 0
[2025-05-27 14:46:52] [INFO] [NC-1748332012769-908]   แผนทั้งหมด: 0
[2025-05-27 14:46:52] [INFO] [NC-1748332012769-908]   แผนสำเร็จ: 4
[2025-05-27 14:46:52] [INFO] [NC-1748332012769-908]   แผนล้มเหลว: 0
[2025-05-27 14:46:52] [INFO] [NC-1748332012769-908]   แผนข้าม: 2
[2025-05-27 14:46:52] [INFO] [NC-1748332012769-908]   เวลาเฉลี่ยต่อแผน: 7ms (ต่ำสุด: 4ms, สูงสุด: 10ms)
[2025-05-27 14:46:52] [INFO] [NC-1748332012769-908]   อัตราความสำเร็จ: 100%
[2025-05-27 14:46:52] [INFO] [NC-1748332012769-908]   บันทึกลง tbl_ur_generate_daily_log สำเร็จ
[2025-05-27 14:46:52] [INFO] [NC-1748332012769-908]   บันทึกลง tbl_ur_autogeneratestats สำเร็จ
[2025-05-27 14:46:52] [INFO] [NC-1748332012769-908]   บันทึกสถิติลงฐานข้อมูลเสร็จสิ้น
[2025-05-27 14:47:20] [INFO] [NC-1748332040876-568]   === เริ่มต้น Auto Generate NC Plan Session ===
[2025-05-27 14:47:20] [INFO] [NC-1748332040876-568]   Session ID: NC-1748332040876-568
[2025-05-27 14:47:20] [INFO] [NC-1748332040876-568]   เวลาเริ่มต้น: 2025-05-27 14:47:20
[2025-05-27 14:47:20] [INFO] [NC-1748332040876-568]   เริ่มต้นระบบ Auto Generate NC Plan
[2025-05-27 14:47:20] [INFO] [NC-1748332040876-568]   พบแผน NC ทั้งหมด: 4 รายการ
[2025-05-27 14:47:20] [INFO] [NC-1748332040876-568]   แผนที่ถูกต้อง: 4 รายการ
[2025-05-27 14:47:20] [INFO] [NC-1748332040876-568]   แผนที่ไม่สมบูรณ์: 0 รายการ
[2025-05-27 14:47:20] [INFO] [NC-1748332040876-568]   จัดกลุ่มได้ 1 AN ที่ต้อง generate NC plan
[2025-05-27 14:47:20] [INFO] [NC-1748332040876-568] [AN:1/68]  เริ่มประมวลผล AN: 1/68 (4 แผน)
[2025-05-27 14:47:20] [INFO] [NC-1748332040876-568] [AN:1/68] [NC:NC0101] ประมวลผลแผน: NC0101 (W2) - WEEKLY
[2025-05-27 14:47:20] [INFO] [NC-1748332040876-568] [AN:1/68] [NC:NC0101] สร้างแผนสำเร็จ: NC0101 (0 รายการ) ใช้เวลา 3ms
[2025-05-27 14:47:20] [INFO] [NC-1748332040876-568] [AN:1/68] [NC:NC0103] ประมวลผลแผน: NC0103 (TID) - PRESET
[2025-05-27 14:47:20] [INFO] [NC-1748332040876-568] [AN:1/68] [NC:NC0103] สร้างแผนสำเร็จ: NC0103 (3 รายการ) ใช้เวลา 7ms
[2025-05-27 14:47:20] [INFO] [NC-1748332040876-568] [AN:1/68] [NC:NC0301] ประมวลผลแผน: NC0301 (Q1) - INTERVAL
[2025-05-27 14:47:20] [INFO] [NC-1748332040876-568] [AN:1/68] [NC:NC0301] แผนถูกข้าม: NC0301 - ไม่มีรายการที่ต้อง generate สำหรับ INTERVAL
[2025-05-27 14:47:20] [INFO] [NC-1748332040876-568] [AN:1/68] [NC:NC0702] ประมวลผลแผน: NC0702 (Q2) - INTERVAL
[2025-05-27 14:47:20] [INFO] [NC-1748332040876-568] [AN:1/68] [NC:NC0702] แผนถูกข้าม: NC0702 - ไม่มีรายการที่ต้อง generate สำหรับ INTERVAL
[2025-05-27 14:47:20] [INFO] [NC-1748332040876-568] [AN:1/68]  AN 1/68 ประมวลผลสำเร็จ - สำเร็จ: 2, ล้มเหลว: 0
[2025-05-27 14:47:20] [INFO] [NC-1748332040876-568] [AN:1/68]  AN 1/68 ใช้เวลาทั้งหมด: 23ms
[2025-05-27 14:47:20] [INFO] [NC-1748332040876-568]   Auto Generate NC Plan เสร็จสิ้น - commit transaction สำเร็จ
[2025-05-27 14:47:20] [INFO] [NC-1748332040876-568]   === สิ้นสุด Auto Generate NC Plan Session ===
[2025-05-27 14:47:20] [INFO] [NC-1748332040876-568]   เวลาสิ้นสุด: 2025-05-27 14:47:20
[2025-05-27 14:47:20] [INFO] [NC-1748332040876-568]   ระยะเวลาทั้งหมด: 0 วินาที
[2025-05-27 14:47:20] [INFO] [NC-1748332040876-568]   
=== สรุปผลการ Auto Generate NC Plan ===
[2025-05-27 14:47:20] [INFO] [NC-1748332040876-568]   AN ทั้งหมด: 1
[2025-05-27 14:47:20] [INFO] [NC-1748332040876-568]   AN สำเร็จ: 1
[2025-05-27 14:47:20] [INFO] [NC-1748332040876-568]   AN ล้มเหลว: 0
[2025-05-27 14:47:20] [INFO] [NC-1748332040876-568]   AN ข้าม: 0
[2025-05-27 14:47:20] [INFO] [NC-1748332040876-568]   แผนทั้งหมด: 0
[2025-05-27 14:47:20] [INFO] [NC-1748332040876-568]   แผนสำเร็จ: 4
[2025-05-27 14:47:20] [INFO] [NC-1748332040876-568]   แผนล้มเหลว: 0
[2025-05-27 14:47:20] [INFO] [NC-1748332040876-568]   แผนข้าม: 2
[2025-05-27 14:47:20] [INFO] [NC-1748332040876-568]   เวลาเฉลี่ยต่อแผน: 5ms (ต่ำสุด: 3ms, สูงสุด: 7ms)
[2025-05-27 14:47:20] [INFO] [NC-1748332040876-568]   อัตราความสำเร็จ: 100%
[2025-05-27 14:47:20] [INFO] [NC-1748332040876-568]   บันทึกลง tbl_ur_generate_daily_log สำเร็จ
[2025-05-27 14:47:20] [INFO] [NC-1748332040876-568]   บันทึกลง tbl_ur_autogeneratestats สำเร็จ
[2025-05-27 14:47:20] [INFO] [NC-1748332040876-568]   บันทึกสถิติลงฐานข้อมูลเสร็จสิ้น
[2025-05-27 15:35:30] [INFO] [NC-1748334930742-153]   === เริ่มต้น Auto Generate NC Plan Session ===
[2025-05-27 15:35:30] [INFO] [NC-1748334930742-153]   Session ID: NC-1748334930742-153
[2025-05-27 15:35:30] [INFO] [NC-1748334930742-153]   เวลาเริ่มต้น: 2025-05-27 15:35:30
[2025-05-27 15:35:30] [INFO] [NC-1748334930742-153]   เริ่มต้นระบบ Auto Generate NC Plan
[2025-05-27 15:35:30] [INFO] [NC-1748334930742-153]   พบแผน NC ทั้งหมด: 4 รายการ
[2025-05-27 15:35:30] [INFO] [NC-1748334930742-153]   แผนที่ถูกต้อง: 4 รายการ
[2025-05-27 15:35:30] [INFO] [NC-1748334930742-153]   แผนที่ไม่สมบูรณ์: 0 รายการ
[2025-05-27 15:35:30] [INFO] [NC-1748334930742-153]   จัดกลุ่มได้ 1 AN ที่ต้อง generate NC plan
[2025-05-27 15:35:30] [INFO] [NC-1748334930742-153] [AN:1/68]  เริ่มประมวลผล AN: 1/68 (4 แผน)
[2025-05-27 15:35:30] [INFO] [NC-1748334930742-153] [AN:1/68] [NC:NC0101] ประมวลผลแผน: NC0101 (W2) - WEEKLY
[2025-05-27 15:35:30] [INFO] [NC-1748334930742-153] [AN:1/68] [NC:NC0101] สร้างแผนสำเร็จ: NC0101 (0 รายการ) ใช้เวลา 4ms
[2025-05-27 15:35:30] [INFO] [NC-1748334930742-153] [AN:1/68] [NC:NC0103] ประมวลผลแผน: NC0103 (TID) - PRESET
[2025-05-27 15:35:30] [INFO] [NC-1748334930742-153] [AN:1/68] [NC:NC0103] สร้างแผนสำเร็จ: NC0103 (3 รายการ) ใช้เวลา 10ms
[2025-05-27 15:35:30] [INFO] [NC-1748334930742-153] [AN:1/68] [NC:NC0301] ประมวลผลแผน: NC0301 (Q1) - INTERVAL
[2025-05-27 15:35:30] [INFO] [NC-1748334930742-153] [AN:1/68] [NC:NC0301] สร้างแผนสำเร็จ: NC0301 (24 รายการ) ใช้เวลา 15ms
[2025-05-27 15:35:30] [INFO] [NC-1748334930742-153] [AN:1/68] [NC:NC0702] ประมวลผลแผน: NC0702 (Q2) - INTERVAL
[2025-05-27 15:35:30] [INFO] [NC-1748334930742-153] [AN:1/68] [NC:NC0702] สร้างแผนสำเร็จ: NC0702 (12 รายการ) ใช้เวลา 13ms
[2025-05-27 15:35:30] [INFO] [NC-1748334930742-153] [AN:1/68]  AN 1/68 ประมวลผลสำเร็จ - สำเร็จ: 4, ล้มเหลว: 0
[2025-05-27 15:35:30] [INFO] [NC-1748334930742-153] [AN:1/68]  AN 1/68 ใช้เวลาทั้งหมด: 57ms
[2025-05-27 15:35:30] [INFO] [NC-1748334930742-153]   Auto Generate NC Plan เสร็จสิ้น - commit transaction สำเร็จ
[2025-05-27 15:35:30] [INFO] [NC-1748334930742-153]   === สิ้นสุด Auto Generate NC Plan Session ===
[2025-05-27 15:35:30] [INFO] [NC-1748334930742-153]   เวลาสิ้นสุด: 2025-05-27 15:35:30
[2025-05-27 15:35:30] [INFO] [NC-1748334930742-153]   ระยะเวลาทั้งหมด: 0 วินาที
[2025-05-27 15:35:30] [INFO] [NC-1748334930742-153]   
=== สรุปผลการ Auto Generate NC Plan ===
[2025-05-27 15:35:30] [INFO] [NC-1748334930742-153]   AN ทั้งหมด: 1
[2025-05-27 15:35:30] [INFO] [NC-1748334930742-153]   AN สำเร็จ: 1
[2025-05-27 15:35:30] [INFO] [NC-1748334930742-153]   AN ล้มเหลว: 0
[2025-05-27 15:35:30] [INFO] [NC-1748334930742-153]   AN ข้าม: 0
[2025-05-27 15:35:30] [INFO] [NC-1748334930742-153]   แผนทั้งหมด: 0
[2025-05-27 15:35:30] [INFO] [NC-1748334930742-153]   แผนสำเร็จ: 8
[2025-05-27 15:35:30] [INFO] [NC-1748334930742-153]   แผนล้มเหลว: 0
[2025-05-27 15:35:30] [INFO] [NC-1748334930742-153]   แผนข้าม: 0
[2025-05-27 15:35:30] [INFO] [NC-1748334930742-153]   เวลาเฉลี่ยต่อแผน: 11ms (ต่ำสุด: 4ms, สูงสุด: 15ms)
[2025-05-27 15:35:30] [INFO] [NC-1748334930742-153]   อัตราความสำเร็จ: 100%
[2025-05-27 15:35:30] [INFO] [NC-1748334930742-153]   บันทึกลง tbl_ur_generate_daily_log สำเร็จ
[2025-05-27 15:35:30] [INFO] [NC-1748334930742-153]   บันทึกลง tbl_ur_autogeneratestats สำเร็จ
[2025-05-27 15:35:30] [INFO] [NC-1748334930742-153]   บันทึกสถิติลงฐานข้อมูลเสร็จสิ้น
[2025-05-27 16:19:33] [INFO] [NC-1748337573290-106]   === เริ่มต้น Auto Generate NC Plan Session ===
[2025-05-27 16:19:33] [INFO] [NC-1748337573290-106]   Session ID: NC-1748337573290-106
[2025-05-27 16:19:33] [INFO] [NC-1748337573290-106]   เวลาเริ่มต้น: 2025-05-27 16:19:33
[2025-05-27 16:19:33] [INFO] [NC-1748337573290-106]   เริ่มต้นระบบ Auto Generate NC Plan
[2025-05-27 16:19:33] [INFO] [NC-1748337573290-106]   พบแผน NC ทั้งหมด: 4 รายการ
[2025-05-27 16:19:33] [INFO] [NC-1748337573290-106]   แผนที่ถูกต้อง: 4 รายการ
[2025-05-27 16:19:33] [INFO] [NC-1748337573290-106]   แผนที่ไม่สมบูรณ์: 0 รายการ
[2025-05-27 16:19:33] [INFO] [NC-1748337573290-106]   จัดกลุ่มได้ 1 AN ที่ต้อง generate NC plan
[2025-05-27 16:19:33] [INFO] [NC-1748337573290-106] [AN:1/68]  เริ่มประมวลผล AN: 1/68 (4 แผน)
[2025-05-27 16:19:33] [INFO] [NC-1748337573290-106] [AN:1/68] [NC:NC0101] ประมวลผลแผน: NC0101 (W2) - WEEKLY
[2025-05-27 16:19:33] [INFO] [NC-1748337573290-106] [AN:1/68] [NC:NC0101] Cancel แผนเดิม: NC0101 จำนวน 1 รายการ
[2025-05-27 16:19:33] [ERROR] [NC-1748337573290-106] [AN:1/68] [NC:NC0101] เกิดข้อผิดพลาดในการ cancel แผนเดิม: Unknown column 'remark' in 'field list'
[2025-05-27 16:19:33] [ERROR] [NC-1748337573290-106] [AN:1/68] [NC:NC0101] สร้างแผนล้มเหลว: NC0101 - Unknown column 'remark' in 'field list' ใช้เวลา 31ms
[2025-05-27 16:19:33] [ERROR] [NC-1748337573290-106] [AN:1/68] [NC:NC0101] เกิดข้อผิดพลาดในการ rollback: newPlanId is not defined
[2025-05-27 16:19:33] [INFO] [NC-1748337573290-106] [AN:1/68] [NC:NC0103] ประมวลผลแผน: NC0103 (TID) - PRESET
[2025-05-27 16:19:33] [INFO] [NC-1748337573290-106] [AN:1/68] [NC:NC0103] Cancel แผนเดิม: NC0103 จำนวน 1 รายการ
[2025-05-27 16:19:33] [ERROR] [NC-1748337573290-106] [AN:1/68] [NC:NC0103] เกิดข้อผิดพลาดในการ cancel แผนเดิม: Unknown column 'remark' in 'field list'
[2025-05-27 16:19:33] [ERROR] [NC-1748337573290-106] [AN:1/68] [NC:NC0103] สร้างแผนล้มเหลว: NC0103 - Unknown column 'remark' in 'field list' ใช้เวลา 33ms
[2025-05-27 16:19:33] [ERROR] [NC-1748337573290-106] [AN:1/68] [NC:NC0103] เกิดข้อผิดพลาดในการ rollback: newPlanId is not defined
[2025-05-27 16:19:33] [INFO] [NC-1748337573290-106] [AN:1/68] [NC:NC0301] ประมวลผลแผน: NC0301 (Q1) - INTERVAL
[2025-05-27 16:19:33] [INFO] [NC-1748337573290-106] [AN:1/68] [NC:NC0301] Cancel แผนเดิม: NC0301 จำนวน 1 รายการ
[2025-05-27 16:19:33] [ERROR] [NC-1748337573290-106] [AN:1/68] [NC:NC0301] เกิดข้อผิดพลาดในการ cancel แผนเดิม: Unknown column 'remark' in 'field list'
[2025-05-27 16:19:33] [ERROR] [NC-1748337573290-106] [AN:1/68] [NC:NC0301] สร้างแผนล้มเหลว: NC0301 - Unknown column 'remark' in 'field list' ใช้เวลา 32ms
[2025-05-27 16:19:33] [ERROR] [NC-1748337573290-106] [AN:1/68] [NC:NC0301] เกิดข้อผิดพลาดในการ rollback: newPlanId is not defined
[2025-05-27 16:19:33] [INFO] [NC-1748337573290-106] [AN:1/68] [NC:NC0702] ประมวลผลแผน: NC0702 (Q2) - INTERVAL
[2025-05-27 16:19:33] [INFO] [NC-1748337573290-106] [AN:1/68] [NC:NC0702] Cancel แผนเดิม: NC0702 จำนวน 1 รายการ
[2025-05-27 16:19:33] [ERROR] [NC-1748337573290-106] [AN:1/68] [NC:NC0702] เกิดข้อผิดพลาดในการ cancel แผนเดิม: Unknown column 'remark' in 'field list'
[2025-05-27 16:19:33] [ERROR] [NC-1748337573290-106] [AN:1/68] [NC:NC0702] สร้างแผนล้มเหลว: NC0702 - Unknown column 'remark' in 'field list' ใช้เวลา 19ms
[2025-05-27 16:19:33] [ERROR] [NC-1748337573290-106] [AN:1/68] [NC:NC0702] เกิดข้อผิดพลาดในการ rollback: newPlanId is not defined
[2025-05-27 16:19:33] [INFO] [NC-1748337573290-106] [AN:1/68]  AN 1/68 ประมวลผลสำเร็จ - สำเร็จ: 0, ล้มเหลว: 4
[2025-05-27 16:19:33] [INFO] [NC-1748337573290-106] [AN:1/68]  AN 1/68 ใช้เวลาทั้งหมด: 161ms
[2025-05-27 16:19:33] [INFO] [NC-1748337573290-106]   Auto Generate NC Plan เสร็จสิ้น - commit transaction สำเร็จ
[2025-05-27 16:19:33] [INFO] [NC-1748337573290-106]   === สิ้นสุด Auto Generate NC Plan Session ===
[2025-05-27 16:19:33] [INFO] [NC-1748337573290-106]   เวลาสิ้นสุด: 2025-05-27 16:19:33
[2025-05-27 16:19:33] [INFO] [NC-1748337573290-106]   ระยะเวลาทั้งหมด: 0 วินาที
[2025-05-27 16:19:33] [INFO] [NC-1748337573290-106]   
=== สรุปผลการ Auto Generate NC Plan ===
[2025-05-27 16:19:33] [INFO] [NC-1748337573290-106]   AN ทั้งหมด: 1
[2025-05-27 16:19:33] [INFO] [NC-1748337573290-106]   AN สำเร็จ: 1
[2025-05-27 16:19:33] [INFO] [NC-1748337573290-106]   AN ล้มเหลว: 0
[2025-05-27 16:19:33] [INFO] [NC-1748337573290-106]   AN ข้าม: 0
[2025-05-27 16:19:33] [INFO] [NC-1748337573290-106]   แผนทั้งหมด: 0
[2025-05-27 16:19:33] [INFO] [NC-1748337573290-106]   แผนสำเร็จ: 0
[2025-05-27 16:19:33] [INFO] [NC-1748337573290-106]   แผนล้มเหลว: 8
[2025-05-27 16:19:33] [INFO] [NC-1748337573290-106]   แผนข้าม: 0
[2025-05-27 16:19:33] [INFO] [NC-1748337573290-106]   เวลาเฉลี่ยต่อแผน: 29ms (ต่ำสุด: 19ms, สูงสุด: 33ms)
[2025-05-27 16:19:33] [INFO] [NC-1748337573290-106]   อัตราความสำเร็จ: 100%
[2025-05-27 16:19:33] [INFO] [NC-1748337573290-106]   บันทึกลง tbl_ur_generate_daily_log สำเร็จ
[2025-05-27 16:19:33] [INFO] [NC-1748337573290-106]   บันทึกลง tbl_ur_autogeneratestats สำเร็จ
[2025-05-27 16:19:33] [INFO] [NC-1748337573290-106]   บันทึกสถิติลงฐานข้อมูลเสร็จสิ้น
[2025-05-27 16:45:31] [INFO] [NC-1748339131584-197]   === เริ่มต้น Auto Generate NC Plan Session ===
[2025-05-27 16:45:31] [INFO] [NC-1748339131584-197]   Session ID: NC-1748339131584-197
[2025-05-27 16:45:31] [INFO] [NC-1748339131584-197]   เวลาเริ่มต้น: 2025-05-27 16:45:31
[2025-05-27 16:45:31] [INFO] [NC-1748339131584-197]   เริ่มต้นระบบ Auto Generate NC Plan
[2025-05-27 16:45:31] [INFO] [NC-1748339131584-197]   พบแผน NC ทั้งหมด: 4 รายการ
[2025-05-27 16:45:31] [INFO] [NC-1748339131584-197]   แผนที่ถูกต้อง: 4 รายการ
[2025-05-27 16:45:31] [INFO] [NC-1748339131584-197]   แผนที่ไม่สมบูรณ์: 0 รายการ
[2025-05-27 16:45:31] [INFO] [NC-1748339131584-197]   จัดกลุ่มได้ 1 AN ที่ต้อง generate NC plan
[2025-05-27 16:45:31] [INFO] [NC-1748339131584-197] [AN:1/68]  เริ่มประมวลผล AN: 1/68 (4 แผน)
[2025-05-27 16:45:31] [INFO] [NC-1748339131584-197] [AN:1/68] [NC:NC0101] ประมวลผลแผน: NC0101 (W2) - WEEKLY
[2025-05-27 16:45:31] [INFO] [NC-1748339131584-197] [AN:1/68] [NC:NC0101] Cancel แผนเดิม: NC0101 จำนวน 1 รายการ
[2025-05-27 16:45:31] [INFO] [NC-1748339131584-197] [AN:1/68] [NC:NC0101] Cancel แผนเดิม: NC0101 จำนวน 1 รายการ
[2025-05-27 16:45:31] [INFO] [NC-1748339131584-197] [AN:1/68] [NC:NC0101] สร้างแผนสำเร็จ: NC0101 (0 รายการ) ใช้เวลา 11ms
[2025-05-27 16:45:31] [INFO] [NC-1748339131584-197] [AN:1/68] [NC:NC0103] ประมวลผลแผน: NC0103 (TID) - PRESET
[2025-05-27 16:45:31] [INFO] [NC-1748339131584-197] [AN:1/68] [NC:NC0103] Cancel แผนเดิม: NC0103 จำนวน 1 รายการ
[2025-05-27 16:45:31] [INFO] [NC-1748339131584-197] [AN:1/68] [NC:NC0103] Cancel แผนเดิม: NC0103 จำนวน 1 รายการ
[2025-05-27 16:45:31] [INFO] [NC-1748339131584-197] [AN:1/68] [NC:NC0103] สร้างแผนสำเร็จ: NC0103 (3 รายการ) ใช้เวลา 11ms
[2025-05-27 16:45:31] [INFO] [NC-1748339131584-197] [AN:1/68] [NC:NC0301] ประมวลผลแผน: NC0301 (Q1) - INTERVAL
[2025-05-27 16:45:31] [INFO] [NC-1748339131584-197] [AN:1/68] [NC:NC0301] Cancel แผนเดิม: NC0301 จำนวน 1 รายการ
[2025-05-27 16:45:31] [INFO] [NC-1748339131584-197] [AN:1/68] [NC:NC0301] Cancel แผนเดิม: NC0301 จำนวน 1 รายการ
[2025-05-27 16:45:31] [INFO] [NC-1748339131584-197] [AN:1/68] [NC:NC0301] สร้างแผนสำเร็จ: NC0301 (24 รายการ) ใช้เวลา 21ms
[2025-05-27 16:45:31] [INFO] [NC-1748339131584-197] [AN:1/68] [NC:NC0702] ประมวลผลแผน: NC0702 (Q2) - INTERVAL
[2025-05-27 16:45:31] [INFO] [NC-1748339131584-197] [AN:1/68] [NC:NC0702] Cancel แผนเดิม: NC0702 จำนวน 1 รายการ
[2025-05-27 16:45:31] [INFO] [NC-1748339131584-197] [AN:1/68] [NC:NC0702] Cancel แผนเดิม: NC0702 จำนวน 1 รายการ
[2025-05-27 16:45:31] [INFO] [NC-1748339131584-197] [AN:1/68] [NC:NC0702] สร้างแผนสำเร็จ: NC0702 (12 รายการ) ใช้เวลา 14ms
[2025-05-27 16:45:31] [INFO] [NC-1748339131584-197] [AN:1/68]  AN 1/68 ประมวลผลสำเร็จ - สำเร็จ: 4, ล้มเหลว: 0
[2025-05-27 16:45:31] [INFO] [NC-1748339131584-197] [AN:1/68]  AN 1/68 ใช้เวลาทั้งหมด: 81ms
[2025-05-27 16:45:31] [INFO] [NC-1748339131584-197]   Auto Generate NC Plan เสร็จสิ้น - commit transaction สำเร็จ
[2025-05-27 16:45:31] [INFO] [NC-1748339131584-197]   === สิ้นสุด Auto Generate NC Plan Session ===
[2025-05-27 16:45:31] [INFO] [NC-1748339131584-197]   เวลาสิ้นสุด: 2025-05-27 16:45:31
[2025-05-27 16:45:31] [INFO] [NC-1748339131584-197]   ระยะเวลาทั้งหมด: 0 วินาที
[2025-05-27 16:45:31] [INFO] [NC-1748339131584-197]   
=== สรุปผลการ Auto Generate NC Plan ===
[2025-05-27 16:45:31] [INFO] [NC-1748339131584-197]   AN ทั้งหมด: 1
[2025-05-27 16:45:31] [INFO] [NC-1748339131584-197]   AN สำเร็จ: 1
[2025-05-27 16:45:31] [INFO] [NC-1748339131584-197]   AN ล้มเหลว: 0
[2025-05-27 16:45:31] [INFO] [NC-1748339131584-197]   AN ข้าม: 0
[2025-05-27 16:45:31] [INFO] [NC-1748339131584-197]   แผนทั้งหมด: 0
[2025-05-27 16:45:31] [INFO] [NC-1748339131584-197]   แผนสำเร็จ: 8
[2025-05-27 16:45:31] [INFO] [NC-1748339131584-197]   แผนล้มเหลว: 0
[2025-05-27 16:45:31] [INFO] [NC-1748339131584-197]   แผนข้าม: 0
[2025-05-27 16:45:31] [INFO] [NC-1748339131584-197]   เวลาเฉลี่ยต่อแผน: 14ms (ต่ำสุด: 11ms, สูงสุด: 21ms)
[2025-05-27 16:45:31] [INFO] [NC-1748339131584-197]   อัตราความสำเร็จ: 100%
[2025-05-27 16:45:31] [INFO] [NC-1748339131584-197]   บันทึกลง tbl_ur_generate_daily_log สำเร็จ
[2025-05-27 16:45:31] [INFO] [NC-1748339131584-197]   บันทึกลง tbl_ur_autogeneratestats สำเร็จ
[2025-05-27 16:45:31] [INFO] [NC-1748339131584-197]   บันทึกสถิติลงฐานข้อมูลเสร็จสิ้น
[2025-05-27 17:00:48] [INFO] [NC-1748340048196-629]   === เริ่มต้น Auto Generate NC Plan Session ===
[2025-05-27 17:00:48] [INFO] [NC-1748340048196-629]   Session ID: NC-1748340048196-629
[2025-05-27 17:00:48] [INFO] [NC-1748340048196-629]   เวลาเริ่มต้น: 2025-05-27 17:00:48
[2025-05-27 17:00:48] [INFO] [NC-1748340048196-629]   เริ่มต้นระบบ Auto Generate NC Plan
[2025-05-27 17:00:48] [INFO] [NC-1748340048196-629]   พบแผน NC ทั้งหมด: 4 รายการ
[2025-05-27 17:00:48] [INFO] [NC-1748340048196-629]   แผนที่ถูกต้อง: 4 รายการ
[2025-05-27 17:00:48] [INFO] [NC-1748340048196-629]   แผนที่ไม่สมบูรณ์: 0 รายการ
[2025-05-27 17:00:48] [INFO] [NC-1748340048196-629]   จัดกลุ่มได้ 1 AN ที่ต้อง generate NC plan
[2025-05-27 17:00:48] [INFO] [NC-1748340048196-629] [AN:1/68]  เริ่มประมวลผล AN: 1/68 (4 แผน)
[2025-05-27 17:00:48] [INFO] [NC-1748340048196-629] [AN:1/68] [NC:NC0101] ประมวลผลแผน: NC0101 (W2) - WEEKLY
[2025-05-27 17:00:48] [INFO] [NC-1748340048196-629] [AN:1/68] [NC:NC0101] Cancel แผนเดิม: NC0101 จำนวน 2 รายการ
[2025-05-27 17:00:48] [INFO] [NC-1748340048196-629] [AN:1/68] [NC:NC0101] Cancel แผนเดิม: NC0101 จำนวน 2 รายการ
[2025-05-27 17:00:48] [INFO] [NC-1748340048196-629] [AN:1/68] [NC:NC0101] สร้างแผนสำเร็จ: NC0101 (0 รายการ) ใช้เวลา 10ms
[2025-05-27 17:00:48] [INFO] [NC-1748340048196-629] [AN:1/68] [NC:NC0103] ประมวลผลแผน: NC0103 (TID) - PRESET
[2025-05-27 17:00:48] [INFO] [NC-1748340048196-629] [AN:1/68] [NC:NC0103] Cancel แผนเดิม: NC0103 จำนวน 2 รายการ
[2025-05-27 17:00:48] [INFO] [NC-1748340048196-629] [AN:1/68] [NC:NC0103] Cancel แผนเดิม: NC0103 จำนวน 2 รายการ
[2025-05-27 17:00:48] [INFO] [NC-1748340048196-629] [AN:1/68] [NC:NC0103] สร้างแผนสำเร็จ: NC0103 (3 รายการ) ใช้เวลา 15ms
[2025-05-27 17:00:48] [INFO] [NC-1748340048196-629] [AN:1/68] [NC:NC0301] ประมวลผลแผน: NC0301 (Q1) - INTERVAL
[2025-05-27 17:00:48] [INFO] [NC-1748340048196-629] [AN:1/68] [NC:NC0301] Cancel แผนเดิม: NC0301 จำนวน 2 รายการ
[2025-05-27 17:00:48] [INFO] [NC-1748340048196-629] [AN:1/68] [NC:NC0301] Cancel แผนเดิม: NC0301 จำนวน 2 รายการ
[2025-05-27 17:00:48] [INFO] [NC-1748340048196-629] [AN:1/68] [NC:NC0301] สร้างแผนสำเร็จ: NC0301 (24 รายการ) ใช้เวลา 23ms
[2025-05-27 17:00:48] [INFO] [NC-1748340048196-629] [AN:1/68] [NC:NC0702] ประมวลผลแผน: NC0702 (Q2) - INTERVAL
[2025-05-27 17:00:48] [INFO] [NC-1748340048196-629] [AN:1/68] [NC:NC0702] Cancel แผนเดิม: NC0702 จำนวน 2 รายการ
[2025-05-27 17:00:48] [INFO] [NC-1748340048196-629] [AN:1/68] [NC:NC0702] Cancel แผนเดิม: NC0702 จำนวน 2 รายการ
[2025-05-27 17:00:48] [INFO] [NC-1748340048196-629] [AN:1/68] [NC:NC0702] สร้างแผนสำเร็จ: NC0702 (12 รายการ) ใช้เวลา 14ms
[2025-05-27 17:00:48] [INFO] [NC-1748340048196-629] [AN:1/68]  AN 1/68 ประมวลผลสำเร็จ - สำเร็จ: 4, ล้มเหลว: 0
[2025-05-27 17:00:48] [INFO] [NC-1748340048196-629] [AN:1/68]  AN 1/68 ใช้เวลาทั้งหมด: 85ms
[2025-05-27 17:00:48] [INFO] [NC-1748340048196-629]   Auto Generate NC Plan เสร็จสิ้น - commit transaction สำเร็จ
[2025-05-27 17:00:48] [INFO] [NC-1748340048196-629]   === สิ้นสุด Auto Generate NC Plan Session ===
[2025-05-27 17:00:48] [INFO] [NC-1748340048196-629]   เวลาสิ้นสุด: 2025-05-27 17:00:48
[2025-05-27 17:00:48] [INFO] [NC-1748340048196-629]   ระยะเวลาทั้งหมด: 0 วินาที
[2025-05-27 17:00:48] [INFO] [NC-1748340048196-629]   
=== สรุปผลการ Auto Generate NC Plan ===
[2025-05-27 17:00:48] [INFO] [NC-1748340048196-629]   AN ทั้งหมด: 1
[2025-05-27 17:00:48] [INFO] [NC-1748340048196-629]   AN สำเร็จ: 1
[2025-05-27 17:00:48] [INFO] [NC-1748340048196-629]   AN ล้มเหลว: 0
[2025-05-27 17:00:48] [INFO] [NC-1748340048196-629]   AN ข้าม: 0
[2025-05-27 17:00:48] [INFO] [NC-1748340048196-629]   แผนทั้งหมด: 0
[2025-05-27 17:00:48] [INFO] [NC-1748340048196-629]   แผนสำเร็จ: 8
[2025-05-27 17:00:48] [INFO] [NC-1748340048196-629]   แผนล้มเหลว: 0
[2025-05-27 17:00:48] [INFO] [NC-1748340048196-629]   แผนข้าม: 0
[2025-05-27 17:00:48] [INFO] [NC-1748340048196-629]   เวลาเฉลี่ยต่อแผน: 16ms (ต่ำสุด: 10ms, สูงสุด: 23ms)
[2025-05-27 17:00:48] [INFO] [NC-1748340048196-629]   อัตราความสำเร็จ: 100%
[2025-05-27 17:00:48] [INFO] [NC-1748340048196-629]   บันทึกลง tbl_ur_generate_daily_log สำเร็จ
[2025-05-27 17:00:48] [INFO] [NC-1748340048196-629]   บันทึกลง tbl_ur_autogeneratestats สำเร็จ
[2025-05-27 17:00:48] [INFO] [NC-1748340048196-629]   บันทึกสถิติลงฐานข้อมูลเสร็จสิ้น
[2025-05-27 00:01:02] [INFO] [NC-1748278862897-574]   === เริ่มต้น Auto Generate NC Plan Session ===
[2025-05-27 00:01:02] [INFO] [NC-1748278862897-574]   Session ID: NC-1748278862897-574
[2025-05-27 00:01:02] [INFO] [NC-1748278862897-574]   เวลาเริ่มต้น: 2025-05-27 00:01:02
[2025-05-27 00:01:02] [INFO] [NC-1748278862897-574]   เริ่มต้นระบบ Auto Generate NC Plan
[2025-05-27 00:01:02] [INFO] [NC-1748278862897-574]   พบแผน NC ทั้งหมด: 6 รายการ
[2025-05-27 00:01:02] [INFO] [NC-1748278862897-574]   แผนที่ถูกต้อง: 6 รายการ
[2025-05-27 00:01:02] [INFO] [NC-1748278862897-574]   แผนที่ไม่สมบูรณ์: 0 รายการ
[2025-05-27 00:01:02] [INFO] [NC-1748278862897-574]   จัดกลุ่มได้ 2 AN ที่ต้อง generate NC plan
[2025-05-27 00:01:02] [INFO] [NC-1748278862897-574] [AN:1/68]  เริ่มประมวลผล AN: 1/68 (3 แผน)
[2025-05-27 00:01:02] [INFO] [NC-1748278862897-574] [AN:1/68] [NC:NC0101] ประมวลผลแผน: NC0101 (W2) - WEEKLY
[2025-05-27 00:01:02] [INFO] [NC-1748278862897-574] [AN:1/68] [NC:NC0101] Cancel แผนเดิม: NC0101 จำนวน 1 รายการ (header เท่านั้น)
[2025-05-27 00:01:02] [INFO] [NC-1748278862897-574] [AN:1/68] [NC:NC0101] Cancel แผนเดิม: NC0101 จำนวน 1 รายการ
[2025-05-27 00:01:02] [INFO] [NC-1748278862897-574] [AN:1/68] [NC:NC0101] สร้างแผนสำเร็จ: NC0101 (0 รายการ) ใช้เวลา 7ms
[2025-05-27 00:01:02] [INFO] [NC-1748278862897-574] [AN:1/68] [NC:NC0202] ประมวลผลแผน: NC0202 (Q2) - INTERVAL
[2025-05-27 00:01:02] [INFO] [NC-1748278862897-574] [AN:1/68] [NC:NC0202] Cancel แผนเดิม: NC0202 จำนวน 1 รายการ (header เท่านั้น)
[2025-05-27 00:01:02] [INFO] [NC-1748278862897-574] [AN:1/68] [NC:NC0202] Cancel แผนเดิม: NC0202 จำนวน 1 รายการ
[2025-05-27 00:01:02] [INFO] [NC-1748278862897-574] [AN:1/68] [NC:NC0202] สร้างแผนสำเร็จ: NC0202 (12 รายการ) ใช้เวลา 8ms
[2025-05-27 00:01:02] [INFO] [NC-1748278862897-574] [AN:1/68] [NC:NC0803] ประมวลผลแผน: NC0803 (TID) - PRESET
[2025-05-27 00:01:02] [INFO] [NC-1748278862897-574] [AN:1/68] [NC:NC0803] Cancel แผนเดิม: NC0803 จำนวน 1 รายการ (header เท่านั้น)
[2025-05-27 00:01:02] [INFO] [NC-1748278862897-574] [AN:1/68] [NC:NC0803] Cancel แผนเดิม: NC0803 จำนวน 1 รายการ
[2025-05-27 00:01:02] [INFO] [NC-1748278862897-574] [AN:1/68] [NC:NC0803] สร้างแผนสำเร็จ: NC0803 (3 รายการ) ใช้เวลา 11ms
[2025-05-27 00:01:02] [INFO] [NC-1748278862897-574] [AN:1/68]  AN 1/68 ประมวลผลสำเร็จ - สำเร็จ: 3, ล้มเหลว: 0
[2025-05-27 00:01:02] [INFO] [NC-1748278862897-574] [AN:1/68]  AN 1/68 ใช้เวลาทั้งหมด: 35ms
[2025-05-27 00:01:02] [INFO] [NC-1748278862897-574] [AN:399/68]  เริ่มประมวลผล AN: 399/68 (3 แผน)
[2025-05-27 00:01:02] [INFO] [NC-1748278862897-574] [AN:399/68] [NC:NC0101] ประมวลผลแผน: NC0101 (W2) - WEEKLY
[2025-05-27 00:01:02] [INFO] [NC-1748278862897-574] [AN:399/68] [NC:NC0101] Cancel แผนเดิม: NC0101 จำนวน 1 รายการ (header เท่านั้น)
[2025-05-27 00:01:02] [INFO] [NC-1748278862897-574] [AN:399/68] [NC:NC0101] Cancel แผนเดิม: NC0101 จำนวน 1 รายการ
[2025-05-27 00:01:02] [INFO] [NC-1748278862897-574] [AN:399/68] [NC:NC0101] สร้างแผนสำเร็จ: NC0101 (0 รายการ) ใช้เวลา 4ms
[2025-05-27 00:01:02] [INFO] [NC-1748278862897-574] [AN:399/68] [NC:NC0103] ประมวลผลแผน: NC0103 (TID) - PRESET
[2025-05-27 00:01:02] [INFO] [NC-1748278862897-574] [AN:399/68] [NC:NC0103] Cancel แผนเดิม: NC0103 จำนวน 1 รายการ (header เท่านั้น)
[2025-05-27 00:01:02] [INFO] [NC-1748278862897-574] [AN:399/68] [NC:NC0103] Cancel แผนเดิม: NC0103 จำนวน 1 รายการ
[2025-05-27 00:01:02] [INFO] [NC-1748278862897-574] [AN:399/68] [NC:NC0103] สร้างแผนสำเร็จ: NC0103 (3 รายการ) ใช้เวลา 6ms
[2025-05-27 00:01:02] [INFO] [NC-1748278862897-574] [AN:399/68] [NC:NC0702] ประมวลผลแผน: NC0702 (Q2) - INTERVAL
[2025-05-27 00:01:02] [INFO] [NC-1748278862897-574] [AN:399/68] [NC:NC0702] Cancel แผนเดิม: NC0702 จำนวน 1 รายการ (header เท่านั้น)
[2025-05-27 00:01:02] [INFO] [NC-1748278862897-574] [AN:399/68] [NC:NC0702] Cancel แผนเดิม: NC0702 จำนวน 1 รายการ
[2025-05-27 00:01:02] [INFO] [NC-1748278862897-574] [AN:399/68] [NC:NC0702] สร้างแผนสำเร็จ: NC0702 (12 รายการ) ใช้เวลา 8ms
[2025-05-27 00:01:02] [INFO] [NC-1748278862897-574] [AN:399/68]  AN 399/68 ประมวลผลสำเร็จ - สำเร็จ: 3, ล้มเหลว: 0
[2025-05-27 00:01:02] [INFO] [NC-1748278862897-574] [AN:399/68]  AN 399/68 ใช้เวลาทั้งหมด: 26ms
[2025-05-27 00:01:02] [INFO] [NC-1748278862897-574]   Auto Generate NC Plan เสร็จสิ้น - commit transaction สำเร็จ
[2025-05-27 00:01:02] [INFO] [NC-1748278862897-574]   === สิ้นสุด Auto Generate NC Plan Session ===
[2025-05-27 00:01:02] [INFO] [NC-1748278862897-574]   เวลาสิ้นสุด: 2025-05-27 00:01:02
[2025-05-27 00:01:02] [INFO] [NC-1748278862897-574]   ระยะเวลาทั้งหมด: 0 วินาที
[2025-05-27 00:01:02] [INFO] [NC-1748278862897-574]   
=== สรุปผลการ Auto Generate NC Plan ===
[2025-05-27 00:01:02] [INFO] [NC-1748278862897-574]   AN ทั้งหมด: 2
[2025-05-27 00:01:02] [INFO] [NC-1748278862897-574]   AN สำเร็จ: 2
[2025-05-27 00:01:02] [INFO] [NC-1748278862897-574]   AN ล้มเหลว: 0
[2025-05-27 00:01:02] [INFO] [NC-1748278862897-574]   AN ข้าม: 0
[2025-05-27 00:01:02] [INFO] [NC-1748278862897-574]   แผนทั้งหมด: 0
[2025-05-27 00:01:02] [INFO] [NC-1748278862897-574]   แผนสำเร็จ: 12
[2025-05-27 00:01:02] [INFO] [NC-1748278862897-574]   แผนล้มเหลว: 0
[2025-05-27 00:01:02] [INFO] [NC-1748278862897-574]   แผนข้าม: 0
[2025-05-27 00:01:02] [INFO] [NC-1748278862897-574]   เวลาเฉลี่ยต่อแผน: 7ms (ต่ำสุด: 4ms, สูงสุด: 11ms)
[2025-05-27 00:01:02] [INFO] [NC-1748278862897-574]   อัตราความสำเร็จ: 100%
[2025-05-27 00:01:02] [INFO] [NC-1748278862897-574]   บันทึกลง tbl_ur_generate_daily_log สำเร็จ
[2025-05-27 00:01:02] [INFO] [NC-1748278862897-574]   บันทึกลง tbl_ur_autogeneratestats สำเร็จ
[2025-05-27 00:01:02] [INFO] [NC-1748278862897-574]   บันทึกสถิติลงฐานข้อมูลเสร็จสิ้น
[2025-05-27 00:01:00] [INFO] [NC-1748278860783-211]   === เริ่มต้น Auto Generate NC Plan Session ===
[2025-05-27 00:01:00] [INFO] [NC-1748278860783-211]   Session ID: NC-1748278860783-211
[2025-05-27 00:01:00] [INFO] [NC-1748278860783-211]   เวลาเริ่มต้น: 2025-05-27 00:01:00
[2025-05-27 00:01:00] [INFO] [NC-1748278860783-211]   เริ่มต้นระบบ Auto Generate NC Plan
[2025-05-27 00:01:00] [INFO] [NC-1748278860783-211]   พบแผน NC ทั้งหมด: 6 รายการ
[2025-05-27 00:01:00] [INFO] [NC-1748278860783-211]   แผนที่ถูกต้อง: 6 รายการ
[2025-05-27 00:01:00] [INFO] [NC-1748278860783-211]   แผนที่ไม่สมบูรณ์: 0 รายการ
[2025-05-27 00:01:00] [INFO] [NC-1748278860783-211]   จัดกลุ่มได้ 2 AN ที่ต้อง generate NC plan
[2025-05-27 00:01:00] [INFO] [NC-1748278860783-211] [AN:1/68]  เริ่มประมวลผล AN: 1/68 (3 แผน)
[2025-05-27 00:01:00] [INFO] [NC-1748278860783-211] [AN:1/68] [NC:NC0101] ประมวลผลแผน: NC0101 (W2) - WEEKLY
[2025-05-27 00:01:00] [INFO] [NC-1748278860783-211] [AN:1/68] [NC:NC0101] Cancel แผนเดิม: NC0101 จำนวน 1 รายการ (header เท่านั้น)
[2025-05-27 00:01:00] [INFO] [NC-1748278860783-211] [AN:1/68] [NC:NC0101] Cancel แผนเดิม: NC0101 จำนวน 1 รายการ
[2025-05-27 00:01:00] [INFO] [NC-1748278860783-211] [AN:1/68] [NC:NC0101] สร้างแผนสำเร็จ: NC0101 (0 รายการ) ใช้เวลา 8ms
[2025-05-27 00:01:00] [INFO] [NC-1748278860783-211] [AN:1/68] [NC:NC0202] ประมวลผลแผน: NC0202 (Q2) - INTERVAL
[2025-05-27 00:01:00] [INFO] [NC-1748278860783-211] [AN:1/68] [NC:NC0202] Cancel แผนเดิม: NC0202 จำนวน 1 รายการ (header เท่านั้น)
[2025-05-27 00:01:00] [INFO] [NC-1748278860783-211] [AN:1/68] [NC:NC0202] Cancel แผนเดิม: NC0202 จำนวน 1 รายการ
[2025-05-27 00:01:00] [INFO] [NC-1748278860783-211] [AN:1/68] [NC:NC0202] สร้างแผนสำเร็จ: NC0202 (12 รายการ) ใช้เวลา 12ms
[2025-05-27 00:01:00] [INFO] [NC-1748278860783-211] [AN:1/68] [NC:NC0803] ประมวลผลแผน: NC0803 (TID) - PRESET
[2025-05-27 00:01:00] [INFO] [NC-1748278860783-211] [AN:1/68] [NC:NC0803] Cancel แผนเดิม: NC0803 จำนวน 1 รายการ (header เท่านั้น)
[2025-05-27 00:01:00] [INFO] [NC-1748278860783-211] [AN:1/68] [NC:NC0803] Cancel แผนเดิม: NC0803 จำนวน 1 รายการ
[2025-05-27 00:01:00] [INFO] [NC-1748278860783-211] [AN:1/68] [NC:NC0803] สร้างแผนสำเร็จ: NC0803 (3 รายการ) ใช้เวลา 9ms
[2025-05-27 00:01:00] [INFO] [NC-1748278860783-211] [AN:1/68]  AN 1/68 ประมวลผลสำเร็จ - สำเร็จ: 3, ล้มเหลว: 0
[2025-05-27 00:01:00] [INFO] [NC-1748278860783-211] [AN:1/68]  AN 1/68 ใช้เวลาทั้งหมด: 38ms
[2025-05-27 00:01:00] [INFO] [NC-1748278860783-211] [AN:399/68]  เริ่มประมวลผล AN: 399/68 (3 แผน)
[2025-05-27 00:01:00] [INFO] [NC-1748278860783-211] [AN:399/68] [NC:NC0101] ประมวลผลแผน: NC0101 (W2) - WEEKLY
[2025-05-27 00:01:00] [INFO] [NC-1748278860783-211] [AN:399/68] [NC:NC0101] Cancel แผนเดิม: NC0101 จำนวน 1 รายการ (header เท่านั้น)
[2025-05-27 00:01:00] [INFO] [NC-1748278860783-211] [AN:399/68] [NC:NC0101] Cancel แผนเดิม: NC0101 จำนวน 1 รายการ
[2025-05-27 00:01:00] [INFO] [NC-1748278860783-211] [AN:399/68] [NC:NC0101] สร้างแผนสำเร็จ: NC0101 (0 รายการ) ใช้เวลา 5ms
[2025-05-27 00:01:00] [INFO] [NC-1748278860783-211] [AN:399/68] [NC:NC0103] ประมวลผลแผน: NC0103 (TID) - PRESET
[2025-05-27 00:01:00] [INFO] [NC-1748278860783-211] [AN:399/68] [NC:NC0103] Cancel แผนเดิม: NC0103 จำนวน 1 รายการ (header เท่านั้น)
[2025-05-27 00:01:00] [INFO] [NC-1748278860783-211] [AN:399/68] [NC:NC0103] Cancel แผนเดิม: NC0103 จำนวน 1 รายการ
[2025-05-27 00:01:00] [INFO] [NC-1748278860783-211] [AN:399/68] [NC:NC0103] สร้างแผนสำเร็จ: NC0103 (3 รายการ) ใช้เวลา 7ms
[2025-05-27 00:01:00] [INFO] [NC-1748278860783-211] [AN:399/68] [NC:NC0702] ประมวลผลแผน: NC0702 (Q2) - INTERVAL
[2025-05-27 00:01:00] [INFO] [NC-1748278860783-211] [AN:399/68] [NC:NC0702] Cancel แผนเดิม: NC0702 จำนวน 1 รายการ (header เท่านั้น)
[2025-05-27 00:01:00] [INFO] [NC-1748278860783-211] [AN:399/68] [NC:NC0702] Cancel แผนเดิม: NC0702 จำนวน 1 รายการ
[2025-05-27 00:01:00] [INFO] [NC-1748278860783-211] [AN:399/68] [NC:NC0702] สร้างแผนสำเร็จ: NC0702 (12 รายการ) ใช้เวลา 10ms
[2025-05-27 00:01:00] [INFO] [NC-1748278860783-211] [AN:399/68]  AN 399/68 ประมวลผลสำเร็จ - สำเร็จ: 3, ล้มเหลว: 0
[2025-05-27 00:01:00] [INFO] [NC-1748278860783-211] [AN:399/68]  AN 399/68 ใช้เวลาทั้งหมด: 33ms
[2025-05-27 00:01:00] [INFO] [NC-1748278860783-211]   Auto Generate NC Plan เสร็จสิ้น - commit transaction สำเร็จ
[2025-05-27 00:01:00] [INFO] [NC-1748278860783-211]   === สิ้นสุด Auto Generate NC Plan Session ===
[2025-05-27 00:01:00] [INFO] [NC-1748278860783-211]   เวลาสิ้นสุด: 2025-05-27 00:01:00
[2025-05-27 00:01:00] [INFO] [NC-1748278860783-211]   ระยะเวลาทั้งหมด: 0 วินาที
[2025-05-27 00:01:00] [INFO] [NC-1748278860783-211]   
=== สรุปผลการ Auto Generate NC Plan ===
[2025-05-27 00:01:00] [INFO] [NC-1748278860783-211]   AN ทั้งหมด: 2
[2025-05-27 00:01:00] [INFO] [NC-1748278860783-211]   AN สำเร็จ: 2
[2025-05-27 00:01:00] [INFO] [NC-1748278860783-211]   AN ล้มเหลว: 0
[2025-05-27 00:01:00] [INFO] [NC-1748278860783-211]   AN ข้าม: 0
[2025-05-27 00:01:00] [INFO] [NC-1748278860783-211]   แผนทั้งหมด: 0
[2025-05-27 00:01:00] [INFO] [NC-1748278860783-211]   แผนสำเร็จ: 12
[2025-05-27 00:01:00] [INFO] [NC-1748278860783-211]   แผนล้มเหลว: 0
[2025-05-27 00:01:00] [INFO] [NC-1748278860783-211]   แผนข้าม: 0
[2025-05-27 00:01:00] [INFO] [NC-1748278860783-211]   เวลาเฉลี่ยต่อแผน: 9ms (ต่ำสุด: 5ms, สูงสุด: 12ms)
[2025-05-27 00:01:00] [INFO] [NC-1748278860783-211]   อัตราความสำเร็จ: 100%
[2025-05-27 00:01:00] [INFO] [NC-1748278860783-211]   บันทึกลง tbl_ur_generate_daily_log สำเร็จ
[2025-05-27 00:01:00] [INFO] [NC-1748278860783-211]   บันทึกลง tbl_ur_autogeneratestats สำเร็จ
[2025-05-27 00:01:00] [INFO] [NC-1748278860783-211]   บันทึกสถิติลงฐานข้อมูลเสร็จสิ้น
