[2025-06-12 08:54:17] [INFO] [VS-1749693257900-122]   === เริ่มต้น Auto Generate VS Plan Session ===
[2025-06-12 08:54:17] [INFO] [VS-1749693257900-122]   Session ID: VS-1749693257900-122
[2025-06-12 08:54:17] [INFO] [VS-1749693257900-122]   เวลาเริ่มต้น: 2025-06-12 08:54:17
[2025-06-12 08:54:17] [INFO] [VS-1749693257900-122]   เริ่มต้นระบบ Auto Generate ทั้ง VS และ NC Plan
[2025-06-12 08:54:17] [INFO] [VS-1749693257900-122]   เริ่มต้น Auto Generate VS Plan
[2025-06-12 08:54:17] [INFO] [VS-1749693257906-010]   === เริ่มต้น Auto Generate VS Plan Session ===
[2025-06-12 08:54:17] [INFO] [VS-1749693257906-010]   Session ID: VS-1749693257906-010
[2025-06-12 08:54:17] [INFO] [VS-1749693257906-010]   เวลาเริ่มต้น: 2025-06-12 08:54:17
[2025-06-12 08:54:17] [INFO] [VS-1749693257906-010]   เริ่มต้นระบบ Auto Generate VS Plan
[2025-06-12 08:54:17] [INFO] [VS-1749693257906-010]   พบแผน VS ทั้งหมด: 11 รายการ
[2025-06-12 08:54:17] [INFO] [VS-1749693257906-010]   แผนที่ถูกต้อง: 11 รายการ
[2025-06-12 08:54:17] [INFO] [VS-1749693257906-010]   แผนที่ไม่สมบูรณ์: 0 รายการ
[2025-06-12 08:54:17] [INFO] [VS-1749693257906-010]   จัดกลุ่มได้ 9 AN ที่ต้อง generate VS plan
[2025-06-12 08:54:17] [INFO] [VS-1749693257906-010] [AN:2068/68]  เริ่มประมวลผล AN: 2068/68 (1 แผน)
[2025-06-12 08:54:17] [INFO] [VS-1749693257906-010] [AN:2068/68] [VS:Q1] Cancel แผนเดิม: Q1 จำนวน 1 รายการ (header เท่านั้น)
[2025-06-12 08:54:17] [INFO] [VS-1749693257906-010] [AN:2068/68] [VS:Q1] Cancel แผนเดิม: Q1 จำนวน 1 รายการ
[2025-06-12 08:54:17] [INFO] [VS-1749693257906-010] [AN:2068/68] [VS:Q1] สร้างแผนสำเร็จ: Q1 (24 รายการ) ใช้เวลา 39ms
[2025-06-12 08:54:18] [INFO] [VS-1749693257906-010] [AN:2068/68]  AN 2068/68 ประมวลผลสำเร็จ - สำเร็จ: 1, ล้มเหลว: 0
[2025-06-12 08:54:18] [INFO] [VS-1749693257906-010] [AN:2068/68]  AN 2068/68 ใช้เวลาทั้งหมด: 57ms
[2025-06-12 08:54:18] [INFO] [VS-1749693257906-010] [AN:213/68]  เริ่มประมวลผล AN: 213/68 (1 แผน)
[2025-06-12 08:54:18] [INFO] [VS-1749693257906-010] [AN:213/68] [VS:Q2] Cancel แผนเดิม: Q2 จำนวน 1 รายการ (header เท่านั้น)
[2025-06-12 08:54:18] [INFO] [VS-1749693257906-010] [AN:213/68] [VS:Q2] Cancel แผนเดิม: Q2 จำนวน 1 รายการ
[2025-06-12 08:54:18] [INFO] [VS-1749693257906-010] [AN:213/68] [VS:Q2] สร้างแผนสำเร็จ: Q2 (12 รายการ) ใช้เวลา 12ms
[2025-06-12 08:54:18] [INFO] [VS-1749693257906-010] [AN:213/68]  AN 213/68 ประมวลผลสำเร็จ - สำเร็จ: 1, ล้มเหลว: 0
[2025-06-12 08:54:18] [INFO] [VS-1749693257906-010] [AN:213/68]  AN 213/68 ใช้เวลาทั้งหมด: 19ms
[2025-06-12 08:54:18] [INFO] [VS-1749693257906-010] [AN:3019/68]  เริ่มประมวลผล AN: 3019/68 (3 แผน)
[2025-06-12 08:54:18] [INFO] [VS-1749693257906-010] [AN:3019/68] [VS:TID] Cancel แผนเดิม: TID จำนวน 1 รายการ (header เท่านั้น)
[2025-06-12 08:54:18] [INFO] [VS-1749693257906-010] [AN:3019/68] [VS:TID] Cancel แผนเดิม: TID จำนวน 1 รายการ
[2025-06-12 08:54:18] [INFO] [VS-1749693257906-010] [AN:3019/68] [VS:TID] สร้างแผนสำเร็จ: TID (3 รายการ) ใช้เวลา 10ms
[2025-06-12 08:54:18] [INFO] [VS-1749693257906-010] [AN:3019/68] [VS:TID] แผนถูกข้าม: TID - VS Code นี้ถูก generate ไปแล้วในวันนี้
[2025-06-12 08:54:18] [INFO] [VS-1749693257906-010] [AN:3019/68] [VS:TID] แผนถูกข้าม: TID - VS Code นี้ถูก generate ไปแล้วในวันนี้
[2025-06-12 08:54:18] [INFO] [VS-1749693257906-010] [AN:3019/68]  AN 3019/68 ประมวลผลสำเร็จ - สำเร็จ: 1, ล้มเหลว: 0
[2025-06-12 08:54:18] [INFO] [VS-1749693257906-010] [AN:3019/68]  AN 3019/68 ใช้เวลาทั้งหมด: 20ms
[2025-06-12 08:54:18] [INFO] [VS-1749693257906-010] [AN:3207/68]  เริ่มประมวลผล AN: 3207/68 (1 แผน)
[2025-06-12 08:54:18] [INFO] [VS-1749693257906-010] [AN:3207/68] [VS:OD] Cancel แผนเดิม: OD จำนวน 1 รายการ (header เท่านั้น)
[2025-06-12 08:54:18] [INFO] [VS-1749693257906-010] [AN:3207/68] [VS:OD] Cancel แผนเดิม: OD จำนวน 1 รายการ
[2025-06-12 08:54:18] [INFO] [VS-1749693257906-010] [AN:3207/68] [VS:OD] สร้างแผนสำเร็จ: OD (1 รายการ) ใช้เวลา 7ms
[2025-06-12 08:54:18] [INFO] [VS-1749693257906-010] [AN:3207/68]  AN 3207/68 ประมวลผลสำเร็จ - สำเร็จ: 1, ล้มเหลว: 0
[2025-06-12 08:54:18] [INFO] [VS-1749693257906-010] [AN:3207/68]  AN 3207/68 ใช้เวลาทั้งหมด: 13ms
[2025-06-12 08:54:18] [INFO] [VS-1749693257906-010] [AN:3223/68]  เริ่มประมวลผล AN: 3223/68 (1 แผน)
[2025-06-12 08:54:18] [INFO] [VS-1749693257906-010] [AN:3223/68] [VS:Q2] Cancel แผนเดิม: Q2 จำนวน 1 รายการ (header เท่านั้น)
[2025-06-12 08:54:18] [INFO] [VS-1749693257906-010] [AN:3223/68] [VS:Q2] Cancel แผนเดิม: Q2 จำนวน 1 รายการ
[2025-06-12 08:54:18] [INFO] [VS-1749693257906-010] [AN:3223/68] [VS:Q2] สร้างแผนสำเร็จ: Q2 (12 รายการ) ใช้เวลา 12ms
[2025-06-12 08:54:18] [INFO] [VS-1749693257906-010] [AN:3223/68]  AN 3223/68 ประมวลผลสำเร็จ - สำเร็จ: 1, ล้มเหลว: 0
[2025-06-12 08:54:18] [INFO] [VS-1749693257906-010] [AN:3223/68]  AN 3223/68 ใช้เวลาทั้งหมด: 18ms
[2025-06-12 08:54:18] [INFO] [VS-1749693257906-010] [AN:3230/68]  เริ่มประมวลผล AN: 3230/68 (1 แผน)
[2025-06-12 08:54:18] [INFO] [VS-1749693257906-010] [AN:3230/68] [VS:Q2] Cancel แผนเดิม: Q2 จำนวน 1 รายการ (header เท่านั้น)
[2025-06-12 08:54:18] [INFO] [VS-1749693257906-010] [AN:3230/68] [VS:Q2] Cancel แผนเดิม: Q2 จำนวน 1 รายการ
[2025-06-12 08:54:18] [INFO] [VS-1749693257906-010] [AN:3230/68] [VS:Q2] สร้างแผนสำเร็จ: Q2 (12 รายการ) ใช้เวลา 14ms
[2025-06-12 08:54:18] [INFO] [VS-1749693257906-010] [AN:3230/68]  AN 3230/68 ประมวลผลสำเร็จ - สำเร็จ: 1, ล้มเหลว: 0
[2025-06-12 08:54:18] [INFO] [VS-1749693257906-010] [AN:3230/68]  AN 3230/68 ใช้เวลาทั้งหมด: 20ms
[2025-06-12 08:54:18] [INFO] [VS-1749693257906-010] [AN:3240/68]  เริ่มประมวลผล AN: 3240/68 (1 แผน)
[2025-06-12 08:54:18] [INFO] [VS-1749693257906-010] [AN:3240/68] [VS:OD] Cancel แผนเดิม: OD จำนวน 1 รายการ (header เท่านั้น)
[2025-06-12 08:54:18] [INFO] [VS-1749693257906-010] [AN:3240/68] [VS:OD] Cancel แผนเดิม: OD จำนวน 1 รายการ
[2025-06-12 08:54:18] [INFO] [VS-1749693257906-010] [AN:3240/68] [VS:OD] สร้างแผนสำเร็จ: OD (1 รายการ) ใช้เวลา 11ms
[2025-06-12 08:54:18] [INFO] [VS-1749693257906-010] [AN:3240/68]  AN 3240/68 ประมวลผลสำเร็จ - สำเร็จ: 1, ล้มเหลว: 0
[2025-06-12 08:54:18] [INFO] [VS-1749693257906-010] [AN:3240/68]  AN 3240/68 ใช้เวลาทั้งหมด: 16ms
[2025-06-12 08:54:18] [INFO] [VS-1749693257906-010] [AN:3242/68]  เริ่มประมวลผล AN: 3242/68 (1 แผน)
[2025-06-12 08:54:18] [INFO] [VS-1749693257906-010] [AN:3242/68] [VS:Q2] Cancel แผนเดิม: Q2 จำนวน 1 รายการ (header เท่านั้น)
[2025-06-12 08:54:18] [INFO] [VS-1749693257906-010] [AN:3242/68] [VS:Q2] Cancel แผนเดิม: Q2 จำนวน 1 รายการ
[2025-06-12 08:54:18] [INFO] [VS-1749693257906-010] [AN:3242/68] [VS:Q2] สร้างแผนสำเร็จ: Q2 (12 รายการ) ใช้เวลา 15ms
[2025-06-12 08:54:18] [INFO] [VS-1749693257906-010] [AN:3242/68]  AN 3242/68 ประมวลผลสำเร็จ - สำเร็จ: 1, ล้มเหลว: 0
[2025-06-12 08:54:18] [INFO] [VS-1749693257906-010] [AN:3242/68]  AN 3242/68 ใช้เวลาทั้งหมด: 22ms
[2025-06-12 08:54:18] [INFO] [VS-1749693257906-010] [AN:399/68]  เริ่มประมวลผล AN: 399/68 (1 แผน)
[2025-06-12 08:54:18] [INFO] [VS-1749693257906-010] [AN:399/68] [VS:Q2] Cancel แผนเดิม: Q2 จำนวน 1 รายการ (header เท่านั้น)
[2025-06-12 08:54:18] [INFO] [VS-1749693257906-010] [AN:399/68] [VS:Q2] Cancel แผนเดิม: Q2 จำนวน 1 รายการ
[2025-06-12 08:54:18] [INFO] [VS-1749693257906-010] [AN:399/68] [VS:Q2] สร้างแผนสำเร็จ: Q2 (12 รายการ) ใช้เวลา 14ms
[2025-06-12 08:54:18] [INFO] [VS-1749693257906-010] [AN:399/68]  AN 399/68 ประมวลผลสำเร็จ - สำเร็จ: 1, ล้มเหลว: 0
[2025-06-12 08:54:18] [INFO] [VS-1749693257906-010] [AN:399/68]  AN 399/68 ใช้เวลาทั้งหมด: 21ms
[2025-06-12 08:54:18] [INFO] [VS-1749693257906-010]   Auto Generate VS Plan เสร็จสิ้น - commit transaction สำเร็จ
[2025-06-12 08:54:18] [INFO] [VS-1749693257906-010]   === สิ้นสุด Auto Generate VS Plan Session ===
[2025-06-12 08:54:18] [INFO] [VS-1749693257906-010]   เวลาสิ้นสุด: 2025-06-12 08:54:18
[2025-06-12 08:54:18] [INFO] [VS-1749693257906-010]   ระยะเวลาทั้งหมด: 0 วินาที
[2025-06-12 08:54:18] [INFO] [VS-1749693257906-010]   
=== สรุปผลการ Auto Generate VS Plan ===
[2025-06-12 08:54:18] [INFO] [VS-1749693257906-010]   AN ทั้งหมด: 9
[2025-06-12 08:54:18] [INFO] [VS-1749693257906-010]   AN สำเร็จ: 9
[2025-06-12 08:54:18] [INFO] [VS-1749693257906-010]   AN ล้มเหลว: 0
[2025-06-12 08:54:18] [INFO] [VS-1749693257906-010]   AN ข้าม: 0
[2025-06-12 08:54:18] [INFO] [VS-1749693257906-010]   แผนทั้งหมด: 0
[2025-06-12 08:54:18] [INFO] [VS-1749693257906-010]   แผนสำเร็จ: 18
[2025-06-12 08:54:18] [INFO] [VS-1749693257906-010]   แผนล้มเหลว: 0
[2025-06-12 08:54:18] [INFO] [VS-1749693257906-010]   แผนข้าม: 2
[2025-06-12 08:54:18] [INFO] [VS-1749693257906-010]   เวลาเฉลี่ยต่อแผน: 15ms (ต่ำสุด: 7ms, สูงสุด: 39ms)
[2025-06-12 08:54:18] [INFO] [VS-1749693257906-010]   อัตราความสำเร็จ: 100%
[2025-06-12 08:54:18] [INFO] [VS-1749693257906-010]   บันทึกลง tbl_ur_generate_daily_log สำเร็จ
[2025-06-12 08:54:18] [INFO] [VS-1749693257906-010]   บันทึกลง tbl_ur_autogeneratestats สำเร็จ
[2025-06-12 08:54:18] [INFO] [VS-1749693257906-010]   บันทึกสถิติลงฐานข้อมูลเสร็จสิ้น
[2025-06-12 08:54:18] [INFO] [VS-1749693257900-122]   Auto Generate VS Plan เสร็จสิ้น: สำเร็จ
[2025-06-12 08:54:19] [INFO] [VS-1749693257900-122]   === สิ้นสุด Auto Generate VS Plan Session ===
[2025-06-12 08:54:19] [INFO] [VS-1749693257900-122]   เวลาสิ้นสุด: 2025-06-12 08:54:19
[2025-06-12 08:54:19] [INFO] [VS-1749693257900-122]   ระยะเวลาทั้งหมด: 2 วินาที
[2025-06-12 08:54:19] [INFO] [VS-1749693257900-122]   
=== สรุปผลการ Auto Generate VS Plan ===
[2025-06-12 08:54:19] [INFO] [VS-1749693257900-122]   AN ทั้งหมด: 0
[2025-06-12 08:54:19] [INFO] [VS-1749693257900-122]   AN สำเร็จ: 0
[2025-06-12 08:54:19] [INFO] [VS-1749693257900-122]   AN ล้มเหลว: 0
[2025-06-12 08:54:19] [INFO] [VS-1749693257900-122]   AN ข้าม: 0
[2025-06-12 08:54:19] [INFO] [VS-1749693257900-122]   แผนทั้งหมด: 0
[2025-06-12 08:54:19] [INFO] [VS-1749693257900-122]   แผนสำเร็จ: 0
[2025-06-12 08:54:19] [INFO] [VS-1749693257900-122]   แผนล้มเหลว: 0
[2025-06-12 08:54:19] [INFO] [VS-1749693257900-122]   แผนข้าม: 0
[2025-06-12 08:54:19] [INFO] [VS-1749693257900-122]   อัตราความสำเร็จ: 0%
[2025-06-12 08:54:19] [INFO] [VS-1749693257900-122]   บันทึกลง tbl_ur_generate_daily_log สำเร็จ
[2025-06-12 08:54:19] [INFO] [VS-1749693257900-122]   บันทึกลง tbl_ur_autogeneratestats สำเร็จ
[2025-06-12 08:54:19] [INFO] [VS-1749693257900-122]   บันทึกสถิติลงฐานข้อมูลเสร็จสิ้น
