[2025-06-08 18:06:26] [INFO] [VS-1749380786549-752]   === เริ่มต้น Auto Generate VS Plan Session ===
[2025-06-08 18:06:26] [INFO] [VS-1749380786549-752]   Session ID: VS-1749380786549-752
[2025-06-08 18:06:26] [INFO] [VS-1749380786549-752]   เวลาเริ่มต้น: 2025-06-08 18:06:26
[2025-06-08 18:06:26] [INFO] [VS-1749380786549-752]   เริ่มต้นระบบ Auto Generate ทั้ง VS และ NC Plan
[2025-06-08 18:06:26] [INFO] [VS-1749380786549-752]   เริ่มต้น Auto Generate VS Plan
[2025-06-08 18:06:26] [INFO] [VS-1749380786559-055]   === เริ่มต้น Auto Generate VS Plan Session ===
[2025-06-08 18:06:26] [INFO] [VS-1749380786559-055]   Session ID: VS-1749380786559-055
[2025-06-08 18:06:26] [INFO] [VS-1749380786559-055]   เวลาเริ่มต้น: 2025-06-08 18:06:26
[2025-06-08 18:06:26] [INFO] [VS-1749380786559-055]   เริ่มต้นระบบ Auto Generate VS Plan
[2025-06-08 18:06:26] [INFO] [VS-1749380786559-055]   พบแผน VS ทั้งหมด: 11 รายการ
[2025-06-08 18:06:26] [INFO] [VS-1749380786559-055]   แผนที่ถูกต้อง: 11 รายการ
[2025-06-08 18:06:26] [INFO] [VS-1749380786559-055]   แผนที่ไม่สมบูรณ์: 0 รายการ
[2025-06-08 18:06:26] [INFO] [VS-1749380786559-055]   จัดกลุ่มได้ 4 AN ที่ต้อง generate VS plan
[2025-06-08 18:06:26] [INFO] [VS-1749380786559-055] [AN:2068/68]  เริ่มประมวลผล AN: 2068/68 (6 แผน)
[2025-06-08 18:06:26] [INFO] [VS-1749380786559-055] [AN:2068/68] [VS:Q4] Cancel แผนเดิม: Q4 จำนวน 1 รายการ (header เท่านั้น)
[2025-06-08 18:06:26] [INFO] [VS-1749380786559-055] [AN:2068/68] [VS:Q4] Cancel แผนเดิม: Q4 จำนวน 1 รายการ
[2025-06-08 18:06:26] [INFO] [VS-1749380786559-055] [AN:2068/68] [VS:Q4] สร้างแผนสำเร็จ: Q4 (6 รายการ) ใช้เวลา 40ms
[2025-06-08 18:06:26] [INFO] [VS-1749380786559-055] [AN:2068/68] [VS:Q4] แผนถูกข้าม: Q4 - VS Code นี้ถูก generate ไปแล้วในวันนี้
[2025-06-08 18:06:26] [INFO] [VS-1749380786559-055] [AN:2068/68] [VS:Q4] แผนถูกข้าม: Q4 - VS Code นี้ถูก generate ไปแล้วในวันนี้
[2025-06-08 18:06:26] [INFO] [VS-1749380786559-055] [AN:2068/68] [VS:Q4] แผนถูกข้าม: Q4 - VS Code นี้ถูก generate ไปแล้วในวันนี้
[2025-06-08 18:06:26] [INFO] [VS-1749380786559-055] [AN:2068/68] [VS:Q4] แผนถูกข้าม: Q4 - VS Code นี้ถูก generate ไปแล้วในวันนี้
[2025-06-08 18:06:26] [INFO] [VS-1749380786559-055] [AN:2068/68] [VS:Q4] แผนถูกข้าม: Q4 - VS Code นี้ถูก generate ไปแล้วในวันนี้
[2025-06-08 18:06:26] [INFO] [VS-1749380786559-055] [AN:2068/68]  AN 2068/68 ประมวลผลสำเร็จ - สำเร็จ: 1, ล้มเหลว: 0
[2025-06-08 18:06:26] [INFO] [VS-1749380786559-055] [AN:2068/68]  AN 2068/68 ใช้เวลาทั้งหมด: 91ms
[2025-06-08 18:06:26] [INFO] [VS-1749380786559-055] [AN:213/68]  เริ่มประมวลผล AN: 213/68 (3 แผน)
[2025-06-08 18:06:26] [INFO] [VS-1749380786559-055] [AN:213/68] [VS:TID] Cancel แผนเดิม: TID จำนวน 1 รายการ (header เท่านั้น)
[2025-06-08 18:06:26] [INFO] [VS-1749380786559-055] [AN:213/68] [VS:TID] Cancel แผนเดิม: TID จำนวน 1 รายการ
[2025-06-08 18:06:26] [INFO] [VS-1749380786559-055] [AN:213/68] [VS:TID] สร้างแผนสำเร็จ: TID (3 รายการ) ใช้เวลา 15ms
[2025-06-08 18:06:26] [INFO] [VS-1749380786559-055] [AN:213/68] [VS:TID] แผนถูกข้าม: TID - VS Code นี้ถูก generate ไปแล้วในวันนี้
[2025-06-08 18:06:26] [INFO] [VS-1749380786559-055] [AN:213/68] [VS:TID] แผนถูกข้าม: TID - VS Code นี้ถูก generate ไปแล้วในวันนี้
[2025-06-08 18:06:26] [INFO] [VS-1749380786559-055] [AN:213/68]  AN 213/68 ประมวลผลสำเร็จ - สำเร็จ: 1, ล้มเหลว: 0
[2025-06-08 18:06:26] [INFO] [VS-1749380786559-055] [AN:213/68]  AN 213/68 ใช้เวลาทั้งหมด: 30ms
[2025-06-08 18:06:26] [INFO] [VS-1749380786559-055] [AN:3223/68]  เริ่มประมวลผล AN: 3223/68 (1 แผน)
[2025-06-08 18:06:26] [INFO] [VS-1749380786559-055] [AN:3223/68] [VS:Q1] Cancel แผนเดิม: Q1 จำนวน 1 รายการ (header เท่านั้น)
[2025-06-08 18:06:26] [INFO] [VS-1749380786559-055] [AN:3223/68] [VS:Q1] Cancel แผนเดิม: Q1 จำนวน 1 รายการ
[2025-06-08 18:06:26] [INFO] [VS-1749380786559-055] [AN:3223/68] [VS:Q1] สร้างแผนสำเร็จ: Q1 (24 รายการ) ใช้เวลา 30ms
[2025-06-08 18:06:26] [INFO] [VS-1749380786559-055] [AN:3223/68]  AN 3223/68 ประมวลผลสำเร็จ - สำเร็จ: 1, ล้มเหลว: 0
[2025-06-08 18:06:26] [INFO] [VS-1749380786559-055] [AN:3223/68]  AN 3223/68 ใช้เวลาทั้งหมด: 41ms
[2025-06-08 18:06:26] [INFO] [VS-1749380786559-055] [AN:399/68]  เริ่มประมวลผล AN: 399/68 (1 แผน)
[2025-06-08 18:06:26] [INFO] [VS-1749380786559-055] [AN:399/68] [VS:Q2] Cancel แผนเดิม: Q2 จำนวน 1 รายการ (header เท่านั้น)
[2025-06-08 18:06:26] [INFO] [VS-1749380786559-055] [AN:399/68] [VS:Q2] Cancel แผนเดิม: Q2 จำนวน 1 รายการ
[2025-06-08 18:06:26] [INFO] [VS-1749380786559-055] [AN:399/68] [VS:Q2] สร้างแผนสำเร็จ: Q2 (12 รายการ) ใช้เวลา 17ms
[2025-06-08 18:06:26] [INFO] [VS-1749380786559-055] [AN:399/68]  AN 399/68 ประมวลผลสำเร็จ - สำเร็จ: 1, ล้มเหลว: 0
[2025-06-08 18:06:26] [INFO] [VS-1749380786559-055] [AN:399/68]  AN 399/68 ใช้เวลาทั้งหมด: 25ms
[2025-06-08 18:06:26] [INFO] [VS-1749380786559-055]   Auto Generate VS Plan เสร็จสิ้น - commit transaction สำเร็จ
[2025-06-08 18:06:26] [INFO] [VS-1749380786559-055]   === สิ้นสุด Auto Generate VS Plan Session ===
[2025-06-08 18:06:26] [INFO] [VS-1749380786559-055]   เวลาสิ้นสุด: 2025-06-08 18:06:26
[2025-06-08 18:06:26] [INFO] [VS-1749380786559-055]   ระยะเวลาทั้งหมด: 0 วินาที
[2025-06-08 18:06:26] [INFO] [VS-1749380786559-055]   
=== สรุปผลการ Auto Generate VS Plan ===
[2025-06-08 18:06:26] [INFO] [VS-1749380786559-055]   AN ทั้งหมด: 4
[2025-06-08 18:06:26] [INFO] [VS-1749380786559-055]   AN สำเร็จ: 4
[2025-06-08 18:06:26] [INFO] [VS-1749380786559-055]   AN ล้มเหลว: 0
[2025-06-08 18:06:26] [INFO] [VS-1749380786559-055]   AN ข้าม: 0
[2025-06-08 18:06:26] [INFO] [VS-1749380786559-055]   แผนทั้งหมด: 0
[2025-06-08 18:06:26] [INFO] [VS-1749380786559-055]   แผนสำเร็จ: 8
[2025-06-08 18:06:26] [INFO] [VS-1749380786559-055]   แผนล้มเหลว: 0
[2025-06-08 18:06:26] [INFO] [VS-1749380786559-055]   แผนข้าม: 7
[2025-06-08 18:06:26] [INFO] [VS-1749380786559-055]   เวลาเฉลี่ยต่อแผน: 26ms (ต่ำสุด: 15ms, สูงสุด: 40ms)
[2025-06-08 18:06:26] [INFO] [VS-1749380786559-055]   อัตราความสำเร็จ: 100%
[2025-06-08 18:06:26] [INFO] [VS-1749380786559-055]   บันทึกลง tbl_ur_generate_daily_log สำเร็จ
[2025-06-08 18:06:26] [INFO] [VS-1749380786559-055]   บันทึกลง tbl_ur_autogeneratestats สำเร็จ
[2025-06-08 18:06:26] [INFO] [VS-1749380786559-055]   บันทึกสถิติลงฐานข้อมูลเสร็จสิ้น
[2025-06-08 18:06:26] [INFO] [VS-1749380786549-752]   Auto Generate VS Plan เสร็จสิ้น: สำเร็จ
[2025-06-08 18:06:27] [INFO] [VS-1749380786549-752]   === สิ้นสุด Auto Generate VS Plan Session ===
[2025-06-08 18:06:27] [INFO] [VS-1749380786549-752]   เวลาสิ้นสุด: 2025-06-08 18:06:27
[2025-06-08 18:06:27] [INFO] [VS-1749380786549-752]   ระยะเวลาทั้งหมด: 1 วินาที
[2025-06-08 18:06:27] [INFO] [VS-1749380786549-752]   
=== สรุปผลการ Auto Generate VS Plan ===
[2025-06-08 18:06:27] [INFO] [VS-1749380786549-752]   AN ทั้งหมด: 0
[2025-06-08 18:06:27] [INFO] [VS-1749380786549-752]   AN สำเร็จ: 0
[2025-06-08 18:06:27] [INFO] [VS-1749380786549-752]   AN ล้มเหลว: 0
[2025-06-08 18:06:27] [INFO] [VS-1749380786549-752]   AN ข้าม: 0
[2025-06-08 18:06:27] [INFO] [VS-1749380786549-752]   แผนทั้งหมด: 0
[2025-06-08 18:06:27] [INFO] [VS-1749380786549-752]   แผนสำเร็จ: 0
[2025-06-08 18:06:27] [INFO] [VS-1749380786549-752]   แผนล้มเหลว: 0
[2025-06-08 18:06:27] [INFO] [VS-1749380786549-752]   แผนข้าม: 0
[2025-06-08 18:06:27] [INFO] [VS-1749380786549-752]   อัตราความสำเร็จ: 0%
[2025-06-08 18:06:27] [INFO] [VS-1749380786549-752]   บันทึกลง tbl_ur_generate_daily_log สำเร็จ
[2025-06-08 18:06:27] [INFO] [VS-1749380786549-752]   บันทึกลง tbl_ur_autogeneratestats สำเร็จ
[2025-06-08 18:06:27] [INFO] [VS-1749380786549-752]   บันทึกสถิติลงฐานข้อมูลเสร็จสิ้น
[2025-06-08 18:06:50] [INFO] [VS-1749380810246-585]   === เริ่มต้น Auto Generate VS Plan Session ===
[2025-06-08 18:06:50] [INFO] [VS-1749380810246-585]   Session ID: VS-1749380810246-585
[2025-06-08 18:06:50] [INFO] [VS-1749380810246-585]   เวลาเริ่มต้น: 2025-06-08 18:06:50
[2025-06-08 18:06:50] [INFO] [VS-1749380810246-585]   เริ่มต้นระบบ Auto Generate ทั้ง VS และ NC Plan
[2025-06-08 18:06:50] [INFO] [VS-1749380810246-585]   เริ่มต้น Auto Generate VS Plan
[2025-06-08 18:06:50] [INFO] [VS-1749380810256-193]   === เริ่มต้น Auto Generate VS Plan Session ===
[2025-06-08 18:06:50] [INFO] [VS-1749380810256-193]   Session ID: VS-1749380810256-193
[2025-06-08 18:06:50] [INFO] [VS-1749380810256-193]   เวลาเริ่มต้น: 2025-06-08 18:06:50
[2025-06-08 18:06:50] [INFO] [VS-1749380810256-193]   เริ่มต้นระบบ Auto Generate VS Plan
[2025-06-08 18:06:50] [INFO] [VS-1749380810256-193]   พบแผน VS ทั้งหมด: 0 รายการ
[2025-06-08 18:06:50] [INFO] [VS-1749380810256-193]   แผนที่ถูกต้อง: 0 รายการ
[2025-06-08 18:06:50] [INFO] [VS-1749380810256-193]   แผนที่ไม่สมบูรณ์: 0 รายการ
[2025-06-08 18:06:50] [INFO] [VS-1749380810256-193]   ไม่พบแผน VS ที่ถูกต้องและพร้อม generate
[2025-06-08 18:06:50] [INFO] [VS-1749380810256-193]   === สิ้นสุด Auto Generate VS Plan Session ===
[2025-06-08 18:06:50] [INFO] [VS-1749380810256-193]   เวลาสิ้นสุด: 2025-06-08 18:06:50
[2025-06-08 18:06:50] [INFO] [VS-1749380810256-193]   ระยะเวลาทั้งหมด: 0 วินาที
[2025-06-08 18:06:50] [INFO] [VS-1749380810256-193]   
=== สรุปผลการ Auto Generate VS Plan ===
[2025-06-08 18:06:50] [INFO] [VS-1749380810256-193]   AN ทั้งหมด: 0
[2025-06-08 18:06:50] [INFO] [VS-1749380810256-193]   AN สำเร็จ: 0
[2025-06-08 18:06:50] [INFO] [VS-1749380810256-193]   AN ล้มเหลว: 0
[2025-06-08 18:06:50] [INFO] [VS-1749380810256-193]   AN ข้าม: 0
[2025-06-08 18:06:50] [INFO] [VS-1749380810256-193]   แผนทั้งหมด: 0
[2025-06-08 18:06:50] [INFO] [VS-1749380810256-193]   แผนสำเร็จ: 0
[2025-06-08 18:06:50] [INFO] [VS-1749380810256-193]   แผนล้มเหลว: 0
[2025-06-08 18:06:50] [INFO] [VS-1749380810256-193]   แผนข้าม: 0
[2025-06-08 18:06:50] [INFO] [VS-1749380810256-193]   อัตราความสำเร็จ: 0%
[2025-06-08 18:06:50] [INFO] [VS-1749380810256-193]   บันทึกลง tbl_ur_generate_daily_log สำเร็จ
[2025-06-08 18:06:50] [INFO] [VS-1749380810256-193]   บันทึกลง tbl_ur_autogeneratestats สำเร็จ
[2025-06-08 18:06:50] [INFO] [VS-1749380810256-193]   บันทึกสถิติลงฐานข้อมูลเสร็จสิ้น
[2025-06-08 18:06:50] [INFO] [VS-1749380810246-585]   Auto Generate VS Plan เสร็จสิ้น: สำเร็จ
[2025-06-08 18:06:50] [INFO] [VS-1749380810246-585]   === สิ้นสุด Auto Generate VS Plan Session ===
[2025-06-08 18:06:50] [INFO] [VS-1749380810246-585]   เวลาสิ้นสุด: 2025-06-08 18:06:50
[2025-06-08 18:06:50] [INFO] [VS-1749380810246-585]   ระยะเวลาทั้งหมด: 0 วินาที
[2025-06-08 18:06:50] [INFO] [VS-1749380810246-585]   
=== สรุปผลการ Auto Generate VS Plan ===
[2025-06-08 18:06:50] [INFO] [VS-1749380810246-585]   AN ทั้งหมด: 0
[2025-06-08 18:06:50] [INFO] [VS-1749380810246-585]   AN สำเร็จ: 0
[2025-06-08 18:06:50] [INFO] [VS-1749380810246-585]   AN ล้มเหลว: 0
[2025-06-08 18:06:50] [INFO] [VS-1749380810246-585]   AN ข้าม: 0
[2025-06-08 18:06:50] [INFO] [VS-1749380810246-585]   แผนทั้งหมด: 0
[2025-06-08 18:06:50] [INFO] [VS-1749380810246-585]   แผนสำเร็จ: 0
[2025-06-08 18:06:50] [INFO] [VS-1749380810246-585]   แผนล้มเหลว: 0
[2025-06-08 18:06:50] [INFO] [VS-1749380810246-585]   แผนข้าม: 0
[2025-06-08 18:06:50] [INFO] [VS-1749380810246-585]   อัตราความสำเร็จ: 0%
[2025-06-08 18:06:50] [INFO] [VS-1749380810246-585]   บันทึกลง tbl_ur_generate_daily_log สำเร็จ
[2025-06-08 18:06:50] [INFO] [VS-1749380810246-585]   บันทึกลง tbl_ur_autogeneratestats สำเร็จ
[2025-06-08 18:06:50] [INFO] [VS-1749380810246-585]   บันทึกสถิติลงฐานข้อมูลเสร็จสิ้น
