[2025-05-26 18:06:31] [INFO] [BOTH-1748257591418-404]   === เริ่มต้น Auto Generate BOTH Plan Session ===
[2025-05-26 18:06:31] [INFO] [BOTH-1748257591418-404]   Session ID: BOTH-1748257591418-404
[2025-05-26 18:06:31] [INFO] [BOTH-1748257591418-404]   เวลาเริ่มต้น: 2025-05-26 18:06:31
[2025-05-26 18:06:31] [INFO] [BOTH-1748257591418-404]   เริ่มต้นระบบ Auto Generate ทั้ง VS และ NC Plan
[2025-05-26 18:06:31] [INFO] [BOTH-1748257591418-404]   เริ่มต้น Auto Generate VS Plan
[2025-05-26 18:06:31] [INFO] [BOTH-1748257591418-404]   Auto Generate VS Plan เสร็จสิ้น: ล้มเหลว
[2025-05-26 18:06:31] [INFO] [BOTH-1748257591418-404]   เริ่มต้น Auto Generate NC Plan
[2025-05-26 18:06:31] [INFO] [BOTH-1748257591418-404]   Auto Generate NC Plan เสร็จสิ้น: ล้มเหลว
[2025-05-26 18:06:31] [INFO] [BOTH-1748257591418-404]   === สิ้นสุด Auto Generate BOTH Plan Session ===
[2025-05-26 18:06:31] [INFO] [BOTH-1748257591418-404]   เวลาสิ้นสุด: 2025-05-26 18:06:31
[2025-05-26 18:06:31] [INFO] [BOTH-1748257591418-404]   ระยะเวลาทั้งหมด: 0 วินาที
[2025-05-26 18:06:31] [INFO] [BOTH-1748257591418-404]   
=== สรุปผลการ Auto Generate BOTH Plan ===
[2025-05-26 18:06:31] [INFO] [BOTH-1748257591418-404]   AN ทั้งหมด: 0
[2025-05-26 18:06:31] [INFO] [BOTH-1748257591418-404]   AN สำเร็จ: 0
[2025-05-26 18:06:31] [INFO] [BOTH-1748257591418-404]   AN ล้มเหลว: 0
[2025-05-26 18:06:31] [INFO] [BOTH-1748257591418-404]   AN ข้าม: 0
[2025-05-26 18:06:31] [INFO] [BOTH-1748257591418-404]   แผนทั้งหมด: 0
[2025-05-26 18:06:31] [INFO] [BOTH-1748257591418-404]   แผนสำเร็จ: 0
[2025-05-26 18:06:31] [INFO] [BOTH-1748257591418-404]   แผนล้มเหลว: 0
[2025-05-26 18:06:31] [INFO] [BOTH-1748257591418-404]   แผนข้าม: 0
[2025-05-26 18:06:31] [INFO] [BOTH-1748257591418-404]   อัตราความสำเร็จ: 0%
[2025-05-26 18:06:31] [ERROR] [BOTH-1748257591418-404]   เกิดข้อผิดพลาดในการบันทึกลง tbl_ur_generate_daily_log: Data truncated for column 'plan_type' at row 1
[2025-05-26 18:06:31] [INFO] [BOTH-1748257591418-404]   บันทึกลง tbl_ur_autogeneratestats สำเร็จ
[2025-05-26 18:06:31] [INFO] [BOTH-1748257591418-404]   บันทึกสถิติลงฐานข้อมูลเสร็จสิ้น
[2025-05-26 18:07:30] [INFO] [BOTH-1748257650486-292]   === เริ่มต้น Auto Generate BOTH Plan Session ===
[2025-05-26 18:07:30] [INFO] [BOTH-1748257650486-292]   Session ID: BOTH-1748257650486-292
[2025-05-26 18:07:30] [INFO] [BOTH-1748257650486-292]   เวลาเริ่มต้น: 2025-05-26 18:07:30
[2025-05-26 18:07:30] [INFO] [BOTH-1748257650486-292]   เริ่มต้นระบบ Auto Generate ทั้ง VS และ NC Plan
[2025-05-26 18:07:30] [INFO] [BOTH-1748257650486-292]   เริ่มต้น Auto Generate VS Plan
[2025-05-26 18:07:30] [INFO] [BOTH-1748257650486-292]   Auto Generate VS Plan เสร็จสิ้น: ล้มเหลว
[2025-05-26 18:07:30] [INFO] [BOTH-1748257650486-292]   เริ่มต้น Auto Generate NC Plan
[2025-05-26 18:07:30] [INFO] [BOTH-1748257650486-292]   Auto Generate NC Plan เสร็จสิ้น: ล้มเหลว
[2025-05-26 18:07:30] [INFO] [BOTH-1748257650486-292]   === สิ้นสุด Auto Generate BOTH Plan Session ===
[2025-05-26 18:07:30] [INFO] [BOTH-1748257650486-292]   เวลาสิ้นสุด: 2025-05-26 18:07:30
[2025-05-26 18:07:30] [INFO] [BOTH-1748257650486-292]   ระยะเวลาทั้งหมด: 0 วินาที
[2025-05-26 18:07:30] [INFO] [BOTH-1748257650486-292]   
=== สรุปผลการ Auto Generate BOTH Plan ===
[2025-05-26 18:07:30] [INFO] [BOTH-1748257650486-292]   AN ทั้งหมด: 0
[2025-05-26 18:07:30] [INFO] [BOTH-1748257650486-292]   AN สำเร็จ: 0
[2025-05-26 18:07:30] [INFO] [BOTH-1748257650486-292]   AN ล้มเหลว: 0
[2025-05-26 18:07:30] [INFO] [BOTH-1748257650486-292]   AN ข้าม: 0
[2025-05-26 18:07:30] [INFO] [BOTH-1748257650486-292]   แผนทั้งหมด: 0
[2025-05-26 18:07:30] [INFO] [BOTH-1748257650486-292]   แผนสำเร็จ: 0
[2025-05-26 18:07:30] [INFO] [BOTH-1748257650486-292]   แผนล้มเหลว: 0
[2025-05-26 18:07:30] [INFO] [BOTH-1748257650486-292]   แผนข้าม: 0
[2025-05-26 18:07:30] [INFO] [BOTH-1748257650486-292]   อัตราความสำเร็จ: 0%
[2025-05-26 18:07:30] [ERROR] [BOTH-1748257650486-292]   เกิดข้อผิดพลาดในการบันทึกลง tbl_ur_generate_daily_log: Data truncated for column 'plan_type' at row 1
[2025-05-26 18:07:30] [INFO] [BOTH-1748257650486-292]   บันทึกลง tbl_ur_autogeneratestats สำเร็จ
[2025-05-26 18:07:30] [INFO] [BOTH-1748257650486-292]   บันทึกสถิติลงฐานข้อมูลเสร็จสิ้น
[2025-05-26 18:08:12] [INFO] [BOTH-1748257692184-456]   === เริ่มต้น Auto Generate BOTH Plan Session ===
[2025-05-26 18:08:12] [INFO] [BOTH-1748257692184-456]   Session ID: BOTH-1748257692184-456
[2025-05-26 18:08:12] [INFO] [BOTH-1748257692184-456]   เวลาเริ่มต้น: 2025-05-26 18:08:12
[2025-05-26 18:08:12] [INFO] [BOTH-1748257692184-456]   เริ่มต้นระบบ Auto Generate ทั้ง VS และ NC Plan
[2025-05-26 18:08:12] [INFO] [BOTH-1748257692184-456]   เริ่มต้น Auto Generate VS Plan
[2025-05-26 18:08:12] [INFO] [BOTH-1748257692184-456]   Auto Generate VS Plan เสร็จสิ้น: ล้มเหลว
[2025-05-26 18:08:12] [INFO] [BOTH-1748257692184-456]   เริ่มต้น Auto Generate NC Plan
[2025-05-26 18:08:12] [INFO] [BOTH-1748257692184-456]   Auto Generate NC Plan เสร็จสิ้น: ล้มเหลว
[2025-05-26 18:08:12] [INFO] [BOTH-1748257692184-456]   === สิ้นสุด Auto Generate BOTH Plan Session ===
[2025-05-26 18:08:12] [INFO] [BOTH-1748257692184-456]   เวลาสิ้นสุด: 2025-05-26 18:08:12
[2025-05-26 18:08:12] [INFO] [BOTH-1748257692184-456]   ระยะเวลาทั้งหมด: 0 วินาที
[2025-05-26 18:08:12] [INFO] [BOTH-1748257692184-456]   
=== สรุปผลการ Auto Generate BOTH Plan ===
[2025-05-26 18:08:12] [INFO] [BOTH-1748257692184-456]   AN ทั้งหมด: 0
[2025-05-26 18:08:12] [INFO] [BOTH-1748257692184-456]   AN สำเร็จ: 0
[2025-05-26 18:08:12] [INFO] [BOTH-1748257692184-456]   AN ล้มเหลว: 0
[2025-05-26 18:08:12] [INFO] [BOTH-1748257692184-456]   AN ข้าม: 0
[2025-05-26 18:08:12] [INFO] [BOTH-1748257692184-456]   แผนทั้งหมด: 0
[2025-05-26 18:08:12] [INFO] [BOTH-1748257692184-456]   แผนสำเร็จ: 0
[2025-05-26 18:08:12] [INFO] [BOTH-1748257692184-456]   แผนล้มเหลว: 0
[2025-05-26 18:08:12] [INFO] [BOTH-1748257692184-456]   แผนข้าม: 0
[2025-05-26 18:08:12] [INFO] [BOTH-1748257692184-456]   อัตราความสำเร็จ: 0%
[2025-05-26 18:08:12] [ERROR] [BOTH-1748257692184-456]   เกิดข้อผิดพลาดในการบันทึกลง tbl_ur_generate_daily_log: Data truncated for column 'plan_type' at row 1
[2025-05-26 18:08:12] [INFO] [BOTH-1748257692184-456]   บันทึกลง tbl_ur_autogeneratestats สำเร็จ
[2025-05-26 18:08:12] [INFO] [BOTH-1748257692184-456]   บันทึกสถิติลงฐานข้อมูลเสร็จสิ้น
