[2025-06-19 14:20:36] [INFO] [NC-1750317636801-400]   === เริ่มต้น Auto Generate NC Plan Session ===
[2025-06-19 14:20:36] [INFO] [NC-1750317636801-400]   Session ID: NC-1750317636801-400
[2025-06-19 14:20:36] [INFO] [NC-1750317636801-400]   เวลาเริ่มต้น: 2025-06-19 14:20:36
[2025-06-19 14:20:36] [INFO] [NC-1750317636801-400]   เริ่มต้น Auto Generate NC Plan
[2025-06-19 14:20:36] [INFO] [NC-1750317636837-968]   === เริ่มต้น Auto Generate NC Plan Session ===
[2025-06-19 14:20:36] [INFO] [NC-1750317636837-968]   Session ID: NC-1750317636837-968
[2025-06-19 14:20:36] [INFO] [NC-1750317636837-968]   เวลาเริ่มต้น: 2025-06-19 14:20:36
[2025-06-19 14:20:36] [INFO] [NC-1750317636837-968]   เริ่มต้นระบบ Auto Generate NC Plan
[2025-06-19 14:20:36] [INFO] [NC-1750317636837-968]   พบแผน NC ทั้งหมด: 0 รายการ
[2025-06-19 14:20:36] [INFO] [NC-1750317636837-968]   แผนที่ถูกต้อง: 0 รายการ
[2025-06-19 14:20:36] [INFO] [NC-1750317636837-968]   แผนที่ไม่สมบูรณ์: 0 รายการ
[2025-06-19 14:20:36] [INFO] [NC-1750317636837-968]   ไม่พบแผน NC ที่ถูกต้องและพร้อม generate
[2025-06-19 14:20:36] [INFO] [NC-1750317636837-968]   === สิ้นสุด Auto Generate NC Plan Session ===
[2025-06-19 14:20:36] [INFO] [NC-1750317636837-968]   เวลาสิ้นสุด: 2025-06-19 14:20:36
[2025-06-19 14:20:36] [INFO] [NC-1750317636837-968]   ระยะเวลาทั้งหมด: 0 วินาที
[2025-06-19 14:20:36] [INFO] [NC-1750317636837-968]   
=== สรุปผลการ Auto Generate NC Plan ===
[2025-06-19 14:20:36] [INFO] [NC-1750317636837-968]   AN ทั้งหมด: 0
[2025-06-19 14:20:36] [INFO] [NC-1750317636837-968]   AN สำเร็จ: 0
[2025-06-19 14:20:36] [INFO] [NC-1750317636837-968]   AN ล้มเหลว: 0
[2025-06-19 14:20:36] [INFO] [NC-1750317636837-968]   AN ข้าม: 0
[2025-06-19 14:20:36] [INFO] [NC-1750317636837-968]   แผนทั้งหมด: 0
[2025-06-19 14:20:36] [INFO] [NC-1750317636837-968]   แผนสำเร็จ: 0
[2025-06-19 14:20:36] [INFO] [NC-1750317636837-968]   แผนล้มเหลว: 0
[2025-06-19 14:20:36] [INFO] [NC-1750317636837-968]   แผนข้าม: 0
[2025-06-19 14:20:36] [INFO] [NC-1750317636837-968]   อัตราความสำเร็จ: 0%
[2025-06-19 14:20:36] [INFO] [NC-1750317636837-968]   บันทึกลง tbl_ur_generate_daily_log สำเร็จ
[2025-06-19 14:20:36] [INFO] [NC-1750317636837-968]   บันทึกลง tbl_ur_autogeneratestats สำเร็จ
[2025-06-19 14:20:36] [INFO] [NC-1750317636837-968]   บันทึกสถิติลงฐานข้อมูลเสร็จสิ้น
[2025-06-19 14:20:36] [INFO] [NC-1750317636801-400]   Auto Generate NC Plan เสร็จสิ้น: สำเร็จ
[2025-06-19 14:20:36] [INFO] [NC-1750317636801-400]   === สิ้นสุด Auto Generate NC Plan Session ===
[2025-06-19 14:20:36] [INFO] [NC-1750317636801-400]   เวลาสิ้นสุด: 2025-06-19 14:20:36
[2025-06-19 14:20:36] [INFO] [NC-1750317636801-400]   ระยะเวลาทั้งหมด: 0 วินาที
[2025-06-19 14:20:36] [INFO] [NC-1750317636801-400]   
=== สรุปผลการ Auto Generate NC Plan ===
[2025-06-19 14:20:36] [INFO] [NC-1750317636801-400]   AN ทั้งหมด: 0
[2025-06-19 14:20:36] [INFO] [NC-1750317636801-400]   AN สำเร็จ: 0
[2025-06-19 14:20:36] [INFO] [NC-1750317636801-400]   AN ล้มเหลว: 0
[2025-06-19 14:20:36] [INFO] [NC-1750317636801-400]   AN ข้าม: 0
[2025-06-19 14:20:36] [INFO] [NC-1750317636801-400]   แผนทั้งหมด: 0
[2025-06-19 14:20:36] [INFO] [NC-1750317636801-400]   แผนสำเร็จ: 0
[2025-06-19 14:20:36] [INFO] [NC-1750317636801-400]   แผนล้มเหลว: 0
[2025-06-19 14:20:36] [INFO] [NC-1750317636801-400]   แผนข้าม: 0
[2025-06-19 14:20:36] [INFO] [NC-1750317636801-400]   อัตราความสำเร็จ: 0%
[2025-06-19 14:20:36] [INFO] [NC-1750317636801-400]   บันทึกลง tbl_ur_generate_daily_log สำเร็จ
[2025-06-19 14:20:36] [INFO] [NC-1750317636801-400]   บันทึกลง tbl_ur_autogeneratestats สำเร็จ
[2025-06-19 14:20:36] [INFO] [NC-1750317636801-400]   บันทึกสถิติลงฐานข้อมูลเสร็จสิ้น
