[2025-06-12 08:54:17] [INFO] [NC-1749693257903-814]   === เริ่มต้น Auto Generate NC Plan Session ===
[2025-06-12 08:54:17] [INFO] [NC-1749693257903-814]   Session ID: NC-1749693257903-814
[2025-06-12 08:54:17] [INFO] [NC-1749693257903-814]   เวลาเริ่มต้น: 2025-06-12 08:54:17
[2025-06-12 08:54:18] [INFO] [NC-1749693257903-814]   เริ่มต้น Auto Generate NC Plan
[2025-06-12 08:54:18] [INFO] [NC-1749693258201-079]   === เริ่มต้น Auto Generate NC Plan Session ===
[2025-06-12 08:54:18] [INFO] [NC-1749693258201-079]   Session ID: NC-1749693258201-079
[2025-06-12 08:54:18] [INFO] [NC-1749693258201-079]   เวลาเริ่มต้น: 2025-06-12 08:54:18
[2025-06-12 08:54:18] [INFO] [NC-1749693258201-079]   เริ่มต้นระบบ Auto Generate NC Plan
[2025-06-12 08:54:18] [INFO] [NC-1749693258201-079]   พบแผน NC ทั้งหมด: 81 รายการ
[2025-06-12 08:54:18] [INFO] [NC-1749693258201-079]   แผนที่ถูกต้อง: 81 รายการ
[2025-06-12 08:54:18] [INFO] [NC-1749693258201-079]   แผนที่ไม่สมบูรณ์: 0 รายการ
[2025-06-12 08:54:18] [INFO] [NC-1749693258201-079]   จัดกลุ่มได้ 15 AN ที่ต้อง generate NC plan
[2025-06-12 08:54:18] [INFO] [NC-1749693258201-079] [AN:1/68]  เริ่มประมวลผล AN: 1/68 (1 แผน)
[2025-06-12 08:54:18] [INFO] [NC-1749693258201-079] [AN:1/68] [NC:N0101] ประมวลผลแผน: N0101 (Q2) - INTERVAL
[2025-06-12 08:54:18] [INFO] [NC-1749693258201-079] [AN:1/68] [NC:N0101] Cancel แผนเดิม: N0101 จำนวน 1 รายการ (header เท่านั้น)
[2025-06-12 08:54:18] [INFO] [NC-1749693258201-079] [AN:1/68] [NC:N0101] Cancel แผนเดิม: N0101 จำนวน 1 รายการ
[2025-06-12 08:54:18] [INFO] [NC-1749693258201-079] [AN:1/68] [NC:N0101] สร้างแผนสำเร็จ: N0101 (12 รายการ) ใช้เวลา 29ms
[2025-06-12 08:54:18] [INFO] [NC-1749693258201-079] [AN:1/68]  AN 1/68 ประมวลผลสำเร็จ - สำเร็จ: 1, ล้มเหลว: 0
[2025-06-12 08:54:18] [INFO] [NC-1749693258201-079] [AN:1/68]  AN 1/68 ใช้เวลาทั้งหมด: 37ms
[2025-06-12 08:54:18] [INFO] [NC-1749693258201-079] [AN:12/68]  เริ่มประมวลผล AN: 12/68 (11 แผน)
[2025-06-12 08:54:18] [INFO] [NC-1749693258201-079] [AN:12/68] [NC:N0101] ประมวลผลแผน: N0101 (Q2) - INTERVAL
[2025-06-12 08:54:18] [INFO] [NC-1749693258201-079] [AN:12/68] [NC:N0101] Cancel แผนเดิม: N0101 จำนวน 1 รายการ (header เท่านั้น)
[2025-06-12 08:54:18] [INFO] [NC-1749693258201-079] [AN:12/68] [NC:N0101] Cancel แผนเดิม: N0101 จำนวน 1 รายการ
[2025-06-12 08:54:18] [INFO] [NC-1749693258201-079] [AN:12/68] [NC:N0101] สร้างแผนสำเร็จ: N0101 (12 รายการ) ใช้เวลา 19ms
[2025-06-12 08:54:18] [INFO] [NC-1749693258201-079] [AN:12/68] [NC:N0102] ประมวลผลแผน: N0102 (Q1) - INTERVAL
[2025-06-12 08:54:18] [INFO] [NC-1749693258201-079] [AN:12/68] [NC:N0102] Cancel แผนเดิม: N0102 จำนวน 1 รายการ (header เท่านั้น)
[2025-06-12 08:54:18] [INFO] [NC-1749693258201-079] [AN:12/68] [NC:N0102] Cancel แผนเดิม: N0102 จำนวน 1 รายการ
[2025-06-12 08:54:18] [INFO] [NC-1749693258201-079] [AN:12/68] [NC:N0102] สร้างแผนสำเร็จ: N0102 (24 รายการ) ใช้เวลา 29ms
[2025-06-12 08:54:18] [INFO] [NC-1749693258201-079] [AN:12/68] [NC:N0103] ประมวลผลแผน: N0103 (Q3) - INTERVAL
[2025-06-12 08:54:18] [INFO] [NC-1749693258201-079] [AN:12/68] [NC:N0103] Cancel แผนเดิม: N0103 จำนวน 1 รายการ (header เท่านั้น)
[2025-06-12 08:54:18] [INFO] [NC-1749693258201-079] [AN:12/68] [NC:N0103] Cancel แผนเดิม: N0103 จำนวน 1 รายการ
[2025-06-12 08:54:18] [INFO] [NC-1749693258201-079] [AN:12/68] [NC:N0103] สร้างแผนสำเร็จ: N0103 (8 รายการ) ใช้เวลา 15ms
[2025-06-12 08:54:18] [INFO] [NC-1749693258201-079] [AN:12/68] [NC:N0301] ประมวลผลแผน: N0301 (Q3) - INTERVAL
[2025-06-12 08:54:18] [INFO] [NC-1749693258201-079] [AN:12/68] [NC:N0301] Cancel แผนเดิม: N0301 จำนวน 1 รายการ (header เท่านั้น)
[2025-06-12 08:54:18] [INFO] [NC-1749693258201-079] [AN:12/68] [NC:N0301] Cancel แผนเดิม: N0301 จำนวน 1 รายการ
[2025-06-12 08:54:18] [INFO] [NC-1749693258201-079] [AN:12/68] [NC:N0301] สร้างแผนสำเร็จ: N0301 (8 รายการ) ใช้เวลา 16ms
[2025-06-12 08:54:18] [INFO] [NC-1749693258201-079] [AN:12/68] [NC:N0302] ประมวลผลแผน: N0302 (Q1) - INTERVAL
[2025-06-12 08:54:18] [INFO] [NC-1749693258201-079] [AN:12/68] [NC:N0302] Cancel แผนเดิม: N0302 จำนวน 1 รายการ (header เท่านั้น)
[2025-06-12 08:54:18] [INFO] [NC-1749693258201-079] [AN:12/68] [NC:N0302] Cancel แผนเดิม: N0302 จำนวน 1 รายการ
[2025-06-12 08:54:18] [INFO] [NC-1749693258201-079] [AN:12/68] [NC:N0302] สร้างแผนสำเร็จ: N0302 (24 รายการ) ใช้เวลา 25ms
[2025-06-12 08:54:18] [INFO] [NC-1749693258201-079] [AN:12/68] [NC:N0303] ประมวลผลแผน: N0303 (OD) - PRESET
[2025-06-12 08:54:18] [INFO] [NC-1749693258201-079] [AN:12/68] [NC:N0303] Cancel แผนเดิม: N0303 จำนวน 1 รายการ (header เท่านั้น)
[2025-06-12 08:54:18] [INFO] [NC-1749693258201-079] [AN:12/68] [NC:N0303] Cancel แผนเดิม: N0303 จำนวน 1 รายการ
[2025-06-12 08:54:18] [INFO] [NC-1749693258201-079] [AN:12/68] [NC:N0303] สร้างแผนสำเร็จ: N0303 (1 รายการ) ใช้เวลา 19ms
[2025-06-12 08:54:18] [INFO] [NC-1749693258201-079] [AN:12/68] [NC:N0501] ประมวลผลแผน: N0501 (Q1) - INTERVAL
[2025-06-12 08:54:18] [INFO] [NC-1749693258201-079] [AN:12/68] [NC:N0501] Cancel แผนเดิม: N0501 จำนวน 1 รายการ (header เท่านั้น)
[2025-06-12 08:54:18] [INFO] [NC-1749693258201-079] [AN:12/68] [NC:N0501] Cancel แผนเดิม: N0501 จำนวน 1 รายการ
[2025-06-12 08:54:18] [INFO] [NC-1749693258201-079] [AN:12/68] [NC:N0501] สร้างแผนสำเร็จ: N0501 (24 รายการ) ใช้เวลา 26ms
[2025-06-12 08:54:18] [INFO] [NC-1749693258201-079] [AN:12/68] [NC:N0601] ประมวลผลแผน: N0601 (Q3) - INTERVAL
[2025-06-12 08:54:18] [INFO] [NC-1749693258201-079] [AN:12/68] [NC:N0601] Cancel แผนเดิม: N0601 จำนวน 1 รายการ (header เท่านั้น)
[2025-06-12 08:54:18] [INFO] [NC-1749693258201-079] [AN:12/68] [NC:N0601] Cancel แผนเดิม: N0601 จำนวน 1 รายการ
[2025-06-12 08:54:18] [INFO] [NC-1749693258201-079] [AN:12/68] [NC:N0601] สร้างแผนสำเร็จ: N0601 (8 รายการ) ใช้เวลา 14ms
[2025-06-12 08:54:18] [INFO] [NC-1749693258201-079] [AN:12/68] [NC:N0602] ประมวลผลแผน: N0602 (Q3) - INTERVAL
[2025-06-12 08:54:18] [INFO] [NC-1749693258201-079] [AN:12/68] [NC:N0602] Cancel แผนเดิม: N0602 จำนวน 1 รายการ (header เท่านั้น)
[2025-06-12 08:54:18] [INFO] [NC-1749693258201-079] [AN:12/68] [NC:N0602] Cancel แผนเดิม: N0602 จำนวน 1 รายการ
[2025-06-12 08:54:18] [INFO] [NC-1749693258201-079] [AN:12/68] [NC:N0602] สร้างแผนสำเร็จ: N0602 (8 รายการ) ใช้เวลา 17ms
[2025-06-12 08:54:18] [INFO] [NC-1749693258201-079] [AN:12/68] [NC:N0603] ประมวลผลแผน: N0603 (Q3) - INTERVAL
[2025-06-12 08:54:18] [INFO] [NC-1749693258201-079] [AN:12/68] [NC:N0603] Cancel แผนเดิม: N0603 จำนวน 1 รายการ (header เท่านั้น)
[2025-06-12 08:54:18] [INFO] [NC-1749693258201-079] [AN:12/68] [NC:N0603] Cancel แผนเดิม: N0603 จำนวน 1 รายการ
[2025-06-12 08:54:18] [INFO] [NC-1749693258201-079] [AN:12/68] [NC:N0603] สร้างแผนสำเร็จ: N0603 (8 รายการ) ใช้เวลา 11ms
[2025-06-12 08:54:18] [INFO] [NC-1749693258201-079] [AN:12/68] [NC:N1103] ประมวลผลแผน: N1103 (TID) - PRESET
[2025-06-12 08:54:18] [INFO] [NC-1749693258201-079] [AN:12/68] [NC:N1103] Cancel แผนเดิม: N1103 จำนวน 1 รายการ (header เท่านั้น)
[2025-06-12 08:54:18] [INFO] [NC-1749693258201-079] [AN:12/68] [NC:N1103] Cancel แผนเดิม: N1103 จำนวน 1 รายการ
[2025-06-12 08:54:18] [INFO] [NC-1749693258201-079] [AN:12/68] [NC:N1103] สร้างแผนสำเร็จ: N1103 (3 รายการ) ใช้เวลา 14ms
[2025-06-12 08:54:18] [INFO] [NC-1749693258201-079] [AN:12/68]  AN 12/68 ประมวลผลสำเร็จ - สำเร็จ: 11, ล้มเหลว: 0
[2025-06-12 08:54:18] [INFO] [NC-1749693258201-079] [AN:12/68]  AN 12/68 ใช้เวลาทั้งหมด: 253ms
[2025-06-12 08:54:18] [INFO] [NC-1749693258201-079] [AN:142/68]  เริ่มประมวลผล AN: 142/68 (2 แผน)
[2025-06-12 08:54:18] [INFO] [NC-1749693258201-079] [AN:142/68] [NC:N0801] ประมวลผลแผน: N0801 (Q1) - INTERVAL
[2025-06-12 08:54:18] [INFO] [NC-1749693258201-079] [AN:142/68] [NC:N0801] Cancel แผนเดิม: N0801 จำนวน 1 รายการ (header เท่านั้น)
[2025-06-12 08:54:18] [INFO] [NC-1749693258201-079] [AN:142/68] [NC:N0801] Cancel แผนเดิม: N0801 จำนวน 1 รายการ
[2025-06-12 08:54:18] [INFO] [NC-1749693258201-079] [AN:142/68] [NC:N0801] สร้างแผนสำเร็จ: N0801 (24 รายการ) ใช้เวลา 30ms
[2025-06-12 08:54:18] [INFO] [NC-1749693258201-079] [AN:142/68] [NC:N0901] ประมวลผลแผน: N0901 (Q1) - INTERVAL
[2025-06-12 08:54:18] [INFO] [NC-1749693258201-079] [AN:142/68] [NC:N0901] Cancel แผนเดิม: N0901 จำนวน 1 รายการ (header เท่านั้น)
[2025-06-12 08:54:18] [INFO] [NC-1749693258201-079] [AN:142/68] [NC:N0901] Cancel แผนเดิม: N0901 จำนวน 1 รายการ
[2025-06-12 08:54:18] [INFO] [NC-1749693258201-079] [AN:142/68] [NC:N0901] สร้างแผนสำเร็จ: N0901 (24 รายการ) ใช้เวลา 25ms
[2025-06-12 08:54:18] [INFO] [NC-1749693258201-079] [AN:142/68]  AN 142/68 ประมวลผลสำเร็จ - สำเร็จ: 2, ล้มเหลว: 0
[2025-06-12 08:54:18] [INFO] [NC-1749693258201-079] [AN:142/68]  AN 142/68 ใช้เวลาทั้งหมด: 65ms
[2025-06-12 08:54:18] [INFO] [NC-1749693258201-079] [AN:159/68]  เริ่มประมวลผล AN: 159/68 (34 แผน)
[2025-06-12 08:54:18] [INFO] [NC-1749693258201-079] [AN:159/68] [NC:N0101] ประมวลผลแผน: N0101 (Q1) - INTERVAL
[2025-06-12 08:54:18] [INFO] [NC-1749693258201-079] [AN:159/68] [NC:N0101] Cancel แผนเดิม: N0101 จำนวน 1 รายการ (header เท่านั้น)
[2025-06-12 08:54:18] [INFO] [NC-1749693258201-079] [AN:159/68] [NC:N0101] Cancel แผนเดิม: N0101 จำนวน 1 รายการ
[2025-06-12 08:54:18] [INFO] [NC-1749693258201-079] [AN:159/68] [NC:N0101] สร้างแผนสำเร็จ: N0101 (24 รายการ) ใช้เวลา 114ms
[2025-06-12 08:54:18] [INFO] [NC-1749693258201-079] [AN:159/68] [NC:N0102] ประมวลผลแผน: N0102 (Q2) - INTERVAL
[2025-06-12 08:54:18] [INFO] [NC-1749693258201-079] [AN:159/68] [NC:N0102] Cancel แผนเดิม: N0102 จำนวน 1 รายการ (header เท่านั้น)
[2025-06-12 08:54:18] [INFO] [NC-1749693258201-079] [AN:159/68] [NC:N0102] Cancel แผนเดิม: N0102 จำนวน 1 รายการ
[2025-06-12 08:54:18] [INFO] [NC-1749693258201-079] [AN:159/68] [NC:N0102] สร้างแผนสำเร็จ: N0102 (12 รายการ) ใช้เวลา 17ms
[2025-06-12 08:54:18] [INFO] [NC-1749693258201-079] [AN:159/68] [NC:N0103] ประมวลผลแผน: N0103 (Q3) - INTERVAL
[2025-06-12 08:54:18] [INFO] [NC-1749693258201-079] [AN:159/68] [NC:N0103] Cancel แผนเดิม: N0103 จำนวน 1 รายการ (header เท่านั้น)
[2025-06-12 08:54:18] [INFO] [NC-1749693258201-079] [AN:159/68] [NC:N0103] Cancel แผนเดิม: N0103 จำนวน 1 รายการ
[2025-06-12 08:54:18] [INFO] [NC-1749693258201-079] [AN:159/68] [NC:N0103] สร้างแผนสำเร็จ: N0103 (8 รายการ) ใช้เวลา 15ms
[2025-06-12 08:54:18] [INFO] [NC-1749693258201-079] [AN:159/68] [NC:N0201] ประมวลผลแผน: N0201 (OD) - PRESET
[2025-06-12 08:54:18] [INFO] [NC-1749693258201-079] [AN:159/68] [NC:N0201] Cancel แผนเดิม: N0201 จำนวน 1 รายการ (header เท่านั้น)
[2025-06-12 08:54:18] [INFO] [NC-1749693258201-079] [AN:159/68] [NC:N0201] Cancel แผนเดิม: N0201 จำนวน 1 รายการ
[2025-06-12 08:54:18] [INFO] [NC-1749693258201-079] [AN:159/68] [NC:N0201] สร้างแผนสำเร็จ: N0201 (1 รายการ) ใช้เวลา 11ms
[2025-06-12 08:54:18] [INFO] [NC-1749693258201-079] [AN:159/68] [NC:N0202] ประมวลผลแผน: N0202 (BID) - PRESET
[2025-06-12 08:54:18] [INFO] [NC-1749693258201-079] [AN:159/68] [NC:N0202] Cancel แผนเดิม: N0202 จำนวน 1 รายการ (header เท่านั้น)
[2025-06-12 08:54:18] [INFO] [NC-1749693258201-079] [AN:159/68] [NC:N0202] Cancel แผนเดิม: N0202 จำนวน 1 รายการ
[2025-06-12 08:54:18] [INFO] [NC-1749693258201-079] [AN:159/68] [NC:N0202] สร้างแผนสำเร็จ: N0202 (2 รายการ) ใช้เวลา 13ms
[2025-06-12 08:54:18] [INFO] [NC-1749693258201-079] [AN:159/68] [NC:N0203] ประมวลผลแผน: N0203 (TID) - PRESET
[2025-06-12 08:54:18] [INFO] [NC-1749693258201-079] [AN:159/68] [NC:N0203] Cancel แผนเดิม: N0203 จำนวน 1 รายการ (header เท่านั้น)
[2025-06-12 08:54:18] [INFO] [NC-1749693258201-079] [AN:159/68] [NC:N0203] Cancel แผนเดิม: N0203 จำนวน 1 รายการ
[2025-06-12 08:54:18] [INFO] [NC-1749693258201-079] [AN:159/68] [NC:N0203] สร้างแผนสำเร็จ: N0203 (3 รายการ) ใช้เวลา 11ms
[2025-06-12 08:54:18] [INFO] [NC-1749693258201-079] [AN:159/68] [NC:N0301] ประมวลผลแผน: N0301 (W1) - WEEKLY
[2025-06-12 08:54:18] [INFO] [NC-1749693258201-079] [AN:159/68] [NC:N0301] Cancel แผนเดิม: N0301 จำนวน 1 รายการ (header เท่านั้น)
[2025-06-12 08:54:18] [INFO] [NC-1749693258201-079] [AN:159/68] [NC:N0301] Cancel แผนเดิม: N0301 จำนวน 1 รายการ
[2025-06-12 08:54:18] [INFO] [NC-1749693258201-079] [AN:159/68] [NC:N0301] สร้างแผนสำเร็จ: N0301 (0 รายการ) ใช้เวลา 9ms
[2025-06-12 08:54:18] [INFO] [NC-1749693258201-079] [AN:159/68] [NC:N0302] ประมวลผลแผน: N0302 (W2) - WEEKLY
[2025-06-12 08:54:18] [INFO] [NC-1749693258201-079] [AN:159/68] [NC:N0302] Cancel แผนเดิม: N0302 จำนวน 1 รายการ (header เท่านั้น)
[2025-06-12 08:54:18] [INFO] [NC-1749693258201-079] [AN:159/68] [NC:N0302] Cancel แผนเดิม: N0302 จำนวน 1 รายการ
[2025-06-12 08:54:18] [INFO] [NC-1749693258201-079] [AN:159/68] [NC:N0302] สร้างแผนสำเร็จ: N0302 (0 รายการ) ใช้เวลา 9ms
[2025-06-12 08:54:18] [INFO] [NC-1749693258201-079] [AN:159/68] [NC:N0303] ประมวลผลแผน: N0303 (W3) - WEEKLY
[2025-06-12 08:54:18] [INFO] [NC-1749693258201-079] [AN:159/68] [NC:N0303] Cancel แผนเดิม: N0303 จำนวน 1 รายการ (header เท่านั้น)
[2025-06-12 08:54:18] [INFO] [NC-1749693258201-079] [AN:159/68] [NC:N0303] Cancel แผนเดิม: N0303 จำนวน 1 รายการ
[2025-06-12 08:54:18] [INFO] [NC-1749693258201-079] [AN:159/68] [NC:N0303] สร้างแผนสำเร็จ: N0303 (0 รายการ) ใช้เวลา 9ms
[2025-06-12 08:54:18] [INFO] [NC-1749693258201-079] [AN:159/68] [NC:N0401] ประมวลผลแผน: N0401 (Q1) - INTERVAL
[2025-06-12 08:54:18] [INFO] [NC-1749693258201-079] [AN:159/68] [NC:N0401] Cancel แผนเดิม: N0401 จำนวน 1 รายการ (header เท่านั้น)
[2025-06-12 08:54:18] [INFO] [NC-1749693258201-079] [AN:159/68] [NC:N0401] Cancel แผนเดิม: N0401 จำนวน 1 รายการ
[2025-06-12 08:54:18] [INFO] [NC-1749693258201-079] [AN:159/68] [NC:N0401] สร้างแผนสำเร็จ: N0401 (24 รายการ) ใช้เวลา 23ms
[2025-06-12 08:54:18] [INFO] [NC-1749693258201-079] [AN:159/68] [NC:N0402] ประมวลผลแผน: N0402 (Q2) - INTERVAL
[2025-06-12 08:54:18] [INFO] [NC-1749693258201-079] [AN:159/68] [NC:N0402] Cancel แผนเดิม: N0402 จำนวน 1 รายการ (header เท่านั้น)
[2025-06-12 08:54:18] [INFO] [NC-1749693258201-079] [AN:159/68] [NC:N0402] Cancel แผนเดิม: N0402 จำนวน 1 รายการ
[2025-06-12 08:54:18] [INFO] [NC-1749693258201-079] [AN:159/68] [NC:N0402] สร้างแผนสำเร็จ: N0402 (12 รายการ) ใช้เวลา 15ms
[2025-06-12 08:54:18] [INFO] [NC-1749693258201-079] [AN:159/68] [NC:N0403] ประมวลผลแผน: N0403 (Q3) - INTERVAL
[2025-06-12 08:54:18] [INFO] [NC-1749693258201-079] [AN:159/68] [NC:N0403] Cancel แผนเดิม: N0403 จำนวน 1 รายการ (header เท่านั้น)
[2025-06-12 08:54:18] [INFO] [NC-1749693258201-079] [AN:159/68] [NC:N0403] Cancel แผนเดิม: N0403 จำนวน 1 รายการ
[2025-06-12 08:54:18] [INFO] [NC-1749693258201-079] [AN:159/68] [NC:N0403] สร้างแผนสำเร็จ: N0403 (8 รายการ) ใช้เวลา 13ms
[2025-06-12 08:54:18] [INFO] [NC-1749693258201-079] [AN:159/68] [NC:N0501] ประมวลผลแผน: N0501 (OD) - PRESET
[2025-06-12 08:54:18] [INFO] [NC-1749693258201-079] [AN:159/68] [NC:N0501] Cancel แผนเดิม: N0501 จำนวน 1 รายการ (header เท่านั้น)
[2025-06-12 08:54:18] [INFO] [NC-1749693258201-079] [AN:159/68] [NC:N0501] Cancel แผนเดิม: N0501 จำนวน 1 รายการ
[2025-06-12 08:54:18] [INFO] [NC-1749693258201-079] [AN:159/68] [NC:N0501] สร้างแผนสำเร็จ: N0501 (1 รายการ) ใช้เวลา 10ms
[2025-06-12 08:54:18] [INFO] [NC-1749693258201-079] [AN:159/68] [NC:N0502] ประมวลผลแผน: N0502 (BID) - PRESET
[2025-06-12 08:54:18] [INFO] [NC-1749693258201-079] [AN:159/68] [NC:N0502] Cancel แผนเดิม: N0502 จำนวน 1 รายการ (header เท่านั้น)
[2025-06-12 08:54:18] [INFO] [NC-1749693258201-079] [AN:159/68] [NC:N0502] Cancel แผนเดิม: N0502 จำนวน 1 รายการ
[2025-06-12 08:54:18] [INFO] [NC-1749693258201-079] [AN:159/68] [NC:N0502] สร้างแผนสำเร็จ: N0502 (2 รายการ) ใช้เวลา 10ms
[2025-06-12 08:54:18] [INFO] [NC-1749693258201-079] [AN:159/68] [NC:N0503] ประมวลผลแผน: N0503 (TID) - PRESET
[2025-06-12 08:54:18] [INFO] [NC-1749693258201-079] [AN:159/68] [NC:N0503] Cancel แผนเดิม: N0503 จำนวน 1 รายการ (header เท่านั้น)
[2025-06-12 08:54:18] [INFO] [NC-1749693258201-079] [AN:159/68] [NC:N0503] Cancel แผนเดิม: N0503 จำนวน 1 รายการ
[2025-06-12 08:54:18] [INFO] [NC-1749693258201-079] [AN:159/68] [NC:N0503] สร้างแผนสำเร็จ: N0503 (3 รายการ) ใช้เวลา 9ms
[2025-06-12 08:54:18] [INFO] [NC-1749693258201-079] [AN:159/68] [NC:N0601] ประมวลผลแผน: N0601 (TID) - PRESET
[2025-06-12 08:54:18] [INFO] [NC-1749693258201-079] [AN:159/68] [NC:N0601] Cancel แผนเดิม: N0601 จำนวน 1 รายการ (header เท่านั้น)
[2025-06-12 08:54:18] [INFO] [NC-1749693258201-079] [AN:159/68] [NC:N0601] Cancel แผนเดิม: N0601 จำนวน 1 รายการ
[2025-06-12 08:54:18] [INFO] [NC-1749693258201-079] [AN:159/68] [NC:N0601] สร้างแผนสำเร็จ: N0601 (3 รายการ) ใช้เวลา 9ms
[2025-06-12 08:54:18] [INFO] [NC-1749693258201-079] [AN:159/68] [NC:N0602] ประมวลผลแผน: N0602 (W1) - WEEKLY
[2025-06-12 08:54:18] [INFO] [NC-1749693258201-079] [AN:159/68] [NC:N0602] Cancel แผนเดิม: N0602 จำนวน 1 รายการ (header เท่านั้น)
[2025-06-12 08:54:18] [INFO] [NC-1749693258201-079] [AN:159/68] [NC:N0602] Cancel แผนเดิม: N0602 จำนวน 1 รายการ
[2025-06-12 08:54:18] [INFO] [NC-1749693258201-079] [AN:159/68] [NC:N0602] สร้างแผนสำเร็จ: N0602 (0 รายการ) ใช้เวลา 8ms
[2025-06-12 08:54:18] [INFO] [NC-1749693258201-079] [AN:159/68] [NC:N0603] ประมวลผลแผน: N0603 (W2) - WEEKLY
[2025-06-12 08:54:18] [INFO] [NC-1749693258201-079] [AN:159/68] [NC:N0603] Cancel แผนเดิม: N0603 จำนวน 1 รายการ (header เท่านั้น)
[2025-06-12 08:54:18] [INFO] [NC-1749693258201-079] [AN:159/68] [NC:N0603] Cancel แผนเดิม: N0603 จำนวน 1 รายการ
[2025-06-12 08:54:18] [INFO] [NC-1749693258201-079] [AN:159/68] [NC:N0603] สร้างแผนสำเร็จ: N0603 (0 รายการ) ใช้เวลา 7ms
[2025-06-12 08:54:18] [INFO] [NC-1749693258201-079] [AN:159/68] [NC:N0701] ประมวลผลแผน: N0701 (Q2) - INTERVAL
[2025-06-12 08:54:18] [INFO] [NC-1749693258201-079] [AN:159/68] [NC:N0701] Cancel แผนเดิม: N0701 จำนวน 1 รายการ (header เท่านั้น)
[2025-06-12 08:54:18] [INFO] [NC-1749693258201-079] [AN:159/68] [NC:N0701] Cancel แผนเดิม: N0701 จำนวน 1 รายการ
[2025-06-12 08:54:18] [INFO] [NC-1749693258201-079] [AN:159/68] [NC:N0701] สร้างแผนสำเร็จ: N0701 (12 รายการ) ใช้เวลา 12ms
[2025-06-12 08:54:18] [INFO] [NC-1749693258201-079] [AN:159/68] [NC:N0702] ประมวลผลแผน: N0702 (Q3) - INTERVAL
[2025-06-12 08:54:18] [INFO] [NC-1749693258201-079] [AN:159/68] [NC:N0702] Cancel แผนเดิม: N0702 จำนวน 1 รายการ (header เท่านั้น)
[2025-06-12 08:54:18] [INFO] [NC-1749693258201-079] [AN:159/68] [NC:N0702] Cancel แผนเดิม: N0702 จำนวน 1 รายการ
[2025-06-12 08:54:18] [INFO] [NC-1749693258201-079] [AN:159/68] [NC:N0702] สร้างแผนสำเร็จ: N0702 (8 รายการ) ใช้เวลา 12ms
[2025-06-12 08:54:19] [INFO] [NC-1749693258201-079] [AN:159/68] [NC:N0703] ประมวลผลแผน: N0703 (Q3) - INTERVAL
[2025-06-12 08:54:19] [INFO] [NC-1749693258201-079] [AN:159/68] [NC:N0703] Cancel แผนเดิม: N0703 จำนวน 1 รายการ (header เท่านั้น)
[2025-06-12 08:54:19] [INFO] [NC-1749693258201-079] [AN:159/68] [NC:N0703] Cancel แผนเดิม: N0703 จำนวน 1 รายการ
[2025-06-12 08:54:19] [INFO] [NC-1749693258201-079] [AN:159/68] [NC:N0703] สร้างแผนสำเร็จ: N0703 (8 รายการ) ใช้เวลา 12ms
[2025-06-12 08:54:19] [INFO] [NC-1749693258201-079] [AN:159/68] [NC:N0801] ประมวลผลแผน: N0801 (Q1) - INTERVAL
[2025-06-12 08:54:19] [INFO] [NC-1749693258201-079] [AN:159/68] [NC:N0801] Cancel แผนเดิม: N0801 จำนวน 1 รายการ (header เท่านั้น)
[2025-06-12 08:54:19] [INFO] [NC-1749693258201-079] [AN:159/68] [NC:N0801] Cancel แผนเดิม: N0801 จำนวน 1 รายการ
[2025-06-12 08:54:19] [INFO] [NC-1749693258201-079] [AN:159/68] [NC:N0801] สร้างแผนสำเร็จ: N0801 (24 รายการ) ใช้เวลา 30ms
[2025-06-12 08:54:19] [INFO] [NC-1749693258201-079] [AN:159/68] [NC:N0802] ประมวลผลแผน: N0802 (OD) - PRESET
[2025-06-12 08:54:19] [INFO] [NC-1749693258201-079] [AN:159/68] [NC:N0802] Cancel แผนเดิม: N0802 จำนวน 1 รายการ (header เท่านั้น)
[2025-06-12 08:54:19] [INFO] [NC-1749693258201-079] [AN:159/68] [NC:N0802] Cancel แผนเดิม: N0802 จำนวน 1 รายการ
[2025-06-12 08:54:19] [INFO] [NC-1749693258201-079] [AN:159/68] [NC:N0802] สร้างแผนสำเร็จ: N0802 (1 รายการ) ใช้เวลา 9ms
[2025-06-12 08:54:19] [INFO] [NC-1749693258201-079] [AN:159/68] [NC:N0803] ประมวลผลแผน: N0803 (BID) - PRESET
[2025-06-12 08:54:19] [INFO] [NC-1749693258201-079] [AN:159/68] [NC:N0803] Cancel แผนเดิม: N0803 จำนวน 1 รายการ (header เท่านั้น)
[2025-06-12 08:54:19] [INFO] [NC-1749693258201-079] [AN:159/68] [NC:N0803] Cancel แผนเดิม: N0803 จำนวน 1 รายการ
[2025-06-12 08:54:19] [INFO] [NC-1749693258201-079] [AN:159/68] [NC:N0803] สร้างแผนสำเร็จ: N0803 (2 รายการ) ใช้เวลา 11ms
[2025-06-12 08:54:19] [INFO] [NC-1749693258201-079] [AN:159/68] [NC:N0901] ประมวลผลแผน: N0901 (TID) - PRESET
[2025-06-12 08:54:19] [INFO] [NC-1749693258201-079] [AN:159/68] [NC:N0901] Cancel แผนเดิม: N0901 จำนวน 1 รายการ (header เท่านั้น)
[2025-06-12 08:54:19] [INFO] [NC-1749693258201-079] [AN:159/68] [NC:N0901] Cancel แผนเดิม: N0901 จำนวน 1 รายการ
[2025-06-12 08:54:19] [INFO] [NC-1749693258201-079] [AN:159/68] [NC:N0901] สร้างแผนสำเร็จ: N0901 (3 รายการ) ใช้เวลา 13ms
[2025-06-12 08:54:19] [INFO] [NC-1749693258201-079] [AN:159/68] [NC:N0902] ประมวลผลแผน: N0902 (OID) - PRESET
[2025-06-12 08:54:19] [INFO] [NC-1749693258201-079] [AN:159/68] [NC:N0902] Cancel แผนเดิม: N0902 จำนวน 1 รายการ (header เท่านั้น)
[2025-06-12 08:54:19] [INFO] [NC-1749693258201-079] [AN:159/68] [NC:N0902] Cancel แผนเดิม: N0902 จำนวน 1 รายการ
[2025-06-12 08:54:19] [INFO] [NC-1749693258201-079] [AN:159/68] [NC:N0902] สร้างแผนสำเร็จ: N0902 (4 รายการ) ใช้เวลา 13ms
[2025-06-12 08:54:19] [INFO] [NC-1749693258201-079] [AN:159/68] [NC:N0903] ประมวลผลแผน: N0903 (OID) - PRESET
[2025-06-12 08:54:19] [INFO] [NC-1749693258201-079] [AN:159/68] [NC:N0903] Cancel แผนเดิม: N0903 จำนวน 1 รายการ (header เท่านั้น)
[2025-06-12 08:54:19] [INFO] [NC-1749693258201-079] [AN:159/68] [NC:N0903] Cancel แผนเดิม: N0903 จำนวน 1 รายการ
[2025-06-12 08:54:19] [INFO] [NC-1749693258201-079] [AN:159/68] [NC:N0903] สร้างแผนสำเร็จ: N0903 (4 รายการ) ใช้เวลา 13ms
[2025-06-12 08:54:19] [INFO] [NC-1749693258201-079] [AN:159/68] [NC:N1001] ประมวลผลแผน: N1001 (BID) - PRESET
[2025-06-12 08:54:19] [INFO] [NC-1749693258201-079] [AN:159/68] [NC:N1001] Cancel แผนเดิม: N1001 จำนวน 1 รายการ (header เท่านั้น)
[2025-06-12 08:54:19] [INFO] [NC-1749693258201-079] [AN:159/68] [NC:N1001] Cancel แผนเดิม: N1001 จำนวน 1 รายการ
[2025-06-12 08:54:19] [INFO] [NC-1749693258201-079] [AN:159/68] [NC:N1001] สร้างแผนสำเร็จ: N1001 (2 รายการ) ใช้เวลา 9ms
[2025-06-12 08:54:19] [INFO] [NC-1749693258201-079] [AN:159/68] [NC:N1002] ประมวลผลแผน: N1002 (Q2) - INTERVAL
[2025-06-12 08:54:19] [INFO] [NC-1749693258201-079] [AN:159/68] [NC:N1002] Cancel แผนเดิม: N1002 จำนวน 1 รายการ (header เท่านั้น)
[2025-06-12 08:54:19] [INFO] [NC-1749693258201-079] [AN:159/68] [NC:N1002] Cancel แผนเดิม: N1002 จำนวน 1 รายการ
[2025-06-12 08:54:19] [INFO] [NC-1749693258201-079] [AN:159/68] [NC:N1002] สร้างแผนสำเร็จ: N1002 (12 รายการ) ใช้เวลา 12ms
[2025-06-12 08:54:19] [INFO] [NC-1749693258201-079] [AN:159/68] [NC:N1003] ประมวลผลแผน: N1003 (Q1) - INTERVAL
[2025-06-12 08:54:19] [INFO] [NC-1749693258201-079] [AN:159/68] [NC:N1003] Cancel แผนเดิม: N1003 จำนวน 1 รายการ (header เท่านั้น)
[2025-06-12 08:54:19] [INFO] [NC-1749693258201-079] [AN:159/68] [NC:N1003] Cancel แผนเดิม: N1003 จำนวน 1 รายการ
[2025-06-12 08:54:19] [INFO] [NC-1749693258201-079] [AN:159/68] [NC:N1003] สร้างแผนสำเร็จ: N1003 (24 รายการ) ใช้เวลา 18ms
[2025-06-12 08:54:19] [INFO] [NC-1749693258201-079] [AN:159/68] [NC:N1101] ประมวลผลแผน: N1101 (BID) - PRESET
[2025-06-12 08:54:19] [INFO] [NC-1749693258201-079] [AN:159/68] [NC:N1101] Cancel แผนเดิม: N1101 จำนวน 1 รายการ (header เท่านั้น)
[2025-06-12 08:54:19] [INFO] [NC-1749693258201-079] [AN:159/68] [NC:N1101] Cancel แผนเดิม: N1101 จำนวน 1 รายการ
[2025-06-12 08:54:19] [INFO] [NC-1749693258201-079] [AN:159/68] [NC:N1101] สร้างแผนสำเร็จ: N1101 (2 รายการ) ใช้เวลา 7ms
[2025-06-12 08:54:19] [INFO] [NC-1749693258201-079] [AN:159/68] [NC:N1102] ประมวลผลแผน: N1102 (OD) - PRESET
[2025-06-12 08:54:19] [INFO] [NC-1749693258201-079] [AN:159/68] [NC:N1102] Cancel แผนเดิม: N1102 จำนวน 1 รายการ (header เท่านั้น)
[2025-06-12 08:54:19] [INFO] [NC-1749693258201-079] [AN:159/68] [NC:N1102] Cancel แผนเดิม: N1102 จำนวน 1 รายการ
[2025-06-12 08:54:19] [INFO] [NC-1749693258201-079] [AN:159/68] [NC:N1102] สร้างแผนสำเร็จ: N1102 (1 รายการ) ใช้เวลา 8ms
[2025-06-12 08:54:19] [INFO] [NC-1749693258201-079] [AN:159/68] [NC:N1103] ประมวลผลแผน: N1103 (TID) - PRESET
[2025-06-12 08:54:19] [INFO] [NC-1749693258201-079] [AN:159/68] [NC:N1103] Cancel แผนเดิม: N1103 จำนวน 1 รายการ (header เท่านั้น)
[2025-06-12 08:54:19] [INFO] [NC-1749693258201-079] [AN:159/68] [NC:N1103] Cancel แผนเดิม: N1103 จำนวน 1 รายการ
[2025-06-12 08:54:19] [INFO] [NC-1749693258201-079] [AN:159/68] [NC:N1103] สร้างแผนสำเร็จ: N1103 (3 รายการ) ใช้เวลา 9ms
[2025-06-12 08:54:19] [INFO] [NC-1749693258201-079] [AN:159/68] [NC:N1104] ประมวลผลแผน: N1104 (TID) - PRESET
[2025-06-12 08:54:19] [INFO] [NC-1749693258201-079] [AN:159/68] [NC:N1104] Cancel แผนเดิม: N1104 จำนวน 1 รายการ (header เท่านั้น)
[2025-06-12 08:54:19] [INFO] [NC-1749693258201-079] [AN:159/68] [NC:N1104] Cancel แผนเดิม: N1104 จำนวน 1 รายการ
[2025-06-12 08:54:19] [INFO] [NC-1749693258201-079] [AN:159/68] [NC:N1104] สร้างแผนสำเร็จ: N1104 (3 รายการ) ใช้เวลา 8ms
[2025-06-12 08:54:19] [INFO] [NC-1749693258201-079] [AN:159/68]  AN 159/68 ประมวลผลสำเร็จ - สำเร็จ: 34, ล้มเหลว: 0
[2025-06-12 08:54:19] [INFO] [NC-1749693258201-079] [AN:159/68]  AN 159/68 ใช้เวลาทั้งหมด: 627ms
[2025-06-12 08:54:19] [INFO] [NC-1749693258201-079] [AN:200/68]  เริ่มประมวลผล AN: 200/68 (1 แผน)
[2025-06-12 08:54:19] [INFO] [NC-1749693258201-079] [AN:200/68] [NC:N0701] ประมวลผลแผน: N0701 (Q2) - INTERVAL
[2025-06-12 08:54:19] [INFO] [NC-1749693258201-079] [AN:200/68] [NC:N0701] Cancel แผนเดิม: N0701 จำนวน 1 รายการ (header เท่านั้น)
[2025-06-12 08:54:19] [INFO] [NC-1749693258201-079] [AN:200/68] [NC:N0701] Cancel แผนเดิม: N0701 จำนวน 1 รายการ
[2025-06-12 08:54:19] [INFO] [NC-1749693258201-079] [AN:200/68] [NC:N0701] สร้างแผนสำเร็จ: N0701 (12 รายการ) ใช้เวลา 10ms
[2025-06-12 08:54:19] [INFO] [NC-1749693258201-079] [AN:200/68]  AN 200/68 ประมวลผลสำเร็จ - สำเร็จ: 1, ล้มเหลว: 0
[2025-06-12 08:54:19] [INFO] [NC-1749693258201-079] [AN:200/68]  AN 200/68 ใช้เวลาทั้งหมด: 14ms
[2025-06-12 08:54:19] [INFO] [NC-1749693258201-079] [AN:2068/68]  เริ่มประมวลผล AN: 2068/68 (2 แผน)
[2025-06-12 08:54:19] [INFO] [NC-1749693258201-079] [AN:2068/68] [NC:N0404] ประมวลผลแผน: N0404 (TID) - PRESET
[2025-06-12 08:54:19] [INFO] [NC-1749693258201-079] [AN:2068/68] [NC:N0404] Cancel แผนเดิม: N0404 จำนวน 1 รายการ (header เท่านั้น)
[2025-06-12 08:54:19] [INFO] [NC-1749693258201-079] [AN:2068/68] [NC:N0404] Cancel แผนเดิม: N0404 จำนวน 1 รายการ
[2025-06-12 08:54:19] [INFO] [NC-1749693258201-079] [AN:2068/68] [NC:N0404] สร้างแผนสำเร็จ: N0404 (3 รายการ) ใช้เวลา 7ms
[2025-06-12 08:54:19] [INFO] [NC-1749693258201-079] [AN:2068/68] [NC:N1101] ประมวลผลแผน: N1101 (Q2) - INTERVAL
[2025-06-12 08:54:19] [INFO] [NC-1749693258201-079] [AN:2068/68] [NC:N1101] Cancel แผนเดิม: N1101 จำนวน 1 รายการ (header เท่านั้น)
[2025-06-12 08:54:19] [INFO] [NC-1749693258201-079] [AN:2068/68] [NC:N1101] Cancel แผนเดิม: N1101 จำนวน 1 รายการ
[2025-06-12 08:54:19] [INFO] [NC-1749693258201-079] [AN:2068/68] [NC:N1101] สร้างแผนสำเร็จ: N1101 (12 รายการ) ใช้เวลา 14ms
[2025-06-12 08:54:19] [INFO] [NC-1749693258201-079] [AN:2068/68]  AN 2068/68 ประมวลผลสำเร็จ - สำเร็จ: 2, ล้มเหลว: 0
[2025-06-12 08:54:19] [INFO] [NC-1749693258201-079] [AN:2068/68]  AN 2068/68 ใช้เวลาทั้งหมด: 30ms
[2025-06-12 08:54:19] [INFO] [NC-1749693258201-079] [AN:213/68]  เริ่มประมวลผล AN: 213/68 (3 แผน)
[2025-06-12 08:54:19] [INFO] [NC-1749693258201-079] [AN:213/68] [NC:N0302] ประมวลผลแผน: N0302 (OD) - PRESET
[2025-06-12 08:54:19] [INFO] [NC-1749693258201-079] [AN:213/68] [NC:N0302] Cancel แผนเดิม: N0302 จำนวน 1 รายการ (header เท่านั้น)
[2025-06-12 08:54:19] [INFO] [NC-1749693258201-079] [AN:213/68] [NC:N0302] Cancel แผนเดิม: N0302 จำนวน 1 รายการ
[2025-06-12 08:54:19] [INFO] [NC-1749693258201-079] [AN:213/68] [NC:N0302] สร้างแผนสำเร็จ: N0302 (1 รายการ) ใช้เวลา 8ms
[2025-06-12 08:54:19] [INFO] [NC-1749693258201-079] [AN:213/68] [NC:N0310] ประมวลผลแผน: N0310 (TID) - PRESET
[2025-06-12 08:54:19] [INFO] [NC-1749693258201-079] [AN:213/68] [NC:N0310] Cancel แผนเดิม: N0310 จำนวน 1 รายการ (header เท่านั้น)
[2025-06-12 08:54:19] [INFO] [NC-1749693258201-079] [AN:213/68] [NC:N0310] Cancel แผนเดิม: N0310 จำนวน 1 รายการ
[2025-06-12 08:54:19] [INFO] [NC-1749693258201-079] [AN:213/68] [NC:N0310] สร้างแผนสำเร็จ: N0310 (3 รายการ) ใช้เวลา 8ms
[2025-06-12 08:54:19] [INFO] [NC-1749693258201-079] [AN:213/68] [NC:N1104] ประมวลผลแผน: N1104 (Q1) - INTERVAL
[2025-06-12 08:54:19] [INFO] [NC-1749693258201-079] [AN:213/68] [NC:N1104] Cancel แผนเดิม: N1104 จำนวน 1 รายการ (header เท่านั้น)
[2025-06-12 08:54:19] [INFO] [NC-1749693258201-079] [AN:213/68] [NC:N1104] Cancel แผนเดิม: N1104 จำนวน 1 รายการ
[2025-06-12 08:54:19] [INFO] [NC-1749693258201-079] [AN:213/68] [NC:N1104] สร้างแผนสำเร็จ: N1104 (24 รายการ) ใช้เวลา 19ms
[2025-06-12 08:54:19] [INFO] [NC-1749693258201-079] [AN:213/68]  AN 213/68 ประมวลผลสำเร็จ - สำเร็จ: 3, ล้มเหลว: 0
[2025-06-12 08:54:19] [INFO] [NC-1749693258201-079] [AN:213/68]  AN 213/68 ใช้เวลาทั้งหมด: 44ms
[2025-06-12 08:54:19] [INFO] [NC-1749693258201-079] [AN:23/68]  เริ่มประมวลผล AN: 23/68 (1 แผน)
[2025-06-12 08:54:19] [INFO] [NC-1749693258201-079] [AN:23/68] [NC:N0101] ประมวลผลแผน: N0101 (Q2) - INTERVAL
[2025-06-12 08:54:19] [INFO] [NC-1749693258201-079] [AN:23/68] [NC:N0101] Cancel แผนเดิม: N0101 จำนวน 1 รายการ (header เท่านั้น)
[2025-06-12 08:54:19] [INFO] [NC-1749693258201-079] [AN:23/68] [NC:N0101] Cancel แผนเดิม: N0101 จำนวน 1 รายการ
[2025-06-12 08:54:19] [INFO] [NC-1749693258201-079] [AN:23/68] [NC:N0101] สร้างแผนสำเร็จ: N0101 (12 รายการ) ใช้เวลา 13ms
[2025-06-12 08:54:19] [INFO] [NC-1749693258201-079] [AN:23/68]  AN 23/68 ประมวลผลสำเร็จ - สำเร็จ: 1, ล้มเหลว: 0
[2025-06-12 08:54:19] [INFO] [NC-1749693258201-079] [AN:23/68]  AN 23/68 ใช้เวลาทั้งหมด: 17ms
[2025-06-12 08:54:19] [INFO] [NC-1749693258201-079] [AN:2705/68]  เริ่มประมวลผล AN: 2705/68 (7 แผน)
[2025-06-12 08:54:19] [INFO] [NC-1749693258201-079] [AN:2705/68] [NC:N0105] ประมวลผลแผน: N0105 (OID) - PRESET
[2025-06-12 08:54:19] [INFO] [NC-1749693258201-079] [AN:2705/68] [NC:N0105] Cancel แผนเดิม: N0105 จำนวน 1 รายการ (header เท่านั้น)
[2025-06-12 08:54:19] [INFO] [NC-1749693258201-079] [AN:2705/68] [NC:N0105] Cancel แผนเดิม: N0105 จำนวน 1 รายการ
[2025-06-12 08:54:19] [INFO] [NC-1749693258201-079] [AN:2705/68] [NC:N0105] สร้างแผนสำเร็จ: N0105 (4 รายการ) ใช้เวลา 10ms
[2025-06-12 08:54:19] [INFO] [NC-1749693258201-079] [AN:2705/68] [NC:N0210] ประมวลผลแผน: N0210 (W2) - WEEKLY
[2025-06-12 08:54:19] [INFO] [NC-1749693258201-079] [AN:2705/68] [NC:N0210] Cancel แผนเดิม: N0210 จำนวน 1 รายการ (header เท่านั้น)
[2025-06-12 08:54:19] [INFO] [NC-1749693258201-079] [AN:2705/68] [NC:N0210] Cancel แผนเดิม: N0210 จำนวน 1 รายการ
[2025-06-12 08:54:19] [INFO] [NC-1749693258201-079] [AN:2705/68] [NC:N0210] สร้างแผนสำเร็จ: N0210 (0 รายการ) ใช้เวลา 8ms
[2025-06-12 08:54:19] [INFO] [NC-1749693258201-079] [AN:2705/68] [NC:N0301] ประมวลผลแผน: N0301 (Q2) - INTERVAL
[2025-06-12 08:54:19] [INFO] [NC-1749693258201-079] [AN:2705/68] [NC:N0301] Cancel แผนเดิม: N0301 จำนวน 1 รายการ (header เท่านั้น)
[2025-06-12 08:54:19] [INFO] [NC-1749693258201-079] [AN:2705/68] [NC:N0301] Cancel แผนเดิม: N0301 จำนวน 1 รายการ
[2025-06-12 08:54:19] [INFO] [NC-1749693258201-079] [AN:2705/68] [NC:N0301] สร้างแผนสำเร็จ: N0301 (12 รายการ) ใช้เวลา 15ms
[2025-06-12 08:54:19] [INFO] [NC-1749693258201-079] [AN:2705/68] [NC:N0304] ประมวลผลแผน: N0304 (OD) - PRESET
[2025-06-12 08:54:19] [INFO] [NC-1749693258201-079] [AN:2705/68] [NC:N0304] Cancel แผนเดิม: N0304 จำนวน 1 รายการ (header เท่านั้น)
[2025-06-12 08:54:19] [INFO] [NC-1749693258201-079] [AN:2705/68] [NC:N0304] Cancel แผนเดิม: N0304 จำนวน 1 รายการ
[2025-06-12 08:54:19] [INFO] [NC-1749693258201-079] [AN:2705/68] [NC:N0304] สร้างแผนสำเร็จ: N0304 (1 รายการ) ใช้เวลา 10ms
[2025-06-12 08:54:19] [INFO] [NC-1749693258201-079] [AN:2705/68] [NC:N0305] ประมวลผลแผน: N0305 (W1) - WEEKLY
[2025-06-12 08:54:19] [INFO] [NC-1749693258201-079] [AN:2705/68] [NC:N0305] Cancel แผนเดิม: N0305 จำนวน 1 รายการ (header เท่านั้น)
[2025-06-12 08:54:19] [INFO] [NC-1749693258201-079] [AN:2705/68] [NC:N0305] Cancel แผนเดิม: N0305 จำนวน 1 รายการ
[2025-06-12 08:54:19] [INFO] [NC-1749693258201-079] [AN:2705/68] [NC:N0305] สร้างแผนสำเร็จ: N0305 (0 รายการ) ใช้เวลา 9ms
[2025-06-12 08:54:19] [INFO] [NC-1749693258201-079] [AN:2705/68] [NC:N0701] ประมวลผลแผน: N0701 (W2) - WEEKLY
[2025-06-12 08:54:19] [INFO] [NC-1749693258201-079] [AN:2705/68] [NC:N0701] Cancel แผนเดิม: N0701 จำนวน 1 รายการ (header เท่านั้น)
[2025-06-12 08:54:19] [INFO] [NC-1749693258201-079] [AN:2705/68] [NC:N0701] Cancel แผนเดิม: N0701 จำนวน 1 รายการ
[2025-06-12 08:54:19] [INFO] [NC-1749693258201-079] [AN:2705/68] [NC:N0701] สร้างแผนสำเร็จ: N0701 (0 รายการ) ใช้เวลา 9ms
[2025-06-12 08:54:19] [INFO] [NC-1749693258201-079] [AN:2705/68] [NC:N0702] ประมวลผลแผน: N0702 (BID) - PRESET
[2025-06-12 08:54:19] [INFO] [NC-1749693258201-079] [AN:2705/68] [NC:N0702] Cancel แผนเดิม: N0702 จำนวน 1 รายการ (header เท่านั้น)
[2025-06-12 08:54:19] [INFO] [NC-1749693258201-079] [AN:2705/68] [NC:N0702] Cancel แผนเดิม: N0702 จำนวน 1 รายการ
[2025-06-12 08:54:19] [INFO] [NC-1749693258201-079] [AN:2705/68] [NC:N0702] สร้างแผนสำเร็จ: N0702 (2 รายการ) ใช้เวลา 11ms
[2025-06-12 08:54:19] [INFO] [NC-1749693258201-079] [AN:2705/68]  AN 2705/68 ประมวลผลสำเร็จ - สำเร็จ: 7, ล้มเหลว: 0
[2025-06-12 08:54:19] [INFO] [NC-1749693258201-079] [AN:2705/68]  AN 2705/68 ใช้เวลาทั้งหมด: 160ms
[2025-06-12 08:54:19] [INFO] [NC-1749693258201-079] [AN:2907/68]  เริ่มประมวลผล AN: 2907/68 (2 แผน)
[2025-06-12 08:54:19] [INFO] [NC-1749693258201-079] [AN:2907/68] [NC:N0605] ประมวลผลแผน: N0605 (Q1) - INTERVAL
[2025-06-12 08:54:19] [INFO] [NC-1749693258201-079] [AN:2907/68] [NC:N0605] Cancel แผนเดิม: N0605 จำนวน 1 รายการ (header เท่านั้น)
[2025-06-12 08:54:19] [INFO] [NC-1749693258201-079] [AN:2907/68] [NC:N0605] Cancel แผนเดิม: N0605 จำนวน 1 รายการ
[2025-06-12 08:54:19] [INFO] [NC-1749693258201-079] [AN:2907/68] [NC:N0605] สร้างแผนสำเร็จ: N0605 (24 รายการ) ใช้เวลา 25ms
[2025-06-12 08:54:19] [INFO] [NC-1749693258201-079] [AN:2907/68] [NC:N1105] ประมวลผลแผน: N1105 (TID) - PRESET
[2025-06-12 08:54:19] [INFO] [NC-1749693258201-079] [AN:2907/68] [NC:N1105] Cancel แผนเดิม: N1105 จำนวน 1 รายการ (header เท่านั้น)
[2025-06-12 08:54:19] [INFO] [NC-1749693258201-079] [AN:2907/68] [NC:N1105] Cancel แผนเดิม: N1105 จำนวน 1 รายการ
[2025-06-12 08:54:19] [INFO] [NC-1749693258201-079] [AN:2907/68] [NC:N1105] สร้างแผนสำเร็จ: N1105 (3 รายการ) ใช้เวลา 11ms
[2025-06-12 08:54:19] [INFO] [NC-1749693258201-079] [AN:2907/68]  AN 2907/68 ประมวลผลสำเร็จ - สำเร็จ: 2, ล้มเหลว: 0
[2025-06-12 08:54:19] [INFO] [NC-1749693258201-079] [AN:2907/68]  AN 2907/68 ใช้เวลาทั้งหมด: 45ms
[2025-06-12 08:54:19] [INFO] [NC-1749693258201-079] [AN:3019/68]  เริ่มประมวลผล AN: 3019/68 (2 แผน)
[2025-06-12 08:54:19] [INFO] [NC-1749693258201-079] [AN:3019/68] [NC:N0202] ประมวลผลแผน: N0202 (BID) - PRESET
[2025-06-12 08:54:19] [INFO] [NC-1749693258201-079] [AN:3019/68] [NC:N0202] Cancel แผนเดิม: N0202 จำนวน 1 รายการ (header เท่านั้น)
[2025-06-12 08:54:19] [INFO] [NC-1749693258201-079] [AN:3019/68] [NC:N0202] Cancel แผนเดิม: N0202 จำนวน 1 รายการ
[2025-06-12 08:54:19] [INFO] [NC-1749693258201-079] [AN:3019/68] [NC:N0202] สร้างแผนสำเร็จ: N0202 (2 รายการ) ใช้เวลา 9ms
[2025-06-12 08:54:19] [INFO] [NC-1749693258201-079] [AN:3019/68] [NC:N0701] ประมวลผลแผน: N0701 (OID) - PRESET
[2025-06-12 08:54:19] [INFO] [NC-1749693258201-079] [AN:3019/68] [NC:N0701] Cancel แผนเดิม: N0701 จำนวน 1 รายการ (header เท่านั้น)
[2025-06-12 08:54:19] [INFO] [NC-1749693258201-079] [AN:3019/68] [NC:N0701] Cancel แผนเดิม: N0701 จำนวน 1 รายการ
[2025-06-12 08:54:19] [INFO] [NC-1749693258201-079] [AN:3019/68] [NC:N0701] สร้างแผนสำเร็จ: N0701 (4 รายการ) ใช้เวลา 11ms
[2025-06-12 08:54:19] [INFO] [NC-1749693258201-079] [AN:3019/68]  AN 3019/68 ประมวลผลสำเร็จ - สำเร็จ: 2, ล้มเหลว: 0
[2025-06-12 08:54:19] [INFO] [NC-1749693258201-079] [AN:3019/68]  AN 3019/68 ใช้เวลาทั้งหมด: 29ms
[2025-06-12 08:54:19] [INFO] [NC-1749693258201-079] [AN:3207/68]  เริ่มประมวลผล AN: 3207/68 (1 แผน)
[2025-06-12 08:54:19] [INFO] [NC-1749693258201-079] [AN:3207/68] [NC:N0102] ประมวลผลแผน: N0102 (BID) - PRESET
[2025-06-12 08:54:19] [INFO] [NC-1749693258201-079] [AN:3207/68] [NC:N0102] Cancel แผนเดิม: N0102 จำนวน 1 รายการ (header เท่านั้น)
[2025-06-12 08:54:19] [INFO] [NC-1749693258201-079] [AN:3207/68] [NC:N0102] Cancel แผนเดิม: N0102 จำนวน 1 รายการ
[2025-06-12 08:54:19] [INFO] [NC-1749693258201-079] [AN:3207/68] [NC:N0102] สร้างแผนสำเร็จ: N0102 (2 รายการ) ใช้เวลา 15ms
[2025-06-12 08:54:19] [INFO] [NC-1749693258201-079] [AN:3207/68]  AN 3207/68 ประมวลผลสำเร็จ - สำเร็จ: 1, ล้มเหลว: 0
[2025-06-12 08:54:19] [INFO] [NC-1749693258201-079] [AN:3207/68]  AN 3207/68 ใช้เวลาทั้งหมด: 25ms
[2025-06-12 08:54:19] [INFO] [NC-1749693258201-079] [AN:3223/68]  เริ่มประมวลผล AN: 3223/68 (2 แผน)
[2025-06-12 08:54:19] [INFO] [NC-1749693258201-079] [AN:3223/68] [NC:N0103] ประมวลผลแผน: N0103 (W2) - WEEKLY
[2025-06-12 08:54:19] [INFO] [NC-1749693258201-079] [AN:3223/68] [NC:N0103] Cancel แผนเดิม: N0103 จำนวน 1 รายการ (header เท่านั้น)
[2025-06-12 08:54:19] [INFO] [NC-1749693258201-079] [AN:3223/68] [NC:N0103] Cancel แผนเดิม: N0103 จำนวน 1 รายการ
[2025-06-12 08:54:19] [INFO] [NC-1749693258201-079] [AN:3223/68] [NC:N0103] สร้างแผนสำเร็จ: N0103 (0 รายการ) ใช้เวลา 9ms
[2025-06-12 08:54:19] [INFO] [NC-1749693258201-079] [AN:3223/68] [NC:N0301] ประมวลผลแผน: N0301 (OID) - PRESET
[2025-06-12 08:54:19] [INFO] [NC-1749693258201-079] [AN:3223/68] [NC:N0301] Cancel แผนเดิม: N0301 จำนวน 1 รายการ (header เท่านั้น)
[2025-06-12 08:54:19] [INFO] [NC-1749693258201-079] [AN:3223/68] [NC:N0301] Cancel แผนเดิม: N0301 จำนวน 1 รายการ
[2025-06-12 08:54:19] [INFO] [NC-1749693258201-079] [AN:3223/68] [NC:N0301] สร้างแผนสำเร็จ: N0301 (4 รายการ) ใช้เวลา 14ms
[2025-06-12 08:54:19] [INFO] [NC-1749693258201-079] [AN:3223/68]  AN 3223/68 ประมวลผลสำเร็จ - สำเร็จ: 2, ล้มเหลว: 0
[2025-06-12 08:54:19] [INFO] [NC-1749693258201-079] [AN:3223/68]  AN 3223/68 ใช้เวลาทั้งหมด: 32ms
[2025-06-12 08:54:19] [INFO] [NC-1749693258201-079] [AN:3230/68]  เริ่มประมวลผล AN: 3230/68 (10 แผน)
[2025-06-12 08:54:19] [INFO] [NC-1749693258201-079] [AN:3230/68] [NC:N0301] ประมวลผลแผน: N0301 (Q3) - INTERVAL
[2025-06-12 08:54:19] [INFO] [NC-1749693258201-079] [AN:3230/68] [NC:N0301] Cancel แผนเดิม: N0301 จำนวน 1 รายการ (header เท่านั้น)
[2025-06-12 08:54:19] [INFO] [NC-1749693258201-079] [AN:3230/68] [NC:N0301] Cancel แผนเดิม: N0301 จำนวน 1 รายการ
[2025-06-12 08:54:19] [INFO] [NC-1749693258201-079] [AN:3230/68] [NC:N0301] สร้างแผนสำเร็จ: N0301 (8 รายการ) ใช้เวลา 17ms
[2025-06-12 08:54:19] [INFO] [NC-1749693258201-079] [AN:3230/68] [NC:N0302] ประมวลผลแผน: N0302 (Q1) - INTERVAL
[2025-06-12 08:54:19] [INFO] [NC-1749693258201-079] [AN:3230/68] [NC:N0302] Cancel แผนเดิม: N0302 จำนวน 1 รายการ (header เท่านั้น)
[2025-06-12 08:54:19] [INFO] [NC-1749693258201-079] [AN:3230/68] [NC:N0302] Cancel แผนเดิม: N0302 จำนวน 1 รายการ
[2025-06-12 08:54:19] [INFO] [NC-1749693258201-079] [AN:3230/68] [NC:N0302] สร้างแผนสำเร็จ: N0302 (24 รายการ) ใช้เวลา 26ms
[2025-06-12 08:54:19] [INFO] [NC-1749693258201-079] [AN:3230/68] [NC:N0401] ประมวลผลแผน: N0401 (TID) - PRESET
[2025-06-12 08:54:19] [INFO] [NC-1749693258201-079] [AN:3230/68] [NC:N0401] Cancel แผนเดิม: N0401 จำนวน 1 รายการ (header เท่านั้น)
[2025-06-12 08:54:19] [INFO] [NC-1749693258201-079] [AN:3230/68] [NC:N0401] Cancel แผนเดิม: N0401 จำนวน 1 รายการ
[2025-06-12 08:54:19] [INFO] [NC-1749693258201-079] [AN:3230/68] [NC:N0401] สร้างแผนสำเร็จ: N0401 (3 รายการ) ใช้เวลา 12ms
[2025-06-12 08:54:19] [INFO] [NC-1749693258201-079] [AN:3230/68] [NC:N0402] ประมวลผลแผน: N0402 (Q2) - INTERVAL
[2025-06-12 08:54:19] [INFO] [NC-1749693258201-079] [AN:3230/68] [NC:N0402] Cancel แผนเดิม: N0402 จำนวน 1 รายการ (header เท่านั้น)
[2025-06-12 08:54:19] [INFO] [NC-1749693258201-079] [AN:3230/68] [NC:N0402] Cancel แผนเดิม: N0402 จำนวน 1 รายการ
[2025-06-12 08:54:19] [INFO] [NC-1749693258201-079] [AN:3230/68] [NC:N0402] สร้างแผนสำเร็จ: N0402 (12 รายการ) ใช้เวลา 17ms
[2025-06-12 08:54:19] [INFO] [NC-1749693258201-079] [AN:3230/68] [NC:N0501] ประมวลผลแผน: N0501 (BID) - PRESET
[2025-06-12 08:54:19] [INFO] [NC-1749693258201-079] [AN:3230/68] [NC:N0501] Cancel แผนเดิม: N0501 จำนวน 1 รายการ (header เท่านั้น)
[2025-06-12 08:54:19] [INFO] [NC-1749693258201-079] [AN:3230/68] [NC:N0501] Cancel แผนเดิม: N0501 จำนวน 1 รายการ
[2025-06-12 08:54:19] [INFO] [NC-1749693258201-079] [AN:3230/68] [NC:N0501] สร้างแผนสำเร็จ: N0501 (2 รายการ) ใช้เวลา 8ms
[2025-06-12 08:54:19] [INFO] [NC-1749693258201-079] [AN:3230/68] [NC:N0502] ประมวลผลแผน: N0502 (W2) - WEEKLY
[2025-06-12 08:54:19] [INFO] [NC-1749693258201-079] [AN:3230/68] [NC:N0502] Cancel แผนเดิม: N0502 จำนวน 1 รายการ (header เท่านั้น)
[2025-06-12 08:54:19] [INFO] [NC-1749693258201-079] [AN:3230/68] [NC:N0502] Cancel แผนเดิม: N0502 จำนวน 1 รายการ
[2025-06-12 08:54:19] [INFO] [NC-1749693258201-079] [AN:3230/68] [NC:N0502] สร้างแผนสำเร็จ: N0502 (0 รายการ) ใช้เวลา 7ms
[2025-06-12 08:54:19] [INFO] [NC-1749693258201-079] [AN:3230/68] [NC:N0801] ประมวลผลแผน: N0801 (Q2) - INTERVAL
[2025-06-12 08:54:19] [INFO] [NC-1749693258201-079] [AN:3230/68] [NC:N0801] Cancel แผนเดิม: N0801 จำนวน 1 รายการ (header เท่านั้น)
[2025-06-12 08:54:19] [INFO] [NC-1749693258201-079] [AN:3230/68] [NC:N0801] Cancel แผนเดิม: N0801 จำนวน 1 รายการ
[2025-06-12 08:54:19] [INFO] [NC-1749693258201-079] [AN:3230/68] [NC:N0801] สร้างแผนสำเร็จ: N0801 (12 รายการ) ใช้เวลา 15ms
[2025-06-12 08:54:19] [INFO] [NC-1749693258201-079] [AN:3230/68] [NC:N0802] ประมวลผลแผน: N0802 (Q3) - INTERVAL
[2025-06-12 08:54:19] [INFO] [NC-1749693258201-079] [AN:3230/68] [NC:N0802] Cancel แผนเดิม: N0802 จำนวน 1 รายการ (header เท่านั้น)
[2025-06-12 08:54:19] [INFO] [NC-1749693258201-079] [AN:3230/68] [NC:N0802] Cancel แผนเดิม: N0802 จำนวน 1 รายการ
[2025-06-12 08:54:19] [INFO] [NC-1749693258201-079] [AN:3230/68] [NC:N0802] สร้างแผนสำเร็จ: N0802 (8 รายการ) ใช้เวลา 12ms
[2025-06-12 08:54:19] [INFO] [NC-1749693258201-079] [AN:3230/68] [NC:N0902] ประมวลผลแผน: N0902 (W3) - WEEKLY
[2025-06-12 08:54:19] [INFO] [NC-1749693258201-079] [AN:3230/68] [NC:N0902] Cancel แผนเดิม: N0902 จำนวน 1 รายการ (header เท่านั้น)
[2025-06-12 08:54:19] [INFO] [NC-1749693258201-079] [AN:3230/68] [NC:N0902] Cancel แผนเดิม: N0902 จำนวน 1 รายการ
[2025-06-12 08:54:19] [INFO] [NC-1749693258201-079] [AN:3230/68] [NC:N0902] สร้างแผนสำเร็จ: N0902 (0 รายการ) ใช้เวลา 5ms
[2025-06-12 08:54:19] [INFO] [NC-1749693258201-079] [AN:3230/68] [NC:N1104] ประมวลผลแผน: N1104 (Q1) - INTERVAL
[2025-06-12 08:54:19] [INFO] [NC-1749693258201-079] [AN:3230/68] [NC:N1104] Cancel แผนเดิม: N1104 จำนวน 1 รายการ (header เท่านั้น)
[2025-06-12 08:54:19] [INFO] [NC-1749693258201-079] [AN:3230/68] [NC:N1104] Cancel แผนเดิม: N1104 จำนวน 1 รายการ
[2025-06-12 08:54:19] [INFO] [NC-1749693258201-079] [AN:3230/68] [NC:N1104] สร้างแผนสำเร็จ: N1104 (24 รายการ) ใช้เวลา 17ms
[2025-06-12 08:54:19] [INFO] [NC-1749693258201-079] [AN:3230/68]  AN 3230/68 ประมวลผลสำเร็จ - สำเร็จ: 10, ล้มเหลว: 0
[2025-06-12 08:54:19] [INFO] [NC-1749693258201-079] [AN:3230/68]  AN 3230/68 ใช้เวลาทั้งหมด: 168ms
[2025-06-12 08:54:19] [INFO] [NC-1749693258201-079] [AN:3240/68]  เริ่มประมวลผล AN: 3240/68 (2 แผน)
[2025-06-12 08:54:19] [INFO] [NC-1749693258201-079] [AN:3240/68] [NC:N0202] ประมวลผลแผน: N0202 (W2) - WEEKLY
[2025-06-12 08:54:19] [INFO] [NC-1749693258201-079] [AN:3240/68] [NC:N0202] Cancel แผนเดิม: N0202 จำนวน 1 รายการ (header เท่านั้น)
[2025-06-12 08:54:19] [INFO] [NC-1749693258201-079] [AN:3240/68] [NC:N0202] Cancel แผนเดิม: N0202 จำนวน 1 รายการ
[2025-06-12 08:54:19] [INFO] [NC-1749693258201-079] [AN:3240/68] [NC:N0202] สร้างแผนสำเร็จ: N0202 (0 รายการ) ใช้เวลา 6ms
[2025-06-12 08:54:19] [INFO] [NC-1749693258201-079] [AN:3240/68] [NC:N0503] ประมวลผลแผน: N0503 (OID) - PRESET
[2025-06-12 08:54:19] [INFO] [NC-1749693258201-079] [AN:3240/68] [NC:N0503] Cancel แผนเดิม: N0503 จำนวน 1 รายการ (header เท่านั้น)
[2025-06-12 08:54:19] [INFO] [NC-1749693258201-079] [AN:3240/68] [NC:N0503] Cancel แผนเดิม: N0503 จำนวน 1 รายการ
[2025-06-12 08:54:19] [INFO] [NC-1749693258201-079] [AN:3240/68] [NC:N0503] สร้างแผนสำเร็จ: N0503 (4 รายการ) ใช้เวลา 8ms
[2025-06-12 08:54:19] [INFO] [NC-1749693258201-079] [AN:3240/68]  AN 3240/68 ประมวลผลสำเร็จ - สำเร็จ: 2, ล้มเหลว: 0
[2025-06-12 08:54:19] [INFO] [NC-1749693258201-079] [AN:3240/68]  AN 3240/68 ใช้เวลาทั้งหมด: 21ms
[2025-06-12 08:54:19] [INFO] [NC-1749693258201-079]   Auto Generate NC Plan เสร็จสิ้น - commit transaction สำเร็จ
[2025-06-12 08:54:19] [INFO] [NC-1749693258201-079]   === สิ้นสุด Auto Generate NC Plan Session ===
[2025-06-12 08:54:19] [INFO] [NC-1749693258201-079]   เวลาสิ้นสุด: 2025-06-12 08:54:19
[2025-06-12 08:54:19] [INFO] [NC-1749693258201-079]   ระยะเวลาทั้งหมด: 2 วินาที
[2025-06-12 08:54:19] [INFO] [NC-1749693258201-079]   
=== สรุปผลการ Auto Generate NC Plan ===
[2025-06-12 08:54:19] [INFO] [NC-1749693258201-079]   AN ทั้งหมด: 15
[2025-06-12 08:54:19] [INFO] [NC-1749693258201-079]   AN สำเร็จ: 15
[2025-06-12 08:54:19] [INFO] [NC-1749693258201-079]   AN ล้มเหลว: 0
[2025-06-12 08:54:19] [INFO] [NC-1749693258201-079]   AN ข้าม: 0
[2025-06-12 08:54:19] [INFO] [NC-1749693258201-079]   แผนทั้งหมด: 0
[2025-06-12 08:54:19] [INFO] [NC-1749693258201-079]   แผนสำเร็จ: 162
[2025-06-12 08:54:19] [INFO] [NC-1749693258201-079]   แผนล้มเหลว: 0
[2025-06-12 08:54:19] [INFO] [NC-1749693258201-079]   แผนข้าม: 0
[2025-06-12 08:54:19] [INFO] [NC-1749693258201-079]   เวลาเฉลี่ยต่อแผน: 15ms (ต่ำสุด: 5ms, สูงสุด: 114ms)
[2025-06-12 08:54:19] [INFO] [NC-1749693258201-079]   อัตราความสำเร็จ: 100%
[2025-06-12 08:54:19] [INFO] [NC-1749693258201-079]   บันทึกลง tbl_ur_generate_daily_log สำเร็จ
[2025-06-12 08:54:19] [INFO] [NC-1749693258201-079]   บันทึกลง tbl_ur_autogeneratestats สำเร็จ
[2025-06-12 08:54:19] [INFO] [NC-1749693258201-079]   บันทึกสถิติลงฐานข้อมูลเสร็จสิ้น
[2025-06-12 08:54:19] [INFO] [NC-1749693257903-814]   Auto Generate NC Plan เสร็จสิ้น: สำเร็จ
[2025-06-12 08:54:19] [INFO] [NC-1749693257903-814]   === สิ้นสุด Auto Generate NC Plan Session ===
[2025-06-12 08:54:19] [INFO] [NC-1749693257903-814]   เวลาสิ้นสุด: 2025-06-12 08:54:19
[2025-06-12 08:54:19] [INFO] [NC-1749693257903-814]   ระยะเวลาทั้งหมด: 2 วินาที
[2025-06-12 08:54:19] [INFO] [NC-1749693257903-814]   
=== สรุปผลการ Auto Generate NC Plan ===
[2025-06-12 08:54:19] [INFO] [NC-1749693257903-814]   AN ทั้งหมด: 0
[2025-06-12 08:54:19] [INFO] [NC-1749693257903-814]   AN สำเร็จ: 0
[2025-06-12 08:54:19] [INFO] [NC-1749693257903-814]   AN ล้มเหลว: 0
[2025-06-12 08:54:19] [INFO] [NC-1749693257903-814]   AN ข้าม: 0
[2025-06-12 08:54:19] [INFO] [NC-1749693257903-814]   แผนทั้งหมด: 0
[2025-06-12 08:54:19] [INFO] [NC-1749693257903-814]   แผนสำเร็จ: 0
[2025-06-12 08:54:19] [INFO] [NC-1749693257903-814]   แผนล้มเหลว: 0
[2025-06-12 08:54:19] [INFO] [NC-1749693257903-814]   แผนข้าม: 0
[2025-06-12 08:54:19] [INFO] [NC-1749693257903-814]   อัตราความสำเร็จ: 0%
[2025-06-12 08:54:19] [INFO] [NC-1749693257903-814]   บันทึกลง tbl_ur_generate_daily_log สำเร็จ
[2025-06-12 08:54:19] [INFO] [NC-1749693257903-814]   บันทึกลง tbl_ur_autogeneratestats สำเร็จ
[2025-06-12 08:54:19] [INFO] [NC-1749693257903-814]   บันทึกสถิติลงฐานข้อมูลเสร็จสิ้น
