[2025-06-08 18:06:26] [INFO] [NC-1749380786554-873]   === เริ่มต้น Auto Generate NC Plan Session ===
[2025-06-08 18:06:26] [INFO] [NC-1749380786554-873]   Session ID: NC-1749380786554-873
[2025-06-08 18:06:26] [INFO] [NC-1749380786554-873]   เวลาเริ่มต้น: 2025-06-08 18:06:26
[2025-06-08 18:06:26] [INFO] [NC-1749380786554-873]   เริ่มต้น Auto Generate NC Plan
[2025-06-08 18:06:26] [INFO] [NC-1749380786882-949]   === เริ่มต้น Auto Generate NC Plan Session ===
[2025-06-08 18:06:26] [INFO] [NC-1749380786882-949]   Session ID: NC-1749380786882-949
[2025-06-08 18:06:26] [INFO] [NC-1749380786882-949]   เวลาเริ่มต้น: 2025-06-08 18:06:26
[2025-06-08 18:06:26] [INFO] [NC-1749380786882-949]   เริ่มต้นระบบ Auto Generate NC Plan
[2025-06-08 18:06:26] [INFO] [NC-1749380786882-949]   พบแผน NC ทั้งหมด: 10 รายการ
[2025-06-08 18:06:26] [INFO] [NC-1749380786882-949]   แผนที่ถูกต้อง: 10 รายการ
[2025-06-08 18:06:26] [INFO] [NC-1749380786882-949]   แผนที่ไม่สมบูรณ์: 0 รายการ
[2025-06-08 18:06:26] [INFO] [NC-1749380786882-949]   จัดกลุ่มได้ 2 AN ที่ต้อง generate NC plan
[2025-06-08 18:06:26] [INFO] [NC-1749380786882-949] [AN:12/68]  เริ่มประมวลผล AN: 12/68 (8 แผน)
[2025-06-08 18:06:26] [INFO] [NC-1749380786882-949] [AN:12/68] [NC:N0101] ประมวลผลแผน: N0101 (Q2) - INTERVAL
[2025-06-08 18:06:26] [INFO] [NC-1749380786882-949] [AN:12/68] [NC:N0101] Cancel แผนเดิม: N0101 จำนวน 2 รายการ (header เท่านั้น)
[2025-06-08 18:06:26] [INFO] [NC-1749380786882-949] [AN:12/68] [NC:N0101] Cancel แผนเดิม: N0101 จำนวน 2 รายการ
[2025-06-08 18:06:26] [INFO] [NC-1749380786882-949] [AN:12/68] [NC:N0101] สร้างแผนสำเร็จ: N0101 (12 รายการ) ใช้เวลา 26ms
[2025-06-08 18:06:26] [INFO] [NC-1749380786882-949] [AN:12/68] [NC:N0101] ประมวลผลแผน: N0101 (Q2) - INTERVAL
[2025-06-08 18:06:26] [INFO] [NC-1749380786882-949] [AN:12/68] [NC:N0101] สร้างแผนสำเร็จ: N0101 (12 รายการ) ใช้เวลา 19ms
[2025-06-08 18:06:26] [INFO] [NC-1749380786882-949] [AN:12/68] [NC:N0102] ประมวลผลแผน: N0102 (Q1) - INTERVAL
[2025-06-08 18:06:26] [INFO] [NC-1749380786882-949] [AN:12/68] [NC:N0102] Cancel แผนเดิม: N0102 จำนวน 2 รายการ (header เท่านั้น)
[2025-06-08 18:06:27] [INFO] [NC-1749380786882-949] [AN:12/68] [NC:N0102] Cancel แผนเดิม: N0102 จำนวน 2 รายการ
[2025-06-08 18:06:27] [INFO] [NC-1749380786882-949] [AN:12/68] [NC:N0102] สร้างแผนสำเร็จ: N0102 (24 รายการ) ใช้เวลา 37ms
[2025-06-08 18:06:27] [INFO] [NC-1749380786882-949] [AN:12/68] [NC:N0102] ประมวลผลแผน: N0102 (Q1) - INTERVAL
[2025-06-08 18:06:27] [INFO] [NC-1749380786882-949] [AN:12/68] [NC:N0102] สร้างแผนสำเร็จ: N0102 (24 รายการ) ใช้เวลา 40ms
[2025-06-08 18:06:27] [INFO] [NC-1749380786882-949] [AN:12/68] [NC:N0303] ประมวลผลแผน: N0303 (OD) - PRESET
[2025-06-08 18:06:27] [INFO] [NC-1749380786882-949] [AN:12/68] [NC:N0303] Cancel แผนเดิม: N0303 จำนวน 2 รายการ (header เท่านั้น)
[2025-06-08 18:06:27] [INFO] [NC-1749380786882-949] [AN:12/68] [NC:N0303] Cancel แผนเดิม: N0303 จำนวน 2 รายการ
[2025-06-08 18:06:27] [INFO] [NC-1749380786882-949] [AN:12/68] [NC:N0303] สร้างแผนสำเร็จ: N0303 (1 รายการ) ใช้เวลา 18ms
[2025-06-08 18:06:27] [INFO] [NC-1749380786882-949] [AN:12/68] [NC:N0303] ประมวลผลแผน: N0303 (OD) - PRESET
[2025-06-08 18:06:27] [INFO] [NC-1749380786882-949] [AN:12/68] [NC:N0303] สร้างแผนสำเร็จ: N0303 (1 รายการ) ใช้เวลา 13ms
[2025-06-08 18:06:27] [INFO] [NC-1749380786882-949] [AN:12/68] [NC:N0501] ประมวลผลแผน: N0501 (Q1) - INTERVAL
[2025-06-08 18:06:27] [INFO] [NC-1749380786882-949] [AN:12/68] [NC:N0501] Cancel แผนเดิม: N0501 จำนวน 2 รายการ (header เท่านั้น)
[2025-06-08 18:06:27] [INFO] [NC-1749380786882-949] [AN:12/68] [NC:N0501] Cancel แผนเดิม: N0501 จำนวน 2 รายการ
[2025-06-08 18:06:27] [INFO] [NC-1749380786882-949] [AN:12/68] [NC:N0501] สร้างแผนสำเร็จ: N0501 (24 รายการ) ใช้เวลา 32ms
[2025-06-08 18:06:27] [INFO] [NC-1749380786882-949] [AN:12/68] [NC:N0501] ประมวลผลแผน: N0501 (Q1) - INTERVAL
[2025-06-08 18:06:27] [INFO] [NC-1749380786882-949] [AN:12/68] [NC:N0501] สร้างแผนสำเร็จ: N0501 (24 รายการ) ใช้เวลา 29ms
[2025-06-08 18:06:27] [INFO] [NC-1749380786882-949] [AN:12/68]  AN 12/68 ประมวลผลสำเร็จ - สำเร็จ: 8, ล้มเหลว: 0
[2025-06-08 18:06:27] [INFO] [NC-1749380786882-949] [AN:12/68]  AN 12/68 ใช้เวลาทั้งหมด: 256ms
[2025-06-08 18:06:27] [INFO] [NC-1749380786882-949] [AN:142/68]  เริ่มประมวลผล AN: 142/68 (2 แผน)
[2025-06-08 18:06:27] [INFO] [NC-1749380786882-949] [AN:142/68] [NC:N0801] ประมวลผลแผน: N0801 (Q1) - INTERVAL
[2025-06-08 18:06:27] [INFO] [NC-1749380786882-949] [AN:142/68] [NC:N0801] Cancel แผนเดิม: N0801 จำนวน 2 รายการ (header เท่านั้น)
[2025-06-08 18:06:27] [INFO] [NC-1749380786882-949] [AN:142/68] [NC:N0801] Cancel แผนเดิม: N0801 จำนวน 2 รายการ
[2025-06-08 18:06:27] [INFO] [NC-1749380786882-949] [AN:142/68] [NC:N0801] สร้างแผนสำเร็จ: N0801 (24 รายการ) ใช้เวลา 44ms
[2025-06-08 18:06:27] [INFO] [NC-1749380786882-949] [AN:142/68] [NC:N0801] ประมวลผลแผน: N0801 (Q1) - INTERVAL
[2025-06-08 18:06:27] [INFO] [NC-1749380786882-949] [AN:142/68] [NC:N0801] สร้างแผนสำเร็จ: N0801 (24 รายการ) ใช้เวลา 42ms
[2025-06-08 18:06:27] [INFO] [NC-1749380786882-949] [AN:142/68]  AN 142/68 ประมวลผลสำเร็จ - สำเร็จ: 2, ล้มเหลว: 0
[2025-06-08 18:06:27] [INFO] [NC-1749380786882-949] [AN:142/68]  AN 142/68 ใช้เวลาทั้งหมด: 103ms
[2025-06-08 18:06:27] [INFO] [NC-1749380786882-949]   Auto Generate NC Plan เสร็จสิ้น - commit transaction สำเร็จ
[2025-06-08 18:06:27] [INFO] [NC-1749380786882-949]   === สิ้นสุด Auto Generate NC Plan Session ===
[2025-06-08 18:06:27] [INFO] [NC-1749380786882-949]   เวลาสิ้นสุด: 2025-06-08 18:06:27
[2025-06-08 18:06:27] [INFO] [NC-1749380786882-949]   ระยะเวลาทั้งหมด: 0 วินาที
[2025-06-08 18:06:27] [INFO] [NC-1749380786882-949]   
=== สรุปผลการ Auto Generate NC Plan ===
[2025-06-08 18:06:27] [INFO] [NC-1749380786882-949]   AN ทั้งหมด: 2
[2025-06-08 18:06:27] [INFO] [NC-1749380786882-949]   AN สำเร็จ: 2
[2025-06-08 18:06:27] [INFO] [NC-1749380786882-949]   AN ล้มเหลว: 0
[2025-06-08 18:06:27] [INFO] [NC-1749380786882-949]   AN ข้าม: 0
[2025-06-08 18:06:27] [INFO] [NC-1749380786882-949]   แผนทั้งหมด: 0
[2025-06-08 18:06:27] [INFO] [NC-1749380786882-949]   แผนสำเร็จ: 20
[2025-06-08 18:06:27] [INFO] [NC-1749380786882-949]   แผนล้มเหลว: 0
[2025-06-08 18:06:27] [INFO] [NC-1749380786882-949]   แผนข้าม: 0
[2025-06-08 18:06:27] [INFO] [NC-1749380786882-949]   เวลาเฉลี่ยต่อแผน: 30ms (ต่ำสุด: 13ms, สูงสุด: 44ms)
[2025-06-08 18:06:27] [INFO] [NC-1749380786882-949]   อัตราความสำเร็จ: 100%
[2025-06-08 18:06:27] [INFO] [NC-1749380786882-949]   บันทึกลง tbl_ur_generate_daily_log สำเร็จ
[2025-06-08 18:06:27] [INFO] [NC-1749380786882-949]   บันทึกลง tbl_ur_autogeneratestats สำเร็จ
[2025-06-08 18:06:27] [INFO] [NC-1749380786882-949]   บันทึกสถิติลงฐานข้อมูลเสร็จสิ้น
[2025-06-08 18:06:27] [INFO] [NC-1749380786554-873]   Auto Generate NC Plan เสร็จสิ้น: สำเร็จ
[2025-06-08 18:06:27] [INFO] [NC-1749380786554-873]   === สิ้นสุด Auto Generate NC Plan Session ===
[2025-06-08 18:06:27] [INFO] [NC-1749380786554-873]   เวลาสิ้นสุด: 2025-06-08 18:06:27
[2025-06-08 18:06:27] [INFO] [NC-1749380786554-873]   ระยะเวลาทั้งหมด: 1 วินาที
[2025-06-08 18:06:27] [INFO] [NC-1749380786554-873]   
=== สรุปผลการ Auto Generate NC Plan ===
[2025-06-08 18:06:27] [INFO] [NC-1749380786554-873]   AN ทั้งหมด: 0
[2025-06-08 18:06:27] [INFO] [NC-1749380786554-873]   AN สำเร็จ: 0
[2025-06-08 18:06:27] [INFO] [NC-1749380786554-873]   AN ล้มเหลว: 0
[2025-06-08 18:06:27] [INFO] [NC-1749380786554-873]   AN ข้าม: 0
[2025-06-08 18:06:27] [INFO] [NC-1749380786554-873]   แผนทั้งหมด: 0
[2025-06-08 18:06:27] [INFO] [NC-1749380786554-873]   แผนสำเร็จ: 0
[2025-06-08 18:06:27] [INFO] [NC-1749380786554-873]   แผนล้มเหลว: 0
[2025-06-08 18:06:27] [INFO] [NC-1749380786554-873]   แผนข้าม: 0
[2025-06-08 18:06:27] [INFO] [NC-1749380786554-873]   อัตราความสำเร็จ: 0%
[2025-06-08 18:06:27] [INFO] [NC-1749380786554-873]   บันทึกลง tbl_ur_generate_daily_log สำเร็จ
[2025-06-08 18:06:27] [INFO] [NC-1749380786554-873]   บันทึกลง tbl_ur_autogeneratestats สำเร็จ
[2025-06-08 18:06:27] [INFO] [NC-1749380786554-873]   บันทึกสถิติลงฐานข้อมูลเสร็จสิ้น
[2025-06-08 18:06:50] [INFO] [NC-1749380810253-972]   === เริ่มต้น Auto Generate NC Plan Session ===
[2025-06-08 18:06:50] [INFO] [NC-1749380810253-972]   Session ID: NC-1749380810253-972
[2025-06-08 18:06:50] [INFO] [NC-1749380810253-972]   เวลาเริ่มต้น: 2025-06-08 18:06:50
[2025-06-08 18:06:50] [INFO] [NC-1749380810253-972]   เริ่มต้น Auto Generate NC Plan
[2025-06-08 18:06:50] [INFO] [NC-1749380810355-238]   === เริ่มต้น Auto Generate NC Plan Session ===
[2025-06-08 18:06:50] [INFO] [NC-1749380810355-238]   Session ID: NC-1749380810355-238
[2025-06-08 18:06:50] [INFO] [NC-1749380810355-238]   เวลาเริ่มต้น: 2025-06-08 18:06:50
[2025-06-08 18:06:50] [INFO] [NC-1749380810355-238]   เริ่มต้นระบบ Auto Generate NC Plan
[2025-06-08 18:06:50] [INFO] [NC-1749380810355-238]   พบแผน NC ทั้งหมด: 0 รายการ
[2025-06-08 18:06:50] [INFO] [NC-1749380810355-238]   แผนที่ถูกต้อง: 0 รายการ
[2025-06-08 18:06:50] [INFO] [NC-1749380810355-238]   แผนที่ไม่สมบูรณ์: 0 รายการ
[2025-06-08 18:06:50] [INFO] [NC-1749380810355-238]   ไม่พบแผน NC ที่ถูกต้องและพร้อม generate
[2025-06-08 18:06:50] [INFO] [NC-1749380810355-238]   === สิ้นสุด Auto Generate NC Plan Session ===
[2025-06-08 18:06:50] [INFO] [NC-1749380810355-238]   เวลาสิ้นสุด: 2025-06-08 18:06:50
[2025-06-08 18:06:50] [INFO] [NC-1749380810355-238]   ระยะเวลาทั้งหมด: 0 วินาที
[2025-06-08 18:06:50] [INFO] [NC-1749380810355-238]   
=== สรุปผลการ Auto Generate NC Plan ===
[2025-06-08 18:06:50] [INFO] [NC-1749380810355-238]   AN ทั้งหมด: 0
[2025-06-08 18:06:50] [INFO] [NC-1749380810355-238]   AN สำเร็จ: 0
[2025-06-08 18:06:50] [INFO] [NC-1749380810355-238]   AN ล้มเหลว: 0
[2025-06-08 18:06:50] [INFO] [NC-1749380810355-238]   AN ข้าม: 0
[2025-06-08 18:06:50] [INFO] [NC-1749380810355-238]   แผนทั้งหมด: 0
[2025-06-08 18:06:50] [INFO] [NC-1749380810355-238]   แผนสำเร็จ: 0
[2025-06-08 18:06:50] [INFO] [NC-1749380810355-238]   แผนล้มเหลว: 0
[2025-06-08 18:06:50] [INFO] [NC-1749380810355-238]   แผนข้าม: 0
[2025-06-08 18:06:50] [INFO] [NC-1749380810355-238]   อัตราความสำเร็จ: 0%
[2025-06-08 18:06:50] [INFO] [NC-1749380810355-238]   บันทึกลง tbl_ur_generate_daily_log สำเร็จ
[2025-06-08 18:06:50] [INFO] [NC-1749380810355-238]   บันทึกลง tbl_ur_autogeneratestats สำเร็จ
[2025-06-08 18:06:50] [INFO] [NC-1749380810355-238]   บันทึกสถิติลงฐานข้อมูลเสร็จสิ้น
[2025-06-08 18:06:50] [INFO] [NC-1749380810253-972]   Auto Generate NC Plan เสร็จสิ้น: สำเร็จ
[2025-06-08 18:06:50] [INFO] [NC-1749380810253-972]   === สิ้นสุด Auto Generate NC Plan Session ===
[2025-06-08 18:06:50] [INFO] [NC-1749380810253-972]   เวลาสิ้นสุด: 2025-06-08 18:06:50
[2025-06-08 18:06:50] [INFO] [NC-1749380810253-972]   ระยะเวลาทั้งหมด: 0 วินาที
[2025-06-08 18:06:50] [INFO] [NC-1749380810253-972]   
=== สรุปผลการ Auto Generate NC Plan ===
[2025-06-08 18:06:50] [INFO] [NC-1749380810253-972]   AN ทั้งหมด: 0
[2025-06-08 18:06:50] [INFO] [NC-1749380810253-972]   AN สำเร็จ: 0
[2025-06-08 18:06:50] [INFO] [NC-1749380810253-972]   AN ล้มเหลว: 0
[2025-06-08 18:06:50] [INFO] [NC-1749380810253-972]   AN ข้าม: 0
[2025-06-08 18:06:50] [INFO] [NC-1749380810253-972]   แผนทั้งหมด: 0
[2025-06-08 18:06:50] [INFO] [NC-1749380810253-972]   แผนสำเร็จ: 0
[2025-06-08 18:06:50] [INFO] [NC-1749380810253-972]   แผนล้มเหลว: 0
[2025-06-08 18:06:50] [INFO] [NC-1749380810253-972]   แผนข้าม: 0
[2025-06-08 18:06:50] [INFO] [NC-1749380810253-972]   อัตราความสำเร็จ: 0%
[2025-06-08 18:06:50] [INFO] [NC-1749380810253-972]   บันทึกลง tbl_ur_generate_daily_log สำเร็จ
[2025-06-08 18:06:50] [INFO] [NC-1749380810253-972]   บันทึกลง tbl_ur_autogeneratestats สำเร็จ
[2025-06-08 18:06:50] [INFO] [NC-1749380810253-972]   บันทึกสถิติลงฐานข้อมูลเสร็จสิ้น
