[2025-06-07 00:01:00] [INFO] [NC-1749229260614-656]   === เริ่มต้น Auto Generate NC Plan Session ===
[2025-06-07 00:01:00] [INFO] [NC-1749229260614-656]   Session ID: NC-1749229260614-656
[2025-06-07 00:01:00] [INFO] [NC-1749229260614-656]   เวลาเริ่มต้น: 2025-06-07 00:01:00
[2025-06-07 00:01:00] [INFO] [NC-1749229260614-656]   เริ่มต้นระบบ Auto Generate NC Plan
[2025-06-07 00:01:00] [INFO] [NC-1749229260614-656]   พบแผน NC ทั้งหมด: 5 รายการ
[2025-06-07 00:01:00] [INFO] [NC-1749229260614-656]   แผนที่ถูกต้อง: 5 รายการ
[2025-06-07 00:01:00] [INFO] [NC-1749229260614-656]   แผนที่ไม่สมบูรณ์: 0 รายการ
[2025-06-07 00:01:00] [INFO] [NC-1749229260614-656]   จัดกลุ่มได้ 2 AN ที่ต้อง generate NC plan
[2025-06-07 00:01:00] [INFO] [NC-1749229260614-656] [AN:12/68]  เริ่มประมวลผล AN: 12/68 (4 แผน)
[2025-06-07 00:01:00] [INFO] [NC-1749229260614-656] [AN:12/68] [NC:N0101] ประมวลผลแผน: N0101 (Q2) - INTERVAL
[2025-06-07 00:01:00] [INFO] [NC-1749229260614-656] [AN:12/68] [NC:N0101] Cancel แผนเดิม: N0101 จำนวน 1 รายการ (header เท่านั้น)
[2025-06-07 00:01:00] [INFO] [NC-1749229260614-656] [AN:12/68] [NC:N0101] Cancel แผนเดิม: N0101 จำนวน 1 รายการ
[2025-06-07 00:01:00] [INFO] [NC-1749229260644-461]   === เริ่มต้น Auto Generate NC Plan Session ===
[2025-06-07 00:01:00] [INFO] [NC-1749229260644-461]   Session ID: NC-1749229260644-461
[2025-06-07 00:01:00] [INFO] [NC-1749229260614-656] [AN:12/68] [NC:N0101] สร้างแผนสำเร็จ: N0101 (12 รายการ) ใช้เวลา 16ms
[2025-06-07 00:01:00] [INFO] [NC-1749229260644-461]   เวลาเริ่มต้น: 2025-06-07 00:01:00
[2025-06-07 00:01:00] [INFO] [NC-1749229260644-461]   เริ่มต้นระบบ Auto Generate NC Plan
[2025-06-07 00:01:00] [INFO] [NC-1749229260614-656] [AN:12/68] [NC:N0102] ประมวลผลแผน: N0102 (Q1) - INTERVAL
[2025-06-07 00:01:00] [INFO] [NC-1749229260644-461]   พบแผน NC ทั้งหมด: 5 รายการ
[2025-06-07 00:01:00] [INFO] [NC-1749229260644-461]   แผนที่ถูกต้อง: 5 รายการ
[2025-06-07 00:01:00] [INFO] [NC-1749229260644-461]   แผนที่ไม่สมบูรณ์: 0 รายการ
[2025-06-07 00:01:00] [INFO] [NC-1749229260644-461]   จัดกลุ่มได้ 2 AN ที่ต้อง generate NC plan
[2025-06-07 00:01:00] [INFO] [NC-1749229260644-461] [AN:12/68]  เริ่มประมวลผล AN: 12/68 (4 แผน)
[2025-06-07 00:01:00] [INFO] [NC-1749229260614-656] [AN:12/68] [NC:N0102] Cancel แผนเดิม: N0102 จำนวน 1 รายการ (header เท่านั้น)
[2025-06-07 00:01:00] [INFO] [NC-1749229260614-656] [AN:12/68] [NC:N0102] Cancel แผนเดิม: N0102 จำนวน 1 รายการ
[2025-06-07 00:01:00] [INFO] [NC-1749229260614-656] [AN:12/68] [NC:N0102] สร้างแผนสำเร็จ: N0102 (24 รายการ) ใช้เวลา 16ms
[2025-06-07 00:01:00] [INFO] [NC-1749229260614-656] [AN:12/68] [NC:N0303] ประมวลผลแผน: N0303 (OD) - PRESET
[2025-06-07 00:01:00] [INFO] [NC-1749229260614-656] [AN:12/68] [NC:N0303] Cancel แผนเดิม: N0303 จำนวน 1 รายการ (header เท่านั้น)
[2025-06-07 00:01:00] [INFO] [NC-1749229260614-656] [AN:12/68] [NC:N0303] Cancel แผนเดิม: N0303 จำนวน 1 รายการ
[2025-06-07 00:01:00] [INFO] [NC-1749229260614-656] [AN:12/68] [NC:N0303] สร้างแผนสำเร็จ: N0303 (1 รายการ) ใช้เวลา 8ms
[2025-06-07 00:01:00] [INFO] [NC-1749229260614-656] [AN:12/68] [NC:N0501] ประมวลผลแผน: N0501 (Q1) - INTERVAL
[2025-06-07 00:01:00] [INFO] [NC-1749229260614-656] [AN:12/68] [NC:N0501] Cancel แผนเดิม: N0501 จำนวน 1 รายการ (header เท่านั้น)
[2025-06-07 00:01:00] [INFO] [NC-1749229260614-656] [AN:12/68] [NC:N0501] Cancel แผนเดิม: N0501 จำนวน 1 รายการ
[2025-06-07 00:01:00] [INFO] [NC-1749229260614-656] [AN:12/68] [NC:N0501] สร้างแผนสำเร็จ: N0501 (24 รายการ) ใช้เวลา 12ms
[2025-06-07 00:01:00] [INFO] [NC-1749229260614-656] [AN:12/68]  AN 12/68 ประมวลผลสำเร็จ - สำเร็จ: 4, ล้มเหลว: 0
[2025-06-07 00:01:00] [INFO] [NC-1749229260614-656] [AN:12/68]  AN 12/68 ใช้เวลาทั้งหมด: 66ms
[2025-06-07 00:01:00] [INFO] [NC-1749229260614-656] [AN:142/68]  เริ่มประมวลผล AN: 142/68 (1 แผน)
[2025-06-07 00:01:00] [INFO] [NC-1749229260614-656] [AN:142/68] [NC:N0801] ประมวลผลแผน: N0801 (Q1) - INTERVAL
[2025-06-07 00:01:00] [INFO] [NC-1749229260614-656] [AN:142/68] [NC:N0801] Cancel แผนเดิม: N0801 จำนวน 1 รายการ (header เท่านั้น)
[2025-06-07 00:01:00] [INFO] [NC-1749229260614-656] [AN:142/68] [NC:N0801] Cancel แผนเดิม: N0801 จำนวน 1 รายการ
[2025-06-07 00:01:00] [INFO] [NC-1749229260614-656] [AN:142/68] [NC:N0801] สร้างแผนสำเร็จ: N0801 (24 รายการ) ใช้เวลา 12ms
[2025-06-07 00:01:00] [INFO] [NC-1749229260614-656] [AN:142/68]  AN 142/68 ประมวลผลสำเร็จ - สำเร็จ: 1, ล้มเหลว: 0
[2025-06-07 00:01:00] [INFO] [NC-1749229260614-656] [AN:142/68]  AN 142/68 ใช้เวลาทั้งหมด: 16ms
[2025-06-07 00:01:00] [INFO] [NC-1749229260614-656]   Auto Generate NC Plan เสร็จสิ้น - commit transaction สำเร็จ
[2025-06-07 00:01:00] [INFO] [NC-1749229260614-656]   === สิ้นสุด Auto Generate NC Plan Session ===
[2025-06-07 00:01:00] [INFO] [NC-1749229260614-656]   เวลาสิ้นสุด: 2025-06-07 00:01:00
[2025-06-07 00:01:00] [INFO] [NC-1749229260614-656]   ระยะเวลาทั้งหมด: 0 วินาที
[2025-06-07 00:01:00] [INFO] [NC-1749229260614-656]   
=== สรุปผลการ Auto Generate NC Plan ===
[2025-06-07 00:01:00] [INFO] [NC-1749229260614-656]   AN ทั้งหมด: 2
[2025-06-07 00:01:00] [INFO] [NC-1749229260614-656]   AN สำเร็จ: 2
[2025-06-07 00:01:00] [INFO] [NC-1749229260644-461] [AN:12/68] [NC:N0101] ประมวลผลแผน: N0101 (Q2) - INTERVAL
[2025-06-07 00:01:00] [INFO] [NC-1749229260614-656]   AN ล้มเหลว: 0
[2025-06-07 00:01:00] [INFO] [NC-1749229260614-656]   AN ข้าม: 0
[2025-06-07 00:01:00] [INFO] [NC-1749229260614-656]   แผนทั้งหมด: 0
[2025-06-07 00:01:00] [INFO] [NC-1749229260614-656]   แผนสำเร็จ: 10
[2025-06-07 00:01:00] [INFO] [NC-1749229260614-656]   แผนล้มเหลว: 0
[2025-06-07 00:01:00] [INFO] [NC-1749229260614-656]   แผนข้าม: 0
[2025-06-07 00:01:00] [INFO] [NC-1749229260614-656]   เวลาเฉลี่ยต่อแผน: 13ms (ต่ำสุด: 8ms, สูงสุด: 16ms)
[2025-06-07 00:01:00] [INFO] [NC-1749229260614-656]   อัตราความสำเร็จ: 100%
[2025-06-07 00:01:00] [INFO] [NC-1749229260614-656]   บันทึกลง tbl_ur_generate_daily_log สำเร็จ
[2025-06-07 00:01:00] [INFO] [NC-1749229260614-656]   บันทึกลง tbl_ur_autogeneratestats สำเร็จ
[2025-06-07 00:01:00] [INFO] [NC-1749229260614-656]   บันทึกสถิติลงฐานข้อมูลเสร็จสิ้น
[2025-06-07 00:01:00] [INFO] [NC-1749229260644-461] [AN:12/68] [NC:N0101] Cancel แผนเดิม: N0101 จำนวน 1 รายการ (header เท่านั้น)
[2025-06-07 00:01:00] [INFO] [NC-1749229260644-461] [AN:12/68] [NC:N0101] Cancel แผนเดิม: N0101 จำนวน 1 รายการ
[2025-06-07 00:01:00] [INFO] [NC-1749229260644-461] [AN:12/68] [NC:N0101] สร้างแผนสำเร็จ: N0101 (12 รายการ) ใช้เวลา 18ms
[2025-06-07 00:01:00] [INFO] [NC-1749229260644-461] [AN:12/68] [NC:N0102] ประมวลผลแผน: N0102 (Q1) - INTERVAL
[2025-06-07 00:01:00] [INFO] [NC-1749229260644-461] [AN:12/68] [NC:N0102] Cancel แผนเดิม: N0102 จำนวน 1 รายการ (header เท่านั้น)
[2025-06-07 00:01:00] [INFO] [NC-1749229260644-461] [AN:12/68] [NC:N0102] Cancel แผนเดิม: N0102 จำนวน 1 รายการ
[2025-06-07 00:01:00] [INFO] [NC-1749229260644-461] [AN:12/68] [NC:N0102] สร้างแผนสำเร็จ: N0102 (24 รายการ) ใช้เวลา 17ms
[2025-06-07 00:01:00] [INFO] [NC-1749229260644-461] [AN:12/68] [NC:N0303] ประมวลผลแผน: N0303 (OD) - PRESET
[2025-06-07 00:01:00] [INFO] [NC-1749229260644-461] [AN:12/68] [NC:N0303] Cancel แผนเดิม: N0303 จำนวน 1 รายการ (header เท่านั้น)
[2025-06-07 00:01:00] [INFO] [NC-1749229260644-461] [AN:12/68] [NC:N0303] Cancel แผนเดิม: N0303 จำนวน 1 รายการ
[2025-06-07 00:01:00] [INFO] [NC-1749229260644-461] [AN:12/68] [NC:N0303] สร้างแผนสำเร็จ: N0303 (1 รายการ) ใช้เวลา 8ms
[2025-06-07 00:01:00] [INFO] [NC-1749229260644-461] [AN:12/68] [NC:N0501] ประมวลผลแผน: N0501 (Q1) - INTERVAL
[2025-06-07 00:01:00] [INFO] [NC-1749229260644-461] [AN:12/68] [NC:N0501] Cancel แผนเดิม: N0501 จำนวน 1 รายการ (header เท่านั้น)
[2025-06-07 00:01:00] [INFO] [NC-1749229260644-461] [AN:12/68] [NC:N0501] Cancel แผนเดิม: N0501 จำนวน 1 รายการ
[2025-06-07 00:01:00] [INFO] [NC-1749229260644-461] [AN:12/68] [NC:N0501] สร้างแผนสำเร็จ: N0501 (24 รายการ) ใช้เวลา 18ms
[2025-06-07 00:01:00] [INFO] [NC-1749229260644-461] [AN:12/68]  AN 12/68 ประมวลผลสำเร็จ - สำเร็จ: 4, ล้มเหลว: 0
[2025-06-07 00:01:00] [INFO] [NC-1749229260644-461] [AN:12/68]  AN 12/68 ใช้เวลาทั้งหมด: 132ms
[2025-06-07 00:01:00] [INFO] [NC-1749229260644-461] [AN:142/68]  เริ่มประมวลผล AN: 142/68 (1 แผน)
[2025-06-07 00:01:00] [INFO] [NC-1749229260644-461] [AN:142/68] [NC:N0801] ประมวลผลแผน: N0801 (Q1) - INTERVAL
[2025-06-07 00:01:00] [INFO] [NC-1749229260644-461] [AN:142/68] [NC:N0801] Cancel แผนเดิม: N0801 จำนวน 1 รายการ (header เท่านั้น)
[2025-06-07 00:01:00] [INFO] [NC-1749229260644-461] [AN:142/68] [NC:N0801] Cancel แผนเดิม: N0801 จำนวน 1 รายการ
[2025-06-07 00:01:00] [INFO] [NC-1749229260644-461] [AN:142/68] [NC:N0801] สร้างแผนสำเร็จ: N0801 (24 รายการ) ใช้เวลา 20ms
[2025-06-07 00:01:00] [INFO] [NC-1749229260644-461] [AN:142/68]  AN 142/68 ประมวลผลสำเร็จ - สำเร็จ: 1, ล้มเหลว: 0
[2025-06-07 00:01:00] [INFO] [NC-1749229260644-461] [AN:142/68]  AN 142/68 ใช้เวลาทั้งหมด: 25ms
[2025-06-07 00:01:00] [INFO] [NC-1749229260644-461]   Auto Generate NC Plan เสร็จสิ้น - commit transaction สำเร็จ
[2025-06-07 00:01:00] [INFO] [NC-1749229260644-461]   === สิ้นสุด Auto Generate NC Plan Session ===
[2025-06-07 00:01:00] [INFO] [NC-1749229260644-461]   เวลาสิ้นสุด: 2025-06-07 00:01:00
[2025-06-07 00:01:00] [INFO] [NC-1749229260644-461]   ระยะเวลาทั้งหมด: 0 วินาที
[2025-06-07 00:01:00] [INFO] [NC-1749229260644-461]   
=== สรุปผลการ Auto Generate NC Plan ===
[2025-06-07 00:01:00] [INFO] [NC-1749229260644-461]   AN ทั้งหมด: 2
[2025-06-07 00:01:00] [INFO] [NC-1749229260644-461]   AN สำเร็จ: 2
[2025-06-07 00:01:00] [INFO] [NC-1749229260644-461]   AN ล้มเหลว: 0
[2025-06-07 00:01:00] [INFO] [NC-1749229260644-461]   AN ข้าม: 0
[2025-06-07 00:01:00] [INFO] [NC-1749229260644-461]   แผนทั้งหมด: 0
[2025-06-07 00:01:00] [INFO] [NC-1749229260644-461]   แผนสำเร็จ: 10
[2025-06-07 00:01:00] [INFO] [NC-1749229260644-461]   แผนล้มเหลว: 0
[2025-06-07 00:01:00] [INFO] [NC-1749229260644-461]   แผนข้าม: 0
[2025-06-07 00:01:00] [INFO] [NC-1749229260644-461]   เวลาเฉลี่ยต่อแผน: 16ms (ต่ำสุด: 8ms, สูงสุด: 20ms)
[2025-06-07 00:01:00] [INFO] [NC-1749229260644-461]   อัตราความสำเร็จ: 100%
[2025-06-07 00:01:00] [INFO] [NC-1749229260644-461]   บันทึกลง tbl_ur_generate_daily_log สำเร็จ
[2025-06-07 00:01:00] [INFO] [NC-1749229260644-461]   บันทึกลง tbl_ur_autogeneratestats สำเร็จ
[2025-06-07 00:01:00] [INFO] [NC-1749229260644-461]   บันทึกสถิติลงฐานข้อมูลเสร็จสิ้น
