[2025-05-29 17:31:26] [INFO] [VS-1748514686037-693]   === เริ่มต้น Auto Generate VS Plan Session ===
[2025-05-29 17:31:26] [INFO] [VS-1748514686037-693]   Session ID: VS-1748514686037-693
[2025-05-29 17:31:26] [INFO] [VS-1748514686037-693]   เวลาเริ่มต้น: 2025-05-29 17:31:26
[2025-05-29 17:31:26] [INFO] [VS-1748514686037-693]   เริ่มต้นระบบ Auto Generate VS Plan
[2025-05-29 17:31:26] [INFO] [VS-1748514686037-693]   พบแผน VS ทั้งหมด: 0 รายการ
[2025-05-29 17:31:26] [INFO] [VS-1748514686037-693]   แผนที่ถูกต้อง: 0 รายการ
[2025-05-29 17:31:26] [INFO] [VS-1748514686037-693]   แผนที่ไม่สมบูรณ์: 0 รายการ
[2025-05-29 17:31:26] [INFO] [VS-1748514686037-693]   ไม่พบแผน VS ที่ถูกต้องและพร้อม generate
[2025-05-29 17:31:26] [INFO] [VS-1748514686037-693]   === สิ้นสุด Auto Generate VS Plan Session ===
[2025-05-29 17:31:26] [INFO] [VS-1748514686037-693]   เวลาสิ้นสุด: 2025-05-29 17:31:26
[2025-05-29 17:31:26] [INFO] [VS-1748514686037-693]   ระยะเวลาทั้งหมด: 0 วินาที
[2025-05-29 17:31:26] [INFO] [VS-1748514686037-693]   
=== สรุปผลการ Auto Generate VS Plan ===
[2025-05-29 17:31:26] [INFO] [VS-1748514686037-693]   AN ทั้งหมด: 0
[2025-05-29 17:31:26] [INFO] [VS-1748514686037-693]   AN สำเร็จ: 0
[2025-05-29 17:31:26] [INFO] [VS-1748514686037-693]   AN ล้มเหลว: 0
[2025-05-29 17:31:26] [INFO] [VS-1748514686037-693]   AN ข้าม: 0
[2025-05-29 17:31:26] [INFO] [VS-1748514686037-693]   แผนทั้งหมด: 0
[2025-05-29 17:31:26] [INFO] [VS-1748514686037-693]   แผนสำเร็จ: 0
[2025-05-29 17:31:26] [INFO] [VS-1748514686037-693]   แผนล้มเหลว: 0
[2025-05-29 17:31:26] [INFO] [VS-1748514686037-693]   แผนข้าม: 0
[2025-05-29 17:31:26] [INFO] [VS-1748514686037-693]   อัตราความสำเร็จ: 0%
[2025-05-29 17:31:26] [INFO] [VS-1748514686037-693]   บันทึกลง tbl_ur_generate_daily_log สำเร็จ
[2025-05-29 17:31:26] [INFO] [VS-1748514686037-693]   บันทึกลง tbl_ur_autogeneratestats สำเร็จ
[2025-05-29 17:31:26] [INFO] [VS-1748514686037-693]   บันทึกสถิติลงฐานข้อมูลเสร็จสิ้น
