[2025-05-26 17:21:15] [INFO] [VS-1748254875380-919]   === เริ่มต้น Auto Generate VS Plan Session ===
[2025-05-26 17:21:15] [INFO] [VS-1748254875380-919]   Session ID: VS-1748254875380-919
[2025-05-26 17:21:15] [INFO] [VS-1748254875380-919]   เวลาเริ่มต้น: 2025-05-26 17:21:15
[2025-05-26 17:21:15] [INFO] [VS-1748254875380-919]   เริ่มต้นระบบ Auto Generate VS Plan
[2025-05-26 17:21:15] [INFO] [VS-1748254875380-919]   พบแผน VS ทั้งหมด: 1 รายการ
[2025-05-26 17:21:15] [INFO] [VS-1748254875380-919]   แผนที่ถูกต้อง: 1 รายการ
[2025-05-26 17:21:15] [INFO] [VS-1748254875380-919]   แผนที่ไม่สมบูรณ์: 0 รายการ
[2025-05-26 17:21:15] [INFO] [VS-1748254875380-919]   จัดกลุ่มได้ 1 AN ที่ต้อง generate VS plan
[2025-05-26 17:21:15] [INFO] [VS-1748254875380-919] [AN:1/68]  เริ่มประมวลผล AN: 1/68 (1 แผน)
[2025-05-26 17:21:15] [INFO] [VS-1748254875380-919] [AN:1/68] [VS:Q1] Cancel แผนเดิม: Q1 จำนวน 1 รายการ (header เท่านั้น)
[2025-05-26 17:21:15] [INFO] [VS-1748254875380-919] [AN:1/68] [VS:Q1] Cancel แผนเดิม: Q1 จำนวน 1 รายการ
[2025-05-26 17:21:15] [INFO] [VS-1748254875380-919] [AN:1/68] [VS:Q1] สร้างแผนสำเร็จ: Q1 (24 รายการ) ใช้เวลา 25ms
[2025-05-26 17:21:15] [INFO] [VS-1748254875380-919] [AN:1/68]  AN 1/68 ประมวลผลสำเร็จ - สำเร็จ: 1, ล้มเหลว: 0
[2025-05-26 17:21:15] [INFO] [VS-1748254875380-919] [AN:1/68]  AN 1/68 ใช้เวลาทั้งหมด: 37ms
[2025-05-26 17:21:15] [INFO] [VS-1748254875380-919]   Auto Generate VS Plan เสร็จสิ้น - commit transaction สำเร็จ
[2025-05-26 17:21:15] [INFO] [VS-1748254875380-919]   === สิ้นสุด Auto Generate VS Plan Session ===
[2025-05-26 17:21:15] [INFO] [VS-1748254875380-919]   เวลาสิ้นสุด: 2025-05-26 17:21:15
[2025-05-26 17:21:15] [INFO] [VS-1748254875380-919]   ระยะเวลาทั้งหมด: 0 วินาที
[2025-05-26 17:21:15] [INFO] [VS-1748254875380-919]   
=== สรุปผลการ Auto Generate VS Plan ===
[2025-05-26 17:21:15] [INFO] [VS-1748254875380-919]   AN ทั้งหมด: 1
[2025-05-26 17:21:15] [INFO] [VS-1748254875380-919]   AN สำเร็จ: 1
[2025-05-26 17:21:15] [INFO] [VS-1748254875380-919]   AN ล้มเหลว: 0
[2025-05-26 17:21:15] [INFO] [VS-1748254875380-919]   AN ข้าม: 0
[2025-05-26 17:21:15] [INFO] [VS-1748254875380-919]   แผนทั้งหมด: 0
[2025-05-26 17:21:15] [INFO] [VS-1748254875380-919]   แผนสำเร็จ: 2
[2025-05-26 17:21:15] [INFO] [VS-1748254875380-919]   แผนล้มเหลว: 0
[2025-05-26 17:21:15] [INFO] [VS-1748254875380-919]   แผนข้าม: 0
[2025-05-26 17:21:15] [INFO] [VS-1748254875380-919]   เวลาเฉลี่ยต่อแผน: 25ms (ต่ำสุด: 25ms, สูงสุด: 25ms)
[2025-05-26 17:21:15] [INFO] [VS-1748254875380-919]   อัตราความสำเร็จ: 100%
[2025-05-26 17:21:15] [INFO] [VS-1748254875380-919]   บันทึกลง tbl_ur_generate_daily_log สำเร็จ
[2025-05-26 17:21:15] [INFO] [VS-1748254875380-919]   บันทึกลง tbl_ur_autogeneratestats สำเร็จ
[2025-05-26 17:21:15] [INFO] [VS-1748254875380-919]   บันทึกสถิติลงฐานข้อมูลเสร็จสิ้น
[2025-05-26 17:22:25] [INFO] [VS-1748254945464-009]   === เริ่มต้น Auto Generate VS Plan Session ===
[2025-05-26 17:22:25] [INFO] [VS-1748254945464-009]   Session ID: VS-1748254945464-009
[2025-05-26 17:22:25] [INFO] [VS-1748254945464-009]   เวลาเริ่มต้น: 2025-05-26 17:22:25
[2025-05-26 17:22:25] [INFO] [VS-1748254945464-009]   เริ่มต้นระบบ Auto Generate VS Plan
[2025-05-26 17:22:25] [INFO] [VS-1748254945464-009]   พบแผน VS ทั้งหมด: 6 รายการ
[2025-05-26 17:22:25] [INFO] [VS-1748254945464-009]   แผนที่ถูกต้อง: 6 รายการ
[2025-05-26 17:22:25] [INFO] [VS-1748254945464-009]   แผนที่ไม่สมบูรณ์: 0 รายการ
[2025-05-26 17:22:25] [INFO] [VS-1748254945464-009]   จัดกลุ่มได้ 1 AN ที่ต้อง generate VS plan
[2025-05-26 17:22:25] [INFO] [VS-1748254945464-009] [AN:1/68]  เริ่มประมวลผล AN: 1/68 (6 แผน)
[2025-05-26 17:22:25] [INFO] [VS-1748254945464-009] [AN:1/68] [VS:Q4] Cancel แผนเดิม: Q4 จำนวน 1 รายการ (header เท่านั้น)
[2025-05-26 17:22:25] [INFO] [VS-1748254945464-009] [AN:1/68] [VS:Q4] Cancel แผนเดิม: Q4 จำนวน 1 รายการ
[2025-05-26 17:22:25] [INFO] [VS-1748254945464-009] [AN:1/68] [VS:Q4] สร้างแผนสำเร็จ: Q4 (6 รายการ) ใช้เวลา 9ms
[2025-05-26 17:22:25] [INFO] [VS-1748254945464-009] [AN:1/68] [VS:Q4] สร้างแผนสำเร็จ: Q4 (6 รายการ) ใช้เวลา 7ms
[2025-05-26 17:22:25] [INFO] [VS-1748254945464-009] [AN:1/68] [VS:Q4] สร้างแผนสำเร็จ: Q4 (6 รายการ) ใช้เวลา 6ms
[2025-05-26 17:22:25] [INFO] [VS-1748254945464-009] [AN:1/68] [VS:Q4] สร้างแผนสำเร็จ: Q4 (6 รายการ) ใช้เวลา 9ms
[2025-05-26 17:22:25] [INFO] [VS-1748254945464-009] [AN:1/68] [VS:Q4] สร้างแผนสำเร็จ: Q4 (6 รายการ) ใช้เวลา 10ms
[2025-05-26 17:22:25] [INFO] [VS-1748254945464-009] [AN:1/68] [VS:Q4] สร้างแผนสำเร็จ: Q4 (6 รายการ) ใช้เวลา 7ms
[2025-05-26 17:22:25] [INFO] [VS-1748254945464-009] [AN:1/68]  AN 1/68 ประมวลผลสำเร็จ - สำเร็จ: 6, ล้มเหลว: 0
[2025-05-26 17:22:25] [INFO] [VS-1748254945464-009] [AN:1/68]  AN 1/68 ใช้เวลาทั้งหมด: 73ms
[2025-05-26 17:22:25] [INFO] [VS-1748254945464-009]   Auto Generate VS Plan เสร็จสิ้น - commit transaction สำเร็จ
[2025-05-26 17:22:25] [INFO] [VS-1748254945464-009]   === สิ้นสุด Auto Generate VS Plan Session ===
[2025-05-26 17:22:25] [INFO] [VS-1748254945464-009]   เวลาสิ้นสุด: 2025-05-26 17:22:25
[2025-05-26 17:22:25] [INFO] [VS-1748254945464-009]   ระยะเวลาทั้งหมด: 0 วินาที
[2025-05-26 17:22:25] [INFO] [VS-1748254945464-009]   
=== สรุปผลการ Auto Generate VS Plan ===
[2025-05-26 17:22:25] [INFO] [VS-1748254945464-009]   AN ทั้งหมด: 1
[2025-05-26 17:22:25] [INFO] [VS-1748254945464-009]   AN สำเร็จ: 1
[2025-05-26 17:22:25] [INFO] [VS-1748254945464-009]   AN ล้มเหลว: 0
[2025-05-26 17:22:25] [INFO] [VS-1748254945464-009]   AN ข้าม: 0
[2025-05-26 17:22:25] [INFO] [VS-1748254945464-009]   แผนทั้งหมด: 0
[2025-05-26 17:22:25] [INFO] [VS-1748254945464-009]   แผนสำเร็จ: 12
[2025-05-26 17:22:25] [INFO] [VS-1748254945464-009]   แผนล้มเหลว: 0
[2025-05-26 17:22:25] [INFO] [VS-1748254945464-009]   แผนข้าม: 0
[2025-05-26 17:22:25] [INFO] [VS-1748254945464-009]   เวลาเฉลี่ยต่อแผน: 8ms (ต่ำสุด: 6ms, สูงสุด: 10ms)
[2025-05-26 17:22:25] [INFO] [VS-1748254945464-009]   อัตราความสำเร็จ: 100%
[2025-05-26 17:22:25] [INFO] [VS-1748254945464-009]   บันทึกลง tbl_ur_generate_daily_log สำเร็จ
[2025-05-26 17:22:25] [INFO] [VS-1748254945464-009]   บันทึกลง tbl_ur_autogeneratestats สำเร็จ
[2025-05-26 17:22:25] [INFO] [VS-1748254945464-009]   บันทึกสถิติลงฐานข้อมูลเสร็จสิ้น
[2025-05-26 17:28:28] [INFO] [VS-1748255308955-452]   === เริ่มต้น Auto Generate VS Plan Session ===
[2025-05-26 17:28:28] [INFO] [VS-1748255308955-452]   Session ID: VS-1748255308955-452
[2025-05-26 17:28:28] [INFO] [VS-1748255308955-452]   เวลาเริ่มต้น: 2025-05-26 17:28:28
[2025-05-26 17:28:28] [INFO] [VS-1748255308955-452]   เริ่มต้นระบบ Auto Generate VS Plan
[2025-05-26 17:28:29] [INFO] [VS-1748255308955-452]   พบแผน VS ทั้งหมด: 6 รายการ
[2025-05-26 17:28:29] [INFO] [VS-1748255308955-452]   แผนที่ถูกต้อง: 6 รายการ
[2025-05-26 17:28:29] [INFO] [VS-1748255308955-452]   แผนที่ไม่สมบูรณ์: 0 รายการ
[2025-05-26 17:28:29] [INFO] [VS-1748255308955-452]   จัดกลุ่มได้ 1 AN ที่ต้อง generate VS plan
[2025-05-26 17:28:29] [INFO] [VS-1748255308955-452] [AN:1/68]  เริ่มประมวลผล AN: 1/68 (6 แผน)
[2025-05-26 17:28:29] [INFO] [VS-1748255308955-452] [AN:1/68] [VS:Q4] Cancel แผนเดิม: Q4 จำนวน 1 รายการ (header เท่านั้น)
[2025-05-26 17:28:29] [INFO] [VS-1748255308955-452] [AN:1/68] [VS:Q4] Cancel แผนเดิม: Q4 จำนวน 1 รายการ
[2025-05-26 17:28:29] [INFO] [VS-1748255308955-452] [AN:1/68] [VS:Q4] สร้างแผนสำเร็จ: Q4 (6 รายการ) ใช้เวลา 17ms
[2025-05-26 17:28:29] [INFO] [VS-1748255308955-452] [AN:1/68] [VS:Q4] แผนถูกข้าม: Q4 - VS Code นี้ถูก generate ไปแล้วในวันนี้
[2025-05-26 17:28:29] [INFO] [VS-1748255308955-452] [AN:1/68] [VS:Q4] แผนถูกข้าม: Q4 - VS Code นี้ถูก generate ไปแล้วในวันนี้
[2025-05-26 17:28:29] [INFO] [VS-1748255308955-452] [AN:1/68] [VS:Q4] แผนถูกข้าม: Q4 - VS Code นี้ถูก generate ไปแล้วในวันนี้
[2025-05-26 17:28:29] [INFO] [VS-1748255308955-452] [AN:1/68] [VS:Q4] แผนถูกข้าม: Q4 - VS Code นี้ถูก generate ไปแล้วในวันนี้
[2025-05-26 17:28:29] [INFO] [VS-1748255308955-452] [AN:1/68] [VS:Q4] แผนถูกข้าม: Q4 - VS Code นี้ถูก generate ไปแล้วในวันนี้
[2025-05-26 17:28:29] [INFO] [VS-1748255308955-452] [AN:1/68]  AN 1/68 ประมวลผลสำเร็จ - สำเร็จ: 1, ล้มเหลว: 0
[2025-05-26 17:28:29] [INFO] [VS-1748255308955-452] [AN:1/68]  AN 1/68 ใช้เวลาทั้งหมด: 36ms
[2025-05-26 17:28:29] [INFO] [VS-1748255308955-452]   Auto Generate VS Plan เสร็จสิ้น - commit transaction สำเร็จ
[2025-05-26 17:28:29] [INFO] [VS-1748255308955-452]   === สิ้นสุด Auto Generate VS Plan Session ===
[2025-05-26 17:28:29] [INFO] [VS-1748255308955-452]   เวลาสิ้นสุด: 2025-05-26 17:28:29
[2025-05-26 17:28:29] [INFO] [VS-1748255308955-452]   ระยะเวลาทั้งหมด: 0 วินาที
[2025-05-26 17:28:29] [INFO] [VS-1748255308955-452]   
=== สรุปผลการ Auto Generate VS Plan ===
[2025-05-26 17:28:29] [INFO] [VS-1748255308955-452]   AN ทั้งหมด: 1
[2025-05-26 17:28:29] [INFO] [VS-1748255308955-452]   AN สำเร็จ: 1
[2025-05-26 17:28:29] [INFO] [VS-1748255308955-452]   AN ล้มเหลว: 0
[2025-05-26 17:28:29] [INFO] [VS-1748255308955-452]   AN ข้าม: 0
[2025-05-26 17:28:29] [INFO] [VS-1748255308955-452]   แผนทั้งหมด: 0
[2025-05-26 17:28:29] [INFO] [VS-1748255308955-452]   แผนสำเร็จ: 2
[2025-05-26 17:28:29] [INFO] [VS-1748255308955-452]   แผนล้มเหลว: 0
[2025-05-26 17:28:29] [INFO] [VS-1748255308955-452]   แผนข้าม: 5
[2025-05-26 17:28:29] [INFO] [VS-1748255308955-452]   เวลาเฉลี่ยต่อแผน: 17ms (ต่ำสุด: 17ms, สูงสุด: 17ms)
[2025-05-26 17:28:29] [INFO] [VS-1748255308955-452]   อัตราความสำเร็จ: 100%
[2025-05-26 17:28:29] [INFO] [VS-1748255308955-452]   บันทึกลง tbl_ur_generate_daily_log สำเร็จ
[2025-05-26 17:28:29] [INFO] [VS-1748255308955-452]   บันทึกลง tbl_ur_autogeneratestats สำเร็จ
[2025-05-26 17:28:29] [INFO] [VS-1748255308955-452]   บันทึกสถิติลงฐานข้อมูลเสร็จสิ้น
[2025-05-26 17:41:47] [INFO] [VS-1748256107952-636]   === เริ่มต้น Auto Generate VS Plan Session ===
[2025-05-26 17:41:47] [INFO] [VS-1748256107952-636]   Session ID: VS-1748256107952-636
[2025-05-26 17:41:47] [INFO] [VS-1748256107952-636]   เวลาเริ่มต้น: 2025-05-26 17:41:47
[2025-05-26 17:41:47] [INFO] [VS-1748256107952-636]   เริ่มต้นระบบ Auto Generate VS Plan
[2025-05-26 17:41:48] [INFO] [VS-1748256107952-636]   พบแผน VS ทั้งหมด: 0 รายการ
[2025-05-26 17:41:48] [INFO] [VS-1748256107952-636]   แผนที่ถูกต้อง: 0 รายการ
[2025-05-26 17:41:48] [INFO] [VS-1748256107952-636]   แผนที่ไม่สมบูรณ์: 0 รายการ
[2025-05-26 17:41:48] [INFO] [VS-1748256107952-636]   ไม่พบแผน VS ที่ถูกต้องและพร้อม generate
[2025-05-26 17:41:48] [INFO] [VS-1748256107952-636]   === สิ้นสุด Auto Generate VS Plan Session ===
[2025-05-26 17:41:48] [INFO] [VS-1748256107952-636]   เวลาสิ้นสุด: 2025-05-26 17:41:48
[2025-05-26 17:41:48] [INFO] [VS-1748256107952-636]   ระยะเวลาทั้งหมด: 0 วินาที
[2025-05-26 17:41:48] [INFO] [VS-1748256107952-636]   
=== สรุปผลการ Auto Generate VS Plan ===
[2025-05-26 17:41:48] [INFO] [VS-1748256107952-636]   AN ทั้งหมด: 0
[2025-05-26 17:41:48] [INFO] [VS-1748256107952-636]   AN สำเร็จ: 0
[2025-05-26 17:41:48] [INFO] [VS-1748256107952-636]   AN ล้มเหลว: 0
[2025-05-26 17:41:48] [INFO] [VS-1748256107952-636]   AN ข้าม: 0
[2025-05-26 17:41:48] [INFO] [VS-1748256107952-636]   แผนทั้งหมด: 0
[2025-05-26 17:41:48] [INFO] [VS-1748256107952-636]   แผนสำเร็จ: 0
[2025-05-26 17:41:48] [INFO] [VS-1748256107952-636]   แผนล้มเหลว: 0
[2025-05-26 17:41:48] [INFO] [VS-1748256107952-636]   แผนข้าม: 0
[2025-05-26 17:41:48] [INFO] [VS-1748256107952-636]   อัตราความสำเร็จ: 0%
[2025-05-26 17:41:48] [INFO] [VS-1748256107952-636]   บันทึกลง tbl_ur_generate_daily_log สำเร็จ
[2025-05-26 17:41:48] [INFO] [VS-1748256107952-636]   บันทึกลง tbl_ur_autogeneratestats สำเร็จ
[2025-05-26 17:41:48] [INFO] [VS-1748256107952-636]   บันทึกสถิติลงฐานข้อมูลเสร็จสิ้น
[2025-05-26 17:48:03] [INFO] [VS-1748256483995-403]   === เริ่มต้น Auto Generate VS Plan Session ===
[2025-05-26 17:48:03] [INFO] [VS-1748256483995-403]   Session ID: VS-1748256483995-403
[2025-05-26 17:48:03] [INFO] [VS-1748256483995-403]   เวลาเริ่มต้น: 2025-05-26 17:48:03
[2025-05-26 17:48:03] [INFO] [VS-1748256483995-403]   เริ่มต้นระบบ Auto Generate VS Plan
[2025-05-26 17:48:04] [INFO] [VS-1748256483995-403]   พบแผน VS ทั้งหมด: 6 รายการ
[2025-05-26 17:48:04] [INFO] [VS-1748256483995-403]   แผนที่ถูกต้อง: 6 รายการ
[2025-05-26 17:48:04] [INFO] [VS-1748256483995-403]   แผนที่ไม่สมบูรณ์: 0 รายการ
[2025-05-26 17:48:04] [INFO] [VS-1748256483995-403]   จัดกลุ่มได้ 1 AN ที่ต้อง generate VS plan
[2025-05-26 17:48:04] [INFO] [VS-1748256483995-403] [AN:1/68]  เริ่มประมวลผล AN: 1/68 (6 แผน)
[2025-05-26 17:48:04] [INFO] [VS-1748256483995-403] [AN:1/68] [VS:Q4] Cancel แผนเดิม: Q4 จำนวน 1 รายการ (header เท่านั้น)
[2025-05-26 17:48:04] [INFO] [VS-1748256483995-403] [AN:1/68] [VS:Q4] Cancel แผนเดิม: Q4 จำนวน 1 รายการ
[2025-05-26 17:48:04] [INFO] [VS-1748256483995-403] [AN:1/68] [VS:Q4] สร้างแผนสำเร็จ: Q4 (6 รายการ) ใช้เวลา 16ms
[2025-05-26 17:48:04] [INFO] [VS-1748256483995-403] [AN:1/68] [VS:Q4] แผนถูกข้าม: Q4 - VS Code นี้ถูก generate ไปแล้วในวันนี้
[2025-05-26 17:48:04] [INFO] [VS-1748256483995-403] [AN:1/68] [VS:Q4] แผนถูกข้าม: Q4 - VS Code นี้ถูก generate ไปแล้วในวันนี้
[2025-05-26 17:48:04] [INFO] [VS-1748256483995-403] [AN:1/68] [VS:Q4] แผนถูกข้าม: Q4 - VS Code นี้ถูก generate ไปแล้วในวันนี้
[2025-05-26 17:48:04] [INFO] [VS-1748256483995-403] [AN:1/68] [VS:Q4] แผนถูกข้าม: Q4 - VS Code นี้ถูก generate ไปแล้วในวันนี้
[2025-05-26 17:48:04] [INFO] [VS-1748256483995-403] [AN:1/68] [VS:Q4] แผนถูกข้าม: Q4 - VS Code นี้ถูก generate ไปแล้วในวันนี้
[2025-05-26 17:48:04] [INFO] [VS-1748256483995-403] [AN:1/68]  AN 1/68 ประมวลผลสำเร็จ - สำเร็จ: 1, ล้มเหลว: 0
[2025-05-26 17:48:04] [INFO] [VS-1748256483995-403] [AN:1/68]  AN 1/68 ใช้เวลาทั้งหมด: 37ms
[2025-05-26 17:48:04] [INFO] [VS-1748256483995-403]   Auto Generate VS Plan เสร็จสิ้น - commit transaction สำเร็จ
[2025-05-26 17:48:04] [INFO] [VS-1748256483995-403]   === สิ้นสุด Auto Generate VS Plan Session ===
[2025-05-26 17:48:04] [INFO] [VS-1748256483995-403]   เวลาสิ้นสุด: 2025-05-26 17:48:04
[2025-05-26 17:48:04] [INFO] [VS-1748256483995-403]   ระยะเวลาทั้งหมด: 0 วินาที
[2025-05-26 17:48:04] [INFO] [VS-1748256483995-403]   
=== สรุปผลการ Auto Generate VS Plan ===
[2025-05-26 17:48:04] [INFO] [VS-1748256483995-403]   AN ทั้งหมด: 1
[2025-05-26 17:48:04] [INFO] [VS-1748256483995-403]   AN สำเร็จ: 1
[2025-05-26 17:48:04] [INFO] [VS-1748256483995-403]   AN ล้มเหลว: 0
[2025-05-26 17:48:04] [INFO] [VS-1748256483995-403]   AN ข้าม: 0
[2025-05-26 17:48:04] [INFO] [VS-1748256483995-403]   แผนทั้งหมด: 0
[2025-05-26 17:48:04] [INFO] [VS-1748256483995-403]   แผนสำเร็จ: 2
[2025-05-26 17:48:04] [INFO] [VS-1748256483995-403]   แผนล้มเหลว: 0
[2025-05-26 17:48:04] [INFO] [VS-1748256483995-403]   แผนข้าม: 5
[2025-05-26 17:48:04] [INFO] [VS-1748256483995-403]   เวลาเฉลี่ยต่อแผน: 16ms (ต่ำสุด: 16ms, สูงสุด: 16ms)
[2025-05-26 17:48:04] [INFO] [VS-1748256483995-403]   อัตราความสำเร็จ: 100%
[2025-05-26 17:48:04] [INFO] [VS-1748256483995-403]   บันทึกลง tbl_ur_generate_daily_log สำเร็จ
[2025-05-26 17:48:04] [INFO] [VS-1748256483995-403]   บันทึกลง tbl_ur_autogeneratestats สำเร็จ
[2025-05-26 17:48:04] [INFO] [VS-1748256483995-403]   บันทึกสถิติลงฐานข้อมูลเสร็จสิ้น
[2025-05-26 18:06:31] [INFO] [VS-1748257591424-856]   === เริ่มต้น Auto Generate VS Plan Session ===
[2025-05-26 18:06:31] [INFO] [VS-1748257591424-856]   Session ID: VS-1748257591424-856
[2025-05-26 18:06:31] [INFO] [VS-1748257591424-856]   เวลาเริ่มต้น: 2025-05-26 18:06:31
[2025-05-26 18:06:31] [INFO] [VS-1748257591424-856]   เริ่มต้นระบบ Auto Generate VS Plan
[2025-05-26 18:06:31] [INFO] [VS-1748257591424-856]   พบแผน VS ทั้งหมด: 6 รายการ
[2025-05-26 18:06:31] [INFO] [VS-1748257591424-856]   แผนที่ถูกต้อง: 6 รายการ
[2025-05-26 18:06:31] [INFO] [VS-1748257591424-856]   แผนที่ไม่สมบูรณ์: 0 รายการ
[2025-05-26 18:06:31] [INFO] [VS-1748257591424-856]   จัดกลุ่มได้ 1 AN ที่ต้อง generate VS plan
[2025-05-26 18:06:31] [INFO] [VS-1748257591424-856] [AN:1/68]  เริ่มประมวลผล AN: 1/68 (6 แผน)
[2025-05-26 18:06:31] [INFO] [VS-1748257591424-856] [AN:1/68] [VS:Q4] Cancel แผนเดิม: Q4 จำนวน 1 รายการ (header เท่านั้น)
[2025-05-26 18:06:31] [INFO] [VS-1748257591424-856] [AN:1/68] [VS:Q4] Cancel แผนเดิม: Q4 จำนวน 1 รายการ
[2025-05-26 18:06:31] [INFO] [VS-1748257591424-856] [AN:1/68] [VS:Q4] สร้างแผนสำเร็จ: Q4 (6 รายการ) ใช้เวลา 16ms
[2025-05-26 18:06:31] [INFO] [VS-1748257591424-856] [AN:1/68] [VS:Q4] แผนถูกข้าม: Q4 - VS Code นี้ถูก generate ไปแล้วในวันนี้
[2025-05-26 18:06:31] [INFO] [VS-1748257591424-856] [AN:1/68] [VS:Q4] แผนถูกข้าม: Q4 - VS Code นี้ถูก generate ไปแล้วในวันนี้
[2025-05-26 18:06:31] [INFO] [VS-1748257591424-856] [AN:1/68] [VS:Q4] แผนถูกข้าม: Q4 - VS Code นี้ถูก generate ไปแล้วในวันนี้
[2025-05-26 18:06:31] [INFO] [VS-1748257591424-856] [AN:1/68] [VS:Q4] แผนถูกข้าม: Q4 - VS Code นี้ถูก generate ไปแล้วในวันนี้
[2025-05-26 18:06:31] [INFO] [VS-1748257591424-856] [AN:1/68] [VS:Q4] แผนถูกข้าม: Q4 - VS Code นี้ถูก generate ไปแล้วในวันนี้
[2025-05-26 18:06:31] [INFO] [VS-1748257591424-856] [AN:1/68]  AN 1/68 ประมวลผลสำเร็จ - สำเร็จ: 1, ล้มเหลว: 0
[2025-05-26 18:06:31] [INFO] [VS-1748257591424-856] [AN:1/68]  AN 1/68 ใช้เวลาทั้งหมด: 37ms
[2025-05-26 18:06:31] [INFO] [VS-1748257591424-856]   Auto Generate VS Plan เสร็จสิ้น - commit transaction สำเร็จ
[2025-05-26 18:06:31] [INFO] [VS-1748257591424-856]   === สิ้นสุด Auto Generate VS Plan Session ===
[2025-05-26 18:06:31] [INFO] [VS-1748257591424-856]   เวลาสิ้นสุด: 2025-05-26 18:06:31
[2025-05-26 18:06:31] [INFO] [VS-1748257591424-856]   ระยะเวลาทั้งหมด: 0 วินาที
[2025-05-26 18:06:31] [INFO] [VS-1748257591424-856]   
=== สรุปผลการ Auto Generate VS Plan ===
[2025-05-26 18:06:31] [INFO] [VS-1748257591424-856]   AN ทั้งหมด: 1
[2025-05-26 18:06:31] [INFO] [VS-1748257591424-856]   AN สำเร็จ: 1
[2025-05-26 18:06:31] [INFO] [VS-1748257591424-856]   AN ล้มเหลว: 0
[2025-05-26 18:06:31] [INFO] [VS-1748257591424-856]   AN ข้าม: 0
[2025-05-26 18:06:31] [INFO] [VS-1748257591424-856]   แผนทั้งหมด: 0
[2025-05-26 18:06:31] [INFO] [VS-1748257591424-856]   แผนสำเร็จ: 2
[2025-05-26 18:06:31] [INFO] [VS-1748257591424-856]   แผนล้มเหลว: 0
[2025-05-26 18:06:31] [INFO] [VS-1748257591424-856]   แผนข้าม: 5
[2025-05-26 18:06:31] [INFO] [VS-1748257591424-856]   เวลาเฉลี่ยต่อแผน: 16ms (ต่ำสุด: 16ms, สูงสุด: 16ms)
[2025-05-26 18:06:31] [INFO] [VS-1748257591424-856]   อัตราความสำเร็จ: 100%
[2025-05-26 18:06:31] [INFO] [VS-1748257591424-856]   บันทึกลง tbl_ur_generate_daily_log สำเร็จ
[2025-05-26 18:06:31] [INFO] [VS-1748257591424-856]   บันทึกลง tbl_ur_autogeneratestats สำเร็จ
[2025-05-26 18:06:31] [INFO] [VS-1748257591424-856]   บันทึกสถิติลงฐานข้อมูลเสร็จสิ้น
[2025-05-26 18:07:30] [INFO] [VS-1748257650491-720]   === เริ่มต้น Auto Generate VS Plan Session ===
[2025-05-26 18:07:30] [INFO] [VS-1748257650491-720]   Session ID: VS-1748257650491-720
[2025-05-26 18:07:30] [INFO] [VS-1748257650491-720]   เวลาเริ่มต้น: 2025-05-26 18:07:30
[2025-05-26 18:07:30] [INFO] [VS-1748257650491-720]   เริ่มต้นระบบ Auto Generate VS Plan
[2025-05-26 18:07:30] [INFO] [VS-1748257650491-720]   พบแผน VS ทั้งหมด: 6 รายการ
[2025-05-26 18:07:30] [INFO] [VS-1748257650491-720]   แผนที่ถูกต้อง: 6 รายการ
[2025-05-26 18:07:30] [INFO] [VS-1748257650491-720]   แผนที่ไม่สมบูรณ์: 0 รายการ
[2025-05-26 18:07:30] [INFO] [VS-1748257650491-720]   จัดกลุ่มได้ 1 AN ที่ต้อง generate VS plan
[2025-05-26 18:07:30] [INFO] [VS-1748257650491-720] [AN:1/68]  เริ่มประมวลผล AN: 1/68 (6 แผน)
[2025-05-26 18:07:30] [INFO] [VS-1748257650491-720] [AN:1/68]  AN 1/68 ถูกข้าม: ถูก generate ไปแล้วในวันนี้
[2025-05-26 18:07:30] [INFO] [VS-1748257650491-720]   Auto Generate VS Plan เสร็จสิ้น - commit transaction สำเร็จ
[2025-05-26 18:07:30] [INFO] [VS-1748257650491-720]   === สิ้นสุด Auto Generate VS Plan Session ===
[2025-05-26 18:07:30] [INFO] [VS-1748257650491-720]   เวลาสิ้นสุด: 2025-05-26 18:07:30
[2025-05-26 18:07:30] [INFO] [VS-1748257650491-720]   ระยะเวลาทั้งหมด: 0 วินาที
[2025-05-26 18:07:30] [INFO] [VS-1748257650491-720]   
=== สรุปผลการ Auto Generate VS Plan ===
[2025-05-26 18:07:30] [INFO] [VS-1748257650491-720]   AN ทั้งหมด: 1
[2025-05-26 18:07:30] [INFO] [VS-1748257650491-720]   AN สำเร็จ: 0
[2025-05-26 18:07:30] [INFO] [VS-1748257650491-720]   AN ล้มเหลว: 0
[2025-05-26 18:07:30] [INFO] [VS-1748257650491-720]   AN ข้าม: 1
[2025-05-26 18:07:30] [INFO] [VS-1748257650491-720]   แผนทั้งหมด: 0
[2025-05-26 18:07:30] [INFO] [VS-1748257650491-720]   แผนสำเร็จ: 0
[2025-05-26 18:07:30] [INFO] [VS-1748257650491-720]   แผนล้มเหลว: 0
[2025-05-26 18:07:30] [INFO] [VS-1748257650491-720]   แผนข้าม: 0
[2025-05-26 18:07:30] [INFO] [VS-1748257650491-720]   
AN ที่ถูกข้าม:
[2025-05-26 18:07:30] [INFO] [VS-1748257650491-720]     - 1/68: ถูก generate ไปแล้วในวันนี้
[2025-05-26 18:07:30] [INFO] [VS-1748257650491-720]   อัตราความสำเร็จ: 0%
[2025-05-26 18:07:30] [INFO] [VS-1748257650491-720]   บันทึกลง tbl_ur_generate_daily_log สำเร็จ
[2025-05-26 18:07:30] [INFO] [VS-1748257650491-720]   บันทึกลง tbl_ur_autogeneratestats สำเร็จ
[2025-05-26 18:07:30] [INFO] [VS-1748257650491-720]   บันทึกสถิติลงฐานข้อมูลเสร็จสิ้น
[2025-05-26 18:08:12] [INFO] [VS-1748257692187-314]   === เริ่มต้น Auto Generate VS Plan Session ===
[2025-05-26 18:08:12] [INFO] [VS-1748257692187-314]   Session ID: VS-1748257692187-314
[2025-05-26 18:08:12] [INFO] [VS-1748257692187-314]   เวลาเริ่มต้น: 2025-05-26 18:08:12
[2025-05-26 18:08:12] [INFO] [VS-1748257692187-314]   เริ่มต้นระบบ Auto Generate VS Plan
[2025-05-26 18:08:12] [INFO] [VS-1748257692187-314]   พบแผน VS ทั้งหมด: 6 รายการ
[2025-05-26 18:08:12] [INFO] [VS-1748257692187-314]   แผนที่ถูกต้อง: 6 รายการ
[2025-05-26 18:08:12] [INFO] [VS-1748257692187-314]   แผนที่ไม่สมบูรณ์: 0 รายการ
[2025-05-26 18:08:12] [INFO] [VS-1748257692187-314]   จัดกลุ่มได้ 1 AN ที่ต้อง generate VS plan
[2025-05-26 18:08:12] [INFO] [VS-1748257692187-314] [AN:1/68]  เริ่มประมวลผล AN: 1/68 (6 แผน)
[2025-05-26 18:08:12] [INFO] [VS-1748257692187-314] [AN:1/68]  AN 1/68 ถูกข้าม: ถูก generate ไปแล้วในวันนี้
[2025-05-26 18:08:12] [INFO] [VS-1748257692187-314]   Auto Generate VS Plan เสร็จสิ้น - commit transaction สำเร็จ
[2025-05-26 18:08:12] [INFO] [VS-1748257692187-314]   === สิ้นสุด Auto Generate VS Plan Session ===
[2025-05-26 18:08:12] [INFO] [VS-1748257692187-314]   เวลาสิ้นสุด: 2025-05-26 18:08:12
[2025-05-26 18:08:12] [INFO] [VS-1748257692187-314]   ระยะเวลาทั้งหมด: 0 วินาที
[2025-05-26 18:08:12] [INFO] [VS-1748257692187-314]   
=== สรุปผลการ Auto Generate VS Plan ===
[2025-05-26 18:08:12] [INFO] [VS-1748257692187-314]   AN ทั้งหมด: 1
[2025-05-26 18:08:12] [INFO] [VS-1748257692187-314]   AN สำเร็จ: 0
[2025-05-26 18:08:12] [INFO] [VS-1748257692187-314]   AN ล้มเหลว: 0
[2025-05-26 18:08:12] [INFO] [VS-1748257692187-314]   AN ข้าม: 1
[2025-05-26 18:08:12] [INFO] [VS-1748257692187-314]   แผนทั้งหมด: 0
[2025-05-26 18:08:12] [INFO] [VS-1748257692187-314]   แผนสำเร็จ: 0
[2025-05-26 18:08:12] [INFO] [VS-1748257692187-314]   แผนล้มเหลว: 0
[2025-05-26 18:08:12] [INFO] [VS-1748257692187-314]   แผนข้าม: 0
[2025-05-26 18:08:12] [INFO] [VS-1748257692187-314]   
AN ที่ถูกข้าม:
[2025-05-26 18:08:12] [INFO] [VS-1748257692187-314]     - 1/68: ถูก generate ไปแล้วในวันนี้
[2025-05-26 18:08:12] [INFO] [VS-1748257692187-314]   อัตราความสำเร็จ: 0%
[2025-05-26 18:08:12] [INFO] [VS-1748257692187-314]   บันทึกลง tbl_ur_generate_daily_log สำเร็จ
[2025-05-26 18:08:12] [INFO] [VS-1748257692187-314]   บันทึกลง tbl_ur_autogeneratestats สำเร็จ
[2025-05-26 18:08:12] [INFO] [VS-1748257692187-314]   บันทึกสถิติลงฐานข้อมูลเสร็จสิ้น
