[2025-06-01 15:05:31] [INFO] [NC-1748765131095-471]   === เริ่มต้น Auto Generate NC Plan Session ===
[2025-06-01 15:05:31] [INFO] [NC-1748765131095-471]   Session ID: NC-1748765131095-471
[2025-06-01 15:05:31] [INFO] [NC-1748765131095-471]   เวลาเริ่มต้น: 2025-06-01 15:05:31
[2025-06-01 15:05:31] [INFO] [NC-1748765131095-471]   เริ่มต้นระบบ Auto Generate NC Plan
[2025-06-01 15:05:31] [INFO] [NC-1748765131095-471]   พบแผน NC ทั้งหมด: 2 รายการ
[2025-06-01 15:05:31] [INFO] [NC-1748765131095-471]   แผนที่ถูกต้อง: 2 รายการ
[2025-06-01 15:05:31] [INFO] [NC-1748765131095-471]   แผนที่ไม่สมบูรณ์: 0 รายการ
[2025-06-01 15:05:31] [INFO] [NC-1748765131095-471]   จัดกลุ่มได้ 1 AN ที่ต้อง generate NC plan
[2025-06-01 15:05:31] [INFO] [NC-1748765131095-471] [AN:1/68]  เริ่มประมวลผล AN: 1/68 (2 แผน)
[2025-06-01 15:05:31] [INFO] [NC-1748765131095-471] [AN:1/68] [NC:NC0101] ประมวลผลแผน: NC0101 (W2) - WEEKLY
[2025-06-01 15:05:31] [INFO] [NC-1748765131095-471] [AN:1/68] [NC:NC0101] สร้างแผนสำเร็จ: NC0101 (0 รายการ) ใช้เวลา 3ms
[2025-06-01 15:05:31] [INFO] [NC-1748765131095-471] [AN:1/68] [NC:NC0103] ประมวลผลแผน: NC0103 (TID) - PRESET
[2025-06-01 15:05:31] [INFO] [NC-1748765131095-471] [AN:1/68] [NC:NC0103] สร้างแผนสำเร็จ: NC0103 (3 รายการ) ใช้เวลา 7ms
[2025-06-01 15:05:31] [INFO] [NC-1748765131095-471] [AN:1/68]  AN 1/68 ประมวลผลสำเร็จ - สำเร็จ: 2, ล้มเหลว: 0
[2025-06-01 15:05:31] [INFO] [NC-1748765131095-471] [AN:1/68]  AN 1/68 ใช้เวลาทั้งหมด: 24ms
[2025-06-01 15:05:31] [INFO] [NC-1748765131095-471]   Auto Generate NC Plan เสร็จสิ้น - commit transaction สำเร็จ
[2025-06-01 15:05:31] [INFO] [NC-1748765131095-471]   === สิ้นสุด Auto Generate NC Plan Session ===
[2025-06-01 15:05:31] [INFO] [NC-1748765131095-471]   เวลาสิ้นสุด: 2025-06-01 15:05:31
[2025-06-01 15:05:31] [INFO] [NC-1748765131095-471]   ระยะเวลาทั้งหมด: 0 วินาที
[2025-06-01 15:05:31] [INFO] [NC-1748765131095-471]   
=== สรุปผลการ Auto Generate NC Plan ===
[2025-06-01 15:05:31] [INFO] [NC-1748765131095-471]   AN ทั้งหมด: 1
[2025-06-01 15:05:31] [INFO] [NC-1748765131095-471]   AN สำเร็จ: 1
[2025-06-01 15:05:31] [INFO] [NC-1748765131095-471]   AN ล้มเหลว: 0
[2025-06-01 15:05:31] [INFO] [NC-1748765131095-471]   AN ข้าม: 0
[2025-06-01 15:05:31] [INFO] [NC-1748765131095-471]   แผนทั้งหมด: 0
[2025-06-01 15:05:31] [INFO] [NC-1748765131095-471]   แผนสำเร็จ: 4
[2025-06-01 15:05:31] [INFO] [NC-1748765131095-471]   แผนล้มเหลว: 0
[2025-06-01 15:05:31] [INFO] [NC-1748765131095-471]   แผนข้าม: 0
[2025-06-01 15:05:31] [INFO] [NC-1748765131095-471]   เวลาเฉลี่ยต่อแผน: 5ms (ต่ำสุด: 3ms, สูงสุด: 7ms)
[2025-06-01 15:05:31] [INFO] [NC-1748765131095-471]   อัตราความสำเร็จ: 100%
[2025-06-01 15:05:31] [INFO] [NC-1748765131095-471]   บันทึกลง tbl_ur_generate_daily_log สำเร็จ
[2025-06-01 15:05:31] [INFO] [NC-1748765131095-471]   บันทึกลง tbl_ur_autogeneratestats สำเร็จ
[2025-06-01 15:05:31] [INFO] [NC-1748765131095-471]   บันทึกสถิติลงฐานข้อมูลเสร็จสิ้น
[2025-06-01 15:05:52] [INFO] [NC-1748765152886-309]   === เริ่มต้น Auto Generate NC Plan Session ===
[2025-06-01 15:05:52] [INFO] [NC-1748765152886-309]   Session ID: NC-1748765152886-309
[2025-06-01 15:05:52] [INFO] [NC-1748765152886-309]   เวลาเริ่มต้น: 2025-06-01 15:05:52
[2025-06-01 15:05:52] [INFO] [NC-1748765152886-309]   เริ่มต้นระบบ Auto Generate NC Plan
[2025-06-01 15:05:52] [INFO] [NC-1748765152886-309]   พบแผน NC ทั้งหมด: 2 รายการ
[2025-06-01 15:05:52] [INFO] [NC-1748765152886-309]   แผนที่ถูกต้อง: 2 รายการ
[2025-06-01 15:05:52] [INFO] [NC-1748765152886-309]   แผนที่ไม่สมบูรณ์: 0 รายการ
[2025-06-01 15:05:52] [INFO] [NC-1748765152886-309]   จัดกลุ่มได้ 1 AN ที่ต้อง generate NC plan
[2025-06-01 15:05:52] [INFO] [NC-1748765152886-309] [AN:1/68]  เริ่มประมวลผล AN: 1/68 (2 แผน)
[2025-06-01 15:05:52] [INFO] [NC-1748765152886-309] [AN:1/68]  AN 1/68 ถูกข้าม: ถูก generate ไปแล้วในวันนี้
[2025-06-01 15:05:52] [INFO] [NC-1748765152886-309]   Auto Generate NC Plan เสร็จสิ้น - commit transaction สำเร็จ
[2025-06-01 15:05:52] [INFO] [NC-1748765152886-309]   === สิ้นสุด Auto Generate NC Plan Session ===
[2025-06-01 15:05:52] [INFO] [NC-1748765152886-309]   เวลาสิ้นสุด: 2025-06-01 15:05:52
[2025-06-01 15:05:52] [INFO] [NC-1748765152886-309]   ระยะเวลาทั้งหมด: 0 วินาที
[2025-06-01 15:05:52] [INFO] [NC-1748765152886-309]   
=== สรุปผลการ Auto Generate NC Plan ===
[2025-06-01 15:05:52] [INFO] [NC-1748765152886-309]   AN ทั้งหมด: 1
[2025-06-01 15:05:52] [INFO] [NC-1748765152886-309]   AN สำเร็จ: 0
[2025-06-01 15:05:52] [INFO] [NC-1748765152886-309]   AN ล้มเหลว: 0
[2025-06-01 15:05:52] [INFO] [NC-1748765152886-309]   AN ข้าม: 1
[2025-06-01 15:05:52] [INFO] [NC-1748765152886-309]   แผนทั้งหมด: 0
[2025-06-01 15:05:52] [INFO] [NC-1748765152886-309]   แผนสำเร็จ: 0
[2025-06-01 15:05:52] [INFO] [NC-1748765152886-309]   แผนล้มเหลว: 0
[2025-06-01 15:05:52] [INFO] [NC-1748765152886-309]   แผนข้าม: 0
[2025-06-01 15:05:52] [INFO] [NC-1748765152886-309]   
AN ที่ถูกข้าม:
[2025-06-01 15:05:52] [INFO] [NC-1748765152886-309]     - 1/68: ถูก generate ไปแล้วในวันนี้
[2025-06-01 15:05:52] [INFO] [NC-1748765152886-309]   อัตราความสำเร็จ: 0%
[2025-06-01 15:05:52] [INFO] [NC-1748765152886-309]   บันทึกลง tbl_ur_generate_daily_log สำเร็จ
[2025-06-01 15:05:52] [INFO] [NC-1748765152886-309]   บันทึกลง tbl_ur_autogeneratestats สำเร็จ
[2025-06-01 15:05:52] [INFO] [NC-1748765152886-309]   บันทึกสถิติลงฐานข้อมูลเสร็จสิ้น
[2025-06-01 15:05:56] [INFO] [NC-1748765156709-243]   === เริ่มต้น Auto Generate NC Plan Session ===
[2025-06-01 15:05:56] [INFO] [NC-1748765156709-243]   Session ID: NC-1748765156709-243
[2025-06-01 15:05:56] [INFO] [NC-1748765156709-243]   เวลาเริ่มต้น: 2025-06-01 15:05:56
[2025-06-01 15:05:56] [INFO] [NC-1748765156709-243]   เริ่มต้นระบบ Auto Generate NC Plan
[2025-06-01 15:05:56] [INFO] [NC-1748765156709-243]   พบแผน NC ทั้งหมด: 2 รายการ
[2025-06-01 15:05:56] [INFO] [NC-1748765156709-243]   แผนที่ถูกต้อง: 2 รายการ
[2025-06-01 15:05:56] [INFO] [NC-1748765156709-243]   แผนที่ไม่สมบูรณ์: 0 รายการ
[2025-06-01 15:05:56] [INFO] [NC-1748765156709-243]   จัดกลุ่มได้ 1 AN ที่ต้อง generate NC plan
[2025-06-01 15:05:56] [INFO] [NC-1748765156709-243] [AN:1/68]  เริ่มประมวลผล AN: 1/68 (2 แผน)
[2025-06-01 15:05:56] [INFO] [NC-1748765156709-243] [AN:1/68]  AN 1/68 ถูกข้าม: ถูก generate ไปแล้วในวันนี้
[2025-06-01 15:05:56] [INFO] [NC-1748765156709-243]   Auto Generate NC Plan เสร็จสิ้น - commit transaction สำเร็จ
[2025-06-01 15:05:56] [INFO] [NC-1748765156709-243]   === สิ้นสุด Auto Generate NC Plan Session ===
[2025-06-01 15:05:56] [INFO] [NC-1748765156709-243]   เวลาสิ้นสุด: 2025-06-01 15:05:56
[2025-06-01 15:05:56] [INFO] [NC-1748765156709-243]   ระยะเวลาทั้งหมด: 0 วินาที
[2025-06-01 15:05:56] [INFO] [NC-1748765156709-243]   
=== สรุปผลการ Auto Generate NC Plan ===
[2025-06-01 15:05:56] [INFO] [NC-1748765156709-243]   AN ทั้งหมด: 1
[2025-06-01 15:05:56] [INFO] [NC-1748765156709-243]   AN สำเร็จ: 0
[2025-06-01 15:05:56] [INFO] [NC-1748765156709-243]   AN ล้มเหลว: 0
[2025-06-01 15:05:56] [INFO] [NC-1748765156709-243]   AN ข้าม: 1
[2025-06-01 15:05:56] [INFO] [NC-1748765156709-243]   แผนทั้งหมด: 0
[2025-06-01 15:05:56] [INFO] [NC-1748765156709-243]   แผนสำเร็จ: 0
[2025-06-01 15:05:56] [INFO] [NC-1748765156709-243]   แผนล้มเหลว: 0
[2025-06-01 15:05:56] [INFO] [NC-1748765156709-243]   แผนข้าม: 0
[2025-06-01 15:05:56] [INFO] [NC-1748765156709-243]   
AN ที่ถูกข้าม:
[2025-06-01 15:05:56] [INFO] [NC-1748765156709-243]     - 1/68: ถูก generate ไปแล้วในวันนี้
[2025-06-01 15:05:56] [INFO] [NC-1748765156709-243]   อัตราความสำเร็จ: 0%
[2025-06-01 15:05:56] [INFO] [NC-1748765156709-243]   บันทึกลง tbl_ur_generate_daily_log สำเร็จ
[2025-06-01 15:05:56] [INFO] [NC-1748765156709-243]   บันทึกลง tbl_ur_autogeneratestats สำเร็จ
[2025-06-01 15:05:56] [INFO] [NC-1748765156709-243]   บันทึกสถิติลงฐานข้อมูลเสร็จสิ้น
