[2025-06-07 00:01:00] [INFO] [VS-1749229260372-596]   === เริ่มต้น Auto Generate VS Plan Session ===
[2025-06-07 00:01:00] [INFO] [VS-1749229260372-596]   Session ID: VS-1749229260372-596
[2025-06-07 00:01:00] [INFO] [VS-1749229260372-596]   เวลาเริ่มต้น: 2025-06-07 00:01:00
[2025-06-07 00:01:00] [INFO] [VS-1749229260372-596]   เริ่มต้นระบบ Auto Generate VS Plan
[2025-06-07 00:01:00] [INFO] [VS-1749229260372-596]   พบแผน VS ทั้งหมด: 11 รายการ
[2025-06-07 00:01:00] [INFO] [VS-1749229260372-596]   แผนที่ถูกต้อง: 11 รายการ
[2025-06-07 00:01:00] [INFO] [VS-1749229260372-596]   แผนที่ไม่สมบูรณ์: 0 รายการ
[2025-06-07 00:01:00] [INFO] [VS-1749229260372-596]   จัดกลุ่มได้ 4 AN ที่ต้อง generate VS plan
[2025-06-07 00:01:00] [INFO] [VS-1749229260372-596] [AN:2068/68]  เริ่มประมวลผล AN: 2068/68 (6 แผน)
[2025-06-07 00:01:00] [INFO] [VS-1749229260372-596] [AN:2068/68] [VS:Q4] Cancel แผนเดิม: Q4 จำนวน 1 รายการ (header เท่านั้น)
[2025-06-07 00:01:00] [INFO] [VS-1749229260372-596] [AN:2068/68] [VS:Q4] Cancel แผนเดิม: Q4 จำนวน 1 รายการ
[2025-06-07 00:01:00] [INFO] [VS-1749229260372-596] [AN:2068/68] [VS:Q4] สร้างแผนสำเร็จ: Q4 (6 รายการ) ใช้เวลา 13ms
[2025-06-07 00:01:00] [INFO] [VS-1749229260372-596] [AN:2068/68] [VS:Q4] แผนถูกข้าม: Q4 - VS Code นี้ถูก generate ไปแล้วในวันนี้
[2025-06-07 00:01:00] [INFO] [VS-1749229260372-596] [AN:2068/68] [VS:Q4] แผนถูกข้าม: Q4 - VS Code นี้ถูก generate ไปแล้วในวันนี้
[2025-06-07 00:01:00] [INFO] [VS-1749229260372-596] [AN:2068/68] [VS:Q4] แผนถูกข้าม: Q4 - VS Code นี้ถูก generate ไปแล้วในวันนี้
[2025-06-07 00:01:00] [INFO] [VS-1749229260372-596] [AN:2068/68] [VS:Q4] แผนถูกข้าม: Q4 - VS Code นี้ถูก generate ไปแล้วในวันนี้
[2025-06-07 00:01:00] [INFO] [VS-1749229260372-596] [AN:2068/68] [VS:Q4] แผนถูกข้าม: Q4 - VS Code นี้ถูก generate ไปแล้วในวันนี้
[2025-06-07 00:01:00] [INFO] [VS-1749229260372-596] [AN:2068/68]  AN 2068/68 ประมวลผลสำเร็จ - สำเร็จ: 1, ล้มเหลว: 0
[2025-06-07 00:01:00] [INFO] [VS-1749229260372-596] [AN:2068/68]  AN 2068/68 ใช้เวลาทั้งหมด: 35ms
[2025-06-07 00:01:00] [INFO] [VS-1749229260372-596] [AN:213/68]  เริ่มประมวลผล AN: 213/68 (3 แผน)
[2025-06-07 00:01:00] [INFO] [VS-1749229260372-596] [AN:213/68] [VS:TID] Cancel แผนเดิม: TID จำนวน 1 รายการ (header เท่านั้น)
[2025-06-07 00:01:00] [INFO] [VS-1749229260372-596] [AN:213/68] [VS:TID] Cancel แผนเดิม: TID จำนวน 1 รายการ
[2025-06-07 00:01:00] [INFO] [VS-1749229260372-596] [AN:213/68] [VS:TID] สร้างแผนสำเร็จ: TID (3 รายการ) ใช้เวลา 11ms
[2025-06-07 00:01:00] [INFO] [VS-1749229260372-596] [AN:213/68] [VS:TID] แผนถูกข้าม: TID - VS Code นี้ถูก generate ไปแล้วในวันนี้
[2025-06-07 00:01:00] [INFO] [VS-1749229260372-596] [AN:213/68] [VS:TID] แผนถูกข้าม: TID - VS Code นี้ถูก generate ไปแล้วในวันนี้
[2025-06-07 00:01:00] [INFO] [VS-1749229260372-596] [AN:213/68]  AN 213/68 ประมวลผลสำเร็จ - สำเร็จ: 1, ล้มเหลว: 0
[2025-06-07 00:01:00] [INFO] [VS-1749229260372-596] [AN:213/68]  AN 213/68 ใช้เวลาทั้งหมด: 19ms
[2025-06-07 00:01:00] [INFO] [VS-1749229260372-596] [AN:3223/68]  เริ่มประมวลผล AN: 3223/68 (1 แผน)
[2025-06-07 00:01:00] [INFO] [VS-1749229260549-608]   === เริ่มต้น Auto Generate VS Plan Session ===
[2025-06-07 00:01:00] [INFO] [VS-1749229260549-608]   Session ID: VS-1749229260549-608
[2025-06-07 00:01:00] [INFO] [VS-1749229260549-608]   เวลาเริ่มต้น: 2025-06-07 00:01:00
[2025-06-07 00:01:00] [INFO] [VS-1749229260549-608]   เริ่มต้นระบบ Auto Generate VS Plan
[2025-06-07 00:01:00] [INFO] [VS-1749229260372-596] [AN:3223/68] [VS:Q1] Cancel แผนเดิม: Q1 จำนวน 1 รายการ (header เท่านั้น)
[2025-06-07 00:01:00] [INFO] [VS-1749229260372-596] [AN:3223/68] [VS:Q1] Cancel แผนเดิม: Q1 จำนวน 1 รายการ
[2025-06-07 00:01:00] [INFO] [VS-1749229260372-596] [AN:3223/68] [VS:Q1] สร้างแผนสำเร็จ: Q1 (24 รายการ) ใช้เวลา 19ms
[2025-06-07 00:01:00] [INFO] [VS-1749229260372-596] [AN:3223/68]  AN 3223/68 ประมวลผลสำเร็จ - สำเร็จ: 1, ล้มเหลว: 0
[2025-06-07 00:01:00] [INFO] [VS-1749229260372-596] [AN:3223/68]  AN 3223/68 ใช้เวลาทั้งหมด: 25ms
[2025-06-07 00:01:00] [INFO] [VS-1749229260372-596] [AN:399/68]  เริ่มประมวลผล AN: 399/68 (1 แผน)
[2025-06-07 00:01:00] [INFO] [VS-1749229260372-596] [AN:399/68] [VS:Q2] Cancel แผนเดิม: Q2 จำนวน 1 รายการ (header เท่านั้น)
[2025-06-07 00:01:00] [INFO] [VS-1749229260372-596] [AN:399/68] [VS:Q2] Cancel แผนเดิม: Q2 จำนวน 1 รายการ
[2025-06-07 00:01:00] [INFO] [VS-1749229260372-596] [AN:399/68] [VS:Q2] สร้างแผนสำเร็จ: Q2 (12 รายการ) ใช้เวลา 13ms
[2025-06-07 00:01:00] [INFO] [VS-1749229260372-596] [AN:399/68]  AN 399/68 ประมวลผลสำเร็จ - สำเร็จ: 1, ล้มเหลว: 0
[2025-06-07 00:01:00] [INFO] [VS-1749229260372-596] [AN:399/68]  AN 399/68 ใช้เวลาทั้งหมด: 18ms
[2025-06-07 00:01:00] [INFO] [VS-1749229260372-596]   Auto Generate VS Plan เสร็จสิ้น - commit transaction สำเร็จ
[2025-06-07 00:01:00] [INFO] [VS-1749229260372-596]   === สิ้นสุด Auto Generate VS Plan Session ===
[2025-06-07 00:01:00] [INFO] [VS-1749229260372-596]   เวลาสิ้นสุด: 2025-06-07 00:01:00
[2025-06-07 00:01:00] [INFO] [VS-1749229260372-596]   ระยะเวลาทั้งหมด: 0 วินาที
[2025-06-07 00:01:00] [INFO] [VS-1749229260372-596]   
=== สรุปผลการ Auto Generate VS Plan ===
[2025-06-07 00:01:00] [INFO] [VS-1749229260372-596]   AN ทั้งหมด: 4
[2025-06-07 00:01:00] [INFO] [VS-1749229260372-596]   AN สำเร็จ: 4
[2025-06-07 00:01:00] [INFO] [VS-1749229260372-596]   AN ล้มเหลว: 0
[2025-06-07 00:01:00] [INFO] [VS-1749229260372-596]   AN ข้าม: 0
[2025-06-07 00:01:00] [INFO] [VS-1749229260372-596]   แผนทั้งหมด: 0
[2025-06-07 00:01:00] [INFO] [VS-1749229260372-596]   แผนสำเร็จ: 8
[2025-06-07 00:01:00] [INFO] [VS-1749229260372-596]   แผนล้มเหลว: 0
[2025-06-07 00:01:00] [INFO] [VS-1749229260372-596]   แผนข้าม: 7
[2025-06-07 00:01:00] [INFO] [VS-1749229260372-596]   เวลาเฉลี่ยต่อแผน: 14ms (ต่ำสุด: 11ms, สูงสุด: 19ms)
[2025-06-07 00:01:00] [INFO] [VS-1749229260372-596]   อัตราความสำเร็จ: 100%
[2025-06-07 00:01:00] [INFO] [VS-1749229260372-596]   บันทึกลง tbl_ur_generate_daily_log สำเร็จ
[2025-06-07 00:01:00] [INFO] [VS-1749229260372-596]   บันทึกลง tbl_ur_autogeneratestats สำเร็จ
[2025-06-07 00:01:00] [INFO] [VS-1749229260372-596]   บันทึกสถิติลงฐานข้อมูลเสร็จสิ้น
[2025-06-07 00:01:00] [INFO] [VS-1749229260549-608]   พบแผน VS ทั้งหมด: 0 รายการ
[2025-06-07 00:01:00] [INFO] [VS-1749229260549-608]   แผนที่ถูกต้อง: 0 รายการ
[2025-06-07 00:01:00] [INFO] [VS-1749229260549-608]   แผนที่ไม่สมบูรณ์: 0 รายการ
[2025-06-07 00:01:00] [INFO] [VS-1749229260549-608]   ไม่พบแผน VS ที่ถูกต้องและพร้อม generate
[2025-06-07 00:01:00] [INFO] [VS-1749229260549-608]   === สิ้นสุด Auto Generate VS Plan Session ===
[2025-06-07 00:01:00] [INFO] [VS-1749229260549-608]   เวลาสิ้นสุด: 2025-06-07 00:01:00
[2025-06-07 00:01:00] [INFO] [VS-1749229260549-608]   ระยะเวลาทั้งหมด: 0 วินาที
[2025-06-07 00:01:00] [INFO] [VS-1749229260549-608]   
=== สรุปผลการ Auto Generate VS Plan ===
[2025-06-07 00:01:00] [INFO] [VS-1749229260549-608]   AN ทั้งหมด: 0
[2025-06-07 00:01:00] [INFO] [VS-1749229260549-608]   AN สำเร็จ: 0
[2025-06-07 00:01:00] [INFO] [VS-1749229260549-608]   AN ล้มเหลว: 0
[2025-06-07 00:01:00] [INFO] [VS-1749229260549-608]   AN ข้าม: 0
[2025-06-07 00:01:00] [INFO] [VS-1749229260549-608]   แผนทั้งหมด: 0
[2025-06-07 00:01:00] [INFO] [VS-1749229260549-608]   แผนสำเร็จ: 0
[2025-06-07 00:01:00] [INFO] [VS-1749229260549-608]   แผนล้มเหลว: 0
[2025-06-07 00:01:00] [INFO] [VS-1749229260549-608]   แผนข้าม: 0
[2025-06-07 00:01:00] [INFO] [VS-1749229260549-608]   อัตราความสำเร็จ: 0%
[2025-06-07 00:01:00] [INFO] [VS-1749229260549-608]   บันทึกลง tbl_ur_generate_daily_log สำเร็จ
[2025-06-07 00:01:00] [INFO] [VS-1749229260549-608]   บันทึกลง tbl_ur_autogeneratestats สำเร็จ
[2025-06-07 00:01:00] [INFO] [VS-1749229260549-608]   บันทึกสถิติลงฐานข้อมูลเสร็จสิ้น
