[2025-05-28 17:30:53] [INFO] [VS-1748428253945-560]   === เริ่มต้น Auto Generate VS Plan Session ===
[2025-05-28 17:30:53] [INFO] [VS-1748428253945-560]   Session ID: VS-1748428253945-560
[2025-05-28 17:30:53] [INFO] [VS-1748428253945-560]   เวลาเริ่มต้น: 2025-05-28 17:30:53
[2025-05-28 17:30:53] [INFO] [VS-1748428253945-560]   เริ่มต้นระบบ Auto Generate VS Plan
[2025-05-28 17:30:54] [INFO] [VS-1748428253945-560]   พบแผน VS ทั้งหมด: 1 รายการ
[2025-05-28 17:30:54] [INFO] [VS-1748428253945-560]   แผนที่ถูกต้อง: 1 รายการ
[2025-05-28 17:30:54] [INFO] [VS-1748428253945-560]   แผนที่ไม่สมบูรณ์: 0 รายการ
[2025-05-28 17:30:54] [INFO] [VS-1748428253945-560]   จัดกลุ่มได้ 1 AN ที่ต้อง generate VS plan
[2025-05-28 17:30:54] [INFO] [VS-1748428253945-560] [AN:1/68]  เริ่มประมวลผล AN: 1/68 (1 แผน)
[2025-05-28 17:30:54] [INFO] [VS-1748428253945-560] [AN:1/68] [VS:Q2] Cancel แผนเดิม: Q2 จำนวน 1 รายการ (header เท่านั้น)
[2025-05-28 17:30:54] [INFO] [VS-1748428253945-560] [AN:1/68] [VS:Q2] Cancel แผนเดิม: Q2 จำนวน 1 รายการ
[2025-05-28 17:30:54] [INFO] [VS-1748428253945-560] [AN:1/68] [VS:Q2] สร้างแผนสำเร็จ: Q2 (15 รายการ) ใช้เวลา 20ms
[2025-05-28 17:30:54] [INFO] [VS-1748428253945-560] [AN:1/68]  AN 1/68 ประมวลผลสำเร็จ - สำเร็จ: 1, ล้มเหลว: 0
[2025-05-28 17:30:54] [INFO] [VS-1748428253945-560] [AN:1/68]  AN 1/68 ใช้เวลาทั้งหมด: 29ms
[2025-05-28 17:30:54] [INFO] [VS-1748428253945-560]   Auto Generate VS Plan เสร็จสิ้น - commit transaction สำเร็จ
[2025-05-28 17:30:54] [INFO] [VS-1748428253945-560]   === สิ้นสุด Auto Generate VS Plan Session ===
[2025-05-28 17:30:54] [INFO] [VS-1748428253945-560]   เวลาสิ้นสุด: 2025-05-28 17:30:54
[2025-05-28 17:30:54] [INFO] [VS-1748428253945-560]   ระยะเวลาทั้งหมด: 0 วินาที
[2025-05-28 17:30:54] [INFO] [VS-1748428253945-560]   
=== สรุปผลการ Auto Generate VS Plan ===
[2025-05-28 17:30:54] [INFO] [VS-1748428253945-560]   AN ทั้งหมด: 1
[2025-05-28 17:30:54] [INFO] [VS-1748428253945-560]   AN สำเร็จ: 1
[2025-05-28 17:30:54] [INFO] [VS-1748428253945-560]   AN ล้มเหลว: 0
[2025-05-28 17:30:54] [INFO] [VS-1748428253945-560]   AN ข้าม: 0
[2025-05-28 17:30:54] [INFO] [VS-1748428253945-560]   แผนทั้งหมด: 0
[2025-05-28 17:30:54] [INFO] [VS-1748428253945-560]   แผนสำเร็จ: 2
[2025-05-28 17:30:54] [INFO] [VS-1748428253945-560]   แผนล้มเหลว: 0
[2025-05-28 17:30:54] [INFO] [VS-1748428253945-560]   แผนข้าม: 0
[2025-05-28 17:30:54] [INFO] [VS-1748428253945-560]   เวลาเฉลี่ยต่อแผน: 20ms (ต่ำสุด: 20ms, สูงสุด: 20ms)
[2025-05-28 17:30:54] [INFO] [VS-1748428253945-560]   อัตราความสำเร็จ: 100%
[2025-05-28 17:30:54] [INFO] [VS-1748428253945-560]   บันทึกลง tbl_ur_generate_daily_log สำเร็จ
[2025-05-28 17:30:54] [INFO] [VS-1748428253945-560]   บันทึกลง tbl_ur_autogeneratestats สำเร็จ
[2025-05-28 17:30:54] [INFO] [VS-1748428253945-560]   บันทึกสถิติลงฐานข้อมูลเสร็จสิ้น
