[2025-06-19 14:20:36] [INFO] [VS-1750317636799-309]   === เริ่มต้น Auto Generate VS Plan Session ===
[2025-06-19 14:20:36] [INFO] [VS-1750317636799-309]   Session ID: VS-1750317636799-309
[2025-06-19 14:20:36] [INFO] [VS-1750317636799-309]   เวลาเริ่มต้น: 2025-06-19 14:20:36
[2025-06-19 14:20:36] [INFO] [VS-1750317636799-309]   เริ่มต้นระบบ Auto Generate ทั้ง VS และ NC Plan
[2025-06-19 14:20:36] [INFO] [VS-1750317636799-309]   เริ่มต้น Auto Generate VS Plan
[2025-06-19 14:20:36] [INFO] [VS-1750317636804-625]   === เริ่มต้น Auto Generate VS Plan Session ===
[2025-06-19 14:20:36] [INFO] [VS-1750317636804-625]   Session ID: VS-1750317636804-625
[2025-06-19 14:20:36] [INFO] [VS-1750317636804-625]   เวลาเริ่มต้น: 2025-06-19 14:20:36
[2025-06-19 14:20:36] [INFO] [VS-1750317636804-625]   เริ่มต้นระบบ Auto Generate VS Plan
[2025-06-19 14:20:36] [INFO] [VS-1750317636804-625]   พบแผน VS ทั้งหมด: 0 รายการ
[2025-06-19 14:20:36] [INFO] [VS-1750317636804-625]   แผนที่ถูกต้อง: 0 รายการ
[2025-06-19 14:20:36] [INFO] [VS-1750317636804-625]   แผนที่ไม่สมบูรณ์: 0 รายการ
[2025-06-19 14:20:36] [INFO] [VS-1750317636804-625]   ไม่พบแผน VS ที่ถูกต้องและพร้อม generate
[2025-06-19 14:20:36] [INFO] [VS-1750317636804-625]   === สิ้นสุด Auto Generate VS Plan Session ===
[2025-06-19 14:20:36] [INFO] [VS-1750317636804-625]   เวลาสิ้นสุด: 2025-06-19 14:20:36
[2025-06-19 14:20:36] [INFO] [VS-1750317636804-625]   ระยะเวลาทั้งหมด: 0 วินาที
[2025-06-19 14:20:36] [INFO] [VS-1750317636804-625]   
=== สรุปผลการ Auto Generate VS Plan ===
[2025-06-19 14:20:36] [INFO] [VS-1750317636804-625]   AN ทั้งหมด: 0
[2025-06-19 14:20:36] [INFO] [VS-1750317636804-625]   AN สำเร็จ: 0
[2025-06-19 14:20:36] [INFO] [VS-1750317636804-625]   AN ล้มเหลว: 0
[2025-06-19 14:20:36] [INFO] [VS-1750317636804-625]   AN ข้าม: 0
[2025-06-19 14:20:36] [INFO] [VS-1750317636804-625]   แผนทั้งหมด: 0
[2025-06-19 14:20:36] [INFO] [VS-1750317636804-625]   แผนสำเร็จ: 0
[2025-06-19 14:20:36] [INFO] [VS-1750317636804-625]   แผนล้มเหลว: 0
[2025-06-19 14:20:36] [INFO] [VS-1750317636804-625]   แผนข้าม: 0
[2025-06-19 14:20:36] [INFO] [VS-1750317636804-625]   อัตราความสำเร็จ: 0%
[2025-06-19 14:20:36] [INFO] [VS-1750317636804-625]   บันทึกลง tbl_ur_generate_daily_log สำเร็จ
[2025-06-19 14:20:36] [INFO] [VS-1750317636804-625]   บันทึกลง tbl_ur_autogeneratestats สำเร็จ
[2025-06-19 14:20:36] [INFO] [VS-1750317636804-625]   บันทึกสถิติลงฐานข้อมูลเสร็จสิ้น
[2025-06-19 14:20:36] [INFO] [VS-1750317636799-309]   Auto Generate VS Plan เสร็จสิ้น: สำเร็จ
[2025-06-19 14:20:36] [INFO] [VS-1750317636799-309]   === สิ้นสุด Auto Generate VS Plan Session ===
[2025-06-19 14:20:36] [INFO] [VS-1750317636799-309]   เวลาสิ้นสุด: 2025-06-19 14:20:36
[2025-06-19 14:20:36] [INFO] [VS-1750317636799-309]   ระยะเวลาทั้งหมด: 0 วินาที
[2025-06-19 14:20:36] [INFO] [VS-1750317636799-309]   
=== สรุปผลการ Auto Generate VS Plan ===
[2025-06-19 14:20:36] [INFO] [VS-1750317636799-309]   AN ทั้งหมด: 0
[2025-06-19 14:20:36] [INFO] [VS-1750317636799-309]   AN สำเร็จ: 0
[2025-06-19 14:20:36] [INFO] [VS-1750317636799-309]   AN ล้มเหลว: 0
[2025-06-19 14:20:36] [INFO] [VS-1750317636799-309]   AN ข้าม: 0
[2025-06-19 14:20:36] [INFO] [VS-1750317636799-309]   แผนทั้งหมด: 0
[2025-06-19 14:20:36] [INFO] [VS-1750317636799-309]   แผนสำเร็จ: 0
[2025-06-19 14:20:36] [INFO] [VS-1750317636799-309]   แผนล้มเหลว: 0
[2025-06-19 14:20:36] [INFO] [VS-1750317636799-309]   แผนข้าม: 0
[2025-06-19 14:20:36] [INFO] [VS-1750317636799-309]   อัตราความสำเร็จ: 0%
[2025-06-19 14:20:36] [INFO] [VS-1750317636799-309]   บันทึกลง tbl_ur_generate_daily_log สำเร็จ
[2025-06-19 14:20:36] [INFO] [VS-1750317636799-309]   บันทึกลง tbl_ur_autogeneratestats สำเร็จ
[2025-06-19 14:20:36] [INFO] [VS-1750317636799-309]   บันทึกสถิติลงฐานข้อมูลเสร็จสิ้น
